2025-07-11 11:15:44.980 +03:00 [INF] Ensuring database is created
2025-07-11 11:15:45.520 +03:00 [INF] Database created successfully
2025-07-11 11:15:45.525 +03:00 [INF] Seeding default roles and permissions
2025-07-11 11:15:45.854 +03:00 [INF] Valid data already seeded, skipping seeding process
2025-07-11 11:15:45.859 +03:00 [INF] Default roles and permissions seeded successfully
2025-07-11 11:15:45.990 +03:00 [INF] XYZ University Payment API started successfully
2025-07-11 11:15:46.089 +03:00 [INF] Configured endpoint PaymentMessage, Consumer: xyz_university_payment_api.Core.Application.Services.PaymentMessageConsumer
2025-07-11 11:15:46.096 +03:00 [INF] Configured endpoint PaymentFailedMessage, Consumer: xyz_university_payment_api.Core.Application.Services.PaymentFailedMessageConsumer
2025-07-11 11:15:46.359 +03:00 [INF] Bus started: "rabbitmq://localhost/"
2025-07-11 11:16:11.395 +03:00 [INF] GetUsers endpoint called by user: admin
2025-07-11 11:16:11.395 +03:00 [INF] GetUsers endpoint called by user: admin
2025-07-11 11:16:11.456 +03:00 [INF] Total users in database: 11
2025-07-11 11:16:11.456 +03:00 [INF] Total users in database: 11
2025-07-11 11:16:11.541 +03:00 [INF] Returning 11 users
2025-07-11 11:16:11.541 +03:00 [INF] Returning 11 users
2025-07-11 11:17:32.031 +03:00 [INF] Retrieving students V3 with filter: {"StudentNumber":null,"FullName":null,"Program":null,"IsActive":null,"CreatedFrom":null,"CreatedTo":null,"Tags":null,"MinTotalPayments":null,"MaxTotalPayments":null,"SearchTerm":null,"Metadata":null,"$type":"StudentFilterDtoV3"}
2025-07-11 11:17:32.094 +03:00 [INF] Current user role: Admin, User ID: 1
2025-07-11 11:17:41.752 +03:00 [INF] Retrieving students V3 with filter: {"StudentNumber":null,"FullName":null,"Program":null,"IsActive":null,"CreatedFrom":null,"CreatedTo":null,"Tags":null,"MinTotalPayments":null,"MaxTotalPayments":null,"SearchTerm":null,"Metadata":null,"$type":"StudentFilterDtoV3"}
2025-07-11 11:17:41.779 +03:00 [INF] Current user role: Admin, User ID: 1
2025-07-11 11:17:41.815 +03:00 [INF] Retrieving students V3 with filter: {"StudentNumber":null,"FullName":null,"Program":null,"IsActive":null,"CreatedFrom":null,"CreatedTo":null,"Tags":null,"MinTotalPayments":null,"MaxTotalPayments":null,"SearchTerm":null,"Metadata":null,"$type":"StudentFilterDtoV3"}
2025-07-11 11:17:41.834 +03:00 [INF] Current user role: Admin, User ID: 1
2025-07-11 11:41:09.890 +03:00 [INF] Retrieving students V3 with filter: {"StudentNumber":null,"FullName":null,"Program":null,"IsActive":null,"CreatedFrom":null,"CreatedTo":null,"Tags":null,"MinTotalPayments":null,"MaxTotalPayments":null,"SearchTerm":null,"Metadata":null,"$type":"StudentFilterDtoV3"}
2025-07-11 11:41:09.930 +03:00 [INF] Current user role: Admin, User ID: 1
2025-07-11 11:41:10.029 +03:00 [INF] Retrieving students V3 with filter: {"StudentNumber":null,"FullName":null,"Program":null,"IsActive":null,"CreatedFrom":null,"CreatedTo":null,"Tags":null,"MinTotalPayments":null,"MaxTotalPayments":null,"SearchTerm":null,"Metadata":null,"$type":"StudentFilterDtoV3"}
2025-07-11 11:41:10.167 +03:00 [INF] Current user role: Admin, User ID: 1
2025-07-11 11:52:24.429 +03:00 [INF] Bus stopped: "rabbitmq://localhost/"
2025-07-11 11:52:28.756 +03:00 [INF] Starting XYZ University Payment API {"MachineName":"DESKTOP-F3AMJ10","ThreadId":1,"ProcessId":18944,"Application":"XYZ University Payment API"}
