2025-07-04 13:08:00.585 +03:00 [INF] Ensuring database is created {"MachineName":"DESKTOP-F3AMJ10","ThreadId":1,"ProcessId":5092,"Application":"XYZ University Payment API"}
2025-07-04 13:08:01.099 +03:00 [INF] Database created successfully {"MachineName":"DESKTOP-F3AMJ10","ThreadId":1,"ProcessId":5092,"Application":"XYZ University Payment API"}
2025-07-04 13:08:01.103 +03:00 [INF] Seeding default roles and permissions {"MachineName":"DESKTOP-F3AMJ10","ThreadId":1,"ProcessId":5092,"Application":"XYZ University Payment API"}
2025-07-04 13:08:01.349 +03:00 [WRN] Found 1 users with invalid data, removing them {"SourceContext":"xyz_university_payment_api.Core.Application.Services.AuthorizationService","MachineName":"DESKTOP-F3AMJ10","ThreadId":6,"ProcessId":5092,"Application":"XYZ University Payment API"}
2025-07-04 13:08:01.536 +03:00 [INF] Removed 1 invalid users {"SourceContext":"xyz_university_payment_api.Core.Application.Services.AuthorizationService","MachineName":"DESKTOP-F3AMJ10","ThreadId":6,"ProcessId":5092,"Application":"XYZ University Payment API"}
2025-07-04 13:08:01.556 +03:00 [WRN] Found 1 roles with invalid names, removing them {"SourceContext":"xyz_university_payment_api.Core.Application.Services.AuthorizationService","MachineName":"DESKTOP-F3AMJ10","ThreadId":6,"ProcessId":5092,"Application":"XYZ University Payment API"}
2025-07-04 13:08:01.586 +03:00 [INF] Removed 1 invalid roles {"SourceContext":"xyz_university_payment_api.Core.Application.Services.AuthorizationService","MachineName":"DESKTOP-F3AMJ10","ThreadId":6,"ProcessId":5092,"Application":"XYZ University Payment API"}
2025-07-04 13:08:01.613 +03:00 [INF] Valid data already seeded, skipping seeding process {"SourceContext":"xyz_university_payment_api.Core.Application.Services.AuthorizationService","MachineName":"DESKTOP-F3AMJ10","ThreadId":6,"ProcessId":5092,"Application":"XYZ University Payment API"}
2025-07-04 13:08:01.620 +03:00 [INF] Default roles and permissions seeded successfully {"MachineName":"DESKTOP-F3AMJ10","ThreadId":6,"ProcessId":5092,"Application":"XYZ University Payment API"}
2025-07-04 13:08:01.709 +03:00 [INF] XYZ University Payment API started successfully {"MachineName":"DESKTOP-F3AMJ10","ThreadId":6,"ProcessId":5092,"Application":"XYZ University Payment API"}
2025-07-04 13:08:01.800 +03:00 [INF] Configured endpoint PaymentProcessedMessage, Consumer: xyz_university_payment_api.Core.Application.Services.PaymentProcessedMessageConsumer {"SourceContext":"MassTransit","MachineName":"DESKTOP-F3AMJ10","ThreadId":6,"ProcessId":5092,"Application":"XYZ University Payment API"}
2025-07-04 13:08:01.807 +03:00 [INF] Configured endpoint PaymentFailedMessage, Consumer: xyz_university_payment_api.Core.Application.Services.PaymentFailedMessageConsumer {"SourceContext":"MassTransit","MachineName":"DESKTOP-F3AMJ10","ThreadId":6,"ProcessId":5092,"Application":"XYZ University Payment API"}
2025-07-04 13:08:01.811 +03:00 [INF] Configured endpoint PaymentValidationMessage, Consumer: xyz_university_payment_api.Core.Application.Services.PaymentValidationMessageConsumer {"SourceContext":"MassTransit","MachineName":"DESKTOP-F3AMJ10","ThreadId":6,"ProcessId":5092,"Application":"XYZ University Payment API"}
2025-07-04 13:08:02.038 +03:00 [INF] Bus started: "rabbitmq://localhost/" {"SourceContext":"MassTransit","MachineName":"DESKTOP-F3AMJ10","ThreadId":14,"ProcessId":5092,"Application":"XYZ University Payment API"}
2025-07-04 13:08:48.618 +03:00 [WRN] Failed to determine the https port for redirect. {"EventId":{"Id":3,"Name":"FailedToDeterminePort"},"SourceContext":"Microsoft.AspNetCore.HttpsPolicy.HttpsRedirectionMiddleware","RequestId":"0HNDQSAT5FONM:00000001","RequestPath":"/api/Authorization/check-database-state","ConnectionId":"0HNDQSAT5FONM","MachineName":"DESKTOP-F3AMJ10","ThreadId":22,"ProcessId":5092,"Application":"XYZ University Payment API"}
2025-07-04 13:09:22.281 +03:00 [INF] Authorization action: RolesAssignedToUser on User 11 by System {"SourceContext":"xyz_university_payment_api.Core.Application.Services.AuthorizationService","ActionId":"e41d2ec4-2d5f-4adf-ba62-23b3e32383e3","ActionName":"xyz_university_payment_api.Presentation.Controllers.AuthorizationController.AssignRolesToExistingUsers (xyz-university-payment-api)","RequestId":"0HNDQSAT5FONM:00000002","RequestPath":"/api/Authorization/assign-roles-to-existing-users","ConnectionId":"0HNDQSAT5FONM","MachineName":"DESKTOP-F3AMJ10","ThreadId":22,"ProcessId":5092,"Application":"XYZ University Payment API"}
2025-07-04 13:09:22.321 +03:00 [ERR] An exception occurred in the database while saving changes for context type 'xyz_university_payment_api.Infrastructure.Data.AppDbContext'.
Microsoft.EntityFrameworkCore.DbUpdateException: An error occurred while saving the entity changes. See the inner exception for details.
 ---> Microsoft.Data.SqlClient.SqlException (0x80131904): Cannot insert duplicate key row in object 'dbo.Roles' with unique index 'IX_Roles_Name'. The duplicate key value is ().
   at Microsoft.Data.SqlClient.SqlConnection.OnError(SqlException exception, Boolean breakConnection, Action`1 wrapCloseInAction)
   at Microsoft.Data.SqlClient.SqlInternalConnection.OnError(SqlException exception, Boolean breakConnection, Action`1 wrapCloseInAction)
   at Microsoft.Data.SqlClient.TdsParser.ThrowExceptionAndWarning(TdsParserStateObject stateObj, Boolean callerHasConnectionLock, Boolean asyncClose)
   at Microsoft.Data.SqlClient.TdsParser.TryRun(RunBehavior runBehavior, SqlCommand cmdHandler, SqlDataReader dataStream, BulkCopySimpleResultSet bulkCopyHandler, TdsParserStateObject stateObj, Boolean& dataReady)
   at Microsoft.Data.SqlClient.SqlDataReader.TryHasMoreRows(Boolean& moreRows)
   at Microsoft.Data.SqlClient.SqlDataReader.TryReadInternal(Boolean setTimeout, Boolean& more)
   at Microsoft.Data.SqlClient.SqlDataReader.ReadAsyncExecute(Task task, Object state)
   at Microsoft.Data.SqlClient.SqlDataReader.InvokeAsyncCall[T](SqlDataReaderBaseAsyncCallContext`1 context)
--- End of stack trace from previous location ---
   at Microsoft.EntityFrameworkCore.Update.AffectedCountModificationCommandBatch.ConsumeResultSetAsync(Int32 startCommandIndex, RelationalDataReader reader, CancellationToken cancellationToken)
ClientConnectionId:dc5fd18c-f7f5-4b79-b2b5-b8d4e05ee360
Error Number:2601,State:1,Class:14
   --- End of inner exception stack trace ---
   at Microsoft.EntityFrameworkCore.Update.AffectedCountModificationCommandBatch.ConsumeResultSetAsync(Int32 startCommandIndex, RelationalDataReader reader, CancellationToken cancellationToken)
   at Microsoft.EntityFrameworkCore.Update.AffectedCountModificationCommandBatch.ConsumeAsync(RelationalDataReader reader, CancellationToken cancellationToken)
   at Microsoft.EntityFrameworkCore.Update.ReaderModificationCommandBatch.ExecuteAsync(IRelationalConnection connection, CancellationToken cancellationToken)
   at Microsoft.EntityFrameworkCore.Update.ReaderModificationCommandBatch.ExecuteAsync(IRelationalConnection connection, CancellationToken cancellationToken)
   at Microsoft.EntityFrameworkCore.SqlServer.Update.Internal.SqlServerModificationCommandBatch.ExecuteAsync(IRelationalConnection connection, CancellationToken cancellationToken)
   at Microsoft.EntityFrameworkCore.Update.Internal.BatchExecutor.ExecuteAsync(IEnumerable`1 commandBatches, IRelationalConnection connection, CancellationToken cancellationToken)
   at Microsoft.EntityFrameworkCore.Update.Internal.BatchExecutor.ExecuteAsync(IEnumerable`1 commandBatches, IRelationalConnection connection, CancellationToken cancellationToken)
   at Microsoft.EntityFrameworkCore.Update.Internal.BatchExecutor.ExecuteAsync(IEnumerable`1 commandBatches, IRelationalConnection connection, CancellationToken cancellationToken)
   at Microsoft.EntityFrameworkCore.ChangeTracking.Internal.StateManager.SaveChangesAsync(IList`1 entriesToSave, CancellationToken cancellationToken)
   at Microsoft.EntityFrameworkCore.ChangeTracking.Internal.StateManager.SaveChangesAsync(StateManager stateManager, Boolean acceptAllChangesOnSuccess, CancellationToken cancellationToken)
   at Microsoft.EntityFrameworkCore.SqlServer.Storage.Internal.SqlServerExecutionStrategy.ExecuteAsync[TState,TResult](TState state, Func`4 operation, Func`4 verifySucceeded, CancellationToken cancellationToken)
   at Microsoft.EntityFrameworkCore.DbContext.SaveChangesAsync(Boolean acceptAllChangesOnSuccess, CancellationToken cancellationToken) {"EventId":{"Id":10000,"Name":"Microsoft.EntityFrameworkCore.Update.SaveChangesFailed"},"SourceContext":"Microsoft.EntityFrameworkCore.Update","ActionId":"e41d2ec4-2d5f-4adf-ba62-23b3e32383e3","ActionName":"xyz_university_payment_api.Presentation.Controllers.AuthorizationController.AssignRolesToExistingUsers (xyz-university-payment-api)","RequestId":"0HNDQSAT5FONM:00000002","RequestPath":"/api/Authorization/assign-roles-to-existing-users","ConnectionId":"0HNDQSAT5FONM","MachineName":"DESKTOP-F3AMJ10","ThreadId":22,"ProcessId":5092,"Application":"XYZ University Payment API"}
Microsoft.EntityFrameworkCore.DbUpdateException: An error occurred while saving the entity changes. See the inner exception for details.
 ---> Microsoft.Data.SqlClient.SqlException (0x80131904): Cannot insert duplicate key row in object 'dbo.Roles' with unique index 'IX_Roles_Name'. The duplicate key value is ().
   at Microsoft.Data.SqlClient.SqlConnection.OnError(SqlException exception, Boolean breakConnection, Action`1 wrapCloseInAction)
   at Microsoft.Data.SqlClient.SqlInternalConnection.OnError(SqlException exception, Boolean breakConnection, Action`1 wrapCloseInAction)
   at Microsoft.Data.SqlClient.TdsParser.ThrowExceptionAndWarning(TdsParserStateObject stateObj, Boolean callerHasConnectionLock, Boolean asyncClose)
   at Microsoft.Data.SqlClient.TdsParser.TryRun(RunBehavior runBehavior, SqlCommand cmdHandler, SqlDataReader dataStream, BulkCopySimpleResultSet bulkCopyHandler, TdsParserStateObject stateObj, Boolean& dataReady)
   at Microsoft.Data.SqlClient.SqlDataReader.TryHasMoreRows(Boolean& moreRows)
   at Microsoft.Data.SqlClient.SqlDataReader.TryReadInternal(Boolean setTimeout, Boolean& more)
   at Microsoft.Data.SqlClient.SqlDataReader.ReadAsyncExecute(Task task, Object state)
   at Microsoft.Data.SqlClient.SqlDataReader.InvokeAsyncCall[T](SqlDataReaderBaseAsyncCallContext`1 context)
--- End of stack trace from previous location ---
   at Microsoft.EntityFrameworkCore.Update.AffectedCountModificationCommandBatch.ConsumeResultSetAsync(Int32 startCommandIndex, RelationalDataReader reader, CancellationToken cancellationToken)
ClientConnectionId:dc5fd18c-f7f5-4b79-b2b5-b8d4e05ee360
Error Number:2601,State:1,Class:14
   --- End of inner exception stack trace ---
   at Microsoft.EntityFrameworkCore.Update.AffectedCountModificationCommandBatch.ConsumeResultSetAsync(Int32 startCommandIndex, RelationalDataReader reader, CancellationToken cancellationToken)
   at Microsoft.EntityFrameworkCore.Update.AffectedCountModificationCommandBatch.ConsumeAsync(RelationalDataReader reader, CancellationToken cancellationToken)
   at Microsoft.EntityFrameworkCore.Update.ReaderModificationCommandBatch.ExecuteAsync(IRelationalConnection connection, CancellationToken cancellationToken)
   at Microsoft.EntityFrameworkCore.Update.ReaderModificationCommandBatch.ExecuteAsync(IRelationalConnection connection, CancellationToken cancellationToken)
   at Microsoft.EntityFrameworkCore.SqlServer.Update.Internal.SqlServerModificationCommandBatch.ExecuteAsync(IRelationalConnection connection, CancellationToken cancellationToken)
   at Microsoft.EntityFrameworkCore.Update.Internal.BatchExecutor.ExecuteAsync(IEnumerable`1 commandBatches, IRelationalConnection connection, CancellationToken cancellationToken)
   at Microsoft.EntityFrameworkCore.Update.Internal.BatchExecutor.ExecuteAsync(IEnumerable`1 commandBatches, IRelationalConnection connection, CancellationToken cancellationToken)
   at Microsoft.EntityFrameworkCore.Update.Internal.BatchExecutor.ExecuteAsync(IEnumerable`1 commandBatches, IRelationalConnection connection, CancellationToken cancellationToken)
   at Microsoft.EntityFrameworkCore.ChangeTracking.Internal.StateManager.SaveChangesAsync(IList`1 entriesToSave, CancellationToken cancellationToken)
   at Microsoft.EntityFrameworkCore.ChangeTracking.Internal.StateManager.SaveChangesAsync(StateManager stateManager, Boolean acceptAllChangesOnSuccess, CancellationToken cancellationToken)
   at Microsoft.EntityFrameworkCore.SqlServer.Storage.Internal.SqlServerExecutionStrategy.ExecuteAsync[TState,TResult](TState state, Func`4 operation, Func`4 verifySucceeded, CancellationToken cancellationToken)
   at Microsoft.EntityFrameworkCore.DbContext.SaveChangesAsync(Boolean acceptAllChangesOnSuccess, CancellationToken cancellationToken)
2025-07-04 13:09:22.357 +03:00 [ERR] Error assigning roles to existing users {"SourceContext":"xyz_university_payment_api.Presentation.Controllers.AuthorizationController","ActionId":"e41d2ec4-2d5f-4adf-ba62-23b3e32383e3","ActionName":"xyz_university_payment_api.Presentation.Controllers.AuthorizationController.AssignRolesToExistingUsers (xyz-university-payment-api)","RequestId":"0HNDQSAT5FONM:00000002","RequestPath":"/api/Authorization/assign-roles-to-existing-users","ConnectionId":"0HNDQSAT5FONM","MachineName":"DESKTOP-F3AMJ10","ThreadId":22,"ProcessId":5092,"Application":"XYZ University Payment API"}
Microsoft.EntityFrameworkCore.DbUpdateException: An error occurred while saving the entity changes. See the inner exception for details.
 ---> Microsoft.Data.SqlClient.SqlException (0x80131904): Cannot insert duplicate key row in object 'dbo.Roles' with unique index 'IX_Roles_Name'. The duplicate key value is ().
   at Microsoft.Data.SqlClient.SqlConnection.OnError(SqlException exception, Boolean breakConnection, Action`1 wrapCloseInAction)
   at Microsoft.Data.SqlClient.SqlInternalConnection.OnError(SqlException exception, Boolean breakConnection, Action`1 wrapCloseInAction)
   at Microsoft.Data.SqlClient.TdsParser.ThrowExceptionAndWarning(TdsParserStateObject stateObj, Boolean callerHasConnectionLock, Boolean asyncClose)
   at Microsoft.Data.SqlClient.TdsParser.TryRun(RunBehavior runBehavior, SqlCommand cmdHandler, SqlDataReader dataStream, BulkCopySimpleResultSet bulkCopyHandler, TdsParserStateObject stateObj, Boolean& dataReady)
   at Microsoft.Data.SqlClient.SqlDataReader.TryHasMoreRows(Boolean& moreRows)
   at Microsoft.Data.SqlClient.SqlDataReader.TryReadInternal(Boolean setTimeout, Boolean& more)
   at Microsoft.Data.SqlClient.SqlDataReader.ReadAsyncExecute(Task task, Object state)
   at Microsoft.Data.SqlClient.SqlDataReader.InvokeAsyncCall[T](SqlDataReaderBaseAsyncCallContext`1 context)
--- End of stack trace from previous location ---
   at Microsoft.EntityFrameworkCore.Update.AffectedCountModificationCommandBatch.ConsumeResultSetAsync(Int32 startCommandIndex, RelationalDataReader reader, CancellationToken cancellationToken)
ClientConnectionId:dc5fd18c-f7f5-4b79-b2b5-b8d4e05ee360
Error Number:2601,State:1,Class:14
   --- End of inner exception stack trace ---
   at Microsoft.EntityFrameworkCore.Update.AffectedCountModificationCommandBatch.ConsumeResultSetAsync(Int32 startCommandIndex, RelationalDataReader reader, CancellationToken cancellationToken)
   at Microsoft.EntityFrameworkCore.Update.AffectedCountModificationCommandBatch.ConsumeAsync(RelationalDataReader reader, CancellationToken cancellationToken)
   at Microsoft.EntityFrameworkCore.Update.ReaderModificationCommandBatch.ExecuteAsync(IRelationalConnection connection, CancellationToken cancellationToken)
   at Microsoft.EntityFrameworkCore.Update.ReaderModificationCommandBatch.ExecuteAsync(IRelationalConnection connection, CancellationToken cancellationToken)
   at Microsoft.EntityFrameworkCore.SqlServer.Update.Internal.SqlServerModificationCommandBatch.ExecuteAsync(IRelationalConnection connection, CancellationToken cancellationToken)
   at Microsoft.EntityFrameworkCore.Update.Internal.BatchExecutor.ExecuteAsync(IEnumerable`1 commandBatches, IRelationalConnection connection, CancellationToken cancellationToken)
   at Microsoft.EntityFrameworkCore.Update.Internal.BatchExecutor.ExecuteAsync(IEnumerable`1 commandBatches, IRelationalConnection connection, CancellationToken cancellationToken)
   at Microsoft.EntityFrameworkCore.Update.Internal.BatchExecutor.ExecuteAsync(IEnumerable`1 commandBatches, IRelationalConnection connection, CancellationToken cancellationToken)
   at Microsoft.EntityFrameworkCore.ChangeTracking.Internal.StateManager.SaveChangesAsync(IList`1 entriesToSave, CancellationToken cancellationToken)
   at Microsoft.EntityFrameworkCore.ChangeTracking.Internal.StateManager.SaveChangesAsync(StateManager stateManager, Boolean acceptAllChangesOnSuccess, CancellationToken cancellationToken)
   at Microsoft.EntityFrameworkCore.SqlServer.Storage.Internal.SqlServerExecutionStrategy.ExecuteAsync[TState,TResult](TState state, Func`4 operation, Func`4 verifySucceeded, CancellationToken cancellationToken)
   at Microsoft.EntityFrameworkCore.DbContext.SaveChangesAsync(Boolean acceptAllChangesOnSuccess, CancellationToken cancellationToken)
   at Microsoft.EntityFrameworkCore.DbContext.SaveChangesAsync(Boolean acceptAllChangesOnSuccess, CancellationToken cancellationToken)
   at xyz_university_payment_api.Core.Application.Services.AuthorizationService.AssignRolesToUserAsync(AssignRolesToUserDto assignRolesDto) in C:\Users\wanja\Desktop\jj\xyz-university-payment-api\xyz-university-payment-api\Core\Application\Services\AuthorizationService.cs:line 678
   at xyz_university_payment_api.Presentation.Controllers.AuthorizationController.AssignRolesToExistingUsers() in C:\Users\wanja\Desktop\jj\xyz-university-payment-api\xyz-university-payment-api\Presentation\Controllers\AuthorizationController.cs:line 2015
2025-07-04 14:41:10.380 +03:00 [INF] Bus stopped: "rabbitmq://localhost/" {"SourceContext":"MassTransit","MachineName":"DESKTOP-F3AMJ10","ThreadId":20,"ProcessId":5092,"Application":"XYZ University Payment API"}
