2025-06-23 12:36:01.379 +03:00 [INF] Ensuring database is created {"MachineName":"DESKTOP-F3AMJ10","ThreadId":1,"ProcessId":23372,"Application":"XYZ University Payment API"}
2025-06-23 12:36:01.402 +03:00 [INF] Database created successfully {"MachineName":"DESKTOP-F3AMJ10","ThreadId":1,"ProcessId":23372,"Application":"XYZ University Payment API"}
2025-06-23 12:36:02.062 +03:00 [INF] XYZ University Payment API started successfully {"MachineName":"DESKTOP-F3AMJ10","ThreadId":1,"ProcessId":23372,"Application":"XYZ University Payment API"}
2025-06-23 12:36:02.148 +03:00 [INF] Configured endpoint PaymentProcessedMessage, Consumer: xyz_university_payment_api.Services.PaymentProcessedMessageConsumer {"SourceContext":"MassTransit","MachineName":"DESKTOP-F3AMJ10","ThreadId":1,"ProcessId":23372,"Application":"XYZ University Payment API"}
2025-06-23 12:36:02.156 +03:00 [INF] Configured endpoint PaymentFailedMessage, Consumer: xyz_university_payment_api.Services.PaymentFailedMessageConsumer {"SourceContext":"MassTransit","MachineName":"DESKTOP-F3AMJ10","ThreadId":1,"ProcessId":23372,"Application":"XYZ University Payment API"}
2025-06-23 12:36:02.161 +03:00 [INF] Configured endpoint PaymentValidationMessage, Consumer: xyz_university_payment_api.Services.PaymentValidationMessageConsumer {"SourceContext":"MassTransit","MachineName":"DESKTOP-F3AMJ10","ThreadId":1,"ProcessId":23372,"Application":"XYZ University Payment API"}
2025-06-23 12:36:02.384 +03:00 [INF] Bus started: "rabbitmq://localhost/" {"SourceContext":"MassTransit","MachineName":"DESKTOP-F3AMJ10","ThreadId":6,"ProcessId":23372,"Application":"XYZ University Payment API"}
2025-06-23 12:37:30.207 +03:00 [WRN] Failed to determine the https port for redirect. {"EventId":{"Id":3,"Name":"FailedToDeterminePort"},"SourceContext":"Microsoft.AspNetCore.HttpsPolicy.HttpsRedirectionMiddleware","RequestId":"0HNDI769C3EIM:00000001","RequestPath":"/swagger/index.html","ConnectionId":"0HNDI769C3EIM","MachineName":"DESKTOP-F3AMJ10","ThreadId":17,"ProcessId":23372,"Application":"XYZ University Payment API"}
2025-06-23 12:42:35.565 +03:00 [INF] TestMessaging endpoint called {"SourceContext":"xyz_university_payment_api.Controllers.PaymentController","ActionId":"611cc059-d570-4e23-9ab9-677a588ae4d4","ActionName":"xyz_university_payment_api.Controllers.PaymentController.TestMessaging (xyz-university-payment-api)","RequestId":"0HNDI769C3EIV:00000001","RequestPath":"/api/Payment/test-messaging","ConnectionId":"0HNDI769C3EIV","MachineName":"DESKTOP-F3AMJ10","ThreadId":22,"ProcessId":23372,"Application":"XYZ University Payment API"}
2025-06-23 12:42:35.574 +03:00 [INF] Publishing payment processed message: TEST-REF-001 {"SourceContext":"xyz_university_payment_api.Services.RabbitMQMessagePublisher","ActionId":"611cc059-d570-4e23-9ab9-677a588ae4d4","ActionName":"xyz_university_payment_api.Controllers.PaymentController.TestMessaging (xyz-university-payment-api)","RequestId":"0HNDI769C3EIV:00000001","RequestPath":"/api/Payment/test-messaging","ConnectionId":"0HNDI769C3EIV","MachineName":"DESKTOP-F3AMJ10","ThreadId":22,"ProcessId":23372,"Application":"XYZ University Payment API"}
2025-06-23 12:42:35.728 +03:00 [INF] Successfully published payment processed message: TEST-REF-001 {"SourceContext":"xyz_university_payment_api.Services.RabbitMQMessagePublisher","ActionId":"611cc059-d570-4e23-9ab9-677a588ae4d4","ActionName":"xyz_university_payment_api.Controllers.PaymentController.TestMessaging (xyz-university-payment-api)","RequestId":"0HNDI769C3EIV:00000001","RequestPath":"/api/Payment/test-messaging","ConnectionId":"0HNDI769C3EIV","MachineName":"DESKTOP-F3AMJ10","ThreadId":22,"ProcessId":23372,"Application":"XYZ University Payment API"}
2025-06-23 12:42:35.739 +03:00 [WRN] Publishing payment failed message: TEST-REF-002, Reason: Test error reason {"SourceContext":"xyz_university_payment_api.Services.RabbitMQMessagePublisher","ActionId":"611cc059-d570-4e23-9ab9-677a588ae4d4","ActionName":"xyz_university_payment_api.Controllers.PaymentController.TestMessaging (xyz-university-payment-api)","RequestId":"0HNDI769C3EIV:00000001","RequestPath":"/api/Payment/test-messaging","ConnectionId":"0HNDI769C3EIV","MachineName":"DESKTOP-F3AMJ10","ThreadId":22,"ProcessId":23372,"Application":"XYZ University Payment API"}
2025-06-23 12:42:35.744 +03:00 [INF] Received payment processed message: TEST-REF-001 for student S12345 {"SourceContext":"xyz_university_payment_api.Services.PaymentProcessedMessageConsumer","MachineName":"DESKTOP-F3AMJ10","ThreadId":6,"ProcessId":23372,"Application":"XYZ University Payment API"}
2025-06-23 12:42:35.750 +03:00 [INF] Payment processed successfully: Amount 5000, Student Active: true {"SourceContext":"xyz_university_payment_api.Services.PaymentProcessedMessageConsumer","MachineName":"DESKTOP-F3AMJ10","ThreadId":6,"ProcessId":23372,"Application":"XYZ University Payment API"}
2025-06-23 12:42:35.771 +03:00 [INF] Successfully published payment failed message: TEST-REF-002 {"SourceContext":"xyz_university_payment_api.Services.RabbitMQMessagePublisher","ActionId":"611cc059-d570-4e23-9ab9-677a588ae4d4","ActionName":"xyz_university_payment_api.Controllers.PaymentController.TestMessaging (xyz-university-payment-api)","RequestId":"0HNDI769C3EIV:00000001","RequestPath":"/api/Payment/test-messaging","ConnectionId":"0HNDI769C3EIV","MachineName":"DESKTOP-F3AMJ10","ThreadId":22,"ProcessId":23372,"Application":"XYZ University Payment API"}
2025-06-23 12:42:35.773 +03:00 [WRN] Received payment failed message: TEST-REF-002 for student S67890, Reason: Test error reason {"SourceContext":"xyz_university_payment_api.Services.PaymentFailedMessageConsumer","MachineName":"DESKTOP-F3AMJ10","ThreadId":6,"ProcessId":23372,"Application":"XYZ University Payment API"}
2025-06-23 12:42:35.779 +03:00 [INF] Publishing payment validation message: TEST-REF-003 {"SourceContext":"xyz_university_payment_api.Services.RabbitMQMessagePublisher","ActionId":"611cc059-d570-4e23-9ab9-677a588ae4d4","ActionName":"xyz_university_payment_api.Controllers.PaymentController.TestMessaging (xyz-university-payment-api)","RequestId":"0HNDI769C3EIV:00000001","RequestPath":"/api/Payment/test-messaging","ConnectionId":"0HNDI769C3EIV","MachineName":"DESKTOP-F3AMJ10","ThreadId":22,"ProcessId":23372,"Application":"XYZ University Payment API"}
2025-06-23 12:42:35.779 +03:00 [WRN] Payment failed: Amount 3000, Error: Test error reason {"SourceContext":"xyz_university_payment_api.Services.PaymentFailedMessageConsumer","MachineName":"DESKTOP-F3AMJ10","ThreadId":6,"ProcessId":23372,"Application":"XYZ University Payment API"}
2025-06-23 12:42:35.821 +03:00 [INF] Successfully published payment validation message: TEST-REF-003 {"SourceContext":"xyz_university_payment_api.Services.RabbitMQMessagePublisher","ActionId":"611cc059-d570-4e23-9ab9-677a588ae4d4","ActionName":"xyz_university_payment_api.Controllers.PaymentController.TestMessaging (xyz-university-payment-api)","RequestId":"0HNDI769C3EIV:00000001","RequestPath":"/api/Payment/test-messaging","ConnectionId":"0HNDI769C3EIV","MachineName":"DESKTOP-F3AMJ10","ThreadId":8,"ProcessId":23372,"Application":"XYZ University Payment API"}
2025-06-23 12:42:35.822 +03:00 [INF] Received payment validation message: TEST-REF-003 for student S66001 {"SourceContext":"xyz_university_payment_api.Services.PaymentValidationMessageConsumer","MachineName":"DESKTOP-F3AMJ10","ThreadId":22,"ProcessId":23372,"Application":"XYZ University Payment API"}
2025-06-23 12:42:35.830 +03:00 [WRN] Payment validation failed with 2 errors: Test validation error 1, Test validation error 2 {"SourceContext":"xyz_university_payment_api.Services.PaymentValidationMessageConsumer","MachineName":"DESKTOP-F3AMJ10","ThreadId":22,"ProcessId":23372,"Application":"XYZ University Payment API"}
2025-06-23 13:07:56.231 +03:00 [WRN] Connection Failed: "rabbitmq://localhost/" {"SourceContext":"MassTransit","MachineName":"DESKTOP-F3AMJ10","ThreadId":23,"ProcessId":23372,"Application":"XYZ University Payment API"}
RabbitMQ.Client.Exceptions.BrokerUnreachableException: None of the specified endpoints were reachable
 ---> System.AggregateException: One or more errors occurred. (Connection failed)
 ---> RabbitMQ.Client.Exceptions.ConnectFailureException: Connection failed
 ---> System.Net.Sockets.SocketException (10061): No connection could be made because the target machine actively refused it.
   at System.Net.Sockets.Socket.AwaitableSocketAsyncEventArgs.ThrowException(SocketError error, CancellationToken cancellationToken)
   at System.Net.Sockets.Socket.AwaitableSocketAsyncEventArgs.System.Threading.Tasks.Sources.IValueTaskSource.GetResult(Int16 token)
   at System.Threading.Tasks.ValueTask.ValueTaskSourceAsTask.<>c.<.cctor>b__4_0(Object state)
--- End of stack trace from previous location ---
   at RabbitMQ.Client.TcpClientAdapter.ConnectAsync(String host, Int32 port)
   at RabbitMQ.Client.Impl.TaskExtensions.TimeoutAfter(Task task, TimeSpan timeout)
   at RabbitMQ.Client.Impl.SocketFrameHandler.ConnectOrFail(ITcpClient socket, AmqpTcpEndpoint endpoint, TimeSpan timeout)
   --- End of inner exception stack trace ---
   at RabbitMQ.Client.Impl.SocketFrameHandler.ConnectOrFail(ITcpClient socket, AmqpTcpEndpoint endpoint, TimeSpan timeout)
   at RabbitMQ.Client.Impl.SocketFrameHandler.ConnectUsingAddressFamily(AmqpTcpEndpoint endpoint, Func`2 socketFactory, TimeSpan timeout, AddressFamily family)
   at RabbitMQ.Client.Impl.SocketFrameHandler.ConnectUsingIPv4(AmqpTcpEndpoint endpoint, Func`2 socketFactory, TimeSpan timeout)
   at RabbitMQ.Client.Impl.SocketFrameHandler..ctor(AmqpTcpEndpoint endpoint, Func`2 socketFactory, TimeSpan connectionTimeout, TimeSpan readTimeout, TimeSpan writeTimeout)
   at RabbitMQ.Client.Framing.Impl.IProtocolExtensions.CreateFrameHandler(IProtocol protocol, AmqpTcpEndpoint endpoint, ArrayPool`1 pool, Func`2 socketFactory, TimeSpan connectionTimeout, TimeSpan readTimeout, TimeSpan writeTimeout)
   at RabbitMQ.Client.ConnectionFactory.CreateFrameHandler(AmqpTcpEndpoint endpoint)
   at RabbitMQ.Client.EndpointResolverExtensions.SelectOne[T](IEndpointResolver resolver, Func`2 selector)
   --- End of inner exception stack trace ---
   at RabbitMQ.Client.EndpointResolverExtensions.SelectOne[T](IEndpointResolver resolver, Func`2 selector)
   at RabbitMQ.Client.ConnectionFactory.CreateConnection(IEndpointResolver endpointResolver, String clientProvidedName)
   --- End of inner exception stack trace ---
   at RabbitMQ.Client.ConnectionFactory.CreateConnection(IEndpointResolver endpointResolver, String clientProvidedName)
   at RabbitMQ.Client.ConnectionFactory.CreateConnection(IList`1 hostnames, String clientProvidedName)
   at MassTransit.RabbitMqTransport.ConnectionContextFactory.CreateConnection(ISupervisor supervisor) in /_/src/Transports/MassTransit.RabbitMqTransport/RabbitMqTransport/ConnectionContextFactory.cs:line 86
2025-06-23 14:30:17.337 +03:00 [INF] TestMessaging endpoint called {"SourceContext":"xyz_university_payment_api.Controllers.PaymentController","ActionId":"611cc059-d570-4e23-9ab9-677a588ae4d4","ActionName":"xyz_university_payment_api.Controllers.PaymentController.TestMessaging (xyz-university-payment-api)","RequestId":"0HNDI769C3EJ3:00000001","RequestPath":"/api/Payment/test-messaging","ConnectionId":"0HNDI769C3EJ3","MachineName":"DESKTOP-F3AMJ10","ThreadId":17,"ProcessId":23372,"Application":"XYZ University Payment API"}
2025-06-23 14:30:17.348 +03:00 [INF] Publishing payment processed message: TEST-REF-001 {"SourceContext":"xyz_university_payment_api.Services.RabbitMQMessagePublisher","ActionId":"611cc059-d570-4e23-9ab9-677a588ae4d4","ActionName":"xyz_university_payment_api.Controllers.PaymentController.TestMessaging (xyz-university-payment-api)","RequestId":"0HNDI769C3EJ3:00000001","RequestPath":"/api/Payment/test-messaging","ConnectionId":"0HNDI769C3EJ3","MachineName":"DESKTOP-F3AMJ10","ThreadId":17,"ProcessId":23372,"Application":"XYZ University Payment API"}
2025-06-23 14:30:17.377 +03:00 [INF] Successfully published payment processed message: TEST-REF-001 {"SourceContext":"xyz_university_payment_api.Services.RabbitMQMessagePublisher","ActionId":"611cc059-d570-4e23-9ab9-677a588ae4d4","ActionName":"xyz_university_payment_api.Controllers.PaymentController.TestMessaging (xyz-university-payment-api)","RequestId":"0HNDI769C3EJ3:00000001","RequestPath":"/api/Payment/test-messaging","ConnectionId":"0HNDI769C3EJ3","MachineName":"DESKTOP-F3AMJ10","ThreadId":17,"ProcessId":23372,"Application":"XYZ University Payment API"}
2025-06-23 14:30:17.379 +03:00 [INF] Received payment processed message: TEST-REF-001 for student S12345 {"SourceContext":"xyz_university_payment_api.Services.PaymentProcessedMessageConsumer","MachineName":"DESKTOP-F3AMJ10","ThreadId":30,"ProcessId":23372,"Application":"XYZ University Payment API"}
2025-06-23 14:30:17.385 +03:00 [WRN] Publishing payment failed message: TEST-REF-002, Reason: Test error reason {"SourceContext":"xyz_university_payment_api.Services.RabbitMQMessagePublisher","ActionId":"611cc059-d570-4e23-9ab9-677a588ae4d4","ActionName":"xyz_university_payment_api.Controllers.PaymentController.TestMessaging (xyz-university-payment-api)","RequestId":"0HNDI769C3EJ3:00000001","RequestPath":"/api/Payment/test-messaging","ConnectionId":"0HNDI769C3EJ3","MachineName":"DESKTOP-F3AMJ10","ThreadId":17,"ProcessId":23372,"Application":"XYZ University Payment API"}
2025-06-23 14:30:17.385 +03:00 [INF] Payment processed successfully: Amount 5000, Student Active: true {"SourceContext":"xyz_university_payment_api.Services.PaymentProcessedMessageConsumer","MachineName":"DESKTOP-F3AMJ10","ThreadId":30,"ProcessId":23372,"Application":"XYZ University Payment API"}
2025-06-23 14:30:17.412 +03:00 [INF] Successfully published payment failed message: TEST-REF-002 {"SourceContext":"xyz_university_payment_api.Services.RabbitMQMessagePublisher","ActionId":"611cc059-d570-4e23-9ab9-677a588ae4d4","ActionName":"xyz_university_payment_api.Controllers.PaymentController.TestMessaging (xyz-university-payment-api)","RequestId":"0HNDI769C3EJ3:00000001","RequestPath":"/api/Payment/test-messaging","ConnectionId":"0HNDI769C3EJ3","MachineName":"DESKTOP-F3AMJ10","ThreadId":30,"ProcessId":23372,"Application":"XYZ University Payment API"}
2025-06-23 14:30:17.412 +03:00 [WRN] Received payment failed message: TEST-REF-002 for student S67890, Reason: Test error reason {"SourceContext":"xyz_university_payment_api.Services.PaymentFailedMessageConsumer","MachineName":"DESKTOP-F3AMJ10","ThreadId":3,"ProcessId":23372,"Application":"XYZ University Payment API"}
2025-06-23 14:30:17.417 +03:00 [INF] Publishing payment validation message: TEST-REF-003 {"SourceContext":"xyz_university_payment_api.Services.RabbitMQMessagePublisher","ActionId":"611cc059-d570-4e23-9ab9-677a588ae4d4","ActionName":"xyz_university_payment_api.Controllers.PaymentController.TestMessaging (xyz-university-payment-api)","RequestId":"0HNDI769C3EJ3:00000001","RequestPath":"/api/Payment/test-messaging","ConnectionId":"0HNDI769C3EJ3","MachineName":"DESKTOP-F3AMJ10","ThreadId":30,"ProcessId":23372,"Application":"XYZ University Payment API"}
2025-06-23 14:30:17.424 +03:00 [WRN] Payment failed: Amount 3000, Error: Test error reason {"SourceContext":"xyz_university_payment_api.Services.PaymentFailedMessageConsumer","MachineName":"DESKTOP-F3AMJ10","ThreadId":3,"ProcessId":23372,"Application":"XYZ University Payment API"}
2025-06-23 14:30:17.446 +03:00 [INF] Successfully published payment validation message: TEST-REF-003 {"SourceContext":"xyz_university_payment_api.Services.RabbitMQMessagePublisher","ActionId":"611cc059-d570-4e23-9ab9-677a588ae4d4","ActionName":"xyz_university_payment_api.Controllers.PaymentController.TestMessaging (xyz-university-payment-api)","RequestId":"0HNDI769C3EJ3:00000001","RequestPath":"/api/Payment/test-messaging","ConnectionId":"0HNDI769C3EJ3","MachineName":"DESKTOP-F3AMJ10","ThreadId":12,"ProcessId":23372,"Application":"XYZ University Payment API"}
2025-06-23 14:30:17.446 +03:00 [INF] Received payment validation message: TEST-REF-003 for student S66001 {"SourceContext":"xyz_university_payment_api.Services.PaymentValidationMessageConsumer","MachineName":"DESKTOP-F3AMJ10","ThreadId":30,"ProcessId":23372,"Application":"XYZ University Payment API"}
2025-06-23 14:30:17.453 +03:00 [WRN] Payment validation failed with 2 errors: Test validation error 1, Test validation error 2 {"SourceContext":"xyz_university_payment_api.Services.PaymentValidationMessageConsumer","MachineName":"DESKTOP-F3AMJ10","ThreadId":30,"ProcessId":23372,"Application":"XYZ University Payment API"}
