2025-07-01 10:58:21.161 +03:00 [INF] Ensuring database is created {"MachineName":"DESKTOP-F3AMJ10","ThreadId":1,"ProcessId":21668,"Application":"XYZ University Payment API"}
2025-07-01 10:58:24.464 +03:00 [INF] Database created successfully {"MachineName":"DESKTOP-F3AMJ10","ThreadId":1,"ProcessId":21668,"Application":"XYZ University Payment API"}
2025-07-01 10:58:24.479 +03:00 [INF] Seeding default roles and permissions {"MachineName":"DESKTOP-F3AMJ10","ThreadId":1,"ProcessId":21668,"Application":"XYZ University Payment API"}
2025-07-01 10:58:25.377 +03:00 [INF] Default roles and permissions seeded successfully {"MachineName":"DESKTOP-F3AMJ10","ThreadId":9,"ProcessId":21668,"Application":"XYZ University Payment API"}
2025-07-01 10:58:25.808 +03:00 [INF] XYZ University Payment API started successfully {"MachineName":"DESKTOP-F3AMJ10","ThreadId":9,"ProcessId":21668,"Application":"XYZ University Payment API"}
2025-07-01 10:58:26.170 +03:00 [INF] Configured endpoint PaymentProcessedMessage, Consumer: xyz_university_payment_api.Services.PaymentProcessedMessageConsumer {"SourceContext":"MassTransit","MachineName":"DESKTOP-F3AMJ10","ThreadId":9,"ProcessId":21668,"Application":"XYZ University Payment API"}
2025-07-01 10:58:26.239 +03:00 [INF] Configured endpoint PaymentFailedMessage, Consumer: xyz_university_payment_api.Services.PaymentFailedMessageConsumer {"SourceContext":"MassTransit","MachineName":"DESKTOP-F3AMJ10","ThreadId":9,"ProcessId":21668,"Application":"XYZ University Payment API"}
2025-07-01 10:58:26.298 +03:00 [INF] Configured endpoint PaymentValidationMessage, Consumer: xyz_university_payment_api.Services.PaymentValidationMessageConsumer {"SourceContext":"MassTransit","MachineName":"DESKTOP-F3AMJ10","ThreadId":9,"ProcessId":21668,"Application":"XYZ University Payment API"}
2025-07-01 10:58:27.021 +03:00 [INF] Bus started: "rabbitmq://localhost/" {"SourceContext":"MassTransit","MachineName":"DESKTOP-F3AMJ10","ThreadId":6,"ProcessId":21668,"Application":"XYZ University Payment API"}
2025-07-01 10:59:10.632 +03:00 [ERR] An unhandled exception has occurred while executing the request. {"EventId":{"Id":1,"Name":"UnhandledException"},"SourceContext":"Microsoft.AspNetCore.Diagnostics.DeveloperExceptionPageMiddleware","RequestId":"0HNDOEKKG5LLS:00000002","RequestPath":"/swagger/v1/swagger.json","ConnectionId":"0HNDOEKKG5LLS","MachineName":"DESKTOP-F3AMJ10","ThreadId":13,"ProcessId":21668,"Application":"XYZ University Payment API"}
System.FormatException: Input string was not in a correct format.
   at Microsoft.AspNetCore.Mvc.Versioning.ApiVersionFormatProvider.Format(String format, Object arg, IFormatProvider formatProvider)
   at Microsoft.AspNetCore.Mvc.ApiVersion.ToString(String format, IFormatProvider formatProvider)
   at Microsoft.AspNetCore.Mvc.ApiExplorer.VersionedApiDescriptionProvider.OnProvidersExecuted(ApiDescriptionProviderContext context)
   at Microsoft.AspNetCore.Mvc.ApiExplorer.ApiDescriptionGroupCollectionProvider.GetCollection(ActionDescriptorCollection actionDescriptors)
   at Microsoft.AspNetCore.Mvc.ApiExplorer.ApiDescriptionGroupCollectionProvider.get_ApiDescriptionGroups()
   at Swashbuckle.AspNetCore.SwaggerGen.SwaggerGenerator.GetSwaggerDocumentWithoutPaths(String documentName, String host, String basePath)
   at Swashbuckle.AspNetCore.SwaggerGen.SwaggerGenerator.GetSwaggerAsync(String documentName, String host, String basePath)
   at Swashbuckle.AspNetCore.Swagger.SwaggerMiddleware.Invoke(HttpContext httpContext, ISwaggerProvider swaggerProvider)
   at Microsoft.AspNetCore.Diagnostics.DeveloperExceptionPageMiddlewareImpl.Invoke(HttpContext context)
2025-07-01 10:59:20.160 +03:00 [ERR] An unhandled exception has occurred while executing the request. {"EventId":{"Id":1,"Name":"UnhandledException"},"SourceContext":"Microsoft.AspNetCore.Diagnostics.DeveloperExceptionPageMiddleware","RequestId":"0HNDOEKKG5LLU:00000002","RequestPath":"/swagger/v1/swagger.json","ConnectionId":"0HNDOEKKG5LLU","MachineName":"DESKTOP-F3AMJ10","ThreadId":15,"ProcessId":21668,"Application":"XYZ University Payment API"}
System.FormatException: Input string was not in a correct format.
   at Microsoft.AspNetCore.Mvc.Versioning.ApiVersionFormatProvider.Format(String format, Object arg, IFormatProvider formatProvider)
   at Microsoft.AspNetCore.Mvc.ApiVersion.ToString(String format, IFormatProvider formatProvider)
   at Microsoft.AspNetCore.Mvc.ApiExplorer.VersionedApiDescriptionProvider.OnProvidersExecuted(ApiDescriptionProviderContext context)
   at Microsoft.AspNetCore.Mvc.ApiExplorer.ApiDescriptionGroupCollectionProvider.GetCollection(ActionDescriptorCollection actionDescriptors)
   at Microsoft.AspNetCore.Mvc.ApiExplorer.ApiDescriptionGroupCollectionProvider.get_ApiDescriptionGroups()
   at Swashbuckle.AspNetCore.SwaggerGen.SwaggerGenerator.GetSwaggerDocumentWithoutPaths(String documentName, String host, String basePath)
   at Swashbuckle.AspNetCore.SwaggerGen.SwaggerGenerator.GetSwaggerAsync(String documentName, String host, String basePath)
   at Swashbuckle.AspNetCore.Swagger.SwaggerMiddleware.Invoke(HttpContext httpContext, ISwaggerProvider swaggerProvider)
   at Microsoft.AspNetCore.Diagnostics.DeveloperExceptionPageMiddlewareImpl.Invoke(HttpContext context)
2025-07-01 10:59:26.123 +03:00 [ERR] An unhandled exception has occurred while executing the request. {"EventId":{"Id":1,"Name":"UnhandledException"},"SourceContext":"Microsoft.AspNetCore.Diagnostics.DeveloperExceptionPageMiddleware","RequestId":"0HNDOEKKG5LM0:00000002","RequestPath":"/swagger/v1/swagger.json","ConnectionId":"0HNDOEKKG5LM0","MachineName":"DESKTOP-F3AMJ10","ThreadId":18,"ProcessId":21668,"Application":"XYZ University Payment API"}
System.FormatException: Input string was not in a correct format.
   at Microsoft.AspNetCore.Mvc.Versioning.ApiVersionFormatProvider.Format(String format, Object arg, IFormatProvider formatProvider)
   at Microsoft.AspNetCore.Mvc.ApiVersion.ToString(String format, IFormatProvider formatProvider)
   at Microsoft.AspNetCore.Mvc.ApiExplorer.VersionedApiDescriptionProvider.OnProvidersExecuted(ApiDescriptionProviderContext context)
   at Microsoft.AspNetCore.Mvc.ApiExplorer.ApiDescriptionGroupCollectionProvider.GetCollection(ActionDescriptorCollection actionDescriptors)
   at Microsoft.AspNetCore.Mvc.ApiExplorer.ApiDescriptionGroupCollectionProvider.get_ApiDescriptionGroups()
   at Swashbuckle.AspNetCore.SwaggerGen.SwaggerGenerator.GetSwaggerDocumentWithoutPaths(String documentName, String host, String basePath)
   at Swashbuckle.AspNetCore.SwaggerGen.SwaggerGenerator.GetSwaggerAsync(String documentName, String host, String basePath)
   at Swashbuckle.AspNetCore.Swagger.SwaggerMiddleware.Invoke(HttpContext httpContext, ISwaggerProvider swaggerProvider)
   at Microsoft.AspNetCore.Diagnostics.DeveloperExceptionPageMiddlewareImpl.Invoke(HttpContext context)
2025-07-01 11:03:33.992 +03:00 [INF] Bus stopped: "rabbitmq://localhost/" {"SourceContext":"MassTransit","MachineName":"DESKTOP-F3AMJ10","ThreadId":6,"ProcessId":21668,"Application":"XYZ University Payment API"}
