2025-07-11 15:57:23.108 +03:00 [INF] Ensuring database is created
2025-07-11 15:57:23.658 +03:00 [INF] Database created successfully
2025-07-11 15:57:23.663 +03:00 [INF] Seeding default roles and permissions
2025-07-11 15:57:24.014 +03:00 [INF] Valid data already seeded, skipping seeding process
2025-07-11 15:57:24.018 +03:00 [INF] Default roles and permissions seeded successfully
2025-07-11 15:57:24.157 +03:00 [INF] XYZ University Payment API started successfully
2025-07-11 15:57:24.264 +03:00 [INF] Configured endpoint PaymentMessage, Consumer: xyz_university_payment_api.Core.Application.Services.PaymentMessageConsumer
2025-07-11 15:57:24.271 +03:00 [INF] Configured endpoint PaymentFailedMessage, Consumer: xyz_university_payment_api.Core.Application.Services.PaymentFailedMessageConsumer
2025-07-11 15:57:24.500 +03:00 [INF] Bus started: "rabbitmq://localhost/"
2025-07-11 15:57:49.591 +03:00 [INF] GetUsers endpoint called by user: admin
2025-07-11 15:57:49.591 +03:00 [INF] GetUsers endpoint called by user: admin
2025-07-11 15:57:49.651 +03:00 [INF] Total users in database: 12
2025-07-11 15:57:49.651 +03:00 [INF] Total users in database: 12
2025-07-11 15:57:49.730 +03:00 [INF] Returning 12 users
2025-07-11 15:57:49.730 +03:00 [INF] Returning 12 users
2025-07-11 15:57:54.910 +03:00 [INF] V3 GetAllPayments endpoint called with page 1
2025-07-11 15:57:54.919 +03:00 [INF] Retrieving all payments with student information
2025-07-11 15:57:54.925 +03:00 [INF] Current user role: Admin, User ID: 1
2025-07-11 15:57:54.961 +03:00 [INF] Retrieving students V3 with filter: {"StudentNumber":null,"FullName":null,"Program":null,"IsActive":null,"CreatedFrom":null,"CreatedTo":null,"Tags":null,"MinTotalPayments":null,"MaxTotalPayments":null,"SearchTerm":null,"Metadata":null,"$type":"StudentFilterDtoV3"}
2025-07-11 15:57:54.977 +03:00 [INF] Current user role: Admin, User ID: 1
2025-07-11 15:57:55.002 +03:00 [INF] Retrieved 12 payments for Admin
2025-07-11 15:57:55.030 +03:00 [INF] Retrieved 9 students for lookup
2025-07-11 15:57:55.039 +03:00 [INF] Payment 1 for student S12345, found student: Yes
2025-07-11 15:57:55.045 +03:00 [INF] Payment 2 for student S67890, found student: Yes
2025-07-11 15:57:55.052 +03:00 [INF] Payment 3 for student S66004, found student: Yes
2025-07-11 15:57:55.058 +03:00 [INF] Payment 4 for student S66001, found student: Yes
2025-07-11 15:57:55.065 +03:00 [INF] Payment 5 for student S660066, found student: Yes
2025-07-11 15:57:55.067 +03:00 [INF] Retrieving students V3 with filter: {"StudentNumber":null,"FullName":null,"Program":null,"IsActive":null,"CreatedFrom":null,"CreatedTo":null,"Tags":null,"MinTotalPayments":null,"MaxTotalPayments":null,"SearchTerm":null,"Metadata":null,"$type":"StudentFilterDtoV3"}
2025-07-11 15:57:55.079 +03:00 [INF] Payment 6 for student S660088, found student: Yes
2025-07-11 15:57:55.086 +03:00 [INF] Current user role: Admin, User ID: 1
2025-07-11 15:57:55.095 +03:00 [INF] Payment 7 for student S660099, found student: Yes
2025-07-11 15:57:55.104 +03:00 [INF] Payment 8 for student S660099, found student: Yes
2025-07-11 15:57:55.109 +03:00 [INF] Payment 9 for student S660099, found student: Yes
2025-07-11 15:57:55.115 +03:00 [INF] Payment 10 for student S660099, found student: Yes
2025-07-11 15:57:55.120 +03:00 [INF] Payment 11 for student S660099, found student: Yes
2025-07-11 15:57:55.125 +03:00 [INF] Payment 12 for student S660099, found student: Yes
2025-07-11 15:57:55.131 +03:00 [INF] Returning 12 payment DTOs
2025-07-11 15:57:55.182 +03:00 [INF] V3 GetAllPayments endpoint called with page 1
2025-07-11 15:57:55.191 +03:00 [INF] Retrieving all payments with student information
2025-07-11 15:57:55.199 +03:00 [INF] Current user role: Admin, User ID: 1
2025-07-11 15:57:55.208 +03:00 [INF] Retrieved 12 payments for Admin
2025-07-11 15:57:55.220 +03:00 [INF] Retrieved 9 students for lookup
2025-07-11 15:57:55.225 +03:00 [INF] Payment 1 for student S12345, found student: Yes
2025-07-11 15:57:55.231 +03:00 [INF] Payment 2 for student S67890, found student: Yes
2025-07-11 15:57:55.237 +03:00 [INF] Payment 3 for student S66004, found student: Yes
2025-07-11 15:57:55.242 +03:00 [INF] Payment 4 for student S66001, found student: Yes
2025-07-11 15:57:55.247 +03:00 [INF] Payment 5 for student S660066, found student: Yes
2025-07-11 15:57:55.253 +03:00 [INF] Payment 6 for student S660088, found student: Yes
2025-07-11 15:57:55.258 +03:00 [INF] Payment 7 for student S660099, found student: Yes
2025-07-11 15:57:55.263 +03:00 [INF] Payment 8 for student S660099, found student: Yes
2025-07-11 15:57:55.269 +03:00 [INF] Payment 9 for student S660099, found student: Yes
2025-07-11 15:57:55.273 +03:00 [INF] Payment 10 for student S660099, found student: Yes
2025-07-11 15:57:55.279 +03:00 [INF] Payment 11 for student S660099, found student: Yes
2025-07-11 15:57:55.285 +03:00 [INF] Payment 12 for student S660099, found student: Yes
2025-07-11 15:57:55.290 +03:00 [INF] Returning 12 payment DTOs
2025-07-11 15:58:01.894 +03:00 [INF] V3 GetAllPayments endpoint called with page 1
2025-07-11 15:58:01.894 +03:00 [INF] Retrieving students V3 with filter: {"StudentNumber":null,"FullName":null,"Program":null,"IsActive":null,"CreatedFrom":null,"CreatedTo":null,"Tags":null,"MinTotalPayments":null,"MaxTotalPayments":null,"SearchTerm":null,"Metadata":null,"$type":"StudentFilterDtoV3"}
2025-07-11 15:58:01.912 +03:00 [INF] Retrieving all payments with student information
2025-07-11 15:58:01.920 +03:00 [INF] Current user role: Admin, User ID: 1
2025-07-11 15:58:01.932 +03:00 [INF] Current user role: Admin, User ID: 1
2025-07-11 15:58:01.944 +03:00 [INF] Retrieved 12 payments for Admin
2025-07-11 15:58:01.948 +03:00 [INF] Retrieving students V3 with filter: {"StudentNumber":null,"FullName":null,"Program":null,"IsActive":null,"CreatedFrom":null,"CreatedTo":null,"Tags":null,"MinTotalPayments":null,"MaxTotalPayments":null,"SearchTerm":null,"Metadata":null,"$type":"StudentFilterDtoV3"}
2025-07-11 15:58:01.971 +03:00 [INF] Retrieved 9 students for lookup
2025-07-11 15:58:01.974 +03:00 [INF] Current user role: Admin, User ID: 1
2025-07-11 15:58:01.983 +03:00 [INF] Payment 1 for student S12345, found student: Yes
2025-07-11 15:58:01.990 +03:00 [INF] Payment 2 for student S67890, found student: Yes
2025-07-11 15:58:01.995 +03:00 [INF] Payment 3 for student S66004, found student: Yes
2025-07-11 15:58:02.000 +03:00 [INF] Payment 4 for student S66001, found student: Yes
2025-07-11 15:58:02.005 +03:00 [INF] Payment 5 for student S660066, found student: Yes
2025-07-11 15:58:02.010 +03:00 [INF] Payment 6 for student S660088, found student: Yes
2025-07-11 15:58:02.016 +03:00 [INF] Payment 7 for student S660099, found student: Yes
2025-07-11 15:58:02.021 +03:00 [INF] Payment 8 for student S660099, found student: Yes
2025-07-11 15:58:02.026 +03:00 [INF] Payment 9 for student S660099, found student: Yes
2025-07-11 15:58:02.032 +03:00 [INF] Payment 10 for student S660099, found student: Yes
2025-07-11 15:58:02.037 +03:00 [INF] Payment 11 for student S660099, found student: Yes
2025-07-11 15:58:02.041 +03:00 [INF] Payment 12 for student S660099, found student: Yes
2025-07-11 15:58:02.047 +03:00 [INF] Returning 12 payment DTOs
2025-07-11 15:58:02.055 +03:00 [INF] V3 GetAllPayments endpoint called with page 1
2025-07-11 15:58:02.059 +03:00 [INF] Retrieving all payments with student information
2025-07-11 15:58:02.065 +03:00 [INF] Current user role: Admin, User ID: 1
2025-07-11 15:58:02.072 +03:00 [INF] Retrieved 12 payments for Admin
2025-07-11 15:58:02.079 +03:00 [INF] Retrieved 9 students for lookup
2025-07-11 15:58:02.085 +03:00 [INF] Payment 1 for student S12345, found student: Yes
2025-07-11 15:58:02.090 +03:00 [INF] Payment 2 for student S67890, found student: Yes
2025-07-11 15:58:02.096 +03:00 [INF] Payment 3 for student S66004, found student: Yes
2025-07-11 15:58:02.101 +03:00 [INF] Payment 4 for student S66001, found student: Yes
2025-07-11 15:58:02.106 +03:00 [INF] Payment 5 for student S660066, found student: Yes
2025-07-11 15:58:02.110 +03:00 [INF] Payment 6 for student S660088, found student: Yes
2025-07-11 15:58:02.116 +03:00 [INF] Payment 7 for student S660099, found student: Yes
2025-07-11 15:58:02.121 +03:00 [INF] Payment 8 for student S660099, found student: Yes
2025-07-11 15:58:02.126 +03:00 [INF] Payment 9 for student S660099, found student: Yes
2025-07-11 15:58:02.133 +03:00 [INF] Payment 10 for student S660099, found student: Yes
2025-07-11 15:58:02.138 +03:00 [INF] Payment 11 for student S660099, found student: Yes
2025-07-11 15:58:02.142 +03:00 [INF] Payment 12 for student S660099, found student: Yes
2025-07-11 15:58:02.149 +03:00 [INF] Returning 12 payment DTOs
2025-07-11 15:58:39.624 +03:00 [INF] V3 CreatePayment endpoint called with reference: REF0699
2025-07-11 15:58:39.636 +03:00 [INF] Processing payment: REF0699 for student: S660099
2025-07-11 15:58:39.753 +03:00 [INF] Payment processed successfully: REF0699
2025-07-11 15:58:39.762 +03:00 [INF] Publishing payment processed message: REF0699
2025-07-11 15:58:39.852 +03:00 [INF] Successfully published payment processed message: REF0699
2025-07-11 15:58:39.877 +03:00 [INF] V3 GetAllPayments endpoint called with page 1
2025-07-11 15:58:39.878 +03:00 [INF] Retrieving students V3 with filter: {"StudentNumber":null,"FullName":null,"Program":null,"IsActive":null,"CreatedFrom":null,"CreatedTo":null,"Tags":null,"MinTotalPayments":null,"MaxTotalPayments":null,"SearchTerm":null,"Metadata":null,"$type":"StudentFilterDtoV3"}
2025-07-11 15:58:39.882 +03:00 [INF] Processing payment message: REF0699 for student: S660099
2025-07-11 15:58:39.901 +03:00 [INF] Retrieving all payments with student information
2025-07-11 15:58:39.905 +03:00 [INF] Current user role: Admin, User ID: 1
2025-07-11 15:58:39.914 +03:00 [INF] Sending payment receipt email to awkiiru@usiu.ac.ke for payment REF0699
2025-07-11 15:58:39.917 +03:00 [INF] Current user role: Admin, User ID: 1
2025-07-11 15:58:39.931 +03:00 [INF] Retrieved 13 payments for Admin
2025-07-11 15:58:39.938 +03:00 [INF] Retrieved 9 students for lookup
2025-07-11 15:58:39.943 +03:00 [INF] Payment 1 for student S12345, found student: Yes
2025-07-11 15:58:39.949 +03:00 [INF] Payment 2 for student S67890, found student: Yes
2025-07-11 15:58:39.953 +03:00 [INF] Payment 3 for student S66004, found student: Yes
2025-07-11 15:58:39.958 +03:00 [INF] Payment 4 for student S66001, found student: Yes
2025-07-11 15:58:39.963 +03:00 [INF] Payment 5 for student S660066, found student: Yes
2025-07-11 15:58:39.969 +03:00 [INF] Payment 6 for student S660088, found student: Yes
2025-07-11 15:58:39.974 +03:00 [INF] Payment 7 for student S660099, found student: Yes
2025-07-11 15:58:39.979 +03:00 [INF] Payment 8 for student S660099, found student: Yes
2025-07-11 15:58:39.985 +03:00 [INF] Payment 9 for student S660099, found student: Yes
2025-07-11 15:58:39.989 +03:00 [INF] Payment 10 for student S660099, found student: Yes
2025-07-11 15:58:39.994 +03:00 [INF] Payment 11 for student S660099, found student: Yes
2025-07-11 15:58:40.000 +03:00 [INF] Payment 12 for student S660099, found student: Yes
2025-07-11 15:58:40.005 +03:00 [INF] Payment 13 for student S660099, found student: Yes
2025-07-11 15:58:40.011 +03:00 [INF] Returning 13 payment DTOs
2025-07-11 15:58:41.132 +03:00 [ERR] Failed to send email to awkiiru@usiu.ac.ke. Status: "Forbidden"
2025-07-11 15:58:41.148 +03:00 [WRN] Failed to send payment receipt email for payment: REF0699
2025-07-11 15:58:41.153 +03:00 [INF] Sending payment confirmation email to awkiiru@usiu.ac.ke for payment REF0699
2025-07-11 15:58:41.438 +03:00 [ERR] Failed to send email to awkiiru@usiu.ac.ke. Status: "Forbidden"
2025-07-11 15:58:41.443 +03:00 [WRN] Failed to send payment confirmation email for payment: REF0699
2025-07-11 16:06:37.186 +03:00 [WRN] Compiling a query which loads related collections for more than one collection navigation, either via 'Include' or through projection, but no 'QuerySplittingBehavior' has been configured. By default, Entity Framework will use 'QuerySplittingBehavior.SingleQuery', which can potentially result in slow query performance. See https://go.microsoft.com/fwlink/?linkid=2134277 for more information. To identify the query that's triggering this warning call 'ConfigureWarnings(w => w.Throw(RelationalEventId.MultipleCollectionIncludeWarning))'.
2025-07-11 16:06:37.221 +03:00 [INF] Generated access token for user S660099 with 1 roles and 2 permissions
2025-07-11 16:06:37.311 +03:00 [INF] V3 GetStudentStats endpoint called
2025-07-11 16:06:37.319 +03:00 [INF] Current user: S660099 (ID: 61)
2025-07-11 16:06:37.324 +03:00 [INF] User roles: Student, Student
2025-07-11 16:06:37.328 +03:00 [INF] User permissions: Payments.Read, Students.Read
2025-07-11 16:06:37.334 +03:00 [INF] Retrieving all students
2025-07-11 16:06:37.344 +03:00 [INF] Retrieving payments for student: S660099
2025-07-11 16:06:37.355 +03:00 [INF] Student payments cached: S660099
2025-07-11 16:06:37.362 +03:00 [INF] Found 7 payments for student S660099, total paid: 10500.00
2025-07-11 16:06:37.376 +03:00 [INF] V3 GetStudentStats endpoint called
2025-07-11 16:06:37.381 +03:00 [INF] Current user: S660099 (ID: 61)
2025-07-11 16:06:37.386 +03:00 [INF] User roles: Student, Student
2025-07-11 16:06:37.390 +03:00 [INF] User permissions: Payments.Read, Students.Read
2025-07-11 16:06:37.395 +03:00 [INF] Retrieving all students
2025-07-11 16:06:37.400 +03:00 [INF] Retrieving payments for student: S660099
2025-07-11 16:06:37.406 +03:00 [INF] Student payments retrieved from cache: S660099
2025-07-11 16:06:37.411 +03:00 [INF] Found 7 payments for student S660099, total paid: 10500.00
2025-07-11 16:06:41.867 +03:00 [INF] V3 GetStudentStats endpoint called
2025-07-11 16:06:41.874 +03:00 [INF] Current user: S660099 (ID: 61)
2025-07-11 16:06:41.882 +03:00 [INF] User roles: Student, Student
2025-07-11 16:06:41.888 +03:00 [INF] User permissions: Payments.Read, Students.Read
2025-07-11 16:06:41.893 +03:00 [INF] Retrieving all students
2025-07-11 16:06:41.902 +03:00 [INF] Retrieving payments for student: S660099
2025-07-11 16:06:41.908 +03:00 [INF] Student payments retrieved from cache: S660099
2025-07-11 16:06:41.913 +03:00 [INF] Found 7 payments for student S660099, total paid: 10500.00
2025-07-11 16:06:41.921 +03:00 [INF] V3 GetStudentStats endpoint called
2025-07-11 16:06:41.926 +03:00 [INF] Current user: S660099 (ID: 61)
2025-07-11 16:06:41.931 +03:00 [INF] User roles: Student, Student
2025-07-11 16:06:41.935 +03:00 [INF] User permissions: Payments.Read, Students.Read
2025-07-11 16:06:41.940 +03:00 [INF] Retrieving all students
2025-07-11 16:06:41.945 +03:00 [INF] Retrieving payments for student: S660099
2025-07-11 16:06:41.950 +03:00 [INF] Student payments retrieved from cache: S660099
2025-07-11 16:06:41.955 +03:00 [INF] Found 7 payments for student S660099, total paid: 10500.00
2025-07-11 16:09:28.530 +03:00 [INF] V3 GetStudentStats endpoint called
2025-07-11 16:09:28.542 +03:00 [INF] Current user: S660099 (ID: 61)
2025-07-11 16:09:28.548 +03:00 [INF] User roles: Student, Student
2025-07-11 16:09:28.564 +03:00 [INF] User permissions: Payments.Read, Students.Read
2025-07-11 16:09:28.580 +03:00 [INF] Retrieving all students
2025-07-11 16:09:28.604 +03:00 [INF] Retrieving payments for student: S660099
2025-07-11 16:09:28.612 +03:00 [INF] Student payments retrieved from cache: S660099
2025-07-11 16:09:28.619 +03:00 [INF] Found 7 payments for student S660099, total paid: 10500.00
2025-07-11 16:09:28.631 +03:00 [INF] V3 GetStudentStats endpoint called
2025-07-11 16:09:28.641 +03:00 [INF] Current user: S660099 (ID: 61)
2025-07-11 16:09:28.648 +03:00 [INF] User roles: Student, Student
2025-07-11 16:09:28.655 +03:00 [INF] User permissions: Payments.Read, Students.Read
2025-07-11 16:09:28.662 +03:00 [INF] Retrieving all students
2025-07-11 16:09:28.677 +03:00 [INF] Retrieving payments for student: S660099
2025-07-11 16:09:28.683 +03:00 [INF] Student payments retrieved from cache: S660099
2025-07-11 16:09:28.691 +03:00 [INF] Found 7 payments for student S660099, total paid: 10500.00
2025-07-11 16:09:38.915 +03:00 [INF] V3 GetStudentStats endpoint called
2025-07-11 16:09:38.938 +03:00 [INF] Current user: S660099 (ID: 61)
2025-07-11 16:09:38.959 +03:00 [INF] User roles: Student, Student
2025-07-11 16:09:38.972 +03:00 [INF] User permissions: Payments.Read, Students.Read
2025-07-11 16:09:38.983 +03:00 [INF] Retrieving all students
2025-07-11 16:09:39.061 +03:00 [INF] Retrieving payments for student: S660099
2025-07-11 16:09:39.113 +03:00 [INF] Student payments retrieved from cache: S660099
2025-07-11 16:09:39.143 +03:00 [INF] Found 7 payments for student S660099, total paid: 10500.00
2025-07-11 16:09:39.360 +03:00 [INF] V3 GetStudentStats endpoint called
2025-07-11 16:09:39.383 +03:00 [INF] Current user: S660099 (ID: 61)
2025-07-11 16:09:39.400 +03:00 [INF] User roles: Student, Student
2025-07-11 16:09:39.528 +03:00 [INF] User permissions: Payments.Read, Students.Read
2025-07-11 16:09:39.558 +03:00 [INF] Retrieving all students
2025-07-11 16:09:39.674 +03:00 [INF] Retrieving payments for student: S660099
2025-07-11 16:09:39.683 +03:00 [INF] Student payments retrieved from cache: S660099
2025-07-11 16:09:39.696 +03:00 [INF] Found 7 payments for student S660099, total paid: 10500.00
2025-07-11 16:35:20.814 +03:00 [INF] Bus stopped: "rabbitmq://localhost/"
2025-07-11 16:35:52.943 +03:00 [INF] Starting XYZ University Payment API {"MachineName":"DESKTOP-F3AMJ10","ThreadId":1,"ProcessId":18088,"Application":"XYZ University Payment API"}
