2025-07-14 13:01:56.448 +03:00 [ERR] An unhandled exception has occurred while executing the request. {"EventId":{"Id":1,"Name":"UnhandledException"},"SourceContext":"Microsoft.AspNetCore.Diagnostics.DeveloperExceptionPageMiddleware","RequestId":"0HNE2NJEHOB77:00000006","RequestPath":"/swagger/v3/swagger.json","ConnectionId":"0HNE2NJEHOB77","MachineName":"DESKTOP-F3AMJ10","ThreadId":21,"ProcessId":21220,"Application":"XYZ University Payment API"}
Swashbuckle.AspNetCore.SwaggerGen.SwaggerGeneratorException: Failed to generate Operation for action - xyz_university_payment_api.Presentation.Controllers.V3.UserControllerV3.GetRoles (xyz-university-payment-api). See inner exception
 ---> Swashbuckle.AspNetCore.SwaggerGen.SwaggerGeneratorException: Failed to generate schema for type - System.Collections.Generic.IEnumerable`1[xyz_university_payment_api.Presentation.Controllers.V3.RoleDto]. See inner exception
 ---> System.InvalidOperationException: Can't use schemaId "$RoleDto" for type "$xyz_university_payment_api.Presentation.Controllers.V3.RoleDto". The same schemaId is already used for type "$xyz_university_payment_api.Core.Application.DTOs.RoleDto"
   at Swashbuckle.AspNetCore.SwaggerGen.SchemaRepository.RegisterType(Type type, String schemaId)
   at Swashbuckle.AspNetCore.SwaggerGen.SchemaGenerator.GenerateReferencedSchema(DataContract dataContract, SchemaRepository schemaRepository, Func`1 definitionFactory)
   at Swashbuckle.AspNetCore.SwaggerGen.SchemaGenerator.GenerateConcreteSchema(DataContract dataContract, SchemaRepository schemaRepository)
   at Swashbuckle.AspNetCore.SwaggerGen.SchemaGenerator.GenerateSchemaForType(Type modelType, SchemaRepository schemaRepository)
   at Swashbuckle.AspNetCore.SwaggerGen.SchemaGenerator.GenerateSchema(Type modelType, SchemaRepository schemaRepository, MemberInfo memberInfo, ParameterInfo parameterInfo, ApiParameterRouteInfo routeInfo)
   at Swashbuckle.AspNetCore.SwaggerGen.SchemaGenerator.CreateArraySchema(DataContract dataContract, SchemaRepository schemaRepository)
   at Swashbuckle.AspNetCore.SwaggerGen.SchemaGenerator.<>c__DisplayClass13_0.<GenerateConcreteSchema>b__1()
   at Swashbuckle.AspNetCore.SwaggerGen.SchemaGenerator.GenerateConcreteSchema(DataContract dataContract, SchemaRepository schemaRepository)
   at Swashbuckle.AspNetCore.SwaggerGen.SchemaGenerator.GenerateSchemaForType(Type modelType, SchemaRepository schemaRepository)
   at Swashbuckle.AspNetCore.SwaggerGen.SchemaGenerator.GenerateSchema(Type modelType, SchemaRepository schemaRepository, MemberInfo memberInfo, ParameterInfo parameterInfo, ApiParameterRouteInfo routeInfo)
   at Swashbuckle.AspNetCore.SwaggerGen.SwaggerGenerator.GenerateSchema(Type type, SchemaRepository schemaRepository, PropertyInfo propertyInfo, ParameterInfo parameterInfo, ApiParameterRouteInfo routeInfo)
   --- End of inner exception stack trace ---
   at Swashbuckle.AspNetCore.SwaggerGen.SwaggerGenerator.GenerateSchema(Type type, SchemaRepository schemaRepository, PropertyInfo propertyInfo, ParameterInfo parameterInfo, ApiParameterRouteInfo routeInfo)
   at Swashbuckle.AspNetCore.SwaggerGen.SwaggerGenerator.CreateResponseMediaType(Type modelType, SchemaRepository schemaRepository)
   at Swashbuckle.AspNetCore.SwaggerGen.SwaggerGenerator.<>c__DisplayClass42_0.<GenerateResponse>b__2(String contentType)
   at System.Linq.Enumerable.ToDictionary[TSource,TKey,TElement](IEnumerable`1 source, Func`2 keySelector, Func`2 elementSelector, IEqualityComparer`1 comparer)
   at System.Linq.Enumerable.ToDictionary[TSource,TKey,TElement](IEnumerable`1 source, Func`2 keySelector, Func`2 elementSelector)
   at Swashbuckle.AspNetCore.SwaggerGen.SwaggerGenerator.GenerateResponse(ApiDescription apiDescription, SchemaRepository schemaRepository, String statusCode, ApiResponseType apiResponseType)
   at Swashbuckle.AspNetCore.SwaggerGen.SwaggerGenerator.GenerateResponses(ApiDescription apiDescription, SchemaRepository schemaRepository)
   at Swashbuckle.AspNetCore.SwaggerGen.SwaggerGenerator.GenerateOperationAsync(OpenApiDocument document, ApiDescription apiDescription, SchemaRepository schemaRepository, Func`3 parametersGenerator, Func`3 bodyGenerator, Func`3 applyFilters)
   --- End of inner exception stack trace ---
   at Swashbuckle.AspNetCore.SwaggerGen.SwaggerGenerator.GenerateOperationAsync(OpenApiDocument document, ApiDescription apiDescription, SchemaRepository schemaRepository, Func`3 parametersGenerator, Func`3 bodyGenerator, Func`3 applyFilters)
   at Swashbuckle.AspNetCore.SwaggerGen.SwaggerGenerator.GenerateOperationAsync(OpenApiDocument document, ApiDescription apiDescription, SchemaRepository schemaRepository)
   at Swashbuckle.AspNetCore.SwaggerGen.SwaggerGenerator.GenerateOperationsAsync(OpenApiDocument document, IEnumerable`1 apiDescriptions, SchemaRepository schemaRepository)
   at Swashbuckle.AspNetCore.SwaggerGen.SwaggerGenerator.GeneratePathsAsync(OpenApiDocument document, IEnumerable`1 apiDescriptions, SchemaRepository schemaRepository, Func`4 operationsGenerator)
   at Swashbuckle.AspNetCore.SwaggerGen.SwaggerGenerator.GeneratePathsAsync(OpenApiDocument document, IEnumerable`1 apiDescriptions, SchemaRepository schemaRepository)
   at Swashbuckle.AspNetCore.SwaggerGen.SwaggerGenerator.GetSwaggerAsync(String documentName, String host, String basePath)
   at Swashbuckle.AspNetCore.Swagger.SwaggerMiddleware.Invoke(HttpContext httpContext, ISwaggerProvider swaggerProvider)
   at Microsoft.AspNetCore.Diagnostics.DeveloperExceptionPageMiddlewareImpl.Invoke(HttpContext context)
