2025-07-10 10:14:26.606 +03:00 [INF] Ensuring database is created
2025-07-10 10:14:27.471 +03:00 [INF] Database created successfully
2025-07-10 10:14:27.476 +03:00 [INF] Seeding default roles and permissions
2025-07-10 10:14:28.005 +03:00 [INF] Valid data already seeded, skipping seeding process
2025-07-10 10:14:28.012 +03:00 [INF] Default roles and permissions seeded successfully
2025-07-10 10:14:28.368 +03:00 [INF] XYZ University Payment API started successfully
2025-07-10 10:14:28.712 +03:00 [INF] Configured endpoint PaymentProcessedMessage, Consumer: xyz_university_payment_api.Core.Application.Services.PaymentProcessedMessageConsumer
2025-07-10 10:14:28.726 +03:00 [INF] Configured endpoint PaymentFailedMessage, Consumer: xyz_university_payment_api.Core.Application.Services.PaymentFailedMessageConsumer
2025-07-10 10:14:28.736 +03:00 [INF] Configured endpoint PaymentValidationMessage, Consumer: xyz_university_payment_api.Core.Application.Services.PaymentValidationMessageConsumer
2025-07-10 10:14:29.138 +03:00 [INF] Bus started: "rabbitmq://localhost/"
2025-07-10 10:18:50.074 +03:00 [WRN] Compiling a query which loads related collections for more than one collection navigation, either via 'Include' or through projection, but no 'QuerySplittingBehavior' has been configured. By default, Entity Framework will use 'QuerySplittingBehavior.SingleQuery', which can potentially result in slow query performance. See https://go.microsoft.com/fwlink/?linkid=2134277 for more information. To identify the query that's triggering this warning call 'ConfigureWarnings(w => w.Throw(RelationalEventId.MultipleCollectionIncludeWarning))'.
2025-07-10 10:18:50.117 +03:00 [INF] Generated access token for user alex.student with 1 roles and 2 permissions
2025-07-10 10:18:50.450 +03:00 [INF] V3 GetStudentStats endpoint called
2025-07-10 10:18:50.458 +03:00 [INF] Current user: alex.student (ID: 27)
2025-07-10 10:18:50.467 +03:00 [INF] User roles: Student, Student
2025-07-10 10:18:50.474 +03:00 [INF] User permissions: Payments.Read, Students.Read
2025-07-10 10:18:50.484 +03:00 [INF] Retrieving all students
2025-07-10 10:18:50.577 +03:00 [INF] Retrieving payments for student: S66001
2025-07-10 10:18:50.620 +03:00 [INF] Student payments cached: S66001
2025-07-10 10:18:50.656 +03:00 [INF] V3 GetStudentStats endpoint called
2025-07-10 10:18:50.665 +03:00 [INF] Current user: alex.student (ID: 27)
2025-07-10 10:18:50.672 +03:00 [INF] User roles: Student, Student
2025-07-10 10:18:50.680 +03:00 [INF] User permissions: Payments.Read, Students.Read
2025-07-10 10:18:50.689 +03:00 [INF] Retrieving all students
2025-07-10 10:18:50.701 +03:00 [INF] Retrieving payments for student: S66001
2025-07-10 10:18:50.714 +03:00 [INF] Student payments retrieved from cache: S66001
2025-07-10 10:18:54.821 +03:00 [INF] V3 GetAllPayments endpoint called with page 1
2025-07-10 10:18:54.831 +03:00 [INF] Retrieving all payments with student information
2025-07-10 10:18:54.835 +03:00 [INF] Current user role: Student, User ID: 27
2025-07-10 10:18:54.854 +03:00 [WRN] Student not found for user ID 27
2025-07-10 10:18:54.862 +03:00 [INF] Retrieved 8 students for lookup
2025-07-10 10:18:54.867 +03:00 [INF] Returning 0 payment DTOs
2025-07-10 10:18:54.886 +03:00 [INF] V3 GetAllPayments endpoint called with page 1
2025-07-10 10:18:54.892 +03:00 [INF] Retrieving all payments with student information
2025-07-10 10:18:54.897 +03:00 [INF] Current user role: Student, User ID: 27
2025-07-10 10:18:54.905 +03:00 [WRN] Student not found for user ID 27
2025-07-10 10:18:54.911 +03:00 [INF] Retrieved 8 students for lookup
2025-07-10 10:18:54.916 +03:00 [INF] Returning 0 payment DTOs
2025-07-10 10:19:52.586 +03:00 [INF] Generated access token for user admin with 1 roles and 16 permissions
2025-07-10 10:19:52.652 +03:00 [INF] V3 GetAdminStats endpoint called
2025-07-10 10:19:52.663 +03:00 [INF] Retrieving all students
2025-07-10 10:19:52.679 +03:00 [INF] Retrieving all payments
2025-07-10 10:19:52.698 +03:00 [INF] V3 GetAdminStats endpoint called
2025-07-10 10:19:52.704 +03:00 [INF] Retrieving all students
2025-07-10 10:19:52.715 +03:00 [INF] Retrieving all payments
2025-07-10 10:20:27.652 +03:00 [INF] Retrieving students V3 with filter: {"StudentNumber":null,"FullName":null,"Program":null,"IsActive":null,"CreatedFrom":null,"CreatedTo":null,"Tags":null,"MinTotalPayments":null,"MaxTotalPayments":null,"SearchTerm":null,"Metadata":null,"$type":"StudentFilterDtoV3"}
2025-07-10 10:20:27.665 +03:00 [INF] Current user role: Admin, User ID: 1
2025-07-10 10:20:27.707 +03:00 [INF] Retrieving students V3 with filter: {"StudentNumber":null,"FullName":null,"Program":null,"IsActive":null,"CreatedFrom":null,"CreatedTo":null,"Tags":null,"MinTotalPayments":null,"MaxTotalPayments":null,"SearchTerm":null,"Metadata":null,"$type":"StudentFilterDtoV3"}
2025-07-10 10:20:27.720 +03:00 [INF] Current user role: Admin, User ID: 1
2025-07-10 10:21:04.886 +03:00 [INF] Retrieving students V3 with filter: {"StudentNumber":null,"FullName":null,"Program":null,"IsActive":null,"CreatedFrom":null,"CreatedTo":null,"Tags":null,"MinTotalPayments":null,"MaxTotalPayments":null,"SearchTerm":null,"Metadata":null,"$type":"StudentFilterDtoV3"}
2025-07-10 10:21:04.887 +03:00 [INF] V3 GetAllPayments endpoint called with page 1
2025-07-10 10:21:04.913 +03:00 [INF] Retrieving all payments with student information
2025-07-10 10:21:04.913 +03:00 [INF] Current user role: Admin, User ID: 1
2025-07-10 10:21:04.926 +03:00 [INF] Current user role: Admin, User ID: 1
2025-07-10 10:21:04.939 +03:00 [INF] Retrieving students V3 with filter: {"StudentNumber":null,"FullName":null,"Program":null,"IsActive":null,"CreatedFrom":null,"CreatedTo":null,"Tags":null,"MinTotalPayments":null,"MaxTotalPayments":null,"SearchTerm":null,"Metadata":null,"$type":"StudentFilterDtoV3"}
2025-07-10 10:21:05.016 +03:00 [INF] Retrieved 5 payments for Admin
2025-07-10 10:21:05.039 +03:00 [INF] Retrieved 8 students for lookup
2025-07-10 10:21:05.036 +03:00 [INF] Current user role: Admin, User ID: 1
2025-07-10 10:21:05.056 +03:00 [INF] Payment 1 for student S12345, found student: Yes
2025-07-10 10:21:05.064 +03:00 [INF] Payment 2 for student S67890, found student: Yes
2025-07-10 10:21:05.069 +03:00 [INF] Payment 3 for student S66004, found student: Yes
2025-07-10 10:21:05.074 +03:00 [INF] Payment 4 for student S66001, found student: Yes
2025-07-10 10:21:05.079 +03:00 [INF] Payment 5 for student S660066, found student: Yes
2025-07-10 10:21:05.084 +03:00 [INF] Returning 5 payment DTOs
2025-07-10 10:21:05.094 +03:00 [INF] V3 GetAllPayments endpoint called with page 1
2025-07-10 10:21:05.098 +03:00 [INF] Retrieving all payments with student information
2025-07-10 10:21:05.102 +03:00 [INF] Current user role: Admin, User ID: 1
2025-07-10 10:21:05.109 +03:00 [INF] Retrieved 5 payments for Admin
2025-07-10 10:21:05.117 +03:00 [INF] Retrieved 8 students for lookup
2025-07-10 10:21:05.121 +03:00 [INF] Payment 1 for student S12345, found student: Yes
2025-07-10 10:21:05.127 +03:00 [INF] Payment 2 for student S67890, found student: Yes
2025-07-10 10:21:05.132 +03:00 [INF] Payment 3 for student S66004, found student: Yes
2025-07-10 10:21:05.137 +03:00 [INF] Payment 4 for student S66001, found student: Yes
2025-07-10 10:21:05.142 +03:00 [INF] Payment 5 for student S660066, found student: Yes
2025-07-10 10:21:05.147 +03:00 [INF] Returning 5 payment DTOs
2025-07-10 10:21:14.649 +03:00 [INF] V3 GetAllPayments endpoint called with page 1
2025-07-10 10:21:14.654 +03:00 [INF] Retrieving students V3 with filter: {"StudentNumber":null,"FullName":null,"Program":null,"IsActive":null,"CreatedFrom":null,"CreatedTo":null,"Tags":null,"MinTotalPayments":null,"MaxTotalPayments":null,"SearchTerm":null,"Metadata":null,"$type":"StudentFilterDtoV3"}
2025-07-10 10:21:14.670 +03:00 [INF] Retrieving all payments with student information
2025-07-10 10:21:14.675 +03:00 [INF] Current user role: Admin, User ID: 1
2025-07-10 10:21:14.682 +03:00 [INF] Current user role: Admin, User ID: 1
2025-07-10 10:21:14.689 +03:00 [INF] Retrieving students V3 with filter: {"StudentNumber":null,"FullName":null,"Program":null,"IsActive":null,"CreatedFrom":null,"CreatedTo":null,"Tags":null,"MinTotalPayments":null,"MaxTotalPayments":null,"SearchTerm":null,"Metadata":null,"$type":"StudentFilterDtoV3"}
2025-07-10 10:21:14.690 +03:00 [INF] Retrieved 5 payments for Admin
2025-07-10 10:21:14.704 +03:00 [INF] Current user role: Admin, User ID: 1
2025-07-10 10:21:14.705 +03:00 [INF] Retrieved 8 students for lookup
2025-07-10 10:21:14.713 +03:00 [INF] Payment 1 for student S12345, found student: Yes
2025-07-10 10:21:14.718 +03:00 [INF] Payment 2 for student S67890, found student: Yes
2025-07-10 10:21:14.722 +03:00 [INF] Payment 3 for student S66004, found student: Yes
2025-07-10 10:21:14.727 +03:00 [INF] Payment 4 for student S66001, found student: Yes
2025-07-10 10:21:14.732 +03:00 [INF] Payment 5 for student S660066, found student: Yes
2025-07-10 10:21:14.736 +03:00 [INF] Returning 5 payment DTOs
2025-07-10 10:21:14.742 +03:00 [INF] V3 GetAllPayments endpoint called with page 1
2025-07-10 10:21:14.746 +03:00 [INF] Retrieving all payments with student information
2025-07-10 10:21:14.750 +03:00 [INF] Current user role: Admin, User ID: 1
2025-07-10 10:21:14.756 +03:00 [INF] Retrieved 5 payments for Admin
2025-07-10 10:21:14.761 +03:00 [INF] Retrieved 8 students for lookup
2025-07-10 10:21:14.767 +03:00 [INF] Payment 1 for student S12345, found student: Yes
2025-07-10 10:21:14.771 +03:00 [INF] Payment 2 for student S67890, found student: Yes
2025-07-10 10:21:14.776 +03:00 [INF] Payment 3 for student S66004, found student: Yes
2025-07-10 10:21:14.780 +03:00 [INF] Payment 4 for student S66001, found student: Yes
2025-07-10 10:21:14.785 +03:00 [INF] Payment 5 for student S660066, found student: Yes
2025-07-10 10:21:14.789 +03:00 [INF] Returning 5 payment DTOs
2025-07-10 10:33:05.221 +03:00 [INF] Bus stopped: "rabbitmq://localhost/"
2025-07-10 10:33:25.341 +03:00 [INF] Starting XYZ University Payment API {"MachineName":"DESKTOP-F3AMJ10","ThreadId":1,"ProcessId":13772,"Application":"XYZ University Payment API"}
