2025-07-10 15:09:28.463 +03:00 [INF] Ensuring database is created
2025-07-10 15:09:29.308 +03:00 [INF] Database created successfully
2025-07-10 15:09:29.313 +03:00 [INF] Seeding default roles and permissions
2025-07-10 15:09:29.752 +03:00 [INF] Valid data already seeded, skipping seeding process
2025-07-10 15:09:29.760 +03:00 [INF] Default roles and permissions seeded successfully
2025-07-10 15:09:29.949 +03:00 [INF] XYZ University Payment API started successfully
2025-07-10 15:09:30.115 +03:00 [INF] Configured endpoint PaymentProcessedMessage, Consumer: xyz_university_payment_api.Core.Application.Services.PaymentProcessedMessageConsumer
2025-07-10 15:09:30.129 +03:00 [INF] Configured endpoint PaymentFailedMessage, Consumer: xyz_university_payment_api.Core.Application.Services.PaymentFailedMessageConsumer
2025-07-10 15:09:30.140 +03:00 [INF] Configured endpoint PaymentValidationMessage, Consumer: xyz_university_payment_api.Core.Application.Services.PaymentValidationMessageConsumer
2025-07-10 15:09:30.527 +03:00 [INF] Bus started: "rabbitmq://localhost/"
2025-07-10 15:10:49.187 +03:00 [INF] V3 GetPaymentsByStudent endpoint called for student: S67890
2025-07-10 15:10:49.198 +03:00 [INF] Calling payment service for student: S67890
2025-07-10 15:10:49.204 +03:00 [INF] Retrieving payments for student: S67890
2025-07-10 15:10:49.275 +03:00 [INF] Student payments cached: S67890
2025-07-10 15:10:49.281 +03:00 [INF] Payment service returned 1 payments for student: S67890
2025-07-10 15:10:49.287 +03:00 [INF] Payment: ID=2, Ref=REF002, Amount=3500.00, Student=S67890
2025-07-10 15:10:49.301 +03:00 [INF] AutoMapper converted to 1 DTOs
2025-07-10 15:10:49.307 +03:00 [INF] Final paged result: 1 items, Total: 1, Page: 1
2025-07-10 15:10:49.339 +03:00 [INF] V3 GetPaymentsByStudent endpoint called for student: S67890
2025-07-10 15:10:49.345 +03:00 [INF] Calling payment service for student: S67890
2025-07-10 15:10:49.350 +03:00 [INF] Retrieving payments for student: S67890
2025-07-10 15:10:49.360 +03:00 [INF] Student payments retrieved from cache: S67890
2025-07-10 15:10:49.365 +03:00 [INF] Payment service returned 1 payments for student: S67890
2025-07-10 15:10:49.370 +03:00 [INF] Payment: ID=2, Ref=REF002, Amount=3500.00, Student=S67890
2025-07-10 15:10:49.375 +03:00 [INF] AutoMapper converted to 1 DTOs
2025-07-10 15:10:49.380 +03:00 [INF] Final paged result: 1 items, Total: 1, Page: 1
2025-07-10 15:11:20.773 +03:00 [WRN] Compiling a query which loads related collections for more than one collection navigation, either via 'Include' or through projection, but no 'QuerySplittingBehavior' has been configured. By default, Entity Framework will use 'QuerySplittingBehavior.SingleQuery', which can potentially result in slow query performance. See https://go.microsoft.com/fwlink/?linkid=2134277 for more information. To identify the query that's triggering this warning call 'ConfigureWarnings(w => w.Throw(RelationalEventId.MultipleCollectionIncludeWarning))'.
2025-07-10 15:11:20.808 +03:00 [INF] Generated access token for user admin with 1 roles and 16 permissions
2025-07-10 15:11:20.888 +03:00 [INF] V3 GetAdminStats endpoint called
2025-07-10 15:11:20.900 +03:00 [INF] Retrieving all students
2025-07-10 15:11:20.926 +03:00 [INF] Retrieving all payments
2025-07-10 15:11:20.946 +03:00 [INF] V3 GetAdminStats endpoint called
2025-07-10 15:11:20.951 +03:00 [INF] Retrieving all students
2025-07-10 15:11:20.957 +03:00 [INF] Retrieving all payments
2025-07-10 15:11:23.673 +03:00 [INF] GetUsers endpoint called by user: admin
2025-07-10 15:11:23.706 +03:00 [INF] Total users in database: 10
2025-07-10 15:11:23.734 +03:00 [INF] Returning 10 users
2025-07-10 15:11:23.744 +03:00 [INF] GetUsers endpoint called by user: admin
2025-07-10 15:11:23.750 +03:00 [INF] Total users in database: 10
2025-07-10 15:11:23.757 +03:00 [INF] Returning 10 users
2025-07-10 15:18:31.357 +03:00 [INF] Retrieving students V3 with filter: {"StudentNumber":null,"FullName":null,"Program":null,"IsActive":null,"CreatedFrom":null,"CreatedTo":null,"Tags":null,"MinTotalPayments":null,"MaxTotalPayments":null,"SearchTerm":null,"Metadata":null,"$type":"StudentFilterDtoV3"}
2025-07-10 15:18:31.383 +03:00 [INF] Current user role: Admin, User ID: 1
2025-07-10 15:18:31.475 +03:00 [INF] Retrieving students V3 with filter: {"StudentNumber":null,"FullName":null,"Program":null,"IsActive":null,"CreatedFrom":null,"CreatedTo":null,"Tags":null,"MinTotalPayments":null,"MaxTotalPayments":null,"SearchTerm":null,"Metadata":null,"$type":"StudentFilterDtoV3"}
2025-07-10 15:18:31.501 +03:00 [INF] Current user role: Admin, User ID: 1
2025-07-10 15:18:49.405 +03:00 [INF] GetUsers endpoint called by user: admin
2025-07-10 15:18:49.420 +03:00 [INF] Total users in database: 10
2025-07-10 15:18:49.440 +03:00 [INF] Returning 10 users
2025-07-10 15:18:49.451 +03:00 [INF] GetUsers endpoint called by user: admin
2025-07-10 15:18:49.459 +03:00 [INF] Total users in database: 10
2025-07-10 15:18:49.469 +03:00 [INF] Returning 10 users
2025-07-10 15:18:58.794 +03:00 [INF] Assigning role to user 48. RoleName: 'Student' (Length: 7)
2025-07-10 15:18:58.837 +03:00 [WRN] The query uses the 'First'/'FirstOrDefault' operator without 'OrderBy' and filter operators. This may lead to unpredictable results.
2025-07-10 15:18:58.860 +03:00 [ERR] Failed executing DbCommand (7ms) [Parameters=[p0='?' (Size = 4000)], CommandType='"Text"', CommandTimeout='30']
SELECT TOP(1) [x].[Id], [x].[CreatedAt], [x].[Description], [x].[IsActive], [x].[Name]
FROM (
    SELECT Id FROM Roles WHERE Name = @p0
) AS [x]
2025-07-10 15:18:58.893 +03:00 [ERR] An exception occurred while iterating over the results of a query for context type 'xyz_university_payment_api.Infrastructure.Data.AppDbContext'.
Microsoft.Data.SqlClient.SqlException (0x80131904): Invalid column name 'CreatedAt'.
Invalid column name 'Description'.
Invalid column name 'IsActive'.
Invalid column name 'Name'.
   at Microsoft.Data.SqlClient.SqlCommand.<>c.<ExecuteDbDataReaderAsync>b__211_0(Task`1 result)
   at System.Threading.Tasks.ContinuationResultTaskFromResultTask`2.InnerInvoke()
   at System.Threading.ExecutionContext.RunInternal(ExecutionContext executionContext, ContextCallback callback, Object state)
--- End of stack trace from previous location ---
   at System.Threading.ExecutionContext.RunInternal(ExecutionContext executionContext, ContextCallback callback, Object state)
   at System.Threading.Tasks.Task.ExecuteWithThreadLocal(Task& currentTaskSlot, Thread threadPoolThread)
--- End of stack trace from previous location ---
   at Microsoft.EntityFrameworkCore.Storage.RelationalCommand.ExecuteReaderAsync(RelationalCommandParameterObject parameterObject, CancellationToken cancellationToken)
   at Microsoft.EntityFrameworkCore.Storage.RelationalCommand.ExecuteReaderAsync(RelationalCommandParameterObject parameterObject, CancellationToken cancellationToken)
   at Microsoft.EntityFrameworkCore.Query.Internal.SingleQueryingEnumerable`1.AsyncEnumerator.InitializeReaderAsync(AsyncEnumerator enumerator, CancellationToken cancellationToken)
   at Microsoft.EntityFrameworkCore.SqlServer.Storage.Internal.SqlServerExecutionStrategy.ExecuteAsync[TState,TResult](TState state, Func`4 operation, Func`4 verifySucceeded, CancellationToken cancellationToken)
   at Microsoft.EntityFrameworkCore.Query.Internal.SingleQueryingEnumerable`1.AsyncEnumerator.MoveNextAsync()
ClientConnectionId:df8b6898-3777-4b2e-9d78-6660b2c7b441
Error Number:207,State:1,Class:16
Microsoft.Data.SqlClient.SqlException (0x80131904): Invalid column name 'CreatedAt'.
Invalid column name 'Description'.
Invalid column name 'IsActive'.
Invalid column name 'Name'.
   at Microsoft.Data.SqlClient.SqlCommand.<>c.<ExecuteDbDataReaderAsync>b__211_0(Task`1 result)
   at System.Threading.Tasks.ContinuationResultTaskFromResultTask`2.InnerInvoke()
   at System.Threading.ExecutionContext.RunInternal(ExecutionContext executionContext, ContextCallback callback, Object state)
--- End of stack trace from previous location ---
   at System.Threading.ExecutionContext.RunInternal(ExecutionContext executionContext, ContextCallback callback, Object state)
   at System.Threading.Tasks.Task.ExecuteWithThreadLocal(Task& currentTaskSlot, Thread threadPoolThread)
--- End of stack trace from previous location ---
   at Microsoft.EntityFrameworkCore.Storage.RelationalCommand.ExecuteReaderAsync(RelationalCommandParameterObject parameterObject, CancellationToken cancellationToken)
   at Microsoft.EntityFrameworkCore.Storage.RelationalCommand.ExecuteReaderAsync(RelationalCommandParameterObject parameterObject, CancellationToken cancellationToken)
   at Microsoft.EntityFrameworkCore.Query.Internal.SingleQueryingEnumerable`1.AsyncEnumerator.InitializeReaderAsync(AsyncEnumerator enumerator, CancellationToken cancellationToken)
   at Microsoft.EntityFrameworkCore.SqlServer.Storage.Internal.SqlServerExecutionStrategy.ExecuteAsync[TState,TResult](TState state, Func`4 operation, Func`4 verifySucceeded, CancellationToken cancellationToken)
   at Microsoft.EntityFrameworkCore.Query.Internal.SingleQueryingEnumerable`1.AsyncEnumerator.MoveNextAsync()
ClientConnectionId:df8b6898-3777-4b2e-9d78-6660b2c7b441
Error Number:207,State:1,Class:16
2025-07-10 15:18:58.918 +03:00 [ERR] Error assigning role to user 48
Microsoft.Data.SqlClient.SqlException (0x80131904): Invalid column name 'CreatedAt'.
Invalid column name 'Description'.
Invalid column name 'IsActive'.
Invalid column name 'Name'.
   at Microsoft.Data.SqlClient.SqlCommand.<>c.<ExecuteDbDataReaderAsync>b__211_0(Task`1 result)
   at System.Threading.Tasks.ContinuationResultTaskFromResultTask`2.InnerInvoke()
   at System.Threading.ExecutionContext.RunInternal(ExecutionContext executionContext, ContextCallback callback, Object state)
--- End of stack trace from previous location ---
   at System.Threading.ExecutionContext.RunInternal(ExecutionContext executionContext, ContextCallback callback, Object state)
   at System.Threading.Tasks.Task.ExecuteWithThreadLocal(Task& currentTaskSlot, Thread threadPoolThread)
--- End of stack trace from previous location ---
   at Microsoft.EntityFrameworkCore.Storage.RelationalCommand.ExecuteReaderAsync(RelationalCommandParameterObject parameterObject, CancellationToken cancellationToken)
   at Microsoft.EntityFrameworkCore.Storage.RelationalCommand.ExecuteReaderAsync(RelationalCommandParameterObject parameterObject, CancellationToken cancellationToken)
   at Microsoft.EntityFrameworkCore.Query.Internal.SingleQueryingEnumerable`1.AsyncEnumerator.InitializeReaderAsync(AsyncEnumerator enumerator, CancellationToken cancellationToken)
   at Microsoft.EntityFrameworkCore.SqlServer.Storage.Internal.SqlServerExecutionStrategy.ExecuteAsync[TState,TResult](TState state, Func`4 operation, Func`4 verifySucceeded, CancellationToken cancellationToken)
   at Microsoft.EntityFrameworkCore.Query.Internal.SingleQueryingEnumerable`1.AsyncEnumerator.MoveNextAsync()
   at Microsoft.EntityFrameworkCore.Query.ShapedQueryCompilingExpressionVisitor.SingleOrDefaultAsync[TSource](IAsyncEnumerable`1 asyncEnumerable, CancellationToken cancellationToken)
   at Microsoft.EntityFrameworkCore.Query.ShapedQueryCompilingExpressionVisitor.SingleOrDefaultAsync[TSource](IAsyncEnumerable`1 asyncEnumerable, CancellationToken cancellationToken)
   at xyz_university_payment_api.Presentation.Controllers.V3.UserControllerV3.AssignRole(Int32 id, AssignRoleDto assignRoleDto) in C:\Users\wanja\Desktop\jj\xyz-university-payment-api\xyz-university-payment-api\Presentation\Controllers\V3\UserControllerV3.cs:line 240
   at xyz_university_payment_api.Presentation.Controllers.V3.UserControllerV3.AssignRole(Int32 id, AssignRoleDto assignRoleDto) in C:\Users\wanja\Desktop\jj\xyz-university-payment-api\xyz-university-payment-api\Presentation\Controllers\V3\UserControllerV3.cs:line 261
ClientConnectionId:df8b6898-3777-4b2e-9d78-6660b2c7b441
Error Number:207,State:1,Class:16
2025-07-10 15:19:19.374 +03:00 [INF] GetUsers endpoint called by user: admin
2025-07-10 15:19:19.375 +03:00 [INF] GetUsers endpoint called by user: admin
2025-07-10 15:19:19.402 +03:00 [INF] Total users in database: 10
2025-07-10 15:19:19.404 +03:00 [INF] Total users in database: 10
2025-07-10 15:19:19.425 +03:00 [INF] Returning 10 users
2025-07-10 15:19:19.425 +03:00 [INF] Returning 10 users
2025-07-10 15:19:26.919 +03:00 [INF] Assigning role to user 42. RoleName: 'Student' (Length: 7)
2025-07-10 15:19:26.940 +03:00 [ERR] Failed executing DbCommand (1ms) [Parameters=[p0='?' (Size = 4000)], CommandType='"Text"', CommandTimeout='30']
SELECT TOP(1) [x].[Id], [x].[CreatedAt], [x].[Description], [x].[IsActive], [x].[Name]
FROM (
    SELECT Id FROM Roles WHERE Name = @p0
) AS [x]
2025-07-10 15:19:26.950 +03:00 [ERR] An exception occurred while iterating over the results of a query for context type 'xyz_university_payment_api.Infrastructure.Data.AppDbContext'.
Microsoft.Data.SqlClient.SqlException (0x80131904): Invalid column name 'CreatedAt'.
Invalid column name 'Description'.
Invalid column name 'IsActive'.
Invalid column name 'Name'.
   at System.Threading.Tasks.ContinuationResultTaskFromResultTask`2.InnerInvoke()
   at System.Threading.ExecutionContext.RunInternal(ExecutionContext executionContext, ContextCallback callback, Object state)
--- End of stack trace from previous location ---
   at System.Threading.ExecutionContext.RunInternal(ExecutionContext executionContext, ContextCallback callback, Object state)
   at System.Threading.Tasks.Task.ExecuteWithThreadLocal(Task& currentTaskSlot, Thread threadPoolThread)
--- End of stack trace from previous location ---
   at Microsoft.EntityFrameworkCore.Storage.RelationalCommand.ExecuteReaderAsync(RelationalCommandParameterObject parameterObject, CancellationToken cancellationToken)
   at Microsoft.EntityFrameworkCore.Storage.RelationalCommand.ExecuteReaderAsync(RelationalCommandParameterObject parameterObject, CancellationToken cancellationToken)
   at Microsoft.EntityFrameworkCore.Query.Internal.SingleQueryingEnumerable`1.AsyncEnumerator.InitializeReaderAsync(AsyncEnumerator enumerator, CancellationToken cancellationToken)
   at Microsoft.EntityFrameworkCore.SqlServer.Storage.Internal.SqlServerExecutionStrategy.ExecuteAsync[TState,TResult](TState state, Func`4 operation, Func`4 verifySucceeded, CancellationToken cancellationToken)
   at Microsoft.EntityFrameworkCore.Query.Internal.SingleQueryingEnumerable`1.AsyncEnumerator.MoveNextAsync()
ClientConnectionId:7145bef5-afbe-4f04-ba16-85c4b1da163b
Error Number:207,State:1,Class:16
Microsoft.Data.SqlClient.SqlException (0x80131904): Invalid column name 'CreatedAt'.
Invalid column name 'Description'.
Invalid column name 'IsActive'.
Invalid column name 'Name'.
   at System.Threading.Tasks.ContinuationResultTaskFromResultTask`2.InnerInvoke()
   at System.Threading.ExecutionContext.RunInternal(ExecutionContext executionContext, ContextCallback callback, Object state)
--- End of stack trace from previous location ---
   at System.Threading.ExecutionContext.RunInternal(ExecutionContext executionContext, ContextCallback callback, Object state)
   at System.Threading.Tasks.Task.ExecuteWithThreadLocal(Task& currentTaskSlot, Thread threadPoolThread)
--- End of stack trace from previous location ---
   at Microsoft.EntityFrameworkCore.Storage.RelationalCommand.ExecuteReaderAsync(RelationalCommandParameterObject parameterObject, CancellationToken cancellationToken)
   at Microsoft.EntityFrameworkCore.Storage.RelationalCommand.ExecuteReaderAsync(RelationalCommandParameterObject parameterObject, CancellationToken cancellationToken)
   at Microsoft.EntityFrameworkCore.Query.Internal.SingleQueryingEnumerable`1.AsyncEnumerator.InitializeReaderAsync(AsyncEnumerator enumerator, CancellationToken cancellationToken)
   at Microsoft.EntityFrameworkCore.SqlServer.Storage.Internal.SqlServerExecutionStrategy.ExecuteAsync[TState,TResult](TState state, Func`4 operation, Func`4 verifySucceeded, CancellationToken cancellationToken)
   at Microsoft.EntityFrameworkCore.Query.Internal.SingleQueryingEnumerable`1.AsyncEnumerator.MoveNextAsync()
ClientConnectionId:7145bef5-afbe-4f04-ba16-85c4b1da163b
Error Number:207,State:1,Class:16
2025-07-10 15:19:26.968 +03:00 [ERR] Error assigning role to user 42
Microsoft.Data.SqlClient.SqlException (0x80131904): Invalid column name 'CreatedAt'.
Invalid column name 'Description'.
Invalid column name 'IsActive'.
Invalid column name 'Name'.
   at System.Threading.Tasks.ContinuationResultTaskFromResultTask`2.InnerInvoke()
   at System.Threading.ExecutionContext.RunInternal(ExecutionContext executionContext, ContextCallback callback, Object state)
--- End of stack trace from previous location ---
   at System.Threading.ExecutionContext.RunInternal(ExecutionContext executionContext, ContextCallback callback, Object state)
   at System.Threading.Tasks.Task.ExecuteWithThreadLocal(Task& currentTaskSlot, Thread threadPoolThread)
--- End of stack trace from previous location ---
   at Microsoft.EntityFrameworkCore.Storage.RelationalCommand.ExecuteReaderAsync(RelationalCommandParameterObject parameterObject, CancellationToken cancellationToken)
   at Microsoft.EntityFrameworkCore.Storage.RelationalCommand.ExecuteReaderAsync(RelationalCommandParameterObject parameterObject, CancellationToken cancellationToken)
   at Microsoft.EntityFrameworkCore.Query.Internal.SingleQueryingEnumerable`1.AsyncEnumerator.InitializeReaderAsync(AsyncEnumerator enumerator, CancellationToken cancellationToken)
   at Microsoft.EntityFrameworkCore.SqlServer.Storage.Internal.SqlServerExecutionStrategy.ExecuteAsync[TState,TResult](TState state, Func`4 operation, Func`4 verifySucceeded, CancellationToken cancellationToken)
   at Microsoft.EntityFrameworkCore.Query.Internal.SingleQueryingEnumerable`1.AsyncEnumerator.MoveNextAsync()
   at Microsoft.EntityFrameworkCore.Query.ShapedQueryCompilingExpressionVisitor.SingleOrDefaultAsync[TSource](IAsyncEnumerable`1 asyncEnumerable, CancellationToken cancellationToken)
   at Microsoft.EntityFrameworkCore.Query.ShapedQueryCompilingExpressionVisitor.SingleOrDefaultAsync[TSource](IAsyncEnumerable`1 asyncEnumerable, CancellationToken cancellationToken)
   at xyz_university_payment_api.Presentation.Controllers.V3.UserControllerV3.AssignRole(Int32 id, AssignRoleDto assignRoleDto) in C:\Users\wanja\Desktop\jj\xyz-university-payment-api\xyz-university-payment-api\Presentation\Controllers\V3\UserControllerV3.cs:line 240
   at xyz_university_payment_api.Presentation.Controllers.V3.UserControllerV3.AssignRole(Int32 id, AssignRoleDto assignRoleDto) in C:\Users\wanja\Desktop\jj\xyz-university-payment-api\xyz-university-payment-api\Presentation\Controllers\V3\UserControllerV3.cs:line 261
ClientConnectionId:7145bef5-afbe-4f04-ba16-85c4b1da163b
Error Number:207,State:1,Class:16
