2025-07-09 10:46:53.520 +03:00 [INF] Ensuring database is created
2025-07-09 10:46:54.250 +03:00 [INF] Database created successfully
2025-07-09 10:46:54.254 +03:00 [INF] Seeding default roles and permissions
2025-07-09 10:46:54.657 +03:00 [INF] Valid data already seeded, skipping seeding process
2025-07-09 10:46:54.661 +03:00 [INF] Default roles and permissions seeded successfully
2025-07-09 10:46:54.782 +03:00 [INF] XYZ University Payment API started successfully
2025-07-09 10:46:54.877 +03:00 [INF] Configured endpoint PaymentProcessedMessage, Consumer: xyz_university_payment_api.Core.Application.Services.PaymentProcessedMessageConsumer
2025-07-09 10:46:54.886 +03:00 [INF] Configured endpoint PaymentFailedMessage, Consumer: xyz_university_payment_api.Core.Application.Services.PaymentFailedMessageConsumer
2025-07-09 10:46:54.891 +03:00 [INF] Configured endpoint PaymentValidationMessage, Consumer: xyz_university_payment_api.Core.Application.Services.PaymentValidationMessageConsumer
2025-07-09 10:46:55.104 +03:00 [INF] Bus started: "rabbitmq://localhost/"
2025-07-09 10:47:36.873 +03:00 [WRN] Compiling a query which loads related collections for more than one collection navigation, either via 'Include' or through projection, but no 'QuerySplittingBehavior' has been configured. By default, Entity Framework will use 'QuerySplittingBehavior.SingleQuery', which can potentially result in slow query performance. See https://go.microsoft.com/fwlink/?linkid=2134277 for more information. To identify the query that's triggering this warning call 'ConfigureWarnings(w => w.Throw(RelationalEventId.MultipleCollectionIncludeWarning))'.
2025-07-09 10:47:36.936 +03:00 [INF] Generated access token for user admin with 1 roles and 16 permissions
2025-07-09 10:47:42.300 +03:00 [INF] Generated access token for user admin with 1 roles and 16 permissions
2025-07-09 10:47:42.446 +03:00 [INF] Retrieving students V3 with filter: {"StudentNumber":null,"FullName":null,"Program":null,"IsActive":null,"CreatedFrom":null,"CreatedTo":null,"Tags":null,"MinTotalPayments":null,"MaxTotalPayments":null,"SearchTerm":null,"Metadata":null,"$type":"StudentFilterDtoV3"}
2025-07-09 10:47:42.463 +03:00 [INF] Current user role: Admin, User ID: 1
2025-07-09 10:47:42.537 +03:00 [INF] V3 GetAllPayments endpoint called with page 1
2025-07-09 10:47:42.544 +03:00 [INF] Retrieving all payments
2025-07-09 10:47:42.551 +03:00 [INF] Current user role: Admin, User ID: 1
2025-07-09 10:47:42.643 +03:00 [INF] V3 GetStudentStats endpoint called
2025-07-09 10:47:42.649 +03:00 [INF] Current user: admin (ID: 1)
2025-07-09 10:47:42.654 +03:00 [INF] User roles: Admin, Admin
2025-07-09 10:47:42.658 +03:00 [INF] User permissions: Payments.Read, Payments.Create, Payments.Update, Payments.Delete, Students.Read, Students.Create, Students.Update, Students.Delete, Users.Read, Users.Create, Users.Update, Users.Delete, Roles.Read, Roles.Create, Roles.Update, Roles.Delete
2025-07-09 10:47:42.664 +03:00 [INF] Retrieving student with ID: 1
2025-07-09 10:47:42.686 +03:00 [INF] Student cached: 1
2025-07-09 10:47:42.692 +03:00 [INF] Retrieving payments for student: S12345
2025-07-09 10:47:42.716 +03:00 [INF] Student payments cached: S12345
2025-07-09 10:47:42.747 +03:00 [INF] Retrieving students V3 with filter: {"StudentNumber":null,"FullName":null,"Program":null,"IsActive":null,"CreatedFrom":null,"CreatedTo":null,"Tags":null,"MinTotalPayments":null,"MaxTotalPayments":null,"SearchTerm":null,"Metadata":null,"$type":"StudentFilterDtoV3"}
2025-07-09 10:47:42.760 +03:00 [INF] Current user role: Admin, User ID: 1
2025-07-09 10:47:42.774 +03:00 [INF] V3 GetAllPayments endpoint called with page 1
2025-07-09 10:47:42.778 +03:00 [INF] Retrieving all payments
2025-07-09 10:47:42.783 +03:00 [INF] Current user role: Admin, User ID: 1
2025-07-09 10:47:51.534 +03:00 [INF] V3 GetAdminStats endpoint called
2025-07-09 10:47:51.543 +03:00 [INF] Retrieving all students
2025-07-09 10:47:51.561 +03:00 [INF] Retrieving all payments
2025-07-09 10:47:51.569 +03:00 [INF] Current user role: Admin, User ID: 1
2025-07-09 10:47:51.595 +03:00 [INF] V3 GetAdminStats endpoint called
2025-07-09 10:47:51.604 +03:00 [INF] Retrieving all students
2025-07-09 10:47:51.612 +03:00 [INF] Retrieving all payments
2025-07-09 10:47:51.622 +03:00 [INF] Current user role: Admin, User ID: 1
2025-07-09 10:48:14.254 +03:00 [INF] Retrieving students V3 with filter: {"StudentNumber":null,"FullName":null,"Program":null,"IsActive":null,"CreatedFrom":null,"CreatedTo":null,"Tags":null,"MinTotalPayments":null,"MaxTotalPayments":null,"SearchTerm":null,"Metadata":null,"$type":"StudentFilterDtoV3"}
2025-07-09 10:48:14.272 +03:00 [INF] Current user role: Admin, User ID: 1
2025-07-09 10:48:14.293 +03:00 [INF] Retrieving students V3 with filter: {"StudentNumber":null,"FullName":null,"Program":null,"IsActive":null,"CreatedFrom":null,"CreatedTo":null,"Tags":null,"MinTotalPayments":null,"MaxTotalPayments":null,"SearchTerm":null,"Metadata":null,"$type":"StudentFilterDtoV3"}
2025-07-09 10:48:14.308 +03:00 [INF] Current user role: Admin, User ID: 1
2025-07-09 10:48:18.335 +03:00 [INF] Retrieving students V3 with filter: {"StudentNumber":null,"FullName":null,"Program":null,"IsActive":null,"CreatedFrom":null,"CreatedTo":null,"Tags":null,"MinTotalPayments":null,"MaxTotalPayments":null,"SearchTerm":null,"Metadata":null,"$type":"StudentFilterDtoV3"}
2025-07-09 10:48:18.342 +03:00 [INF] V3 GetAllPayments endpoint called with page 1
2025-07-09 10:48:18.361 +03:00 [INF] Retrieving all payments
2025-07-09 10:48:18.361 +03:00 [INF] Current user role: Admin, User ID: 1
2025-07-09 10:48:18.374 +03:00 [INF] Current user role: Admin, User ID: 1
2025-07-09 10:48:18.389 +03:00 [INF] Retrieving students V3 with filter: {"StudentNumber":null,"FullName":null,"Program":null,"IsActive":null,"CreatedFrom":null,"CreatedTo":null,"Tags":null,"MinTotalPayments":null,"MaxTotalPayments":null,"SearchTerm":null,"Metadata":null,"$type":"StudentFilterDtoV3"}
2025-07-09 10:48:18.394 +03:00 [INF] V3 GetAllPayments endpoint called with page 1
2025-07-09 10:48:18.419 +03:00 [INF] Retrieving all payments
2025-07-09 10:48:18.419 +03:00 [INF] Current user role: Admin, User ID: 1
2025-07-09 10:48:18.429 +03:00 [INF] Current user role: Admin, User ID: 1
2025-07-09 10:48:22.884 +03:00 [INF] V3 GetAllPayments endpoint called with page 1
2025-07-09 10:48:22.890 +03:00 [INF] Retrieving all payments
2025-07-09 10:48:22.894 +03:00 [INF] Retrieving students V3 with filter: {"StudentNumber":null,"FullName":null,"Program":null,"IsActive":null,"CreatedFrom":null,"CreatedTo":null,"Tags":null,"MinTotalPayments":null,"MaxTotalPayments":null,"SearchTerm":null,"Metadata":null,"$type":"StudentFilterDtoV3"}
2025-07-09 10:48:22.910 +03:00 [INF] Current user role: Admin, User ID: 1
2025-07-09 10:48:22.918 +03:00 [INF] Current user role: Admin, User ID: 1
2025-07-09 10:48:22.937 +03:00 [INF] V3 GetAllPayments endpoint called with page 1
2025-07-09 10:48:22.944 +03:00 [INF] Retrieving all payments
2025-07-09 10:48:22.953 +03:00 [INF] Retrieving students V3 with filter: {"StudentNumber":null,"FullName":null,"Program":null,"IsActive":null,"CreatedFrom":null,"CreatedTo":null,"Tags":null,"MinTotalPayments":null,"MaxTotalPayments":null,"SearchTerm":null,"Metadata":null,"$type":"StudentFilterDtoV3"}
2025-07-09 10:48:22.971 +03:00 [INF] Current user role: Admin, User ID: 1
2025-07-09 10:48:22.976 +03:00 [INF] Current user role: Admin, User ID: 1
2025-07-09 10:48:37.970 +03:00 [INF] Generated access token for user admin with 1 roles and 16 permissions
2025-07-09 10:48:37.989 +03:00 [INF] Retrieving students V3 with filter: {"StudentNumber":null,"FullName":null,"Program":null,"IsActive":null,"CreatedFrom":null,"CreatedTo":null,"Tags":null,"MinTotalPayments":null,"MaxTotalPayments":null,"SearchTerm":null,"Metadata":null,"$type":"StudentFilterDtoV3"}
2025-07-09 10:48:38.007 +03:00 [INF] Current user role: Admin, User ID: 1
2025-07-09 10:48:38.021 +03:00 [INF] V3 GetAllPayments endpoint called with page 1
2025-07-09 10:48:38.026 +03:00 [INF] Retrieving all payments
2025-07-09 10:48:38.031 +03:00 [INF] Current user role: Admin, User ID: 1
2025-07-09 10:48:38.052 +03:00 [INF] V3 GetStudentStats endpoint called
2025-07-09 10:48:38.057 +03:00 [INF] Current user: admin (ID: 1)
2025-07-09 10:48:38.061 +03:00 [INF] User roles: Admin, Admin
2025-07-09 10:48:38.067 +03:00 [INF] User permissions: Payments.Read, Payments.Create, Payments.Update, Payments.Delete, Students.Read, Students.Create, Students.Update, Students.Delete, Users.Read, Users.Create, Users.Update, Users.Delete, Roles.Read, Roles.Create, Roles.Update, Roles.Delete
2025-07-09 10:48:38.071 +03:00 [INF] Retrieving student with ID: 1
2025-07-09 10:48:38.078 +03:00 [INF] Student retrieved from cache: 1
2025-07-09 10:48:38.083 +03:00 [INF] Retrieving payments for student: S12345
2025-07-09 10:48:38.089 +03:00 [INF] Student payments retrieved from cache: S12345
