2025-07-11 12:22:27.506 +03:00 [INF] Ensuring database is created
2025-07-11 12:22:28.245 +03:00 [INF] Database created successfully
2025-07-11 12:22:28.250 +03:00 [INF] Seeding default roles and permissions
2025-07-11 12:22:28.756 +03:00 [INF] Valid data already seeded, skipping seeding process
2025-07-11 12:22:28.762 +03:00 [INF] Default roles and permissions seeded successfully
2025-07-11 12:22:28.925 +03:00 [INF] XYZ University Payment API started successfully
2025-07-11 12:22:29.063 +03:00 [INF] Configured endpoint PaymentMessage, Consumer: xyz_university_payment_api.Core.Application.Services.PaymentMessageConsumer
2025-07-11 12:22:29.075 +03:00 [INF] Configured endpoint PaymentFailedMessage, Consumer: xyz_university_payment_api.Core.Application.Services.PaymentFailedMessageConsumer
2025-07-11 12:22:29.380 +03:00 [INF] Bus started: "rabbitmq://localhost/"
2025-07-11 12:23:12.648 +03:00 [WRN] Compiling a query which loads related collections for more than one collection navigation, either via 'Include' or through projection, but no 'QuerySplittingBehavior' has been configured. By default, Entity Framework will use 'QuerySplittingBehavior.SingleQuery', which can potentially result in slow query performance. See https://go.microsoft.com/fwlink/?linkid=2134277 for more information. To identify the query that's triggering this warning call 'ConfigureWarnings(w => w.Throw(RelationalEventId.MultipleCollectionIncludeWarning))'.
2025-07-11 12:23:12.707 +03:00 [INF] Generated access token for user admin with 1 roles and 16 permissions
2025-07-11 12:23:12.955 +03:00 [INF] V3 GetAdminStats endpoint called
2025-07-11 12:23:12.961 +03:00 [INF] Retrieving all students
2025-07-11 12:23:13.043 +03:00 [INF] Retrieving all payments
2025-07-11 12:23:13.163 +03:00 [INF] V3 GetAdminStats endpoint called
2025-07-11 12:23:13.180 +03:00 [INF] Retrieving all students
2025-07-11 12:23:13.242 +03:00 [INF] Retrieving all payments
2025-07-11 12:23:19.762 +03:00 [INF] Retrieving students V3 with filter: {"StudentNumber":null,"FullName":null,"Program":null,"IsActive":null,"CreatedFrom":null,"CreatedTo":null,"Tags":null,"MinTotalPayments":null,"MaxTotalPayments":null,"SearchTerm":null,"Metadata":null,"$type":"StudentFilterDtoV3"}
2025-07-11 12:23:19.781 +03:00 [INF] Current user role: Admin, User ID: 1
2025-07-11 12:23:19.841 +03:00 [INF] Retrieving students V3 with filter: {"StudentNumber":null,"FullName":null,"Program":null,"IsActive":null,"CreatedFrom":null,"CreatedTo":null,"Tags":null,"MinTotalPayments":null,"MaxTotalPayments":null,"SearchTerm":null,"Metadata":null,"$type":"StudentFilterDtoV3"}
2025-07-11 12:23:19.860 +03:00 [INF] Current user role: Admin, User ID: 1
2025-07-11 12:23:24.374 +03:00 [INF] GetUsers endpoint called by user: admin
2025-07-11 12:23:24.374 +03:00 [INF] GetUsers endpoint called by user: admin
2025-07-11 12:23:24.398 +03:00 [INF] Total users in database: 11
2025-07-11 12:23:24.406 +03:00 [INF] Total users in database: 11
2025-07-11 12:23:24.439 +03:00 [INF] Returning 11 users
2025-07-11 12:23:24.439 +03:00 [INF] Returning 11 users
2025-07-11 12:23:35.374 +03:00 [INF] Retrieving students V3 with filter: {"StudentNumber":null,"FullName":null,"Program":null,"IsActive":null,"CreatedFrom":null,"CreatedTo":null,"Tags":null,"MinTotalPayments":null,"MaxTotalPayments":null,"SearchTerm":null,"Metadata":null,"$type":"StudentFilterDtoV3"}
2025-07-11 12:23:35.392 +03:00 [INF] Current user role: Admin, User ID: 1
2025-07-11 12:26:31.261 +03:00 [INF] Creating user with username: S660099
2025-07-11 12:26:31.380 +03:00 [INF] Automatically assigned role 'Student' to user S660099
2025-07-11 12:26:31.647 +03:00 [INF] GetUsers endpoint called by user: admin
2025-07-11 12:26:31.664 +03:00 [INF] Total users in database: 12
2025-07-11 12:26:31.682 +03:00 [INF] Returning 12 users
2025-07-11 12:26:55.395 +03:00 [INF] Generated access token for user admin with 1 roles and 16 permissions
2025-07-11 12:26:55.465 +03:00 [INF] V3 GetAdminStats endpoint called
2025-07-11 12:26:55.478 +03:00 [INF] Retrieving all students
2025-07-11 12:26:55.497 +03:00 [INF] Retrieving all payments
2025-07-11 12:26:55.517 +03:00 [INF] V3 GetAdminStats endpoint called
2025-07-11 12:26:55.528 +03:00 [INF] Retrieving all students
2025-07-11 12:26:55.539 +03:00 [INF] Retrieving all payments
2025-07-11 12:27:08.579 +03:00 [INF] Generated access token for user S660099 with 1 roles and 2 permissions
2025-07-11 12:27:08.695 +03:00 [INF] V3 GetStudentStats endpoint called
2025-07-11 12:27:08.702 +03:00 [INF] Current user: S660099 (ID: 61)
2025-07-11 12:27:08.712 +03:00 [INF] User roles: Student, Student
2025-07-11 12:27:08.719 +03:00 [INF] User permissions: Payments.Read, Students.Read
2025-07-11 12:27:08.725 +03:00 [INF] Retrieving all students
2025-07-11 12:27:08.736 +03:00 [INF] Retrieving payments for student: S660099
2025-07-11 12:27:08.752 +03:00 [INF] Student payments cached: S660099
2025-07-11 12:27:08.759 +03:00 [INF] Found 2 payments for student S660099, total paid: 7300.00
2025-07-11 12:27:08.773 +03:00 [INF] V3 GetStudentStats endpoint called
2025-07-11 12:27:08.778 +03:00 [INF] Current user: S660099 (ID: 61)
2025-07-11 12:27:08.783 +03:00 [INF] User roles: Student, Student
2025-07-11 12:27:08.789 +03:00 [INF] User permissions: Payments.Read, Students.Read
2025-07-11 12:27:08.795 +03:00 [INF] Retrieving all students
2025-07-11 12:27:08.801 +03:00 [INF] Retrieving payments for student: S660099
2025-07-11 12:27:08.815 +03:00 [INF] Student payments retrieved from cache: S660099
2025-07-11 12:27:08.823 +03:00 [INF] Found 2 payments for student S660099, total paid: 7300.00
2025-07-11 12:27:28.545 +03:00 [INF] V3 GetStudentStats endpoint called
2025-07-11 12:27:28.551 +03:00 [INF] Current user: S660099 (ID: 61)
2025-07-11 12:27:28.562 +03:00 [INF] User roles: Student, Student
2025-07-11 12:27:28.568 +03:00 [INF] User permissions: Payments.Read, Students.Read
2025-07-11 12:27:28.577 +03:00 [INF] Retrieving all students
2025-07-11 12:27:28.592 +03:00 [INF] Retrieving payments for student: S660099
2025-07-11 12:27:28.601 +03:00 [INF] Student payments retrieved from cache: S660099
2025-07-11 12:27:28.609 +03:00 [INF] Found 2 payments for student S660099, total paid: 7300.00
2025-07-11 12:27:28.616 +03:00 [INF] V3 GetStudentStats endpoint called
2025-07-11 12:27:28.623 +03:00 [INF] Current user: S660099 (ID: 61)
2025-07-11 12:27:28.628 +03:00 [INF] User roles: Student, Student
2025-07-11 12:27:28.632 +03:00 [INF] User permissions: Payments.Read, Students.Read
2025-07-11 12:27:28.637 +03:00 [INF] Retrieving all students
2025-07-11 12:27:28.643 +03:00 [INF] Retrieving payments for student: S660099
2025-07-11 12:27:28.648 +03:00 [INF] Student payments retrieved from cache: S660099
2025-07-11 12:27:28.654 +03:00 [INF] Found 2 payments for student S660099, total paid: 7300.00
2025-07-11 12:27:36.689 +03:00 [INF] V3 GetPaymentsByStudent endpoint called for student: S660099
2025-07-11 12:27:36.697 +03:00 [INF] Calling payment service for student: S660099
2025-07-11 12:27:36.703 +03:00 [INF] Retrieving payments for student: S660099
2025-07-11 12:27:36.712 +03:00 [INF] Student payments retrieved from cache: S660099
2025-07-11 12:27:36.718 +03:00 [INF] Payment service returned 2 payments for student: S660099
2025-07-11 12:27:36.726 +03:00 [INF] Payment: ID=7, Ref=REF0099, Amount=6500.00, Student=S660099
2025-07-11 12:27:36.731 +03:00 [INF] Payment: ID=8, Ref=REF0199, Amount=800.00, Student=S660099
2025-07-11 12:27:36.746 +03:00 [INF] AutoMapper converted to 2 DTOs
2025-07-11 12:27:36.750 +03:00 [INF] Final paged result: 2 items, Total: 2, Page: 1
2025-07-11 12:27:36.767 +03:00 [INF] V3 GetPaymentsByStudent endpoint called for student: S660099
2025-07-11 12:27:36.775 +03:00 [INF] Calling payment service for student: S660099
2025-07-11 12:27:36.779 +03:00 [INF] Retrieving payments for student: S660099
2025-07-11 12:27:36.783 +03:00 [INF] Student payments retrieved from cache: S660099
2025-07-11 12:27:36.789 +03:00 [INF] Payment service returned 2 payments for student: S660099
2025-07-11 12:27:36.794 +03:00 [INF] Payment: ID=7, Ref=REF0099, Amount=6500.00, Student=S660099
2025-07-11 12:27:36.800 +03:00 [INF] Payment: ID=8, Ref=REF0199, Amount=800.00, Student=S660099
2025-07-11 12:27:36.808 +03:00 [INF] AutoMapper converted to 2 DTOs
2025-07-11 12:27:36.812 +03:00 [INF] Final paged result: 2 items, Total: 2, Page: 1
2025-07-11 12:28:00.832 +03:00 [INF] Generated access token for user admin with 1 roles and 16 permissions
2025-07-11 12:28:00.894 +03:00 [INF] V3 GetAdminStats endpoint called
2025-07-11 12:28:00.908 +03:00 [INF] Retrieving all students
2025-07-11 12:28:00.920 +03:00 [INF] Retrieving all payments
2025-07-11 12:28:00.935 +03:00 [INF] V3 GetAdminStats endpoint called
2025-07-11 12:28:00.945 +03:00 [INF] Retrieving all students
2025-07-11 12:28:00.955 +03:00 [INF] Retrieving all payments
2025-07-11 12:28:14.644 +03:00 [INF] Generated access token for user admin with 1 roles and 16 permissions
2025-07-11 12:28:14.706 +03:00 [INF] V3 GetAdminStats endpoint called
2025-07-11 12:28:14.731 +03:00 [INF] Retrieving all students
2025-07-11 12:28:14.747 +03:00 [INF] Retrieving all payments
2025-07-11 12:28:14.762 +03:00 [INF] V3 GetAdminStats endpoint called
2025-07-11 12:28:14.771 +03:00 [INF] Retrieving all students
2025-07-11 12:28:14.784 +03:00 [INF] Retrieving all payments
2025-07-11 12:28:17.363 +03:00 [INF] Retrieving students V3 with filter: {"StudentNumber":null,"FullName":null,"Program":null,"IsActive":null,"CreatedFrom":null,"CreatedTo":null,"Tags":null,"MinTotalPayments":null,"MaxTotalPayments":null,"SearchTerm":null,"Metadata":null,"$type":"StudentFilterDtoV3"}
2025-07-11 12:28:17.365 +03:00 [INF] V3 GetAllPayments endpoint called with page 1
2025-07-11 12:28:17.397 +03:00 [INF] Current user role: Admin, User ID: 1
2025-07-11 12:28:17.401 +03:00 [INF] Retrieving all payments with student information
2025-07-11 12:28:17.409 +03:00 [INF] Current user role: Admin, User ID: 1
2025-07-11 12:28:17.418 +03:00 [INF] Retrieving students V3 with filter: {"StudentNumber":null,"FullName":null,"Program":null,"IsActive":null,"CreatedFrom":null,"CreatedTo":null,"Tags":null,"MinTotalPayments":null,"MaxTotalPayments":null,"SearchTerm":null,"Metadata":null,"$type":"StudentFilterDtoV3"}
2025-07-11 12:28:17.420 +03:00 [INF] Retrieved 8 payments for Admin
2025-07-11 12:28:17.438 +03:00 [INF] Current user role: Admin, User ID: 1
2025-07-11 12:28:17.441 +03:00 [INF] Retrieved 9 students for lookup
2025-07-11 12:28:17.447 +03:00 [INF] Payment 1 for student S12345, found student: Yes
2025-07-11 12:28:17.454 +03:00 [INF] Payment 2 for student S67890, found student: Yes
2025-07-11 12:28:17.459 +03:00 [INF] Payment 3 for student S66004, found student: Yes
2025-07-11 12:28:17.464 +03:00 [INF] Payment 4 for student S66001, found student: Yes
2025-07-11 12:28:17.470 +03:00 [INF] Payment 5 for student S660066, found student: Yes
2025-07-11 12:28:17.475 +03:00 [INF] Payment 6 for student S660088, found student: Yes
2025-07-11 12:28:17.479 +03:00 [INF] Payment 7 for student S660099, found student: Yes
2025-07-11 12:28:17.485 +03:00 [INF] Payment 8 for student S660099, found student: Yes
2025-07-11 12:28:17.490 +03:00 [INF] Returning 8 payment DTOs
2025-07-11 12:28:17.505 +03:00 [INF] V3 GetAllPayments endpoint called with page 1
2025-07-11 12:28:17.510 +03:00 [INF] Retrieving all payments with student information
2025-07-11 12:28:17.514 +03:00 [INF] Current user role: Admin, User ID: 1
2025-07-11 12:28:17.522 +03:00 [INF] Retrieved 8 payments for Admin
2025-07-11 12:28:17.530 +03:00 [INF] Retrieved 9 students for lookup
2025-07-11 12:28:17.536 +03:00 [INF] Payment 1 for student S12345, found student: Yes
2025-07-11 12:28:17.542 +03:00 [INF] Payment 2 for student S67890, found student: Yes
2025-07-11 12:28:17.547 +03:00 [INF] Payment 3 for student S66004, found student: Yes
2025-07-11 12:28:17.554 +03:00 [INF] Payment 4 for student S66001, found student: Yes
2025-07-11 12:28:17.559 +03:00 [INF] Payment 5 for student S660066, found student: Yes
2025-07-11 12:28:17.564 +03:00 [INF] Payment 6 for student S660088, found student: Yes
2025-07-11 12:28:17.571 +03:00 [INF] Payment 7 for student S660099, found student: Yes
2025-07-11 12:28:17.577 +03:00 [INF] Payment 8 for student S660099, found student: Yes
2025-07-11 12:28:17.582 +03:00 [INF] Returning 8 payment DTOs
2025-07-11 12:28:19.022 +03:00 [INF] GetUsers endpoint called by user: admin
2025-07-11 12:28:19.036 +03:00 [INF] Total users in database: 12
2025-07-11 12:28:19.061 +03:00 [INF] Returning 12 users
2025-07-11 12:28:19.075 +03:00 [INF] GetUsers endpoint called by user: admin
2025-07-11 12:28:19.086 +03:00 [INF] Total users in database: 12
2025-07-11 12:28:19.097 +03:00 [INF] Returning 12 users
2025-07-11 12:29:21.055 +03:00 [INF] V3 GetAllPayments endpoint called with page 1
2025-07-11 12:29:21.057 +03:00 [INF] Retrieving students V3 with filter: {"StudentNumber":null,"FullName":null,"Program":null,"IsActive":null,"CreatedFrom":null,"CreatedTo":null,"Tags":null,"MinTotalPayments":null,"MaxTotalPayments":null,"SearchTerm":null,"Metadata":null,"$type":"StudentFilterDtoV3"}
2025-07-11 12:29:21.076 +03:00 [INF] Retrieving all payments with student information
2025-07-11 12:29:21.087 +03:00 [INF] Current user role: Admin, User ID: 1
2025-07-11 12:29:21.102 +03:00 [INF] Current user role: Admin, User ID: 1
2025-07-11 12:29:21.117 +03:00 [INF] Retrieved 8 payments for Admin
2025-07-11 12:29:21.126 +03:00 [INF] Retrieving students V3 with filter: {"StudentNumber":null,"FullName":null,"Program":null,"IsActive":null,"CreatedFrom":null,"CreatedTo":null,"Tags":null,"MinTotalPayments":null,"MaxTotalPayments":null,"SearchTerm":null,"Metadata":null,"$type":"StudentFilterDtoV3"}
2025-07-11 12:29:21.127 +03:00 [INF] Retrieved 9 students for lookup
2025-07-11 12:29:21.151 +03:00 [INF] Current user role: Admin, User ID: 1
2025-07-11 12:29:21.152 +03:00 [INF] Payment 1 for student S12345, found student: Yes
2025-07-11 12:29:21.162 +03:00 [INF] Payment 2 for student S67890, found student: Yes
2025-07-11 12:29:21.171 +03:00 [INF] Payment 3 for student S66004, found student: Yes
2025-07-11 12:29:21.177 +03:00 [INF] Payment 4 for student S66001, found student: Yes
2025-07-11 12:29:21.185 +03:00 [INF] Payment 5 for student S660066, found student: Yes
2025-07-11 12:29:21.191 +03:00 [INF] Payment 6 for student S660088, found student: Yes
2025-07-11 12:29:21.197 +03:00 [INF] Payment 7 for student S660099, found student: Yes
2025-07-11 12:29:21.204 +03:00 [INF] Payment 8 for student S660099, found student: Yes
2025-07-11 12:29:21.209 +03:00 [INF] Returning 8 payment DTOs
2025-07-11 12:29:21.219 +03:00 [INF] V3 GetAllPayments endpoint called with page 1
2025-07-11 12:29:21.224 +03:00 [INF] Retrieving all payments with student information
2025-07-11 12:29:21.228 +03:00 [INF] Current user role: Admin, User ID: 1
2025-07-11 12:29:21.238 +03:00 [INF] Retrieved 8 payments for Admin
2025-07-11 12:29:21.248 +03:00 [INF] Retrieved 9 students for lookup
2025-07-11 12:29:21.253 +03:00 [INF] Payment 1 for student S12345, found student: Yes
2025-07-11 12:29:21.258 +03:00 [INF] Payment 2 for student S67890, found student: Yes
2025-07-11 12:29:21.264 +03:00 [INF] Payment 3 for student S66004, found student: Yes
2025-07-11 12:29:21.270 +03:00 [INF] Payment 4 for student S66001, found student: Yes
2025-07-11 12:29:21.275 +03:00 [INF] Payment 5 for student S660066, found student: Yes
2025-07-11 12:29:21.283 +03:00 [INF] Payment 6 for student S660088, found student: Yes
2025-07-11 12:29:21.289 +03:00 [INF] Payment 7 for student S660099, found student: Yes
2025-07-11 12:29:21.294 +03:00 [INF] Payment 8 for student S660099, found student: Yes
2025-07-11 12:29:21.303 +03:00 [INF] Returning 8 payment DTOs
2025-07-11 12:29:25.534 +03:00 [INF] V3 GetAllPayments endpoint called with page 1
2025-07-11 12:29:25.534 +03:00 [INF] Retrieving students V3 with filter: {"StudentNumber":null,"FullName":null,"Program":null,"IsActive":null,"CreatedFrom":null,"CreatedTo":null,"Tags":null,"MinTotalPayments":null,"MaxTotalPayments":null,"SearchTerm":null,"Metadata":null,"$type":"StudentFilterDtoV3"}
2025-07-11 12:29:25.559 +03:00 [INF] Retrieving all payments with student information
2025-07-11 12:29:25.569 +03:00 [INF] Current user role: Admin, User ID: 1
2025-07-11 12:29:25.582 +03:00 [INF] Current user role: Admin, User ID: 1
2025-07-11 12:29:25.593 +03:00 [INF] Retrieved 8 payments for Admin
2025-07-11 12:29:25.594 +03:00 [INF] Retrieving students V3 with filter: {"StudentNumber":null,"FullName":null,"Program":null,"IsActive":null,"CreatedFrom":null,"CreatedTo":null,"Tags":null,"MinTotalPayments":null,"MaxTotalPayments":null,"SearchTerm":null,"Metadata":null,"$type":"StudentFilterDtoV3"}
2025-07-11 12:29:25.613 +03:00 [INF] Retrieved 9 students for lookup
2025-07-11 12:29:25.617 +03:00 [INF] Current user role: Admin, User ID: 1
2025-07-11 12:29:25.625 +03:00 [INF] Payment 1 for student S12345, found student: Yes
2025-07-11 12:29:25.632 +03:00 [INF] Payment 2 for student S67890, found student: Yes
2025-07-11 12:29:25.638 +03:00 [INF] Payment 3 for student S66004, found student: Yes
2025-07-11 12:29:25.644 +03:00 [INF] Payment 4 for student S66001, found student: Yes
2025-07-11 12:29:25.650 +03:00 [INF] Payment 5 for student S660066, found student: Yes
2025-07-11 12:29:25.655 +03:00 [INF] Payment 6 for student S660088, found student: Yes
2025-07-11 12:29:25.660 +03:00 [INF] Payment 7 for student S660099, found student: Yes
2025-07-11 12:29:25.666 +03:00 [INF] Payment 8 for student S660099, found student: Yes
2025-07-11 12:29:25.671 +03:00 [INF] Returning 8 payment DTOs
2025-07-11 12:29:25.676 +03:00 [INF] V3 GetAllPayments endpoint called with page 1
2025-07-11 12:29:25.683 +03:00 [INF] Retrieving all payments with student information
2025-07-11 12:29:25.688 +03:00 [INF] Current user role: Admin, User ID: 1
2025-07-11 12:29:25.693 +03:00 [INF] Retrieved 8 payments for Admin
2025-07-11 12:29:25.700 +03:00 [INF] Retrieved 9 students for lookup
2025-07-11 12:29:25.704 +03:00 [INF] Payment 1 for student S12345, found student: Yes
2025-07-11 12:29:25.710 +03:00 [INF] Payment 2 for student S67890, found student: Yes
2025-07-11 12:29:25.716 +03:00 [INF] Payment 3 for student S66004, found student: Yes
2025-07-11 12:29:25.721 +03:00 [INF] Payment 4 for student S66001, found student: Yes
2025-07-11 12:29:25.726 +03:00 [INF] Payment 5 for student S660066, found student: Yes
2025-07-11 12:29:25.734 +03:00 [INF] Payment 6 for student S660088, found student: Yes
2025-07-11 12:29:25.740 +03:00 [INF] Payment 7 for student S660099, found student: Yes
2025-07-11 12:29:25.745 +03:00 [INF] Payment 8 for student S660099, found student: Yes
2025-07-11 12:29:25.752 +03:00 [INF] Returning 8 payment DTOs
2025-07-11 12:29:26.576 +03:00 [INF] Retrieving students V3 with filter: {"StudentNumber":null,"FullName":null,"Program":null,"IsActive":null,"CreatedFrom":null,"CreatedTo":null,"Tags":null,"MinTotalPayments":null,"MaxTotalPayments":null,"SearchTerm":null,"Metadata":null,"$type":"StudentFilterDtoV3"}
2025-07-11 12:29:26.598 +03:00 [INF] Current user role: Admin, User ID: 1
2025-07-11 12:29:26.614 +03:00 [INF] Retrieving students V3 with filter: {"StudentNumber":null,"FullName":null,"Program":null,"IsActive":null,"CreatedFrom":null,"CreatedTo":null,"Tags":null,"MinTotalPayments":null,"MaxTotalPayments":null,"SearchTerm":null,"Metadata":null,"$type":"StudentFilterDtoV3"}
2025-07-11 12:29:26.630 +03:00 [INF] Current user role: Admin, User ID: 1
2025-07-11 12:29:51.449 +03:00 [INF] GetUsers endpoint called by user: admin
2025-07-11 12:29:51.469 +03:00 [INF] Total users in database: 12
2025-07-11 12:29:51.497 +03:00 [INF] Returning 12 users
2025-07-11 12:29:51.507 +03:00 [INF] GetUsers endpoint called by user: admin
2025-07-11 12:29:51.522 +03:00 [INF] Total users in database: 12
2025-07-11 12:29:51.541 +03:00 [INF] Returning 12 users
2025-07-11 12:30:09.324 +03:00 [INF] Assigning role to user 48. RoleName: 'Staff' (Length: 5)
2025-07-11 12:30:09.366 +03:00 [WRN] The query uses the 'First'/'FirstOrDefault' operator without 'OrderBy' and filter operators. This may lead to unpredictable results.
2025-07-11 12:30:09.387 +03:00 [ERR] Failed executing DbCommand (8ms) [Parameters=[p0='?' (Size = 4000)], CommandType='"Text"', CommandTimeout='30']
SELECT TOP(1) [x].[Id], [x].[CreatedAt], [x].[Description], [x].[IsActive], [x].[Name]
FROM (
    SELECT Id FROM Roles WHERE Name = @p0
) AS [x]
2025-07-11 12:30:09.421 +03:00 [ERR] An exception occurred while iterating over the results of a query for context type 'xyz_university_payment_api.Infrastructure.Data.AppDbContext'.
Microsoft.Data.SqlClient.SqlException (0x80131904): Invalid column name 'CreatedAt'.
Invalid column name 'Description'.
Invalid column name 'IsActive'.
Invalid column name 'Name'.
   at System.Threading.Tasks.ContinuationResultTaskFromResultTask`2.InnerInvoke()
   at System.Threading.ExecutionContext.RunInternal(ExecutionContext executionContext, ContextCallback callback, Object state)
--- End of stack trace from previous location ---
   at System.Threading.ExecutionContext.RunInternal(ExecutionContext executionContext, ContextCallback callback, Object state)
   at System.Threading.Tasks.Task.ExecuteWithThreadLocal(Task& currentTaskSlot, Thread threadPoolThread)
--- End of stack trace from previous location ---
   at Microsoft.EntityFrameworkCore.Storage.RelationalCommand.ExecuteReaderAsync(RelationalCommandParameterObject parameterObject, CancellationToken cancellationToken)
   at Microsoft.EntityFrameworkCore.Storage.RelationalCommand.ExecuteReaderAsync(RelationalCommandParameterObject parameterObject, CancellationToken cancellationToken)
   at Microsoft.EntityFrameworkCore.Query.Internal.SingleQueryingEnumerable`1.AsyncEnumerator.InitializeReaderAsync(AsyncEnumerator enumerator, CancellationToken cancellationToken)
   at Microsoft.EntityFrameworkCore.SqlServer.Storage.Internal.SqlServerExecutionStrategy.ExecuteAsync[TState,TResult](TState state, Func`4 operation, Func`4 verifySucceeded, CancellationToken cancellationToken)
   at Microsoft.EntityFrameworkCore.Query.Internal.SingleQueryingEnumerable`1.AsyncEnumerator.MoveNextAsync()
ClientConnectionId:60436e23-0eb7-4aa4-a84d-6fa4b3ab75a4
Error Number:207,State:1,Class:16
Microsoft.Data.SqlClient.SqlException (0x80131904): Invalid column name 'CreatedAt'.
Invalid column name 'Description'.
Invalid column name 'IsActive'.
Invalid column name 'Name'.
   at System.Threading.Tasks.ContinuationResultTaskFromResultTask`2.InnerInvoke()
   at System.Threading.ExecutionContext.RunInternal(ExecutionContext executionContext, ContextCallback callback, Object state)
--- End of stack trace from previous location ---
   at System.Threading.ExecutionContext.RunInternal(ExecutionContext executionContext, ContextCallback callback, Object state)
   at System.Threading.Tasks.Task.ExecuteWithThreadLocal(Task& currentTaskSlot, Thread threadPoolThread)
--- End of stack trace from previous location ---
   at Microsoft.EntityFrameworkCore.Storage.RelationalCommand.ExecuteReaderAsync(RelationalCommandParameterObject parameterObject, CancellationToken cancellationToken)
   at Microsoft.EntityFrameworkCore.Storage.RelationalCommand.ExecuteReaderAsync(RelationalCommandParameterObject parameterObject, CancellationToken cancellationToken)
   at Microsoft.EntityFrameworkCore.Query.Internal.SingleQueryingEnumerable`1.AsyncEnumerator.InitializeReaderAsync(AsyncEnumerator enumerator, CancellationToken cancellationToken)
   at Microsoft.EntityFrameworkCore.SqlServer.Storage.Internal.SqlServerExecutionStrategy.ExecuteAsync[TState,TResult](TState state, Func`4 operation, Func`4 verifySucceeded, CancellationToken cancellationToken)
   at Microsoft.EntityFrameworkCore.Query.Internal.SingleQueryingEnumerable`1.AsyncEnumerator.MoveNextAsync()
ClientConnectionId:60436e23-0eb7-4aa4-a84d-6fa4b3ab75a4
Error Number:207,State:1,Class:16
2025-07-11 12:30:09.444 +03:00 [ERR] Error assigning role to user 48
Microsoft.Data.SqlClient.SqlException (0x80131904): Invalid column name 'CreatedAt'.
Invalid column name 'Description'.
Invalid column name 'IsActive'.
Invalid column name 'Name'.
   at System.Threading.Tasks.ContinuationResultTaskFromResultTask`2.InnerInvoke()
   at System.Threading.ExecutionContext.RunInternal(ExecutionContext executionContext, ContextCallback callback, Object state)
--- End of stack trace from previous location ---
   at System.Threading.ExecutionContext.RunInternal(ExecutionContext executionContext, ContextCallback callback, Object state)
   at System.Threading.Tasks.Task.ExecuteWithThreadLocal(Task& currentTaskSlot, Thread threadPoolThread)
--- End of stack trace from previous location ---
   at Microsoft.EntityFrameworkCore.Storage.RelationalCommand.ExecuteReaderAsync(RelationalCommandParameterObject parameterObject, CancellationToken cancellationToken)
   at Microsoft.EntityFrameworkCore.Storage.RelationalCommand.ExecuteReaderAsync(RelationalCommandParameterObject parameterObject, CancellationToken cancellationToken)
   at Microsoft.EntityFrameworkCore.Query.Internal.SingleQueryingEnumerable`1.AsyncEnumerator.InitializeReaderAsync(AsyncEnumerator enumerator, CancellationToken cancellationToken)
   at Microsoft.EntityFrameworkCore.SqlServer.Storage.Internal.SqlServerExecutionStrategy.ExecuteAsync[TState,TResult](TState state, Func`4 operation, Func`4 verifySucceeded, CancellationToken cancellationToken)
   at Microsoft.EntityFrameworkCore.Query.Internal.SingleQueryingEnumerable`1.AsyncEnumerator.MoveNextAsync()
   at Microsoft.EntityFrameworkCore.Query.ShapedQueryCompilingExpressionVisitor.SingleOrDefaultAsync[TSource](IAsyncEnumerable`1 asyncEnumerable, CancellationToken cancellationToken)
   at Microsoft.EntityFrameworkCore.Query.ShapedQueryCompilingExpressionVisitor.SingleOrDefaultAsync[TSource](IAsyncEnumerable`1 asyncEnumerable, CancellationToken cancellationToken)
   at xyz_university_payment_api.Presentation.Controllers.V3.UserControllerV3.AssignRole(Int32 id, AssignRoleDto assignRoleDto) in C:\Users\wanja\Desktop\jj\xyz-university-payment-api\xyz-university-payment-api\Presentation\Controllers\V3\UserControllerV3.cs:line 240
   at xyz_university_payment_api.Presentation.Controllers.V3.UserControllerV3.AssignRole(Int32 id, AssignRoleDto assignRoleDto) in C:\Users\wanja\Desktop\jj\xyz-university-payment-api\xyz-university-payment-api\Presentation\Controllers\V3\UserControllerV3.cs:line 261
ClientConnectionId:60436e23-0eb7-4aa4-a84d-6fa4b3ab75a4
Error Number:207,State:1,Class:16
2025-07-11 13:06:28.514 +03:00 [INF] Bus stopped: "rabbitmq://localhost/"
2025-07-11 13:06:37.232 +03:00 [INF] Starting XYZ University Payment API {"MachineName":"DESKTOP-F3AMJ10","ThreadId":4,"ProcessId":17544,"Application":"XYZ University Payment API"}
2025-07-11 13:06:37.299 +03:00 [INF] EF command detected, skipping application startup {"MachineName":"DESKTOP-F3AMJ10","ThreadId":4,"ProcessId":17544,"Application":"XYZ University Payment API"}
2025-07-11 13:07:23.060 +03:00 [INF] Starting XYZ University Payment API {"MachineName":"DESKTOP-F3AMJ10","ThreadId":4,"ProcessId":10312,"Application":"XYZ University Payment API"}
2025-07-11 13:07:23.124 +03:00 [INF] EF command detected, skipping application startup {"MachineName":"DESKTOP-F3AMJ10","ThreadId":4,"ProcessId":10312,"Application":"XYZ University Payment API"}
2025-07-11 14:41:46.032 +03:00 [INF] Starting XYZ University Payment API {"MachineName":"DESKTOP-F3AMJ10","ThreadId":4,"ProcessId":18148,"Application":"XYZ University Payment API"}
2025-07-11 14:41:46.088 +03:00 [INF] EF command detected, skipping application startup {"MachineName":"DESKTOP-F3AMJ10","ThreadId":4,"ProcessId":18148,"Application":"XYZ University Payment API"}
2025-07-11 14:43:57.204 +03:00 [INF] Starting XYZ University Payment API {"MachineName":"DESKTOP-F3AMJ10","ThreadId":1,"ProcessId":10468,"Application":"XYZ University Payment API"}
