2025-07-09 10:52:19.039 +03:00 [ERR] Error retrieving student dashboard statistics {"SourceContext":"xyz_university_payment_api.Presentation.Controllers.V3.DashboardController","ActionId":"c307e3d3-e2eb-4947-8c86-54ab70aaad29","ActionName":"xyz_university_payment_api.Presentation.Controllers.V3.DashboardController.GetStudentStats (xyz-university-payment-api)","RequestId":"0HNDUNJFF2TDJ:00000002","RequestPath":"/api/v3/Dashboard/student-stats","ConnectionId":"0HNDUNJFF2TDJ","MachineName":"DESKTOP-F3AMJ10","ThreadId":22,"ProcessId":4912,"Application":"XYZ University Payment API"}
xyz_university_payment_api.Core.Domain.Exceptions.StudentNotFoundException: Student with ID 26 was not found.
   at xyz_university_payment_api.Core.Application.Services.StudentService.GetStudentByIdAsync(Int32 id) in C:\Users\wanja\Desktop\jj\xyz-university-payment-api\xyz-university-payment-api\Core\Application\Services\StudentService.cs:line 72
   at xyz_university_payment_api.Presentation.Controllers.V3.DashboardController.GetStudentStats() in C:\Users\wanja\Desktop\jj\xyz-university-payment-api\xyz-university-payment-api\Presentation\Controllers\V3\DashboardControllerV3.cs:line 229
2025-07-09 10:52:19.109 +03:00 [ERR] Error retrieving student dashboard statistics {"SourceContext":"xyz_university_payment_api.Presentation.Controllers.V3.DashboardController","ActionId":"c307e3d3-e2eb-4947-8c86-54ab70aaad29","ActionName":"xyz_university_payment_api.Presentation.Controllers.V3.DashboardController.GetStudentStats (xyz-university-payment-api)","RequestId":"0HNDUNJFF2TDI:00000004","RequestPath":"/api/v3/Dashboard/student-stats","ConnectionId":"0HNDUNJFF2TDI","MachineName":"DESKTOP-F3AMJ10","ThreadId":26,"ProcessId":4912,"Application":"XYZ University Payment API"}
xyz_university_payment_api.Core.Domain.Exceptions.StudentNotFoundException: Student with ID 26 was not found.
   at xyz_university_payment_api.Core.Application.Services.StudentService.GetStudentByIdAsync(Int32 id) in C:\Users\wanja\Desktop\jj\xyz-university-payment-api\xyz-university-payment-api\Core\Application\Services\StudentService.cs:line 72
   at xyz_university_payment_api.Presentation.Controllers.V3.DashboardController.GetStudentStats() in C:\Users\wanja\Desktop\jj\xyz-university-payment-api\xyz-university-payment-api\Presentation\Controllers\V3\DashboardControllerV3.cs:line 229
2025-07-09 10:52:22.169 +03:00 [ERR] Error retrieving student dashboard statistics {"SourceContext":"xyz_university_payment_api.Presentation.Controllers.V3.DashboardController","ActionId":"c307e3d3-e2eb-4947-8c86-54ab70aaad29","ActionName":"xyz_university_payment_api.Presentation.Controllers.V3.DashboardController.GetStudentStats (xyz-university-payment-api)","RequestId":"0HNDUNJFF2TDK:00000001","RequestPath":"/api/v3/Dashboard/student-stats","ConnectionId":"0HNDUNJFF2TDK","MachineName":"DESKTOP-F3AMJ10","ThreadId":22,"ProcessId":4912,"Application":"XYZ University Payment API"}
xyz_university_payment_api.Core.Domain.Exceptions.StudentNotFoundException: Student with ID 26 was not found.
   at xyz_university_payment_api.Core.Application.Services.StudentService.GetStudentByIdAsync(Int32 id) in C:\Users\wanja\Desktop\jj\xyz-university-payment-api\xyz-university-payment-api\Core\Application\Services\StudentService.cs:line 72
   at xyz_university_payment_api.Presentation.Controllers.V3.DashboardController.GetStudentStats() in C:\Users\wanja\Desktop\jj\xyz-university-payment-api\xyz-university-payment-api\Presentation\Controllers\V3\DashboardControllerV3.cs:line 229
2025-07-09 10:52:22.202 +03:00 [ERR] Error retrieving student dashboard statistics {"SourceContext":"xyz_university_payment_api.Presentation.Controllers.V3.DashboardController","ActionId":"c307e3d3-e2eb-4947-8c86-54ab70aaad29","ActionName":"xyz_university_payment_api.Presentation.Controllers.V3.DashboardController.GetStudentStats (xyz-university-payment-api)","RequestId":"0HNDUNJFF2TDL:00000001","RequestPath":"/api/v3/Dashboard/student-stats","ConnectionId":"0HNDUNJFF2TDL","MachineName":"DESKTOP-F3AMJ10","ThreadId":22,"ProcessId":4912,"Application":"XYZ University Payment API"}
xyz_university_payment_api.Core.Domain.Exceptions.StudentNotFoundException: Student with ID 26 was not found.
   at xyz_university_payment_api.Core.Application.Services.StudentService.GetStudentByIdAsync(Int32 id) in C:\Users\wanja\Desktop\jj\xyz-university-payment-api\xyz-university-payment-api\Core\Application\Services\StudentService.cs:line 72
   at xyz_university_payment_api.Presentation.Controllers.V3.DashboardController.GetStudentStats() in C:\Users\wanja\Desktop\jj\xyz-university-payment-api\xyz-university-payment-api\Presentation\Controllers\V3\DashboardControllerV3.cs:line 229
2025-07-09 10:52:30.846 +03:00 [ERR] Error retrieving student dashboard statistics {"SourceContext":"xyz_university_payment_api.Presentation.Controllers.V3.DashboardController","ActionId":"c307e3d3-e2eb-4947-8c86-54ab70aaad29","ActionName":"xyz_university_payment_api.Presentation.Controllers.V3.DashboardController.GetStudentStats (xyz-university-payment-api)","RequestId":"0HNDUNJFF2TDK:00000003","RequestPath":"/api/v3/Dashboard/student-stats","ConnectionId":"0HNDUNJFF2TDK","MachineName":"DESKTOP-F3AMJ10","ThreadId":22,"ProcessId":4912,"Application":"XYZ University Payment API"}
xyz_university_payment_api.Core.Domain.Exceptions.StudentNotFoundException: Student with ID 26 was not found.
   at xyz_university_payment_api.Core.Application.Services.StudentService.GetStudentByIdAsync(Int32 id) in C:\Users\wanja\Desktop\jj\xyz-university-payment-api\xyz-university-payment-api\Core\Application\Services\StudentService.cs:line 72
   at xyz_university_payment_api.Presentation.Controllers.V3.DashboardController.GetStudentStats() in C:\Users\wanja\Desktop\jj\xyz-university-payment-api\xyz-university-payment-api\Presentation\Controllers\V3\DashboardControllerV3.cs:line 229
2025-07-09 10:52:30.886 +03:00 [ERR] Error retrieving student dashboard statistics {"SourceContext":"xyz_university_payment_api.Presentation.Controllers.V3.DashboardController","ActionId":"c307e3d3-e2eb-4947-8c86-54ab70aaad29","ActionName":"xyz_university_payment_api.Presentation.Controllers.V3.DashboardController.GetStudentStats (xyz-university-payment-api)","RequestId":"0HNDUNJFF2TDL:00000003","RequestPath":"/api/v3/Dashboard/student-stats","ConnectionId":"0HNDUNJFF2TDL","MachineName":"DESKTOP-F3AMJ10","ThreadId":22,"ProcessId":4912,"Application":"XYZ University Payment API"}
xyz_university_payment_api.Core.Domain.Exceptions.StudentNotFoundException: Student with ID 26 was not found.
   at xyz_university_payment_api.Core.Application.Services.StudentService.GetStudentByIdAsync(Int32 id) in C:\Users\wanja\Desktop\jj\xyz-university-payment-api\xyz-university-payment-api\Core\Application\Services\StudentService.cs:line 72
   at xyz_university_payment_api.Presentation.Controllers.V3.DashboardController.GetStudentStats() in C:\Users\wanja\Desktop\jj\xyz-university-payment-api\xyz-university-payment-api\Presentation\Controllers\V3\DashboardControllerV3.cs:line 229
2025-07-09 10:54:01.335 +03:00 [ERR] Error retrieving student dashboard statistics {"SourceContext":"xyz_university_payment_api.Presentation.Controllers.V3.DashboardController","ActionId":"c307e3d3-e2eb-4947-8c86-54ab70aaad29","ActionName":"xyz_university_payment_api.Presentation.Controllers.V3.DashboardController.GetStudentStats (xyz-university-payment-api)","RequestId":"0HNDUNJFF2TE3:00000002","RequestPath":"/api/v3/Dashboard/student-stats","ConnectionId":"0HNDUNJFF2TE3","MachineName":"DESKTOP-F3AMJ10","ThreadId":25,"ProcessId":4912,"Application":"XYZ University Payment API"}
xyz_university_payment_api.Core.Domain.Exceptions.StudentNotFoundException: Student with ID 26 was not found.
   at xyz_university_payment_api.Core.Application.Services.StudentService.GetStudentByIdAsync(Int32 id) in C:\Users\wanja\Desktop\jj\xyz-university-payment-api\xyz-university-payment-api\Core\Application\Services\StudentService.cs:line 72
   at xyz_university_payment_api.Presentation.Controllers.V3.DashboardController.GetStudentStats() in C:\Users\wanja\Desktop\jj\xyz-university-payment-api\xyz-university-payment-api\Presentation\Controllers\V3\DashboardControllerV3.cs:line 229
2025-07-09 10:54:01.377 +03:00 [ERR] Error retrieving student dashboard statistics {"SourceContext":"xyz_university_payment_api.Presentation.Controllers.V3.DashboardController","ActionId":"c307e3d3-e2eb-4947-8c86-54ab70aaad29","ActionName":"xyz_university_payment_api.Presentation.Controllers.V3.DashboardController.GetStudentStats (xyz-university-payment-api)","RequestId":"0HNDUNJFF2TE2:00000004","RequestPath":"/api/v3/Dashboard/student-stats","ConnectionId":"0HNDUNJFF2TE2","MachineName":"DESKTOP-F3AMJ10","ThreadId":25,"ProcessId":4912,"Application":"XYZ University Payment API"}
xyz_university_payment_api.Core.Domain.Exceptions.StudentNotFoundException: Student with ID 26 was not found.
   at xyz_university_payment_api.Core.Application.Services.StudentService.GetStudentByIdAsync(Int32 id) in C:\Users\wanja\Desktop\jj\xyz-university-payment-api\xyz-university-payment-api\Core\Application\Services\StudentService.cs:line 72
   at xyz_university_payment_api.Presentation.Controllers.V3.DashboardController.GetStudentStats() in C:\Users\wanja\Desktop\jj\xyz-university-payment-api\xyz-university-payment-api\Presentation\Controllers\V3\DashboardControllerV3.cs:line 229
2025-07-09 10:54:14.640 +03:00 [ERR] Error retrieving student dashboard statistics {"SourceContext":"xyz_university_payment_api.Presentation.Controllers.V3.DashboardController","ActionId":"c307e3d3-e2eb-4947-8c86-54ab70aaad29","ActionName":"xyz_university_payment_api.Presentation.Controllers.V3.DashboardController.GetStudentStats (xyz-university-payment-api)","RequestId":"0HNDUNJFF2TE4:00000022","RequestPath":"/api/v3/Dashboard/student-stats","ConnectionId":"0HNDUNJFF2TE4","MachineName":"DESKTOP-F3AMJ10","ThreadId":35,"ProcessId":4912,"Application":"XYZ University Payment API"}
xyz_university_payment_api.Core.Domain.Exceptions.StudentNotFoundException: Student with ID 26 was not found.
   at xyz_university_payment_api.Core.Application.Services.StudentService.GetStudentByIdAsync(Int32 id) in C:\Users\wanja\Desktop\jj\xyz-university-payment-api\xyz-university-payment-api\Core\Application\Services\StudentService.cs:line 72
   at xyz_university_payment_api.Presentation.Controllers.V3.DashboardController.GetStudentStats() in C:\Users\wanja\Desktop\jj\xyz-university-payment-api\xyz-university-payment-api\Presentation\Controllers\V3\DashboardControllerV3.cs:line 229
2025-07-09 10:54:14.677 +03:00 [ERR] Error retrieving student dashboard statistics {"SourceContext":"xyz_university_payment_api.Presentation.Controllers.V3.DashboardController","ActionId":"c307e3d3-e2eb-4947-8c86-54ab70aaad29","ActionName":"xyz_university_payment_api.Presentation.Controllers.V3.DashboardController.GetStudentStats (xyz-university-payment-api)","RequestId":"0HNDUNJFF2TE5:00000001","RequestPath":"/api/v3/Dashboard/student-stats","ConnectionId":"0HNDUNJFF2TE5","MachineName":"DESKTOP-F3AMJ10","ThreadId":36,"ProcessId":4912,"Application":"XYZ University Payment API"}
xyz_university_payment_api.Core.Domain.Exceptions.StudentNotFoundException: Student with ID 26 was not found.
   at xyz_university_payment_api.Core.Application.Services.StudentService.GetStudentByIdAsync(Int32 id) in C:\Users\wanja\Desktop\jj\xyz-university-payment-api\xyz-university-payment-api\Core\Application\Services\StudentService.cs:line 72
   at xyz_university_payment_api.Presentation.Controllers.V3.DashboardController.GetStudentStats() in C:\Users\wanja\Desktop\jj\xyz-university-payment-api\xyz-university-payment-api\Presentation\Controllers\V3\DashboardControllerV3.cs:line 229
2025-07-09 10:56:49.826 +03:00 [ERR] Error retrieving student dashboard statistics {"SourceContext":"xyz_university_payment_api.Presentation.Controllers.V3.DashboardController","ActionId":"c307e3d3-e2eb-4947-8c86-54ab70aaad29","ActionName":"xyz_university_payment_api.Presentation.Controllers.V3.DashboardController.GetStudentStats (xyz-university-payment-api)","RequestId":"0HNDUNJFF2TE6:00000002","RequestPath":"/api/v3/Dashboard/student-stats","ConnectionId":"0HNDUNJFF2TE6","MachineName":"DESKTOP-F3AMJ10","ThreadId":39,"ProcessId":4912,"Application":"XYZ University Payment API"}
xyz_university_payment_api.Core.Domain.Exceptions.StudentNotFoundException: Student with ID 26 was not found.
   at xyz_university_payment_api.Core.Application.Services.StudentService.GetStudentByIdAsync(Int32 id) in C:\Users\wanja\Desktop\jj\xyz-university-payment-api\xyz-university-payment-api\Core\Application\Services\StudentService.cs:line 72
   at xyz_university_payment_api.Presentation.Controllers.V3.DashboardController.GetStudentStats() in C:\Users\wanja\Desktop\jj\xyz-university-payment-api\xyz-university-payment-api\Presentation\Controllers\V3\DashboardControllerV3.cs:line 229
2025-07-09 10:56:49.859 +03:00 [ERR] Error retrieving student dashboard statistics {"SourceContext":"xyz_university_payment_api.Presentation.Controllers.V3.DashboardController","ActionId":"c307e3d3-e2eb-4947-8c86-54ab70aaad29","ActionName":"xyz_university_payment_api.Presentation.Controllers.V3.DashboardController.GetStudentStats (xyz-university-payment-api)","RequestId":"0HNDUNJFF2TE7:00000002","RequestPath":"/api/v3/Dashboard/student-stats","ConnectionId":"0HNDUNJFF2TE7","MachineName":"DESKTOP-F3AMJ10","ThreadId":39,"ProcessId":4912,"Application":"XYZ University Payment API"}
xyz_university_payment_api.Core.Domain.Exceptions.StudentNotFoundException: Student with ID 26 was not found.
   at xyz_university_payment_api.Core.Application.Services.StudentService.GetStudentByIdAsync(Int32 id) in C:\Users\wanja\Desktop\jj\xyz-university-payment-api\xyz-university-payment-api\Core\Application\Services\StudentService.cs:line 72
   at xyz_university_payment_api.Presentation.Controllers.V3.DashboardController.GetStudentStats() in C:\Users\wanja\Desktop\jj\xyz-university-payment-api\xyz-university-payment-api\Presentation\Controllers\V3\DashboardControllerV3.cs:line 229
2025-07-09 10:56:50.881 +03:00 [ERR] Error retrieving student dashboard statistics {"SourceContext":"xyz_university_payment_api.Presentation.Controllers.V3.DashboardController","ActionId":"c307e3d3-e2eb-4947-8c86-54ab70aaad29","ActionName":"xyz_university_payment_api.Presentation.Controllers.V3.DashboardController.GetStudentStats (xyz-university-payment-api)","RequestId":"0HNDUNJFF2TE7:00000003","RequestPath":"/api/v3/Dashboard/student-stats","ConnectionId":"0HNDUNJFF2TE7","MachineName":"DESKTOP-F3AMJ10","ThreadId":30,"ProcessId":4912,"Application":"XYZ University Payment API"}
xyz_university_payment_api.Core.Domain.Exceptions.StudentNotFoundException: Student with ID 26 was not found.
   at xyz_university_payment_api.Core.Application.Services.StudentService.GetStudentByIdAsync(Int32 id) in C:\Users\wanja\Desktop\jj\xyz-university-payment-api\xyz-university-payment-api\Core\Application\Services\StudentService.cs:line 72
   at xyz_university_payment_api.Presentation.Controllers.V3.DashboardController.GetStudentStats() in C:\Users\wanja\Desktop\jj\xyz-university-payment-api\xyz-university-payment-api\Presentation\Controllers\V3\DashboardControllerV3.cs:line 229
2025-07-09 10:56:50.926 +03:00 [ERR] Error retrieving student dashboard statistics {"SourceContext":"xyz_university_payment_api.Presentation.Controllers.V3.DashboardController","ActionId":"c307e3d3-e2eb-4947-8c86-54ab70aaad29","ActionName":"xyz_university_payment_api.Presentation.Controllers.V3.DashboardController.GetStudentStats (xyz-university-payment-api)","RequestId":"0HNDUNJFF2TE6:00000003","RequestPath":"/api/v3/Dashboard/student-stats","ConnectionId":"0HNDUNJFF2TE6","MachineName":"DESKTOP-F3AMJ10","ThreadId":30,"ProcessId":4912,"Application":"XYZ University Payment API"}
xyz_university_payment_api.Core.Domain.Exceptions.StudentNotFoundException: Student with ID 26 was not found.
   at xyz_university_payment_api.Core.Application.Services.StudentService.GetStudentByIdAsync(Int32 id) in C:\Users\wanja\Desktop\jj\xyz-university-payment-api\xyz-university-payment-api\Core\Application\Services\StudentService.cs:line 72
   at xyz_university_payment_api.Presentation.Controllers.V3.DashboardController.GetStudentStats() in C:\Users\wanja\Desktop\jj\xyz-university-payment-api\xyz-university-payment-api\Presentation\Controllers\V3\DashboardControllerV3.cs:line 229
2025-07-09 10:56:51.787 +03:00 [ERR] Error retrieving student dashboard statistics {"SourceContext":"xyz_university_payment_api.Presentation.Controllers.V3.DashboardController","ActionId":"c307e3d3-e2eb-4947-8c86-54ab70aaad29","ActionName":"xyz_university_payment_api.Presentation.Controllers.V3.DashboardController.GetStudentStats (xyz-university-payment-api)","RequestId":"0HNDUNJFF2TE6:00000004","RequestPath":"/api/v3/Dashboard/student-stats","ConnectionId":"0HNDUNJFF2TE6","MachineName":"DESKTOP-F3AMJ10","ThreadId":30,"ProcessId":4912,"Application":"XYZ University Payment API"}
xyz_university_payment_api.Core.Domain.Exceptions.StudentNotFoundException: Student with ID 26 was not found.
   at xyz_university_payment_api.Core.Application.Services.StudentService.GetStudentByIdAsync(Int32 id) in C:\Users\wanja\Desktop\jj\xyz-university-payment-api\xyz-university-payment-api\Core\Application\Services\StudentService.cs:line 72
   at xyz_university_payment_api.Presentation.Controllers.V3.DashboardController.GetStudentStats() in C:\Users\wanja\Desktop\jj\xyz-university-payment-api\xyz-university-payment-api\Presentation\Controllers\V3\DashboardControllerV3.cs:line 229
2025-07-09 10:56:51.821 +03:00 [ERR] Error retrieving student dashboard statistics {"SourceContext":"xyz_university_payment_api.Presentation.Controllers.V3.DashboardController","ActionId":"c307e3d3-e2eb-4947-8c86-54ab70aaad29","ActionName":"xyz_university_payment_api.Presentation.Controllers.V3.DashboardController.GetStudentStats (xyz-university-payment-api)","RequestId":"0HNDUNJFF2TE7:00000004","RequestPath":"/api/v3/Dashboard/student-stats","ConnectionId":"0HNDUNJFF2TE7","MachineName":"DESKTOP-F3AMJ10","ThreadId":30,"ProcessId":4912,"Application":"XYZ University Payment API"}
xyz_university_payment_api.Core.Domain.Exceptions.StudentNotFoundException: Student with ID 26 was not found.
   at xyz_university_payment_api.Core.Application.Services.StudentService.GetStudentByIdAsync(Int32 id) in C:\Users\wanja\Desktop\jj\xyz-university-payment-api\xyz-university-payment-api\Core\Application\Services\StudentService.cs:line 72
   at xyz_university_payment_api.Presentation.Controllers.V3.DashboardController.GetStudentStats() in C:\Users\wanja\Desktop\jj\xyz-university-payment-api\xyz-university-payment-api\Presentation\Controllers\V3\DashboardControllerV3.cs:line 229
2025-07-09 10:56:54.802 +03:00 [ERR] Error retrieving student dashboard statistics {"SourceContext":"xyz_university_payment_api.Presentation.Controllers.V3.DashboardController","ActionId":"c307e3d3-e2eb-4947-8c86-54ab70aaad29","ActionName":"xyz_university_payment_api.Presentation.Controllers.V3.DashboardController.GetStudentStats (xyz-university-payment-api)","RequestId":"0HNDUNJFF2TE7:00000005","RequestPath":"/api/v3/Dashboard/student-stats","ConnectionId":"0HNDUNJFF2TE7","MachineName":"DESKTOP-F3AMJ10","ThreadId":37,"ProcessId":4912,"Application":"XYZ University Payment API"}
xyz_university_payment_api.Core.Domain.Exceptions.StudentNotFoundException: Student with ID 26 was not found.
   at xyz_university_payment_api.Core.Application.Services.StudentService.GetStudentByIdAsync(Int32 id) in C:\Users\wanja\Desktop\jj\xyz-university-payment-api\xyz-university-payment-api\Core\Application\Services\StudentService.cs:line 72
   at xyz_university_payment_api.Presentation.Controllers.V3.DashboardController.GetStudentStats() in C:\Users\wanja\Desktop\jj\xyz-university-payment-api\xyz-university-payment-api\Presentation\Controllers\V3\DashboardControllerV3.cs:line 229
2025-07-09 10:56:54.834 +03:00 [ERR] Error retrieving student dashboard statistics {"SourceContext":"xyz_university_payment_api.Presentation.Controllers.V3.DashboardController","ActionId":"c307e3d3-e2eb-4947-8c86-54ab70aaad29","ActionName":"xyz_university_payment_api.Presentation.Controllers.V3.DashboardController.GetStudentStats (xyz-university-payment-api)","RequestId":"0HNDUNJFF2TE6:00000005","RequestPath":"/api/v3/Dashboard/student-stats","ConnectionId":"0HNDUNJFF2TE6","MachineName":"DESKTOP-F3AMJ10","ThreadId":37,"ProcessId":4912,"Application":"XYZ University Payment API"}
xyz_university_payment_api.Core.Domain.Exceptions.StudentNotFoundException: Student with ID 26 was not found.
   at xyz_university_payment_api.Core.Application.Services.StudentService.GetStudentByIdAsync(Int32 id) in C:\Users\wanja\Desktop\jj\xyz-university-payment-api\xyz-university-payment-api\Core\Application\Services\StudentService.cs:line 72
   at xyz_university_payment_api.Presentation.Controllers.V3.DashboardController.GetStudentStats() in C:\Users\wanja\Desktop\jj\xyz-university-payment-api\xyz-university-payment-api\Presentation\Controllers\V3\DashboardControllerV3.cs:line 229
2025-07-09 11:13:12.938 +03:00 [ERR] Error retrieving student dashboard statistics {"SourceContext":"xyz_university_payment_api.Presentation.Controllers.V3.DashboardController","ActionId":"c307e3d3-e2eb-4947-8c86-54ab70aaad29","ActionName":"xyz_university_payment_api.Presentation.Controllers.V3.DashboardController.GetStudentStats (xyz-university-payment-api)","RequestId":"0HNDUNJFF2TE9:00000002","RequestPath":"/api/v3/Dashboard/student-stats","ConnectionId":"0HNDUNJFF2TE9","MachineName":"DESKTOP-F3AMJ10","ThreadId":52,"ProcessId":4912,"Application":"XYZ University Payment API"}
xyz_university_payment_api.Core.Domain.Exceptions.StudentNotFoundException: Student with ID 26 was not found.
   at xyz_university_payment_api.Core.Application.Services.StudentService.GetStudentByIdAsync(Int32 id) in C:\Users\wanja\Desktop\jj\xyz-university-payment-api\xyz-university-payment-api\Core\Application\Services\StudentService.cs:line 72
   at xyz_university_payment_api.Presentation.Controllers.V3.DashboardController.GetStudentStats() in C:\Users\wanja\Desktop\jj\xyz-university-payment-api\xyz-university-payment-api\Presentation\Controllers\V3\DashboardControllerV3.cs:line 229
2025-07-09 11:13:12.984 +03:00 [ERR] Error retrieving student dashboard statistics {"SourceContext":"xyz_university_payment_api.Presentation.Controllers.V3.DashboardController","ActionId":"c307e3d3-e2eb-4947-8c86-54ab70aaad29","ActionName":"xyz_university_payment_api.Presentation.Controllers.V3.DashboardController.GetStudentStats (xyz-university-payment-api)","RequestId":"0HNDUNJFF2TE8:00000002","RequestPath":"/api/v3/Dashboard/student-stats","ConnectionId":"0HNDUNJFF2TE8","MachineName":"DESKTOP-F3AMJ10","ThreadId":52,"ProcessId":4912,"Application":"XYZ University Payment API"}
xyz_university_payment_api.Core.Domain.Exceptions.StudentNotFoundException: Student with ID 26 was not found.
   at xyz_university_payment_api.Core.Application.Services.StudentService.GetStudentByIdAsync(Int32 id) in C:\Users\wanja\Desktop\jj\xyz-university-payment-api\xyz-university-payment-api\Core\Application\Services\StudentService.cs:line 72
   at xyz_university_payment_api.Presentation.Controllers.V3.DashboardController.GetStudentStats() in C:\Users\wanja\Desktop\jj\xyz-university-payment-api\xyz-university-payment-api\Presentation\Controllers\V3\DashboardControllerV3.cs:line 229
2025-07-09 11:13:14.139 +03:00 [ERR] Error retrieving student dashboard statistics {"SourceContext":"xyz_university_payment_api.Presentation.Controllers.V3.DashboardController","ActionId":"c307e3d3-e2eb-4947-8c86-54ab70aaad29","ActionName":"xyz_university_payment_api.Presentation.Controllers.V3.DashboardController.GetStudentStats (xyz-university-payment-api)","RequestId":"0HNDUNJFF2TE8:00000003","RequestPath":"/api/v3/Dashboard/student-stats","ConnectionId":"0HNDUNJFF2TE8","MachineName":"DESKTOP-F3AMJ10","ThreadId":50,"ProcessId":4912,"Application":"XYZ University Payment API"}
xyz_university_payment_api.Core.Domain.Exceptions.StudentNotFoundException: Student with ID 26 was not found.
   at xyz_university_payment_api.Core.Application.Services.StudentService.GetStudentByIdAsync(Int32 id) in C:\Users\wanja\Desktop\jj\xyz-university-payment-api\xyz-university-payment-api\Core\Application\Services\StudentService.cs:line 72
   at xyz_university_payment_api.Presentation.Controllers.V3.DashboardController.GetStudentStats() in C:\Users\wanja\Desktop\jj\xyz-university-payment-api\xyz-university-payment-api\Presentation\Controllers\V3\DashboardControllerV3.cs:line 229
2025-07-09 11:13:14.168 +03:00 [ERR] Error retrieving student dashboard statistics {"SourceContext":"xyz_university_payment_api.Presentation.Controllers.V3.DashboardController","ActionId":"c307e3d3-e2eb-4947-8c86-54ab70aaad29","ActionName":"xyz_university_payment_api.Presentation.Controllers.V3.DashboardController.GetStudentStats (xyz-university-payment-api)","RequestId":"0HNDUNJFF2TE9:00000003","RequestPath":"/api/v3/Dashboard/student-stats","ConnectionId":"0HNDUNJFF2TE9","MachineName":"DESKTOP-F3AMJ10","ThreadId":50,"ProcessId":4912,"Application":"XYZ University Payment API"}
xyz_university_payment_api.Core.Domain.Exceptions.StudentNotFoundException: Student with ID 26 was not found.
   at xyz_university_payment_api.Core.Application.Services.StudentService.GetStudentByIdAsync(Int32 id) in C:\Users\wanja\Desktop\jj\xyz-university-payment-api\xyz-university-payment-api\Core\Application\Services\StudentService.cs:line 72
   at xyz_university_payment_api.Presentation.Controllers.V3.DashboardController.GetStudentStats() in C:\Users\wanja\Desktop\jj\xyz-university-payment-api\xyz-university-payment-api\Presentation\Controllers\V3\DashboardControllerV3.cs:line 229
2025-07-09 11:13:15.298 +03:00 [ERR] Error retrieving student dashboard statistics {"SourceContext":"xyz_university_payment_api.Presentation.Controllers.V3.DashboardController","ActionId":"c307e3d3-e2eb-4947-8c86-54ab70aaad29","ActionName":"xyz_university_payment_api.Presentation.Controllers.V3.DashboardController.GetStudentStats (xyz-university-payment-api)","RequestId":"0HNDUNJFF2TE9:00000004","RequestPath":"/api/v3/Dashboard/student-stats","ConnectionId":"0HNDUNJFF2TE9","MachineName":"DESKTOP-F3AMJ10","ThreadId":52,"ProcessId":4912,"Application":"XYZ University Payment API"}
xyz_university_payment_api.Core.Domain.Exceptions.StudentNotFoundException: Student with ID 26 was not found.
   at xyz_university_payment_api.Core.Application.Services.StudentService.GetStudentByIdAsync(Int32 id) in C:\Users\wanja\Desktop\jj\xyz-university-payment-api\xyz-university-payment-api\Core\Application\Services\StudentService.cs:line 72
   at xyz_university_payment_api.Presentation.Controllers.V3.DashboardController.GetStudentStats() in C:\Users\wanja\Desktop\jj\xyz-university-payment-api\xyz-university-payment-api\Presentation\Controllers\V3\DashboardControllerV3.cs:line 229
2025-07-09 11:13:15.327 +03:00 [ERR] Error retrieving student dashboard statistics {"SourceContext":"xyz_university_payment_api.Presentation.Controllers.V3.DashboardController","ActionId":"c307e3d3-e2eb-4947-8c86-54ab70aaad29","ActionName":"xyz_university_payment_api.Presentation.Controllers.V3.DashboardController.GetStudentStats (xyz-university-payment-api)","RequestId":"0HNDUNJFF2TE8:00000004","RequestPath":"/api/v3/Dashboard/student-stats","ConnectionId":"0HNDUNJFF2TE8","MachineName":"DESKTOP-F3AMJ10","ThreadId":52,"ProcessId":4912,"Application":"XYZ University Payment API"}
xyz_university_payment_api.Core.Domain.Exceptions.StudentNotFoundException: Student with ID 26 was not found.
   at xyz_university_payment_api.Core.Application.Services.StudentService.GetStudentByIdAsync(Int32 id) in C:\Users\wanja\Desktop\jj\xyz-university-payment-api\xyz-university-payment-api\Core\Application\Services\StudentService.cs:line 72
   at xyz_university_payment_api.Presentation.Controllers.V3.DashboardController.GetStudentStats() in C:\Users\wanja\Desktop\jj\xyz-university-payment-api\xyz-university-payment-api\Presentation\Controllers\V3\DashboardControllerV3.cs:line 229
2025-07-09 11:13:17.420 +03:00 [ERR] Error retrieving student dashboard statistics {"SourceContext":"xyz_university_payment_api.Presentation.Controllers.V3.DashboardController","ActionId":"c307e3d3-e2eb-4947-8c86-54ab70aaad29","ActionName":"xyz_university_payment_api.Presentation.Controllers.V3.DashboardController.GetStudentStats (xyz-university-payment-api)","RequestId":"0HNDUNJFF2TE8:00000005","RequestPath":"/api/v3/Dashboard/student-stats","ConnectionId":"0HNDUNJFF2TE8","MachineName":"DESKTOP-F3AMJ10","ThreadId":52,"ProcessId":4912,"Application":"XYZ University Payment API"}
xyz_university_payment_api.Core.Domain.Exceptions.StudentNotFoundException: Student with ID 26 was not found.
   at xyz_university_payment_api.Core.Application.Services.StudentService.GetStudentByIdAsync(Int32 id) in C:\Users\wanja\Desktop\jj\xyz-university-payment-api\xyz-university-payment-api\Core\Application\Services\StudentService.cs:line 72
   at xyz_university_payment_api.Presentation.Controllers.V3.DashboardController.GetStudentStats() in C:\Users\wanja\Desktop\jj\xyz-university-payment-api\xyz-university-payment-api\Presentation\Controllers\V3\DashboardControllerV3.cs:line 229
2025-07-09 11:13:17.450 +03:00 [ERR] Error retrieving student dashboard statistics {"SourceContext":"xyz_university_payment_api.Presentation.Controllers.V3.DashboardController","ActionId":"c307e3d3-e2eb-4947-8c86-54ab70aaad29","ActionName":"xyz_university_payment_api.Presentation.Controllers.V3.DashboardController.GetStudentStats (xyz-university-payment-api)","RequestId":"0HNDUNJFF2TE9:00000005","RequestPath":"/api/v3/Dashboard/student-stats","ConnectionId":"0HNDUNJFF2TE9","MachineName":"DESKTOP-F3AMJ10","ThreadId":52,"ProcessId":4912,"Application":"XYZ University Payment API"}
xyz_university_payment_api.Core.Domain.Exceptions.StudentNotFoundException: Student with ID 26 was not found.
   at xyz_university_payment_api.Core.Application.Services.StudentService.GetStudentByIdAsync(Int32 id) in C:\Users\wanja\Desktop\jj\xyz-university-payment-api\xyz-university-payment-api\Core\Application\Services\StudentService.cs:line 72
   at xyz_university_payment_api.Presentation.Controllers.V3.DashboardController.GetStudentStats() in C:\Users\wanja\Desktop\jj\xyz-university-payment-api\xyz-university-payment-api\Presentation\Controllers\V3\DashboardControllerV3.cs:line 229
2025-07-09 11:13:18.458 +03:00 [ERR] Error retrieving student dashboard statistics {"SourceContext":"xyz_university_payment_api.Presentation.Controllers.V3.DashboardController","ActionId":"c307e3d3-e2eb-4947-8c86-54ab70aaad29","ActionName":"xyz_university_payment_api.Presentation.Controllers.V3.DashboardController.GetStudentStats (xyz-university-payment-api)","RequestId":"0HNDUNJFF2TE8:00000007","RequestPath":"/api/v3/Dashboard/student-stats","ConnectionId":"0HNDUNJFF2TE8","MachineName":"DESKTOP-F3AMJ10","ThreadId":56,"ProcessId":4912,"Application":"XYZ University Payment API"}
xyz_university_payment_api.Core.Domain.Exceptions.StudentNotFoundException: Student with ID 26 was not found.
   at xyz_university_payment_api.Core.Application.Services.StudentService.GetStudentByIdAsync(Int32 id) in C:\Users\wanja\Desktop\jj\xyz-university-payment-api\xyz-university-payment-api\Core\Application\Services\StudentService.cs:line 72
   at xyz_university_payment_api.Presentation.Controllers.V3.DashboardController.GetStudentStats() in C:\Users\wanja\Desktop\jj\xyz-university-payment-api\xyz-university-payment-api\Presentation\Controllers\V3\DashboardControllerV3.cs:line 229
2025-07-09 11:13:18.489 +03:00 [ERR] Error retrieving student dashboard statistics {"SourceContext":"xyz_university_payment_api.Presentation.Controllers.V3.DashboardController","ActionId":"c307e3d3-e2eb-4947-8c86-54ab70aaad29","ActionName":"xyz_university_payment_api.Presentation.Controllers.V3.DashboardController.GetStudentStats (xyz-university-payment-api)","RequestId":"0HNDUNJFF2TE9:00000007","RequestPath":"/api/v3/Dashboard/student-stats","ConnectionId":"0HNDUNJFF2TE9","MachineName":"DESKTOP-F3AMJ10","ThreadId":56,"ProcessId":4912,"Application":"XYZ University Payment API"}
xyz_university_payment_api.Core.Domain.Exceptions.StudentNotFoundException: Student with ID 26 was not found.
   at xyz_university_payment_api.Core.Application.Services.StudentService.GetStudentByIdAsync(Int32 id) in C:\Users\wanja\Desktop\jj\xyz-university-payment-api\xyz-university-payment-api\Core\Application\Services\StudentService.cs:line 72
   at xyz_university_payment_api.Presentation.Controllers.V3.DashboardController.GetStudentStats() in C:\Users\wanja\Desktop\jj\xyz-university-payment-api\xyz-university-payment-api\Presentation\Controllers\V3\DashboardControllerV3.cs:line 229
2025-07-09 11:13:54.444 +03:00 [ERR] Error retrieving student dashboard statistics {"SourceContext":"xyz_university_payment_api.Presentation.Controllers.V3.DashboardController","ActionId":"c307e3d3-e2eb-4947-8c86-54ab70aaad29","ActionName":"xyz_university_payment_api.Presentation.Controllers.V3.DashboardController.GetStudentStats (xyz-university-payment-api)","RequestId":"0HNDUNJFF2TEB:00000002","RequestPath":"/api/v3/Dashboard/student-stats","ConnectionId":"0HNDUNJFF2TEB","MachineName":"DESKTOP-F3AMJ10","ThreadId":52,"ProcessId":4912,"Application":"XYZ University Payment API"}
xyz_university_payment_api.Core.Domain.Exceptions.StudentNotFoundException: Student with ID 26 was not found.
   at xyz_university_payment_api.Core.Application.Services.StudentService.GetStudentByIdAsync(Int32 id) in C:\Users\wanja\Desktop\jj\xyz-university-payment-api\xyz-university-payment-api\Core\Application\Services\StudentService.cs:line 72
   at xyz_university_payment_api.Presentation.Controllers.V3.DashboardController.GetStudentStats() in C:\Users\wanja\Desktop\jj\xyz-university-payment-api\xyz-university-payment-api\Presentation\Controllers\V3\DashboardControllerV3.cs:line 229
2025-07-09 11:13:54.476 +03:00 [ERR] Error retrieving student dashboard statistics {"SourceContext":"xyz_university_payment_api.Presentation.Controllers.V3.DashboardController","ActionId":"c307e3d3-e2eb-4947-8c86-54ab70aaad29","ActionName":"xyz_university_payment_api.Presentation.Controllers.V3.DashboardController.GetStudentStats (xyz-university-payment-api)","RequestId":"0HNDUNJFF2TEA:00000002","RequestPath":"/api/v3/Dashboard/student-stats","ConnectionId":"0HNDUNJFF2TEA","MachineName":"DESKTOP-F3AMJ10","ThreadId":50,"ProcessId":4912,"Application":"XYZ University Payment API"}
xyz_university_payment_api.Core.Domain.Exceptions.StudentNotFoundException: Student with ID 26 was not found.
   at xyz_university_payment_api.Core.Application.Services.StudentService.GetStudentByIdAsync(Int32 id) in C:\Users\wanja\Desktop\jj\xyz-university-payment-api\xyz-university-payment-api\Core\Application\Services\StudentService.cs:line 72
   at xyz_university_payment_api.Presentation.Controllers.V3.DashboardController.GetStudentStats() in C:\Users\wanja\Desktop\jj\xyz-university-payment-api\xyz-university-payment-api\Presentation\Controllers\V3\DashboardControllerV3.cs:line 229
2025-07-09 11:13:55.421 +03:00 [ERR] Error retrieving student dashboard statistics {"SourceContext":"xyz_university_payment_api.Presentation.Controllers.V3.DashboardController","ActionId":"c307e3d3-e2eb-4947-8c86-54ab70aaad29","ActionName":"xyz_university_payment_api.Presentation.Controllers.V3.DashboardController.GetStudentStats (xyz-university-payment-api)","RequestId":"0HNDUNJFF2TEA:00000003","RequestPath":"/api/v3/Dashboard/student-stats","ConnectionId":"0HNDUNJFF2TEA","MachineName":"DESKTOP-F3AMJ10","ThreadId":50,"ProcessId":4912,"Application":"XYZ University Payment API"}
xyz_university_payment_api.Core.Domain.Exceptions.StudentNotFoundException: Student with ID 26 was not found.
   at xyz_university_payment_api.Core.Application.Services.StudentService.GetStudentByIdAsync(Int32 id) in C:\Users\wanja\Desktop\jj\xyz-university-payment-api\xyz-university-payment-api\Core\Application\Services\StudentService.cs:line 72
   at xyz_university_payment_api.Presentation.Controllers.V3.DashboardController.GetStudentStats() in C:\Users\wanja\Desktop\jj\xyz-university-payment-api\xyz-university-payment-api\Presentation\Controllers\V3\DashboardControllerV3.cs:line 229
2025-07-09 11:13:55.463 +03:00 [ERR] Error retrieving student dashboard statistics {"SourceContext":"xyz_university_payment_api.Presentation.Controllers.V3.DashboardController","ActionId":"c307e3d3-e2eb-4947-8c86-54ab70aaad29","ActionName":"xyz_university_payment_api.Presentation.Controllers.V3.DashboardController.GetStudentStats (xyz-university-payment-api)","RequestId":"0HNDUNJFF2TEB:00000003","RequestPath":"/api/v3/Dashboard/student-stats","ConnectionId":"0HNDUNJFF2TEB","MachineName":"DESKTOP-F3AMJ10","ThreadId":50,"ProcessId":4912,"Application":"XYZ University Payment API"}
xyz_university_payment_api.Core.Domain.Exceptions.StudentNotFoundException: Student with ID 26 was not found.
   at xyz_university_payment_api.Core.Application.Services.StudentService.GetStudentByIdAsync(Int32 id) in C:\Users\wanja\Desktop\jj\xyz-university-payment-api\xyz-university-payment-api\Core\Application\Services\StudentService.cs:line 72
   at xyz_university_payment_api.Presentation.Controllers.V3.DashboardController.GetStudentStats() in C:\Users\wanja\Desktop\jj\xyz-university-payment-api\xyz-university-payment-api\Presentation\Controllers\V3\DashboardControllerV3.cs:line 229
2025-07-09 11:17:05.608 +03:00 [ERR] Error retrieving student dashboard statistics {"SourceContext":"xyz_university_payment_api.Presentation.Controllers.V3.DashboardController","ActionId":"c307e3d3-e2eb-4947-8c86-54ab70aaad29","ActionName":"xyz_university_payment_api.Presentation.Controllers.V3.DashboardController.GetStudentStats (xyz-university-payment-api)","RequestId":"0HNDUNJFF2TEC:00000002","RequestPath":"/api/v3/Dashboard/student-stats","ConnectionId":"0HNDUNJFF2TEC","MachineName":"DESKTOP-F3AMJ10","ThreadId":58,"ProcessId":4912,"Application":"XYZ University Payment API"}
xyz_university_payment_api.Core.Domain.Exceptions.StudentNotFoundException: Student with ID 26 was not found.
   at xyz_university_payment_api.Core.Application.Services.StudentService.GetStudentByIdAsync(Int32 id) in C:\Users\wanja\Desktop\jj\xyz-university-payment-api\xyz-university-payment-api\Core\Application\Services\StudentService.cs:line 72
   at xyz_university_payment_api.Presentation.Controllers.V3.DashboardController.GetStudentStats() in C:\Users\wanja\Desktop\jj\xyz-university-payment-api\xyz-university-payment-api\Presentation\Controllers\V3\DashboardControllerV3.cs:line 229
2025-07-09 11:17:05.657 +03:00 [ERR] Error retrieving student dashboard statistics {"SourceContext":"xyz_university_payment_api.Presentation.Controllers.V3.DashboardController","ActionId":"c307e3d3-e2eb-4947-8c86-54ab70aaad29","ActionName":"xyz_university_payment_api.Presentation.Controllers.V3.DashboardController.GetStudentStats (xyz-university-payment-api)","RequestId":"0HNDUNJFF2TED:00000002","RequestPath":"/api/v3/Dashboard/student-stats","ConnectionId":"0HNDUNJFF2TED","MachineName":"DESKTOP-F3AMJ10","ThreadId":58,"ProcessId":4912,"Application":"XYZ University Payment API"}
xyz_university_payment_api.Core.Domain.Exceptions.StudentNotFoundException: Student with ID 26 was not found.
   at xyz_university_payment_api.Core.Application.Services.StudentService.GetStudentByIdAsync(Int32 id) in C:\Users\wanja\Desktop\jj\xyz-university-payment-api\xyz-university-payment-api\Core\Application\Services\StudentService.cs:line 72
   at xyz_university_payment_api.Presentation.Controllers.V3.DashboardController.GetStudentStats() in C:\Users\wanja\Desktop\jj\xyz-university-payment-api\xyz-university-payment-api\Presentation\Controllers\V3\DashboardControllerV3.cs:line 229
2025-07-09 11:17:06.567 +03:00 [ERR] Error retrieving student dashboard statistics {"SourceContext":"xyz_university_payment_api.Presentation.Controllers.V3.DashboardController","ActionId":"c307e3d3-e2eb-4947-8c86-54ab70aaad29","ActionName":"xyz_university_payment_api.Presentation.Controllers.V3.DashboardController.GetStudentStats (xyz-university-payment-api)","RequestId":"0HNDUNJFF2TED:00000003","RequestPath":"/api/v3/Dashboard/student-stats","ConnectionId":"0HNDUNJFF2TED","MachineName":"DESKTOP-F3AMJ10","ThreadId":57,"ProcessId":4912,"Application":"XYZ University Payment API"}
xyz_university_payment_api.Core.Domain.Exceptions.StudentNotFoundException: Student with ID 26 was not found.
   at xyz_university_payment_api.Core.Application.Services.StudentService.GetStudentByIdAsync(Int32 id) in C:\Users\wanja\Desktop\jj\xyz-university-payment-api\xyz-university-payment-api\Core\Application\Services\StudentService.cs:line 72
   at xyz_university_payment_api.Presentation.Controllers.V3.DashboardController.GetStudentStats() in C:\Users\wanja\Desktop\jj\xyz-university-payment-api\xyz-university-payment-api\Presentation\Controllers\V3\DashboardControllerV3.cs:line 229
2025-07-09 11:17:06.607 +03:00 [ERR] Error retrieving student dashboard statistics {"SourceContext":"xyz_university_payment_api.Presentation.Controllers.V3.DashboardController","ActionId":"c307e3d3-e2eb-4947-8c86-54ab70aaad29","ActionName":"xyz_university_payment_api.Presentation.Controllers.V3.DashboardController.GetStudentStats (xyz-university-payment-api)","RequestId":"0HNDUNJFF2TEC:00000003","RequestPath":"/api/v3/Dashboard/student-stats","ConnectionId":"0HNDUNJFF2TEC","MachineName":"DESKTOP-F3AMJ10","ThreadId":57,"ProcessId":4912,"Application":"XYZ University Payment API"}
xyz_university_payment_api.Core.Domain.Exceptions.StudentNotFoundException: Student with ID 26 was not found.
   at xyz_university_payment_api.Core.Application.Services.StudentService.GetStudentByIdAsync(Int32 id) in C:\Users\wanja\Desktop\jj\xyz-university-payment-api\xyz-university-payment-api\Core\Application\Services\StudentService.cs:line 72
   at xyz_university_payment_api.Presentation.Controllers.V3.DashboardController.GetStudentStats() in C:\Users\wanja\Desktop\jj\xyz-university-payment-api\xyz-university-payment-api\Presentation\Controllers\V3\DashboardControllerV3.cs:line 229
