2025-07-11 12:02:03.818 +03:00 [INF] Ensuring database is created
2025-07-11 12:02:04.328 +03:00 [INF] Database created successfully
2025-07-11 12:02:04.333 +03:00 [INF] Seeding default roles and permissions
2025-07-11 12:02:04.592 +03:00 [INF] Valid data already seeded, skipping seeding process
2025-07-11 12:02:04.597 +03:00 [INF] Default roles and permissions seeded successfully
2025-07-11 12:02:04.695 +03:00 [INF] XYZ University Payment API started successfully
2025-07-11 12:02:04.781 +03:00 [INF] Configured endpoint PaymentMessage, Consumer: xyz_university_payment_api.Core.Application.Services.PaymentMessageConsumer
2025-07-11 12:02:04.790 +03:00 [INF] Configured endpoint PaymentFailedMessage, Consumer: xyz_university_payment_api.Core.Application.Services.PaymentFailedMessageConsumer
2025-07-11 12:02:05.000 +03:00 [INF] Bus started: "rabbitmq://localhost/"
2025-07-11 12:02:27.299 +03:00 [INF] GetUsers endpoint called by user: admin
2025-07-11 12:02:27.299 +03:00 [INF] GetUsers endpoint called by user: admin
2025-07-11 12:02:27.356 +03:00 [INF] Total users in database: 11
2025-07-11 12:02:27.356 +03:00 [INF] Total users in database: 11
2025-07-11 12:02:27.436 +03:00 [INF] Returning 11 users
2025-07-11 12:02:27.436 +03:00 [INF] Returning 11 users
2025-07-11 12:02:34.303 +03:00 [INF] GetUsers endpoint called by user: admin
2025-07-11 12:02:34.304 +03:00 [INF] GetUsers endpoint called by user: admin
2025-07-11 12:02:34.549 +03:00 [INF] Total users in database: 11
2025-07-11 12:02:34.549 +03:00 [INF] Total users in database: 11
2025-07-11 12:02:34.569 +03:00 [INF] Returning 11 users
2025-07-11 12:02:34.569 +03:00 [INF] Returning 11 users
2025-07-11 12:02:38.380 +03:00 [INF] Retrieving students V3 with filter: {"StudentNumber":null,"FullName":null,"Program":null,"IsActive":null,"CreatedFrom":null,"CreatedTo":null,"Tags":null,"MinTotalPayments":null,"MaxTotalPayments":null,"SearchTerm":null,"Metadata":null,"$type":"StudentFilterDtoV3"}
2025-07-11 12:02:38.396 +03:00 [INF] Current user role: Admin, User ID: 1
2025-07-11 12:02:38.460 +03:00 [INF] Retrieving students V3 with filter: {"StudentNumber":null,"FullName":null,"Program":null,"IsActive":null,"CreatedFrom":null,"CreatedTo":null,"Tags":null,"MinTotalPayments":null,"MaxTotalPayments":null,"SearchTerm":null,"Metadata":null,"$type":"StudentFilterDtoV3"}
2025-07-11 12:02:38.475 +03:00 [INF] Current user role: Admin, User ID: 1
2025-07-11 12:04:13.237 +03:00 [INF] GetUsers endpoint called by user: admin
2025-07-11 12:04:13.242 +03:00 [INF] GetUsers endpoint called by user: admin
2025-07-11 12:04:13.262 +03:00 [INF] Total users in database: 11
2025-07-11 12:04:13.263 +03:00 [INF] Total users in database: 11
2025-07-11 12:04:13.288 +03:00 [INF] Returning 11 users
2025-07-11 12:04:13.288 +03:00 [INF] Returning 11 users
2025-07-11 12:04:36.794 +03:00 [INF] GetUsers endpoint called by user: admin
2025-07-11 12:04:36.794 +03:00 [INF] GetUsers endpoint called by user: admin
2025-07-11 12:04:36.810 +03:00 [INF] Total users in database: 11
2025-07-11 12:04:36.810 +03:00 [INF] Total users in database: 11
2025-07-11 12:04:36.825 +03:00 [INF] Returning 11 users
2025-07-11 12:04:36.825 +03:00 [INF] Returning 11 users
2025-07-11 12:04:40.058 +03:00 [INF] Retrieving students V3 with filter: {"StudentNumber":null,"FullName":null,"Program":null,"IsActive":null,"CreatedFrom":null,"CreatedTo":null,"Tags":null,"MinTotalPayments":null,"MaxTotalPayments":null,"SearchTerm":null,"Metadata":null,"$type":"StudentFilterDtoV3"}
2025-07-11 12:04:40.074 +03:00 [INF] Current user role: Admin, User ID: 1
2025-07-11 12:04:54.448 +03:00 [INF] GetUsers endpoint called by user: admin
2025-07-11 12:04:54.464 +03:00 [INF] Total users in database: 11
2025-07-11 12:04:54.477 +03:00 [INF] Returning 11 users
2025-07-11 12:05:40.107 +03:00 [INF] Retrieving students V3 with filter: {"StudentNumber":null,"FullName":null,"Program":null,"IsActive":null,"CreatedFrom":null,"CreatedTo":null,"Tags":null,"MinTotalPayments":null,"MaxTotalPayments":null,"SearchTerm":null,"Metadata":null,"$type":"StudentFilterDtoV3"}
2025-07-11 12:05:40.127 +03:00 [INF] Current user role: Admin, User ID: 1
2025-07-11 12:21:46.107 +03:00 [INF] Bus stopped: "rabbitmq://localhost/"
2025-07-11 12:22:27.143 +03:00 [INF] Starting XYZ University Payment API {"MachineName":"DESKTOP-F3AMJ10","ThreadId":1,"ProcessId":21404,"Application":"XYZ University Payment API"}
