2025-07-10 10:57:19.611 +03:00 [INF] Ensuring database is created {"MachineName":"DESKTOP-F3AMJ10","ThreadId":1,"ProcessId":7236,"Application":"XYZ University Payment API"}
2025-07-10 10:57:20.798 +03:00 [INF] Database created successfully {"MachineName":"DESKTOP-F3AMJ10","ThreadId":1,"ProcessId":7236,"Application":"XYZ University Payment API"}
2025-07-10 10:57:20.802 +03:00 [INF] Seeding default roles and permissions {"MachineName":"DESKTOP-F3AMJ10","ThreadId":1,"ProcessId":7236,"Application":"XYZ University Payment API"}
2025-07-10 10:57:21.386 +03:00 [INF] Valid data already seeded, skipping seeding process {"SourceContext":"xyz_university_payment_api.Core.Application.Services.AuthorizationService","MachineName":"DESKTOP-F3AMJ10","ThreadId":9,"ProcessId":7236,"Application":"XYZ University Payment API"}
2025-07-10 10:57:21.396 +03:00 [INF] Default roles and permissions seeded successfully {"MachineName":"DESKTOP-F3AMJ10","ThreadId":9,"ProcessId":7236,"Application":"XYZ University Payment API"}
2025-07-10 10:57:21.632 +03:00 [INF] XYZ University Payment API started successfully {"MachineName":"DESKTOP-F3AMJ10","ThreadId":9,"ProcessId":7236,"Application":"XYZ University Payment API"}
2025-07-10 10:57:21.822 +03:00 [INF] Configured endpoint PaymentProcessedMessage, Consumer: xyz_university_payment_api.Core.Application.Services.PaymentProcessedMessageConsumer {"SourceContext":"MassTransit","MachineName":"DESKTOP-F3AMJ10","ThreadId":9,"ProcessId":7236,"Application":"XYZ University Payment API"}
2025-07-10 10:57:21.833 +03:00 [INF] Configured endpoint PaymentFailedMessage, Consumer: xyz_university_payment_api.Core.Application.Services.PaymentFailedMessageConsumer {"SourceContext":"MassTransit","MachineName":"DESKTOP-F3AMJ10","ThreadId":9,"ProcessId":7236,"Application":"XYZ University Payment API"}
2025-07-10 10:57:21.844 +03:00 [INF] Configured endpoint PaymentValidationMessage, Consumer: xyz_university_payment_api.Core.Application.Services.PaymentValidationMessageConsumer {"SourceContext":"MassTransit","MachineName":"DESKTOP-F3AMJ10","ThreadId":9,"ProcessId":7236,"Application":"XYZ University Payment API"}
2025-07-10 10:57:22.283 +03:00 [INF] Bus started: "rabbitmq://localhost/" {"SourceContext":"MassTransit","MachineName":"DESKTOP-F3AMJ10","ThreadId":12,"ProcessId":7236,"Application":"XYZ University Payment API"}
2025-07-10 10:58:07.976 +03:00 [WRN] Compiling a query which loads related collections for more than one collection navigation, either via 'Include' or through projection, but no 'QuerySplittingBehavior' has been configured. By default, Entity Framework will use 'QuerySplittingBehavior.SingleQuery', which can potentially result in slow query performance. See https://go.microsoft.com/fwlink/?linkid=2134277 for more information. To identify the query that's triggering this warning call 'ConfigureWarnings(w => w.Throw(RelationalEventId.MultipleCollectionIncludeWarning))'. {"EventId":{"Id":20504,"Name":"Microsoft.EntityFrameworkCore.Query.MultipleCollectionIncludeWarning"},"SourceContext":"Microsoft.EntityFrameworkCore.Query","ActionId":"9adbf760-95fa-46e4-8056-3c6d03094ec8","ActionName":"xyz_university_payment_api.Presentation.Controllers.AuthorizationController.Login (xyz-university-payment-api)","RequestId":"0HNDVGU0RASOM:00000002","RequestPath":"/api/Authorization/login","ConnectionId":"0HNDVGU0RASOM","MachineName":"DESKTOP-F3AMJ10","ThreadId":12,"ProcessId":7236,"Application":"XYZ University Payment API"}
2025-07-10 10:58:08.050 +03:00 [INF] Generated access token for user admin with 1 roles and 16 permissions {"SourceContext":"xyz_university_payment_api.Core.Application.Services.JwtTokenService","ActionId":"9adbf760-95fa-46e4-8056-3c6d03094ec8","ActionName":"xyz_university_payment_api.Presentation.Controllers.AuthorizationController.Login (xyz-university-payment-api)","RequestId":"0HNDVGU0RASOM:00000002","RequestPath":"/api/Authorization/login","ConnectionId":"0HNDVGU0RASOM","MachineName":"DESKTOP-F3AMJ10","ThreadId":19,"ProcessId":7236,"Application":"XYZ University Payment API"}
2025-07-10 10:58:08.478 +03:00 [INF] V3 GetAdminStats endpoint called {"SourceContext":"xyz_university_payment_api.Presentation.Controllers.V3.DashboardController","ActionId":"731f5257-4d4d-4aa7-bdf5-550535700f35","ActionName":"xyz_university_payment_api.Presentation.Controllers.V3.DashboardController.GetAdminStats (xyz-university-payment-api)","RequestId":"0HNDVGU0RASON:00000002","RequestPath":"/api/v3/Dashboard/admin-stats","ConnectionId":"0HNDVGU0RASON","MachineName":"DESKTOP-F3AMJ10","ThreadId":21,"ProcessId":7236,"Application":"XYZ University Payment API"}
2025-07-10 10:58:08.492 +03:00 [INF] Retrieving all students {"SourceContext":"xyz_university_payment_api.Core.Application.Services.StudentService","ActionId":"731f5257-4d4d-4aa7-bdf5-550535700f35","ActionName":"xyz_university_payment_api.Presentation.Controllers.V3.DashboardController.GetAdminStats (xyz-university-payment-api)","RequestId":"0HNDVGU0RASON:00000002","RequestPath":"/api/v3/Dashboard/admin-stats","ConnectionId":"0HNDVGU0RASON","MachineName":"DESKTOP-F3AMJ10","ThreadId":21,"ProcessId":7236,"Application":"XYZ University Payment API"}
2025-07-10 10:58:08.619 +03:00 [INF] Retrieving all payments {"SourceContext":"xyz_university_payment_api.Core.Application.Services.PaymentService","ActionId":"731f5257-4d4d-4aa7-bdf5-550535700f35","ActionName":"xyz_university_payment_api.Presentation.Controllers.V3.DashboardController.GetAdminStats (xyz-university-payment-api)","RequestId":"0HNDVGU0RASON:00000002","RequestPath":"/api/v3/Dashboard/admin-stats","ConnectionId":"0HNDVGU0RASON","MachineName":"DESKTOP-F3AMJ10","ThreadId":21,"ProcessId":7236,"Application":"XYZ University Payment API"}
2025-07-10 10:58:08.699 +03:00 [INF] V3 GetAdminStats endpoint called {"SourceContext":"xyz_university_payment_api.Presentation.Controllers.V3.DashboardController","ActionId":"731f5257-4d4d-4aa7-bdf5-550535700f35","ActionName":"xyz_university_payment_api.Presentation.Controllers.V3.DashboardController.GetAdminStats (xyz-university-payment-api)","RequestId":"0HNDVGU0RASOM:00000004","RequestPath":"/api/v3/Dashboard/admin-stats","ConnectionId":"0HNDVGU0RASOM","MachineName":"DESKTOP-F3AMJ10","ThreadId":12,"ProcessId":7236,"Application":"XYZ University Payment API"}
2025-07-10 10:58:08.712 +03:00 [INF] Retrieving all students {"SourceContext":"xyz_university_payment_api.Core.Application.Services.StudentService","ActionId":"731f5257-4d4d-4aa7-bdf5-550535700f35","ActionName":"xyz_university_payment_api.Presentation.Controllers.V3.DashboardController.GetAdminStats (xyz-university-payment-api)","RequestId":"0HNDVGU0RASOM:00000004","RequestPath":"/api/v3/Dashboard/admin-stats","ConnectionId":"0HNDVGU0RASOM","MachineName":"DESKTOP-F3AMJ10","ThreadId":12,"ProcessId":7236,"Application":"XYZ University Payment API"}
2025-07-10 10:58:08.736 +03:00 [INF] Retrieving all payments {"SourceContext":"xyz_university_payment_api.Core.Application.Services.PaymentService","ActionId":"731f5257-4d4d-4aa7-bdf5-550535700f35","ActionName":"xyz_university_payment_api.Presentation.Controllers.V3.DashboardController.GetAdminStats (xyz-university-payment-api)","RequestId":"0HNDVGU0RASOM:00000004","RequestPath":"/api/v3/Dashboard/admin-stats","ConnectionId":"0HNDVGU0RASOM","MachineName":"DESKTOP-F3AMJ10","ThreadId":12,"ProcessId":7236,"Application":"XYZ University Payment API"}
2025-07-10 10:58:39.298 +03:00 [ERR] An unhandled exception has occurred while executing the request. {"EventId":{"Id":1,"Name":"UnhandledException"},"SourceContext":"Microsoft.AspNetCore.Diagnostics.DeveloperExceptionPageMiddleware","RequestId":"0HNDVGU0RASOU:00000002","RequestPath":"/swagger/v3/swagger.json","ConnectionId":"0HNDVGU0RASOU","MachineName":"DESKTOP-F3AMJ10","ThreadId":18,"ProcessId":7236,"Application":"XYZ University Payment API"}
Swashbuckle.AspNetCore.SwaggerGen.SwaggerGeneratorException: Failed to generate Operation for action - xyz_university_payment_api.Presentation.Controllers.V3.UserControllerV3.GetUsers (xyz-university-payment-api). See inner exception
 ---> Swashbuckle.AspNetCore.SwaggerGen.SwaggerGeneratorException: Failed to generate schema for type - System.Collections.Generic.IEnumerable`1[xyz_university_payment_api.Presentation.Controllers.V3.UserDto]. See inner exception
 ---> System.InvalidOperationException: Can't use schemaId "$UserDto" for type "$xyz_university_payment_api.Presentation.Controllers.V3.UserDto". The same schemaId is already used for type "$xyz_university_payment_api.Core.Application.DTOs.UserDto"
   at Swashbuckle.AspNetCore.SwaggerGen.SchemaRepository.RegisterType(Type type, String schemaId)
   at Swashbuckle.AspNetCore.SwaggerGen.SchemaGenerator.GenerateReferencedSchema(DataContract dataContract, SchemaRepository schemaRepository, Func`1 definitionFactory)
   at Swashbuckle.AspNetCore.SwaggerGen.SchemaGenerator.GenerateConcreteSchema(DataContract dataContract, SchemaRepository schemaRepository)
   at Swashbuckle.AspNetCore.SwaggerGen.SchemaGenerator.GenerateSchemaForType(Type modelType, SchemaRepository schemaRepository)
   at Swashbuckle.AspNetCore.SwaggerGen.SchemaGenerator.GenerateSchema(Type modelType, SchemaRepository schemaRepository, MemberInfo memberInfo, ParameterInfo parameterInfo, ApiParameterRouteInfo routeInfo)
   at Swashbuckle.AspNetCore.SwaggerGen.SchemaGenerator.CreateArraySchema(DataContract dataContract, SchemaRepository schemaRepository)
   at Swashbuckle.AspNetCore.SwaggerGen.SchemaGenerator.<>c__DisplayClass13_0.<GenerateConcreteSchema>b__1()
   at Swashbuckle.AspNetCore.SwaggerGen.SchemaGenerator.GenerateConcreteSchema(DataContract dataContract, SchemaRepository schemaRepository)
   at Swashbuckle.AspNetCore.SwaggerGen.SchemaGenerator.GenerateSchemaForType(Type modelType, SchemaRepository schemaRepository)
   at Swashbuckle.AspNetCore.SwaggerGen.SchemaGenerator.GenerateSchema(Type modelType, SchemaRepository schemaRepository, MemberInfo memberInfo, ParameterInfo parameterInfo, ApiParameterRouteInfo routeInfo)
   at Swashbuckle.AspNetCore.SwaggerGen.SwaggerGenerator.GenerateSchema(Type type, SchemaRepository schemaRepository, PropertyInfo propertyInfo, ParameterInfo parameterInfo, ApiParameterRouteInfo routeInfo)
   --- End of inner exception stack trace ---
   at Swashbuckle.AspNetCore.SwaggerGen.SwaggerGenerator.GenerateSchema(Type type, SchemaRepository schemaRepository, PropertyInfo propertyInfo, ParameterInfo parameterInfo, ApiParameterRouteInfo routeInfo)
   at Swashbuckle.AspNetCore.SwaggerGen.SwaggerGenerator.CreateResponseMediaType(Type modelType, SchemaRepository schemaRepository)
   at Swashbuckle.AspNetCore.SwaggerGen.SwaggerGenerator.<>c__DisplayClass42_0.<GenerateResponse>b__2(String contentType)
   at System.Linq.Enumerable.ToDictionary[TSource,TKey,TElement](IEnumerable`1 source, Func`2 keySelector, Func`2 elementSelector, IEqualityComparer`1 comparer)
   at System.Linq.Enumerable.ToDictionary[TSource,TKey,TElement](IEnumerable`1 source, Func`2 keySelector, Func`2 elementSelector)
   at Swashbuckle.AspNetCore.SwaggerGen.SwaggerGenerator.GenerateResponse(ApiDescription apiDescription, SchemaRepository schemaRepository, String statusCode, ApiResponseType apiResponseType)
   at Swashbuckle.AspNetCore.SwaggerGen.SwaggerGenerator.GenerateResponses(ApiDescription apiDescription, SchemaRepository schemaRepository)
   at Swashbuckle.AspNetCore.SwaggerGen.SwaggerGenerator.GenerateOperationAsync(OpenApiDocument document, ApiDescription apiDescription, SchemaRepository schemaRepository, Func`3 parametersGenerator, Func`3 bodyGenerator, Func`3 applyFilters)
   --- End of inner exception stack trace ---
   at Swashbuckle.AspNetCore.SwaggerGen.SwaggerGenerator.GenerateOperationAsync(OpenApiDocument document, ApiDescription apiDescription, SchemaRepository schemaRepository, Func`3 parametersGenerator, Func`3 bodyGenerator, Func`3 applyFilters)
   at Swashbuckle.AspNetCore.SwaggerGen.SwaggerGenerator.GenerateOperationAsync(OpenApiDocument document, ApiDescription apiDescription, SchemaRepository schemaRepository)
   at Swashbuckle.AspNetCore.SwaggerGen.SwaggerGenerator.GenerateOperationsAsync(OpenApiDocument document, IEnumerable`1 apiDescriptions, SchemaRepository schemaRepository)
   at Swashbuckle.AspNetCore.SwaggerGen.SwaggerGenerator.GeneratePathsAsync(OpenApiDocument document, IEnumerable`1 apiDescriptions, SchemaRepository schemaRepository, Func`4 operationsGenerator)
   at Swashbuckle.AspNetCore.SwaggerGen.SwaggerGenerator.GeneratePathsAsync(OpenApiDocument document, IEnumerable`1 apiDescriptions, SchemaRepository schemaRepository)
   at Swashbuckle.AspNetCore.SwaggerGen.SwaggerGenerator.GetSwaggerAsync(String documentName, String host, String basePath)
   at Swashbuckle.AspNetCore.Swagger.SwaggerMiddleware.Invoke(HttpContext httpContext, ISwaggerProvider swaggerProvider)
   at Microsoft.AspNetCore.Diagnostics.DeveloperExceptionPageMiddlewareImpl.Invoke(HttpContext context)
2025-07-10 10:58:41.564 +03:00 [ERR] An unhandled exception has occurred while executing the request. {"EventId":{"Id":1,"Name":"UnhandledException"},"SourceContext":"Microsoft.AspNetCore.Diagnostics.DeveloperExceptionPageMiddleware","RequestId":"0HNDVGU0RASOU:00000004","RequestPath":"/swagger/v3/swagger.json","ConnectionId":"0HNDVGU0RASOU","MachineName":"DESKTOP-F3AMJ10","ThreadId":18,"ProcessId":7236,"Application":"XYZ University Payment API"}
Swashbuckle.AspNetCore.SwaggerGen.SwaggerGeneratorException: Failed to generate Operation for action - xyz_university_payment_api.Presentation.Controllers.V3.UserControllerV3.GetUsers (xyz-university-payment-api). See inner exception
 ---> Swashbuckle.AspNetCore.SwaggerGen.SwaggerGeneratorException: Failed to generate schema for type - System.Collections.Generic.IEnumerable`1[xyz_university_payment_api.Presentation.Controllers.V3.UserDto]. See inner exception
 ---> System.InvalidOperationException: Can't use schemaId "$UserDto" for type "$xyz_university_payment_api.Presentation.Controllers.V3.UserDto". The same schemaId is already used for type "$xyz_university_payment_api.Core.Application.DTOs.UserDto"
   at Swashbuckle.AspNetCore.SwaggerGen.SchemaRepository.RegisterType(Type type, String schemaId)
   at Swashbuckle.AspNetCore.SwaggerGen.SchemaGenerator.GenerateReferencedSchema(DataContract dataContract, SchemaRepository schemaRepository, Func`1 definitionFactory)
   at Swashbuckle.AspNetCore.SwaggerGen.SchemaGenerator.GenerateConcreteSchema(DataContract dataContract, SchemaRepository schemaRepository)
   at Swashbuckle.AspNetCore.SwaggerGen.SchemaGenerator.GenerateSchemaForType(Type modelType, SchemaRepository schemaRepository)
   at Swashbuckle.AspNetCore.SwaggerGen.SchemaGenerator.GenerateSchema(Type modelType, SchemaRepository schemaRepository, MemberInfo memberInfo, ParameterInfo parameterInfo, ApiParameterRouteInfo routeInfo)
   at Swashbuckle.AspNetCore.SwaggerGen.SchemaGenerator.CreateArraySchema(DataContract dataContract, SchemaRepository schemaRepository)
   at Swashbuckle.AspNetCore.SwaggerGen.SchemaGenerator.<>c__DisplayClass13_0.<GenerateConcreteSchema>b__1()
   at Swashbuckle.AspNetCore.SwaggerGen.SchemaGenerator.GenerateConcreteSchema(DataContract dataContract, SchemaRepository schemaRepository)
   at Swashbuckle.AspNetCore.SwaggerGen.SchemaGenerator.GenerateSchemaForType(Type modelType, SchemaRepository schemaRepository)
   at Swashbuckle.AspNetCore.SwaggerGen.SchemaGenerator.GenerateSchema(Type modelType, SchemaRepository schemaRepository, MemberInfo memberInfo, ParameterInfo parameterInfo, ApiParameterRouteInfo routeInfo)
   at Swashbuckle.AspNetCore.SwaggerGen.SwaggerGenerator.GenerateSchema(Type type, SchemaRepository schemaRepository, PropertyInfo propertyInfo, ParameterInfo parameterInfo, ApiParameterRouteInfo routeInfo)
   --- End of inner exception stack trace ---
   at Swashbuckle.AspNetCore.SwaggerGen.SwaggerGenerator.GenerateSchema(Type type, SchemaRepository schemaRepository, PropertyInfo propertyInfo, ParameterInfo parameterInfo, ApiParameterRouteInfo routeInfo)
   at Swashbuckle.AspNetCore.SwaggerGen.SwaggerGenerator.CreateResponseMediaType(Type modelType, SchemaRepository schemaRepository)
   at Swashbuckle.AspNetCore.SwaggerGen.SwaggerGenerator.<>c__DisplayClass42_0.<GenerateResponse>b__2(String contentType)
   at System.Linq.Enumerable.ToDictionary[TSource,TKey,TElement](IEnumerable`1 source, Func`2 keySelector, Func`2 elementSelector, IEqualityComparer`1 comparer)
   at System.Linq.Enumerable.ToDictionary[TSource,TKey,TElement](IEnumerable`1 source, Func`2 keySelector, Func`2 elementSelector)
   at Swashbuckle.AspNetCore.SwaggerGen.SwaggerGenerator.GenerateResponse(ApiDescription apiDescription, SchemaRepository schemaRepository, String statusCode, ApiResponseType apiResponseType)
   at Swashbuckle.AspNetCore.SwaggerGen.SwaggerGenerator.GenerateResponses(ApiDescription apiDescription, SchemaRepository schemaRepository)
   at Swashbuckle.AspNetCore.SwaggerGen.SwaggerGenerator.GenerateOperationAsync(OpenApiDocument document, ApiDescription apiDescription, SchemaRepository schemaRepository, Func`3 parametersGenerator, Func`3 bodyGenerator, Func`3 applyFilters)
   --- End of inner exception stack trace ---
   at Swashbuckle.AspNetCore.SwaggerGen.SwaggerGenerator.GenerateOperationAsync(OpenApiDocument document, ApiDescription apiDescription, SchemaRepository schemaRepository, Func`3 parametersGenerator, Func`3 bodyGenerator, Func`3 applyFilters)
   at Swashbuckle.AspNetCore.SwaggerGen.SwaggerGenerator.GenerateOperationAsync(OpenApiDocument document, ApiDescription apiDescription, SchemaRepository schemaRepository)
   at Swashbuckle.AspNetCore.SwaggerGen.SwaggerGenerator.GenerateOperationsAsync(OpenApiDocument document, IEnumerable`1 apiDescriptions, SchemaRepository schemaRepository)
   at Swashbuckle.AspNetCore.SwaggerGen.SwaggerGenerator.GeneratePathsAsync(OpenApiDocument document, IEnumerable`1 apiDescriptions, SchemaRepository schemaRepository, Func`4 operationsGenerator)
   at Swashbuckle.AspNetCore.SwaggerGen.SwaggerGenerator.GeneratePathsAsync(OpenApiDocument document, IEnumerable`1 apiDescriptions, SchemaRepository schemaRepository)
   at Swashbuckle.AspNetCore.SwaggerGen.SwaggerGenerator.GetSwaggerAsync(String documentName, String host, String basePath)
   at Swashbuckle.AspNetCore.Swagger.SwaggerMiddleware.Invoke(HttpContext httpContext, ISwaggerProvider swaggerProvider)
   at Microsoft.AspNetCore.Diagnostics.DeveloperExceptionPageMiddlewareImpl.Invoke(HttpContext context)
2025-07-10 10:58:42.774 +03:00 [ERR] An unhandled exception has occurred while executing the request. {"EventId":{"Id":1,"Name":"UnhandledException"},"SourceContext":"Microsoft.AspNetCore.Diagnostics.DeveloperExceptionPageMiddleware","RequestId":"0HNDVGU0RASOU:00000006","RequestPath":"/swagger/v3/swagger.json","ConnectionId":"0HNDVGU0RASOU","MachineName":"DESKTOP-F3AMJ10","ThreadId":18,"ProcessId":7236,"Application":"XYZ University Payment API"}
Swashbuckle.AspNetCore.SwaggerGen.SwaggerGeneratorException: Failed to generate Operation for action - xyz_university_payment_api.Presentation.Controllers.V3.UserControllerV3.GetUsers (xyz-university-payment-api). See inner exception
 ---> Swashbuckle.AspNetCore.SwaggerGen.SwaggerGeneratorException: Failed to generate schema for type - System.Collections.Generic.IEnumerable`1[xyz_university_payment_api.Presentation.Controllers.V3.UserDto]. See inner exception
 ---> System.InvalidOperationException: Can't use schemaId "$UserDto" for type "$xyz_university_payment_api.Presentation.Controllers.V3.UserDto". The same schemaId is already used for type "$xyz_university_payment_api.Core.Application.DTOs.UserDto"
   at Swashbuckle.AspNetCore.SwaggerGen.SchemaRepository.RegisterType(Type type, String schemaId)
   at Swashbuckle.AspNetCore.SwaggerGen.SchemaGenerator.GenerateReferencedSchema(DataContract dataContract, SchemaRepository schemaRepository, Func`1 definitionFactory)
   at Swashbuckle.AspNetCore.SwaggerGen.SchemaGenerator.GenerateConcreteSchema(DataContract dataContract, SchemaRepository schemaRepository)
   at Swashbuckle.AspNetCore.SwaggerGen.SchemaGenerator.GenerateSchemaForType(Type modelType, SchemaRepository schemaRepository)
   at Swashbuckle.AspNetCore.SwaggerGen.SchemaGenerator.GenerateSchema(Type modelType, SchemaRepository schemaRepository, MemberInfo memberInfo, ParameterInfo parameterInfo, ApiParameterRouteInfo routeInfo)
   at Swashbuckle.AspNetCore.SwaggerGen.SchemaGenerator.CreateArraySchema(DataContract dataContract, SchemaRepository schemaRepository)
   at Swashbuckle.AspNetCore.SwaggerGen.SchemaGenerator.<>c__DisplayClass13_0.<GenerateConcreteSchema>b__1()
   at Swashbuckle.AspNetCore.SwaggerGen.SchemaGenerator.GenerateConcreteSchema(DataContract dataContract, SchemaRepository schemaRepository)
   at Swashbuckle.AspNetCore.SwaggerGen.SchemaGenerator.GenerateSchemaForType(Type modelType, SchemaRepository schemaRepository)
   at Swashbuckle.AspNetCore.SwaggerGen.SchemaGenerator.GenerateSchema(Type modelType, SchemaRepository schemaRepository, MemberInfo memberInfo, ParameterInfo parameterInfo, ApiParameterRouteInfo routeInfo)
   at Swashbuckle.AspNetCore.SwaggerGen.SwaggerGenerator.GenerateSchema(Type type, SchemaRepository schemaRepository, PropertyInfo propertyInfo, ParameterInfo parameterInfo, ApiParameterRouteInfo routeInfo)
   --- End of inner exception stack trace ---
   at Swashbuckle.AspNetCore.SwaggerGen.SwaggerGenerator.GenerateSchema(Type type, SchemaRepository schemaRepository, PropertyInfo propertyInfo, ParameterInfo parameterInfo, ApiParameterRouteInfo routeInfo)
   at System.Linq.Enumerable.ToDictionary[TSource,TKey,TElement](IEnumerable`1 source, Func`2 keySelector, Func`2 elementSelector, IEqualityComparer`1 comparer)
   at System.Linq.Enumerable.ToDictionary[TSource,TKey,TElement](IEnumerable`1 source, Func`2 keySelector, Func`2 elementSelector)
   at Swashbuckle.AspNetCore.SwaggerGen.SwaggerGenerator.GenerateResponse(ApiDescription apiDescription, SchemaRepository schemaRepository, String statusCode, ApiResponseType apiResponseType)
   at Swashbuckle.AspNetCore.SwaggerGen.SwaggerGenerator.GenerateResponses(ApiDescription apiDescription, SchemaRepository schemaRepository)
   at Swashbuckle.AspNetCore.SwaggerGen.SwaggerGenerator.GenerateOperationAsync(OpenApiDocument document, ApiDescription apiDescription, SchemaRepository schemaRepository, Func`3 parametersGenerator, Func`3 bodyGenerator, Func`3 applyFilters)
   --- End of inner exception stack trace ---
   at Swashbuckle.AspNetCore.SwaggerGen.SwaggerGenerator.GenerateOperationAsync(OpenApiDocument document, ApiDescription apiDescription, SchemaRepository schemaRepository, Func`3 parametersGenerator, Func`3 bodyGenerator, Func`3 applyFilters)
   at Swashbuckle.AspNetCore.SwaggerGen.SwaggerGenerator.GenerateOperationAsync(OpenApiDocument document, ApiDescription apiDescription, SchemaRepository schemaRepository)
   at Swashbuckle.AspNetCore.SwaggerGen.SwaggerGenerator.GenerateOperationsAsync(OpenApiDocument document, IEnumerable`1 apiDescriptions, SchemaRepository schemaRepository)
   at Swashbuckle.AspNetCore.SwaggerGen.SwaggerGenerator.GeneratePathsAsync(OpenApiDocument document, IEnumerable`1 apiDescriptions, SchemaRepository schemaRepository, Func`4 operationsGenerator)
   at Swashbuckle.AspNetCore.SwaggerGen.SwaggerGenerator.GeneratePathsAsync(OpenApiDocument document, IEnumerable`1 apiDescriptions, SchemaRepository schemaRepository)
   at Swashbuckle.AspNetCore.SwaggerGen.SwaggerGenerator.GetSwaggerAsync(String documentName, String host, String basePath)
   at Swashbuckle.AspNetCore.Swagger.SwaggerMiddleware.Invoke(HttpContext httpContext, ISwaggerProvider swaggerProvider)
   at Microsoft.AspNetCore.Diagnostics.DeveloperExceptionPageMiddlewareImpl.Invoke(HttpContext context)
2025-07-10 11:15:37.726 +03:00 [INF] Bus stopped: "rabbitmq://localhost/" {"SourceContext":"MassTransit","MachineName":"DESKTOP-F3AMJ10","ThreadId":30,"ProcessId":7236,"Application":"XYZ University Payment API"}
