2025-07-11 17:08:56.082 +03:00 [INF] Ensuring database is created
2025-07-11 17:08:58.669 +03:00 [INF] Database created successfully
2025-07-11 17:08:58.712 +03:00 [INF] Seeding default roles and permissions
2025-07-11 17:08:59.751 +03:00 [INF] Valid data already seeded, skipping seeding process
2025-07-11 17:08:59.789 +03:00 [INF] Default roles and permissions seeded successfully
2025-07-11 17:09:00.494 +03:00 [INF] XYZ University Payment API started successfully
2025-07-11 17:09:00.870 +03:00 [INF] Configured endpoint PaymentMessage, Consumer: xyz_university_payment_api.Core.Application.Services.PaymentMessageConsumer
2025-07-11 17:09:00.892 +03:00 [INF] Configured endpoint PaymentFailedMessage, Consumer: xyz_university_payment_api.Core.Application.Services.PaymentFailedMessageConsumer
2025-07-11 17:09:01.559 +03:00 [INF] Bus started: "rabbitmq://localhost/"
2025-07-11 17:09:38.243 +03:00 [INF] V3 CreatePayment endpoint called with reference: REF0277
2025-07-11 17:09:38.291 +03:00 [INF] Processing payment: REF0277 for student: S660066
2025-07-11 17:09:38.784 +03:00 [INF] Payment processed successfully: REF0277
2025-07-11 17:09:38.821 +03:00 [INF] Publishing payment processed message: REF0277
2025-07-11 17:09:39.090 +03:00 [INF] Successfully published payment processed message: REF0277
2025-07-11 17:09:39.174 +03:00 [INF] Processing payment message: REF0277 for student: S660066
2025-07-11 17:09:39.271 +03:00 [INF] V3 GetAllPayments endpoint called with page 1
2025-07-11 17:09:39.302 +03:00 [INF] Retrieving all payments with student information
2025-07-11 17:09:39.322 +03:00 [INF] Current user role: Admin, User ID: 1
2025-07-11 17:09:39.419 +03:00 [INF] Retrieving students V3 with filter: {"StudentNumber":null,"FullName":null,"Program":null,"IsActive":null,"CreatedFrom":null,"CreatedTo":null,"Tags":null,"MinTotalPayments":null,"MaxTotalPayments":null,"SearchTerm":null,"Metadata":null,"$type":"StudentFilterDtoV3"}
2025-07-11 17:09:39.424 +03:00 [INF] Sending payment receipt email to andrew.wanyonyi1@gmail.com for payment REF0277
2025-07-11 17:09:39.455 +03:00 [INF] Retrieved 16 payments for Admin
2025-07-11 17:09:39.521 +03:00 [INF] Current user role: Admin, User ID: 1
2025-07-11 17:09:39.540 +03:00 [INF] Retrieved 9 students for lookup
2025-07-11 17:09:39.565 +03:00 [INF] Payment 1 for student S12345, found student: Yes
2025-07-11 17:09:39.588 +03:00 [INF] Payment 2 for student S67890, found student: Yes
2025-07-11 17:09:39.606 +03:00 [INF] Payment 3 for student S66004, found student: Yes
2025-07-11 17:09:39.635 +03:00 [INF] Payment 4 for student S66001, found student: Yes
2025-07-11 17:09:39.657 +03:00 [INF] Payment 5 for student S660066, found student: Yes
2025-07-11 17:09:39.687 +03:00 [INF] Payment 6 for student S660088, found student: Yes
2025-07-11 17:09:39.714 +03:00 [INF] Payment 7 for student S660099, found student: Yes
2025-07-11 17:09:39.748 +03:00 [INF] Payment 8 for student S660099, found student: Yes
2025-07-11 17:09:39.779 +03:00 [INF] Payment 9 for student S660099, found student: Yes
2025-07-11 17:09:39.804 +03:00 [INF] Payment 10 for student S660099, found student: Yes
2025-07-11 17:09:39.824 +03:00 [INF] Payment 11 for student S660099, found student: Yes
2025-07-11 17:09:39.848 +03:00 [INF] Payment 12 for student S660099, found student: Yes
2025-07-11 17:09:39.873 +03:00 [INF] Payment 13 for student S660099, found student: Yes
2025-07-11 17:09:39.900 +03:00 [INF] Payment 14 for student S660099, found student: Yes
2025-07-11 17:09:39.928 +03:00 [INF] Payment 15 for student S660066, found student: Yes
2025-07-11 17:09:39.981 +03:00 [INF] Payment 16 for student S660066, found student: Yes
2025-07-11 17:09:40.005 +03:00 [INF] Returning 16 payment DTOs
2025-07-11 17:09:41.978 +03:00 [INF] Email sent successfully to andrew.wanyonyi1@gmail.com
2025-07-11 17:09:41.990 +03:00 [INF] Payment receipt email sent successfully for payment: REF0277
2025-07-11 17:09:42.005 +03:00 [INF] Sending payment confirmation email to andrew.wanyonyi1@gmail.com for payment REF0277
2025-07-11 17:09:42.218 +03:00 [INF] Email sent successfully to andrew.wanyonyi1@gmail.com
2025-07-11 17:09:42.579 +03:00 [INF] Payment confirmation email sent successfully for payment: REF0277
