2025-07-12 17:05:04.389 +03:00 [ERR] Error creating student V3: S660099 {"SourceContext":"xyz_university_payment_api.Core.Application.Services.StudentService","ActionId":"5c4737ed-e9b1-47d1-9906-8f6d0fbab128","ActionName":"xyz_university_payment_api.Presentation.Controllers.V3.StudentControllerV3.CreateStudent (xyz-university-payment-api)","RequestId":"0HNE19GGL9R0L:00000002","RequestPath":"/api/v3/StudentControllerV","ConnectionId":"0HNE19GGL9R0L","MachineName":"DESKTOP-F3AMJ10","ThreadId":28,"ProcessId":19520,"Application":"XYZ University Payment API"}
xyz_university_payment_api.Core.Domain.Exceptions.DuplicateStudentException: Student with number S660099 already exists.
   at xyz_university_payment_api.Core.Application.Services.StudentService.CreateStudentAsync(Student student) in C:\Users\wanja\Desktop\jj\xyz-university-payment-api\xyz-university-payment-api\Core\Application\Services\StudentService.cs:line 151
   at xyz_university_payment_api.Core.Application.Services.StudentService.CreateStudentV3Async(CreateStudentDtoV3 createStudentDto) in C:\Users\wanja\Desktop\jj\xyz-university-payment-api\xyz-university-payment-api\Core\Application\Services\StudentService.cs:line 733
2025-07-12 17:05:04.465 +03:00 [ERR] An unhandled exception has occurred while executing the request. {"EventId":{"Id":1,"Name":"UnhandledException"},"SourceContext":"Microsoft.AspNetCore.Diagnostics.DeveloperExceptionPageMiddleware","RequestId":"0HNE19GGL9R0L:00000002","RequestPath":"/api/v3/StudentControllerV","ConnectionId":"0HNE19GGL9R0L","MachineName":"DESKTOP-F3AMJ10","ThreadId":28,"ProcessId":19520,"Application":"XYZ University Payment API"}
System.InvalidOperationException: No route matches the supplied values.
   at Microsoft.AspNetCore.Mvc.CreatedAtActionResult.OnFormatting(ActionContext context)
   at Microsoft.AspNetCore.Mvc.Infrastructure.ObjectResultExecutor.ExecuteAsyncCore(ActionContext context, ObjectResult result, Type objectType, Object value)
   at Microsoft.AspNetCore.Mvc.Infrastructure.ObjectResultExecutor.ExecuteAsync(ActionContext context, ObjectResult result)
   at Microsoft.AspNetCore.Mvc.Infrastructure.ResourceInvoker.ResultNext[TFilter,TFilterAsync](State& next, Scope& scope, Object& state, Boolean& isCompleted)
   at Microsoft.AspNetCore.Mvc.Infrastructure.ResourceInvoker.InvokeNextResultFilterAsync[TFilter,TFilterAsync]()
--- End of stack trace from previous location ---
   at Microsoft.AspNetCore.Mvc.Infrastructure.ResourceInvoker.Rethrow(ResultExecutedContextSealed context)
   at Microsoft.AspNetCore.Mvc.Infrastructure.ResourceInvoker.ResultNext[TFilter,TFilterAsync](State& next, Scope& scope, Object& state, Boolean& isCompleted)
   at Microsoft.AspNetCore.Mvc.Infrastructure.ResourceInvoker.InvokeResultFilters()
--- End of stack trace from previous location ---
   at Microsoft.AspNetCore.Mvc.Infrastructure.ResourceInvoker.<InvokeFilterPipelineAsync>g__Awaited|20_0(ResourceInvoker invoker, Task lastTask, State next, Scope scope, Object state, Boolean isCompleted)
   at Microsoft.AspNetCore.Mvc.Infrastructure.ResourceInvoker.<InvokeAsync>g__Awaited|17_0(ResourceInvoker invoker, Task task, IDisposable scope)
   at Microsoft.AspNetCore.Mvc.Infrastructure.ResourceInvoker.<InvokeAsync>g__Awaited|17_0(ResourceInvoker invoker, Task task, IDisposable scope)
   at Microsoft.AspNetCore.Authorization.AuthorizationMiddleware.Invoke(HttpContext context)
   at Microsoft.AspNetCore.Authentication.AuthenticationMiddleware.Invoke(HttpContext context)
   at Swashbuckle.AspNetCore.SwaggerUI.SwaggerUIMiddleware.Invoke(HttpContext httpContext)
   at Swashbuckle.AspNetCore.Swagger.SwaggerMiddleware.Invoke(HttpContext httpContext, ISwaggerProvider swaggerProvider)
   at Microsoft.AspNetCore.Diagnostics.DeveloperExceptionPageMiddlewareImpl.Invoke(HttpContext context)
2025-07-12 17:05:31.954 +03:00 [ERR] Error creating student V3: S660099 {"SourceContext":"xyz_university_payment_api.Core.Application.Services.StudentService","ActionId":"5c4737ed-e9b1-47d1-9906-8f6d0fbab128","ActionName":"xyz_university_payment_api.Presentation.Controllers.V3.StudentControllerV3.CreateStudent (xyz-university-payment-api)","RequestId":"0HNE19GGL9R0M:00000002","RequestPath":"/api/v3/StudentControllerV","ConnectionId":"0HNE19GGL9R0M","MachineName":"DESKTOP-F3AMJ10","ThreadId":28,"ProcessId":19520,"Application":"XYZ University Payment API"}
xyz_university_payment_api.Core.Domain.Exceptions.DuplicateStudentException: Student with number S660099 already exists.
   at xyz_university_payment_api.Core.Application.Services.StudentService.CreateStudentAsync(Student student) in C:\Users\wanja\Desktop\jj\xyz-university-payment-api\xyz-university-payment-api\Core\Application\Services\StudentService.cs:line 151
   at xyz_university_payment_api.Core.Application.Services.StudentService.CreateStudentV3Async(CreateStudentDtoV3 createStudentDto) in C:\Users\wanja\Desktop\jj\xyz-university-payment-api\xyz-university-payment-api\Core\Application\Services\StudentService.cs:line 733
2025-07-12 17:05:31.974 +03:00 [ERR] An unhandled exception has occurred while executing the request. {"EventId":{"Id":1,"Name":"UnhandledException"},"SourceContext":"Microsoft.AspNetCore.Diagnostics.DeveloperExceptionPageMiddleware","RequestId":"0HNE19GGL9R0M:00000002","RequestPath":"/api/v3/StudentControllerV","ConnectionId":"0HNE19GGL9R0M","MachineName":"DESKTOP-F3AMJ10","ThreadId":28,"ProcessId":19520,"Application":"XYZ University Payment API"}
System.InvalidOperationException: No route matches the supplied values.
   at Microsoft.AspNetCore.Mvc.CreatedAtActionResult.OnFormatting(ActionContext context)
   at Microsoft.AspNetCore.Mvc.Infrastructure.ObjectResultExecutor.ExecuteAsyncCore(ActionContext context, ObjectResult result, Type objectType, Object value)
   at Microsoft.AspNetCore.Mvc.Infrastructure.ObjectResultExecutor.ExecuteAsync(ActionContext context, ObjectResult result)
   at Microsoft.AspNetCore.Mvc.Infrastructure.ResourceInvoker.ResultNext[TFilter,TFilterAsync](State& next, Scope& scope, Object& state, Boolean& isCompleted)
   at Microsoft.AspNetCore.Mvc.Infrastructure.ResourceInvoker.InvokeNextResultFilterAsync[TFilter,TFilterAsync]()
--- End of stack trace from previous location ---
   at Microsoft.AspNetCore.Mvc.Infrastructure.ResourceInvoker.Rethrow(ResultExecutedContextSealed context)
   at Microsoft.AspNetCore.Mvc.Infrastructure.ResourceInvoker.ResultNext[TFilter,TFilterAsync](State& next, Scope& scope, Object& state, Boolean& isCompleted)
   at Microsoft.AspNetCore.Mvc.Infrastructure.ResourceInvoker.InvokeResultFilters()
--- End of stack trace from previous location ---
   at Microsoft.AspNetCore.Mvc.Infrastructure.ResourceInvoker.<InvokeFilterPipelineAsync>g__Awaited|20_0(ResourceInvoker invoker, Task lastTask, State next, Scope scope, Object state, Boolean isCompleted)
   at Microsoft.AspNetCore.Mvc.Infrastructure.ResourceInvoker.<InvokeAsync>g__Awaited|17_0(ResourceInvoker invoker, Task task, IDisposable scope)
   at Microsoft.AspNetCore.Mvc.Infrastructure.ResourceInvoker.<InvokeAsync>g__Awaited|17_0(ResourceInvoker invoker, Task task, IDisposable scope)
   at Microsoft.AspNetCore.Authorization.AuthorizationMiddleware.Invoke(HttpContext context)
   at Microsoft.AspNetCore.Authentication.AuthenticationMiddleware.Invoke(HttpContext context)
   at Swashbuckle.AspNetCore.SwaggerUI.SwaggerUIMiddleware.Invoke(HttpContext httpContext)
   at Swashbuckle.AspNetCore.Swagger.SwaggerMiddleware.Invoke(HttpContext httpContext, ISwaggerProvider swaggerProvider)
   at Microsoft.AspNetCore.Diagnostics.DeveloperExceptionPageMiddlewareImpl.Invoke(HttpContext context)
