2025-07-03 13:48:10.573 +03:00 [INF] Ensuring database is created {"MachineName":"DESKTOP-F3AMJ10","ThreadId":1,"ProcessId":15240,"Application":"XYZ University Payment API"}
2025-07-03 13:48:12.239 +03:00 [INF] Database created successfully {"MachineName":"DESKTOP-F3AMJ10","ThreadId":1,"ProcessId":15240,"Application":"XYZ University Payment API"}
2025-07-03 13:48:12.245 +03:00 [INF] Seeding default roles and permissions {"MachineName":"DESKTOP-F3AMJ10","ThreadId":1,"ProcessId":15240,"Application":"XYZ University Payment API"}
2025-07-03 13:48:12.487 +03:00 [INF] Default roles and permissions seeded successfully {"MachineName":"DESKTOP-F3AMJ10","ThreadId":9,"ProcessId":15240,"Application":"XYZ University Payment API"}
2025-07-03 13:48:12.637 +03:00 [INF] XYZ University Payment API started successfully {"MachineName":"DESKTOP-F3AMJ10","ThreadId":9,"ProcessId":15240,"Application":"XYZ University Payment API"}
2025-07-03 13:48:12.775 +03:00 [INF] Configured endpoint PaymentProcessedMessage, Consumer: xyz_university_payment_api.Core.Application.Services.PaymentProcessedMessageConsumer {"SourceContext":"MassTransit","MachineName":"DESKTOP-F3AMJ10","ThreadId":9,"ProcessId":15240,"Application":"XYZ University Payment API"}
2025-07-03 13:48:12.787 +03:00 [INF] Configured endpoint PaymentFailedMessage, Consumer: xyz_university_payment_api.Core.Application.Services.PaymentFailedMessageConsumer {"SourceContext":"MassTransit","MachineName":"DESKTOP-F3AMJ10","ThreadId":9,"ProcessId":15240,"Application":"XYZ University Payment API"}
2025-07-03 13:48:12.798 +03:00 [INF] Configured endpoint PaymentValidationMessage, Consumer: xyz_university_payment_api.Core.Application.Services.PaymentValidationMessageConsumer {"SourceContext":"MassTransit","MachineName":"DESKTOP-F3AMJ10","ThreadId":9,"ProcessId":15240,"Application":"XYZ University Payment API"}
2025-07-03 13:48:13.179 +03:00 [INF] Bus started: "rabbitmq://localhost/" {"SourceContext":"MassTransit","MachineName":"DESKTOP-F3AMJ10","ThreadId":13,"ProcessId":15240,"Application":"XYZ University Payment API"}
2025-07-03 14:51:13.901 +03:00 [WRN] Failed to determine the https port for redirect. {"EventId":{"Id":3,"Name":"FailedToDeterminePort"},"SourceContext":"Microsoft.AspNetCore.HttpsPolicy.HttpsRedirectionMiddleware","RequestId":"0HNDQ4EFFDCV6:00000005","RequestPath":"/api/Authorization/login","ConnectionId":"0HNDQ4EFFDCV6","MachineName":"DESKTOP-F3AMJ10","ThreadId":67,"ProcessId":15240,"Application":"XYZ University Payment API"}
2025-07-03 14:51:13.990 +03:00 [ERR] An unhandled exception has occurred while executing the request. {"EventId":{"Id":1,"Name":"UnhandledException"},"SourceContext":"Microsoft.AspNetCore.Diagnostics.DeveloperExceptionPageMiddleware","RequestId":"0HNDQ4EFFDCV6:00000005","RequestPath":"/api/Authorization/login","ConnectionId":"0HNDQ4EFFDCV6","MachineName":"DESKTOP-F3AMJ10","ThreadId":67,"ProcessId":15240,"Application":"XYZ University Payment API"}
System.ArgumentException: IDX10703: Cannot create a 'Microsoft.IdentityModel.Tokens.SymmetricSecurityKey', key length is zero.
   at Microsoft.IdentityModel.Tokens.SymmetricSecurityKey..ctor(Byte[] key)
   at Program.<>c__DisplayClass0_0.<<Main>$>b__8(JwtBearerOptions options) in C:\Users\wanja\Desktop\jj\xyz-university-payment-api\xyz-university-payment-api\Program.cs:line 347
   at Microsoft.Extensions.Options.OptionsFactory`1.Create(String name)
   at System.Lazy`1.ViaFactory(LazyThreadSafetyMode mode)
   at System.Lazy`1.ExecutionAndPublication(LazyHelper executionAndPublication, Boolean useDefaultConstructor)
   at System.Lazy`1.CreateValue()
   at Microsoft.Extensions.Options.OptionsCache`1.GetOrAdd[TArg](String name, Func`3 createOptions, TArg factoryArgument)
   at Microsoft.Extensions.Options.OptionsMonitor`1.Get(String name)
   at Microsoft.AspNetCore.Authentication.AuthenticationHandler`1.InitializeAsync(AuthenticationScheme scheme, HttpContext context)
   at Microsoft.AspNetCore.Authentication.AuthenticationHandlerProvider.GetHandlerAsync(HttpContext context, String authenticationScheme)
   at Microsoft.AspNetCore.Authentication.AuthenticationService.AuthenticateAsync(HttpContext context, String scheme)
   at Microsoft.AspNetCore.Authentication.AuthenticationMiddleware.Invoke(HttpContext context)
   at Swashbuckle.AspNetCore.SwaggerUI.SwaggerUIMiddleware.Invoke(HttpContext httpContext)
   at Swashbuckle.AspNetCore.Swagger.SwaggerMiddleware.Invoke(HttpContext httpContext, ISwaggerProvider swaggerProvider)
   at Microsoft.AspNetCore.Diagnostics.DeveloperExceptionPageMiddlewareImpl.Invoke(HttpContext context)
2025-07-03 14:55:38.501 +03:00 [INF] Bus stopped: "rabbitmq://localhost/" {"SourceContext":"MassTransit","MachineName":"DESKTOP-F3AMJ10","ThreadId":58,"ProcessId":15240,"Application":"XYZ University Payment API"}
