2025-07-11 11:52:28.967 +03:00 [INF] Ensuring database is created
2025-07-11 11:52:29.451 +03:00 [INF] Database created successfully
2025-07-11 11:52:29.456 +03:00 [INF] Seeding default roles and permissions
2025-07-11 11:52:29.800 +03:00 [INF] Valid data already seeded, skipping seeding process
2025-07-11 11:52:29.804 +03:00 [INF] Default roles and permissions seeded successfully
2025-07-11 11:52:29.928 +03:00 [INF] XYZ University Payment API started successfully
2025-07-11 11:52:30.025 +03:00 [INF] Configured endpoint PaymentMessage, Consumer: xyz_university_payment_api.Core.Application.Services.PaymentMessageConsumer
2025-07-11 11:52:30.032 +03:00 [INF] Configured endpoint PaymentFailedMessage, Consumer: xyz_university_payment_api.Core.Application.Services.PaymentFailedMessageConsumer
2025-07-11 11:52:30.263 +03:00 [INF] Bus started: "rabbitmq://localhost/"
2025-07-11 11:54:18.447 +03:00 [INF] Retrieving students V3 with filter: {"StudentNumber":null,"FullName":null,"Program":null,"IsActive":null,"CreatedFrom":null,"CreatedTo":null,"Tags":null,"MinTotalPayments":null,"MaxTotalPayments":null,"SearchTerm":null,"Metadata":null,"$type":"StudentFilterDtoV3"}
2025-07-11 11:54:18.479 +03:00 [INF] Current user role: Admin, User ID: 1
2025-07-11 11:54:18.603 +03:00 [INF] Retrieving students V3 with filter: {"StudentNumber":null,"FullName":null,"Program":null,"IsActive":null,"CreatedFrom":null,"CreatedTo":null,"Tags":null,"MinTotalPayments":null,"MaxTotalPayments":null,"SearchTerm":null,"Metadata":null,"$type":"StudentFilterDtoV3"}
2025-07-11 11:54:18.665 +03:00 [INF] Current user role: Admin, User ID: 1
2025-07-11 11:54:23.970 +03:00 [INF] GetUsers endpoint called by user: admin
2025-07-11 11:54:23.990 +03:00 [INF] Total users in database: 11
2025-07-11 11:54:24.096 +03:00 [INF] Returning 11 users
2025-07-11 11:54:24.115 +03:00 [INF] GetUsers endpoint called by user: admin
2025-07-11 11:54:24.124 +03:00 [INF] Total users in database: 11
2025-07-11 11:54:24.137 +03:00 [INF] Returning 11 users
2025-07-11 11:54:43.645 +03:00 [INF] Retrieving students V3 with filter: {"StudentNumber":null,"FullName":null,"Program":null,"IsActive":null,"CreatedFrom":null,"CreatedTo":null,"Tags":null,"MinTotalPayments":null,"MaxTotalPayments":null,"SearchTerm":null,"Metadata":null,"$type":"StudentFilterDtoV3"}
2025-07-11 11:54:43.662 +03:00 [INF] Current user role: Admin, User ID: 1
2025-07-11 11:54:58.049 +03:00 [INF] GetUsers endpoint called by user: admin
2025-07-11 11:54:58.064 +03:00 [INF] Total users in database: 11
2025-07-11 11:54:58.079 +03:00 [INF] Returning 11 users
2025-07-11 11:55:12.038 +03:00 [INF] Retrieving students V3 with filter: {"StudentNumber":null,"FullName":null,"Program":null,"IsActive":null,"CreatedFrom":null,"CreatedTo":null,"Tags":null,"MinTotalPayments":null,"MaxTotalPayments":null,"SearchTerm":null,"Metadata":null,"$type":"StudentFilterDtoV3"}
2025-07-11 11:55:12.056 +03:00 [INF] Current user role: Admin, User ID: 1
2025-07-11 11:55:36.727 +03:00 [INF] Retrieving students V3 with filter: {"StudentNumber":null,"FullName":null,"Program":null,"IsActive":null,"CreatedFrom":null,"CreatedTo":null,"Tags":null,"MinTotalPayments":null,"MaxTotalPayments":null,"SearchTerm":null,"Metadata":null,"$type":"StudentFilterDtoV3"}
2025-07-11 11:55:36.754 +03:00 [INF] Current user role: Admin, User ID: 1
2025-07-11 11:55:52.797 +03:00 [INF] GetUsers endpoint called by user: admin
2025-07-11 11:55:52.806 +03:00 [INF] Total users in database: 11
2025-07-11 11:55:52.821 +03:00 [INF] Returning 11 users
2025-07-11 11:56:42.809 +03:00 [INF] GetUsers endpoint called by user: admin
2025-07-11 11:56:42.809 +03:00 [INF] GetUsers endpoint called by user: admin
2025-07-11 11:56:42.827 +03:00 [INF] Total users in database: 11
2025-07-11 11:56:42.830 +03:00 [INF] Total users in database: 11
2025-07-11 11:56:42.853 +03:00 [INF] Returning 11 users
2025-07-11 11:56:42.853 +03:00 [INF] Returning 11 users
2025-07-11 11:57:05.146 +03:00 [INF] GetUsers endpoint called by user: admin
2025-07-11 11:57:05.146 +03:00 [INF] GetUsers endpoint called by user: admin
2025-07-11 11:57:05.166 +03:00 [INF] Total users in database: 11
2025-07-11 11:57:05.166 +03:00 [INF] Total users in database: 11
2025-07-11 11:57:05.186 +03:00 [INF] Returning 11 users
2025-07-11 11:57:05.186 +03:00 [INF] Returning 11 users
2025-07-11 11:57:14.536 +03:00 [INF] Retrieving students V3 with filter: {"StudentNumber":null,"FullName":null,"Program":null,"IsActive":null,"CreatedFrom":null,"CreatedTo":null,"Tags":null,"MinTotalPayments":null,"MaxTotalPayments":null,"SearchTerm":null,"Metadata":null,"$type":"StudentFilterDtoV3"}
2025-07-11 11:57:14.554 +03:00 [INF] Current user role: Admin, User ID: 1
2025-07-11 11:58:16.674 +03:00 [INF] GetUsers endpoint called by user: admin
2025-07-11 11:58:16.699 +03:00 [INF] Total users in database: 11
2025-07-11 11:58:16.710 +03:00 [INF] Returning 11 users
2025-07-11 11:58:46.720 +03:00 [INF] Retrieving students V3 with filter: {"StudentNumber":null,"FullName":null,"Program":null,"IsActive":null,"CreatedFrom":null,"CreatedTo":null,"Tags":null,"MinTotalPayments":null,"MaxTotalPayments":null,"SearchTerm":null,"Metadata":null,"$type":"StudentFilterDtoV3"}
2025-07-11 11:58:46.736 +03:00 [INF] Current user role: Admin, User ID: 1
2025-07-11 11:58:56.447 +03:00 [INF] Retrieving students V3 with filter: {"StudentNumber":null,"FullName":null,"Program":null,"IsActive":null,"CreatedFrom":null,"CreatedTo":null,"Tags":null,"MinTotalPayments":null,"MaxTotalPayments":null,"SearchTerm":null,"Metadata":null,"$type":"StudentFilterDtoV3"}
2025-07-11 11:58:56.465 +03:00 [INF] Current user role: Admin, User ID: 1
2025-07-11 12:00:53.102 +03:00 [INF] GetUsers endpoint called by user: admin
2025-07-11 12:00:53.119 +03:00 [INF] Total users in database: 11
2025-07-11 12:00:53.132 +03:00 [INF] Returning 11 users
2025-07-11 12:02:00.137 +03:00 [INF] Bus stopped: "rabbitmq://localhost/"
2025-07-11 12:02:03.625 +03:00 [INF] Starting XYZ University Payment API {"MachineName":"DESKTOP-F3AMJ10","ThreadId":1,"ProcessId":20060,"Application":"XYZ University Payment API"}
