2025-07-10 13:36:14.544 +03:00 [INF] Ensuring database is created
2025-07-10 13:36:15.226 +03:00 [INF] Database created successfully
2025-07-10 13:36:15.229 +03:00 [INF] Seeding default roles and permissions
2025-07-10 13:36:15.513 +03:00 [WRN] Found 1 users with invalid data, removing them
2025-07-10 13:36:15.741 +03:00 [INF] Removed 1 invalid users
2025-07-10 13:36:15.756 +03:00 [WRN] Found 1 roles with invalid names, removing them
2025-07-10 13:36:15.798 +03:00 [INF] Removed 1 invalid roles
2025-07-10 13:36:15.840 +03:00 [INF] Valid data already seeded, skipping seeding process
2025-07-10 13:36:15.843 +03:00 [INF] Default roles and permissions seeded successfully
2025-07-10 13:36:16.000 +03:00 [INF] XYZ University Payment API started successfully
2025-07-10 13:36:16.122 +03:00 [INF] Configured endpoint PaymentProcessedMessage, Consumer: xyz_university_payment_api.Core.Application.Services.PaymentProcessedMessageConsumer
2025-07-10 13:36:16.132 +03:00 [INF] Configured endpoint PaymentFailedMessage, Consumer: xyz_university_payment_api.Core.Application.Services.PaymentFailedMessageConsumer
2025-07-10 13:36:16.140 +03:00 [INF] Configured endpoint PaymentValidationMessage, Consumer: xyz_university_payment_api.Core.Application.Services.PaymentValidationMessageConsumer
2025-07-10 13:36:16.496 +03:00 [INF] Bus started: "rabbitmq://localhost/"
2025-07-10 13:36:35.495 +03:00 [WRN] Compiling a query which loads related collections for more than one collection navigation, either via 'Include' or through projection, but no 'QuerySplittingBehavior' has been configured. By default, Entity Framework will use 'QuerySplittingBehavior.SingleQuery', which can potentially result in slow query performance. See https://go.microsoft.com/fwlink/?linkid=2134277 for more information. To identify the query that's triggering this warning call 'ConfigureWarnings(w => w.Throw(RelationalEventId.MultipleCollectionIncludeWarning))'.
2025-07-10 13:36:35.551 +03:00 [INF] Generated access token for user admin with 1 roles and 16 permissions
2025-07-10 13:36:35.800 +03:00 [INF] V3 GetAdminStats endpoint called
2025-07-10 13:36:35.806 +03:00 [INF] Retrieving all students
2025-07-10 13:36:35.878 +03:00 [INF] Retrieving all payments
2025-07-10 13:36:35.940 +03:00 [INF] V3 GetAdminStats endpoint called
2025-07-10 13:36:35.946 +03:00 [INF] Retrieving all students
2025-07-10 13:36:35.954 +03:00 [INF] Retrieving all payments
2025-07-10 13:36:37.631 +03:00 [INF] GetUsers endpoint called by user: admin
2025-07-10 13:36:37.661 +03:00 [INF] Total users in database: 10
2025-07-10 13:36:37.703 +03:00 [INF] Returning 10 users
2025-07-10 13:36:37.719 +03:00 [INF] GetUsers endpoint called by user: admin
2025-07-10 13:36:37.738 +03:00 [INF] Total users in database: 10
2025-07-10 13:36:37.746 +03:00 [INF] Returning 10 users
2025-07-10 13:36:44.389 +03:00 [INF] GetUsers endpoint called by user: admin
2025-07-10 13:36:44.389 +03:00 [INF] GetUsers endpoint called by user: admin
2025-07-10 13:36:44.404 +03:00 [INF] Total users in database: 10
2025-07-10 13:36:44.416 +03:00 [INF] Total users in database: 10
2025-07-10 13:36:44.420 +03:00 [INF] Returning 10 users
2025-07-10 13:36:44.434 +03:00 [INF] Returning 10 users
2025-07-10 13:36:53.681 +03:00 [INF] Assigning role to user 50. RoleName: 'Student' (Length: 7)
2025-07-10 13:36:53.749 +03:00 [INF] Role 'Student' successfully assigned to user 50
2025-07-10 13:42:33.243 +03:00 [INF] GetUsers endpoint called by user: admin
2025-07-10 13:42:33.258 +03:00 [INF] Total users in database: 11
2025-07-10 13:42:33.274 +03:00 [INF] Returning 11 users
2025-07-10 13:42:33.283 +03:00 [INF] GetUsers endpoint called by user: admin
2025-07-10 13:42:33.290 +03:00 [INF] Total users in database: 11
2025-07-10 13:42:33.298 +03:00 [INF] Returning 11 users
2025-07-10 13:42:47.856 +03:00 [INF] Generated access token for user S67890 with 1 roles and 2 permissions
2025-07-10 13:42:47.930 +03:00 [INF] V3 GetStudentStats endpoint called
2025-07-10 13:42:47.938 +03:00 [INF] Current user: S67890 (ID: 50)
2025-07-10 13:42:47.950 +03:00 [INF] User roles: Student, Student
2025-07-10 13:42:47.960 +03:00 [INF] User permissions: Payments.Read, Students.Read
2025-07-10 13:42:47.968 +03:00 [INF] Retrieving all students
2025-07-10 13:42:47.984 +03:00 [INF] Retrieving payments for student: S67890
2025-07-10 13:42:48.001 +03:00 [INF] Student payments cached: S67890
2025-07-10 13:42:48.006 +03:00 [INF] Found 1 payments for student S67890, total paid: 3500.00
2025-07-10 13:42:48.020 +03:00 [INF] V3 GetStudentStats endpoint called
2025-07-10 13:42:48.024 +03:00 [INF] Current user: S67890 (ID: 50)
2025-07-10 13:42:48.032 +03:00 [INF] User roles: Student, Student
2025-07-10 13:42:48.036 +03:00 [INF] User permissions: Payments.Read, Students.Read
2025-07-10 13:42:48.041 +03:00 [INF] Retrieving all students
2025-07-10 13:42:48.053 +03:00 [INF] Retrieving payments for student: S67890
2025-07-10 13:42:48.062 +03:00 [INF] Student payments retrieved from cache: S67890
2025-07-10 13:42:48.067 +03:00 [INF] Found 1 payments for student S67890, total paid: 3500.00
2025-07-10 13:43:05.353 +03:00 [INF] V3 GetStudentStats endpoint called
2025-07-10 13:43:05.362 +03:00 [INF] Current user: S67890 (ID: 50)
2025-07-10 13:43:05.371 +03:00 [INF] User roles: Student, Student
2025-07-10 13:43:05.378 +03:00 [INF] User permissions: Payments.Read, Students.Read
2025-07-10 13:43:05.389 +03:00 [INF] Retrieving all students
2025-07-10 13:43:05.400 +03:00 [INF] Retrieving payments for student: S67890
2025-07-10 13:43:05.407 +03:00 [INF] Student payments retrieved from cache: S67890
2025-07-10 13:43:05.414 +03:00 [INF] Found 1 payments for student S67890, total paid: 3500.00
2025-07-10 13:43:05.422 +03:00 [INF] V3 GetStudentStats endpoint called
2025-07-10 13:43:05.427 +03:00 [INF] Current user: S67890 (ID: 50)
2025-07-10 13:43:05.433 +03:00 [INF] User roles: Student, Student
2025-07-10 13:43:05.437 +03:00 [INF] User permissions: Payments.Read, Students.Read
2025-07-10 13:43:05.442 +03:00 [INF] Retrieving all students
2025-07-10 13:43:05.449 +03:00 [INF] Retrieving payments for student: S67890
2025-07-10 13:43:05.456 +03:00 [INF] Student payments retrieved from cache: S67890
2025-07-10 13:43:05.461 +03:00 [INF] Found 1 payments for student S67890, total paid: 3500.00
2025-07-10 13:43:16.194 +03:00 [INF] V3 GetAllPayments endpoint called with page 1
2025-07-10 13:43:16.207 +03:00 [INF] Retrieving all payments with student information
2025-07-10 13:43:16.216 +03:00 [INF] Current user role: Student, User ID: 50
2025-07-10 13:43:16.248 +03:00 [WRN] Student not found for user ID 50
2025-07-10 13:43:16.255 +03:00 [INF] Retrieved 8 students for lookup
2025-07-10 13:43:16.262 +03:00 [INF] Returning 0 payment DTOs
2025-07-10 13:43:16.280 +03:00 [INF] V3 GetAllPayments endpoint called with page 1
2025-07-10 13:43:16.284 +03:00 [INF] Retrieving all payments with student information
2025-07-10 13:43:16.288 +03:00 [INF] Current user role: Student, User ID: 50
2025-07-10 13:43:16.297 +03:00 [WRN] Student not found for user ID 50
2025-07-10 13:43:16.303 +03:00 [INF] Retrieved 8 students for lookup
2025-07-10 13:43:16.308 +03:00 [INF] Returning 0 payment DTOs
2025-07-10 13:43:21.545 +03:00 [INF] V3 GetStudentStats endpoint called
2025-07-10 13:43:21.555 +03:00 [INF] Current user: S67890 (ID: 50)
2025-07-10 13:43:21.566 +03:00 [INF] User roles: Student, Student
2025-07-10 13:43:21.582 +03:00 [INF] User permissions: Payments.Read, Students.Read
2025-07-10 13:43:21.593 +03:00 [INF] Retrieving all students
2025-07-10 13:43:21.603 +03:00 [INF] Retrieving payments for student: S67890
2025-07-10 13:43:21.613 +03:00 [INF] Student payments retrieved from cache: S67890
2025-07-10 13:43:21.620 +03:00 [INF] Found 1 payments for student S67890, total paid: 3500.00
2025-07-10 13:43:21.630 +03:00 [INF] V3 GetStudentStats endpoint called
2025-07-10 13:43:21.636 +03:00 [INF] Current user: S67890 (ID: 50)
2025-07-10 13:43:21.642 +03:00 [INF] User roles: Student, Student
2025-07-10 13:43:21.648 +03:00 [INF] User permissions: Payments.Read, Students.Read
2025-07-10 13:43:21.652 +03:00 [INF] Retrieving all students
2025-07-10 13:43:21.660 +03:00 [INF] Retrieving payments for student: S67890
2025-07-10 13:43:21.665 +03:00 [INF] Student payments retrieved from cache: S67890
2025-07-10 13:43:21.669 +03:00 [INF] Found 1 payments for student S67890, total paid: 3500.00
2025-07-10 13:43:23.561 +03:00 [INF] V3 GetAllPayments endpoint called with page 1
2025-07-10 13:43:23.570 +03:00 [INF] Retrieving all payments with student information
2025-07-10 13:43:23.578 +03:00 [INF] Current user role: Student, User ID: 50
2025-07-10 13:43:23.589 +03:00 [WRN] Student not found for user ID 50
2025-07-10 13:43:23.603 +03:00 [INF] Retrieved 8 students for lookup
2025-07-10 13:43:23.609 +03:00 [INF] Returning 0 payment DTOs
2025-07-10 13:43:23.620 +03:00 [INF] V3 GetAllPayments endpoint called with page 1
2025-07-10 13:43:23.629 +03:00 [INF] Retrieving all payments with student information
2025-07-10 13:43:23.635 +03:00 [INF] Current user role: Student, User ID: 50
2025-07-10 13:43:23.643 +03:00 [WRN] Student not found for user ID 50
2025-07-10 13:43:23.650 +03:00 [INF] Retrieved 8 students for lookup
2025-07-10 13:43:23.654 +03:00 [INF] Returning 0 payment DTOs
2025-07-10 13:52:41.997 +03:00 [INF] V3 GetAllPayments endpoint called with page 1
2025-07-10 13:52:42.004 +03:00 [INF] Retrieving all payments with student information
2025-07-10 13:52:42.012 +03:00 [INF] Current user role: Student, User ID: 50
2025-07-10 13:52:42.096 +03:00 [WRN] Student not found for user ID 50
2025-07-10 13:52:42.114 +03:00 [INF] Retrieved 8 students for lookup
2025-07-10 13:52:42.123 +03:00 [INF] Returning 0 payment DTOs
2025-07-10 13:52:42.146 +03:00 [INF] V3 GetAllPayments endpoint called with page 1
2025-07-10 13:52:42.159 +03:00 [INF] Retrieving all payments with student information
2025-07-10 13:52:42.197 +03:00 [INF] Current user role: Student, User ID: 50
2025-07-10 13:52:42.212 +03:00 [WRN] Student not found for user ID 50
2025-07-10 13:52:42.225 +03:00 [INF] Retrieved 8 students for lookup
2025-07-10 13:52:42.237 +03:00 [INF] Returning 0 payment DTOs
2025-07-10 14:54:54.557 +03:00 [INF] Generated access token for user S67890 with 1 roles and 2 permissions
2025-07-10 14:54:54.604 +03:00 [INF] V3 GetStudentStats endpoint called
2025-07-10 14:54:54.626 +03:00 [INF] Current user: S67890 (ID: 50)
2025-07-10 14:54:54.643 +03:00 [INF] User roles: Student, Student
2025-07-10 14:54:54.659 +03:00 [INF] User permissions: Payments.Read, Students.Read
2025-07-10 14:54:54.671 +03:00 [INF] Retrieving all students
2025-07-10 14:54:54.691 +03:00 [INF] Retrieving payments for student: S67890
2025-07-10 14:54:54.711 +03:00 [INF] Student payments cached: S67890
2025-07-10 14:54:54.725 +03:00 [INF] Found 1 payments for student S67890, total paid: 3500.00
2025-07-10 14:54:54.741 +03:00 [INF] V3 GetStudentStats endpoint called
2025-07-10 14:54:54.746 +03:00 [INF] Current user: S67890 (ID: 50)
2025-07-10 14:54:54.758 +03:00 [INF] User roles: Student, Student
2025-07-10 14:54:54.763 +03:00 [INF] User permissions: Payments.Read, Students.Read
2025-07-10 14:54:54.773 +03:00 [INF] Retrieving all students
2025-07-10 14:54:54.791 +03:00 [INF] Retrieving payments for student: S67890
2025-07-10 14:54:54.804 +03:00 [INF] Student payments retrieved from cache: S67890
2025-07-10 14:54:54.810 +03:00 [INF] Found 1 payments for student S67890, total paid: 3500.00
2025-07-10 14:55:05.528 +03:00 [INF] V3 GetAllPayments endpoint called with page 1
2025-07-10 14:55:05.538 +03:00 [INF] Retrieving all payments with student information
2025-07-10 14:55:05.545 +03:00 [INF] Current user role: Student, User ID: 50
2025-07-10 14:55:05.567 +03:00 [WRN] Student not found for user ID 50
2025-07-10 14:55:05.582 +03:00 [INF] Retrieved 8 students for lookup
2025-07-10 14:55:05.593 +03:00 [INF] Returning 0 payment DTOs
2025-07-10 14:55:05.604 +03:00 [INF] V3 GetAllPayments endpoint called with page 1
2025-07-10 14:55:05.609 +03:00 [INF] Retrieving all payments with student information
2025-07-10 14:55:05.615 +03:00 [INF] Current user role: Student, User ID: 50
2025-07-10 14:55:05.625 +03:00 [WRN] Student not found for user ID 50
2025-07-10 14:55:05.637 +03:00 [INF] Retrieved 8 students for lookup
2025-07-10 14:55:05.643 +03:00 [INF] Returning 0 payment DTOs
2025-07-10 15:01:10.787 +03:00 [INF] Bus stopped: "rabbitmq://localhost/"
2025-07-10 15:01:21.689 +03:00 [INF] Starting XYZ University Payment API {"MachineName":"DESKTOP-F3AMJ10","ThreadId":1,"ProcessId":12148,"Application":"XYZ University Payment API"}
