2025-07-11 10:27:20.141 +03:00 [INF] Ensuring database is created
2025-07-11 10:27:20.621 +03:00 [INF] Database created successfully
2025-07-11 10:27:20.625 +03:00 [INF] Seeding default roles and permissions
2025-07-11 10:27:20.927 +03:00 [INF] Valid data already seeded, skipping seeding process
2025-07-11 10:27:20.931 +03:00 [INF] Default roles and permissions seeded successfully
2025-07-11 10:27:21.040 +03:00 [INF] XYZ University Payment API started successfully
2025-07-11 10:27:21.138 +03:00 [INF] Configured endpoint PaymentMessage, Consumer: xyz_university_payment_api.Core.Application.Services.PaymentMessageConsumer
2025-07-11 10:27:21.147 +03:00 [INF] Configured endpoint PaymentFailedMessage, Consumer: xyz_university_payment_api.Core.Application.Services.PaymentFailedMessageConsumer
2025-07-11 10:27:21.365 +03:00 [INF] Bus started: "rabbitmq://localhost/"
2025-07-11 10:27:36.222 +03:00 [INF] GetUsers endpoint called by user: admin
2025-07-11 10:27:36.222 +03:00 [INF] GetUsers endpoint called by user: admin
2025-07-11 10:27:36.291 +03:00 [INF] Total users in database: 11
2025-07-11 10:27:36.296 +03:00 [INF] Total users in database: 11
2025-07-11 10:27:36.385 +03:00 [INF] Returning 11 users
2025-07-11 10:27:36.385 +03:00 [INF] Returning 11 users
2025-07-11 10:27:42.020 +03:00 [INF] Retrieving students V3 with filter: {"StudentNumber":null,"FullName":null,"Program":null,"IsActive":null,"CreatedFrom":null,"CreatedTo":null,"Tags":null,"MinTotalPayments":null,"MaxTotalPayments":null,"SearchTerm":null,"Metadata":null,"$type":"StudentFilterDtoV3"}
2025-07-11 10:27:42.089 +03:00 [INF] Current user role: Admin, User ID: 1
2025-07-11 10:28:03.354 +03:00 [INF] Retrieving students V3 with filter: {"StudentNumber":null,"FullName":null,"Program":null,"IsActive":null,"CreatedFrom":null,"CreatedTo":null,"Tags":null,"MinTotalPayments":null,"MaxTotalPayments":null,"SearchTerm":null,"Metadata":null,"$type":"StudentFilterDtoV3"}
2025-07-11 10:28:03.371 +03:00 [INF] Current user role: Admin, User ID: 1
2025-07-11 10:28:03.403 +03:00 [INF] Retrieving students V3 with filter: {"StudentNumber":null,"FullName":null,"Program":null,"IsActive":null,"CreatedFrom":null,"CreatedTo":null,"Tags":null,"MinTotalPayments":null,"MaxTotalPayments":null,"SearchTerm":null,"Metadata":null,"$type":"StudentFilterDtoV3"}
2025-07-11 10:28:03.425 +03:00 [INF] Current user role: Admin, User ID: 1
2025-07-11 10:28:30.952 +03:00 [INF] Updating student V3 with ID: 10
2025-07-11 10:28:30.960 +03:00 [INF] Retrieving student with ID: 10
2025-07-11 10:28:30.983 +03:00 [INF] Student cached: 10
2025-07-11 10:28:30.990 +03:00 [INF] Updating student: S660099
2025-07-11 10:28:31.051 +03:00 [INF] Student updated successfully: S660099
2025-07-11 10:28:31.060 +03:00 [WRN] Pattern-based cache removal not fully implemented for pattern: students_v3_*
2025-07-11 10:28:31.076 +03:00 [INF] Retrieving students V3 with filter: {"StudentNumber":null,"FullName":null,"Program":null,"IsActive":null,"CreatedFrom":null,"CreatedTo":null,"Tags":null,"MinTotalPayments":null,"MaxTotalPayments":null,"SearchTerm":null,"Metadata":null,"$type":"StudentFilterDtoV3"}
2025-07-11 10:28:31.101 +03:00 [INF] Current user role: Admin, User ID: 1
2025-07-11 10:28:53.664 +03:00 [INF] GetUsers endpoint called by user: admin
2025-07-11 10:28:53.669 +03:00 [INF] GetUsers endpoint called by user: admin
2025-07-11 10:28:53.690 +03:00 [INF] Total users in database: 11
2025-07-11 10:28:53.690 +03:00 [INF] Total users in database: 11
2025-07-11 10:28:53.717 +03:00 [INF] Returning 11 users
2025-07-11 10:28:53.718 +03:00 [INF] Returning 11 users
2025-07-11 10:29:11.580 +03:00 [INF] Retrieving students V3 with filter: {"StudentNumber":null,"FullName":null,"Program":null,"IsActive":null,"CreatedFrom":null,"CreatedTo":null,"Tags":null,"MinTotalPayments":null,"MaxTotalPayments":null,"SearchTerm":null,"Metadata":null,"$type":"StudentFilterDtoV3"}
2025-07-11 10:29:11.599 +03:00 [INF] Current user role: Admin, User ID: 1
2025-07-11 10:37:11.820 +03:00 [WRN] Compiling a query which loads related collections for more than one collection navigation, either via 'Include' or through projection, but no 'QuerySplittingBehavior' has been configured. By default, Entity Framework will use 'QuerySplittingBehavior.SingleQuery', which can potentially result in slow query performance. See https://go.microsoft.com/fwlink/?linkid=2134277 for more information. To identify the query that's triggering this warning call 'ConfigureWarnings(w => w.Throw(RelationalEventId.MultipleCollectionIncludeWarning))'.
2025-07-11 10:37:11.867 +03:00 [INF] Generated access token for user S67890 with 1 roles and 2 permissions
2025-07-11 10:37:11.950 +03:00 [INF] V3 GetStudentStats endpoint called
2025-07-11 10:37:11.960 +03:00 [INF] Current user: S67890 (ID: 50)
2025-07-11 10:37:11.965 +03:00 [INF] User roles: Student, Student
2025-07-11 10:37:11.971 +03:00 [INF] User permissions: Payments.Read, Students.Read
2025-07-11 10:37:11.977 +03:00 [INF] Retrieving all students
2025-07-11 10:37:11.992 +03:00 [INF] Retrieving payments for student: S67890
2025-07-11 10:37:12.018 +03:00 [INF] Student payments cached: S67890
2025-07-11 10:37:12.025 +03:00 [INF] Found 1 payments for student S67890, total paid: 3500.00
2025-07-11 10:37:12.049 +03:00 [INF] V3 GetStudentStats endpoint called
2025-07-11 10:37:12.053 +03:00 [INF] Current user: S67890 (ID: 50)
2025-07-11 10:37:12.057 +03:00 [INF] User roles: Student, Student
2025-07-11 10:37:12.064 +03:00 [INF] User permissions: Payments.Read, Students.Read
2025-07-11 10:37:12.068 +03:00 [INF] Retrieving all students
2025-07-11 10:37:12.074 +03:00 [INF] Retrieving payments for student: S67890
2025-07-11 10:37:12.086 +03:00 [INF] Student payments retrieved from cache: S67890
2025-07-11 10:37:12.091 +03:00 [INF] Found 1 payments for student S67890, total paid: 3500.00
2025-07-11 10:37:20.946 +03:00 [INF] V3 GetStudentStats endpoint called
2025-07-11 10:37:20.955 +03:00 [INF] Current user: S67890 (ID: 50)
2025-07-11 10:37:20.965 +03:00 [INF] User roles: Student, Student
2025-07-11 10:37:20.970 +03:00 [INF] User permissions: Payments.Read, Students.Read
2025-07-11 10:37:20.978 +03:00 [INF] Retrieving all students
2025-07-11 10:37:20.984 +03:00 [INF] Retrieving payments for student: S67890
2025-07-11 10:37:20.988 +03:00 [INF] Student payments retrieved from cache: S67890
2025-07-11 10:37:20.995 +03:00 [INF] Found 1 payments for student S67890, total paid: 3500.00
2025-07-11 10:37:21.000 +03:00 [INF] V3 GetStudentStats endpoint called
2025-07-11 10:37:21.005 +03:00 [INF] Current user: S67890 (ID: 50)
2025-07-11 10:37:21.012 +03:00 [INF] User roles: Student, Student
2025-07-11 10:37:21.016 +03:00 [INF] User permissions: Payments.Read, Students.Read
2025-07-11 10:37:21.021 +03:00 [INF] Retrieving all students
2025-07-11 10:37:21.029 +03:00 [INF] Retrieving payments for student: S67890
2025-07-11 10:37:21.033 +03:00 [INF] Student payments retrieved from cache: S67890
2025-07-11 10:37:21.037 +03:00 [INF] Found 1 payments for student S67890, total paid: 3500.00
2025-07-11 10:51:11.397 +03:00 [INF] Bus stopped: "rabbitmq://localhost/"
2025-07-11 10:51:34.207 +03:00 [INF] Starting XYZ University Payment API {"MachineName":"DESKTOP-F3AMJ10","ThreadId":1,"ProcessId":16904,"Application":"XYZ University Payment API"}
