2025-07-10 11:25:04.362 +03:00 [INF] Ensuring database is created
2025-07-10 11:25:05.384 +03:00 [INF] Database created successfully
2025-07-10 11:25:05.388 +03:00 [INF] Seeding default roles and permissions
2025-07-10 11:25:05.929 +03:00 [INF] Valid data already seeded, skipping seeding process
2025-07-10 11:25:05.937 +03:00 [INF] Default roles and permissions seeded successfully
2025-07-10 11:25:06.145 +03:00 [INF] XYZ University Payment API started successfully
2025-07-10 11:25:06.335 +03:00 [INF] Configured endpoint PaymentProcessedMessage, Consumer: xyz_university_payment_api.Core.Application.Services.PaymentProcessedMessageConsumer
2025-07-10 11:25:06.349 +03:00 [INF] Configured endpoint PaymentFailedMessage, Consumer: xyz_university_payment_api.Core.Application.Services.PaymentFailedMessageConsumer
2025-07-10 11:25:06.362 +03:00 [INF] Configured endpoint PaymentValidationMessage, Consumer: xyz_university_payment_api.Core.Application.Services.PaymentValidationMessageConsumer
2025-07-10 11:25:06.806 +03:00 [INF] Bus started: "rabbitmq://localhost/"
2025-07-10 11:25:23.080 +03:00 [INF] GetUsers endpoint called by user: admin
2025-07-10 11:25:23.080 +03:00 [INF] GetUsers endpoint called by user: admin
2025-07-10 11:25:23.182 +03:00 [INF] Total users in database: 5
2025-07-10 11:25:23.182 +03:00 [INF] Total users in database: 5
2025-07-10 11:25:23.267 +03:00 [INF] Returning 5 users
2025-07-10 11:25:23.267 +03:00 [INF] Returning 5 users
2025-07-10 11:25:52.900 +03:00 [INF] Retrieving students V3 with filter: {"StudentNumber":null,"FullName":null,"Program":null,"IsActive":null,"CreatedFrom":null,"CreatedTo":null,"Tags":null,"MinTotalPayments":null,"MaxTotalPayments":null,"SearchTerm":null,"Metadata":null,"$type":"StudentFilterDtoV3"}
2025-07-10 11:25:52.951 +03:00 [INF] Current user role: Admin, User ID: 1
2025-07-10 11:25:53.023 +03:00 [INF] Retrieving students V3 with filter: {"StudentNumber":null,"FullName":null,"Program":null,"IsActive":null,"CreatedFrom":null,"CreatedTo":null,"Tags":null,"MinTotalPayments":null,"MaxTotalPayments":null,"SearchTerm":null,"Metadata":null,"$type":"StudentFilterDtoV3"}
2025-07-10 11:25:53.041 +03:00 [INF] Current user role: Admin, User ID: 1
2025-07-10 11:25:54.573 +03:00 [INF] Retrieving students V3 with filter: {"StudentNumber":null,"FullName":null,"Program":null,"IsActive":null,"CreatedFrom":null,"CreatedTo":null,"Tags":null,"MinTotalPayments":null,"MaxTotalPayments":null,"SearchTerm":null,"Metadata":null,"$type":"StudentFilterDtoV3"}
2025-07-10 11:25:54.587 +03:00 [INF] V3 GetAllPayments endpoint called with page 1
2025-07-10 11:25:54.591 +03:00 [INF] Current user role: Admin, User ID: 1
2025-07-10 11:25:54.608 +03:00 [INF] Retrieving all payments with student information
2025-07-10 11:25:54.614 +03:00 [INF] Current user role: Admin, User ID: 1
2025-07-10 11:25:54.614 +03:00 [INF] Retrieving students V3 with filter: {"StudentNumber":null,"FullName":null,"Program":null,"IsActive":null,"CreatedFrom":null,"CreatedTo":null,"Tags":null,"MinTotalPayments":null,"MaxTotalPayments":null,"SearchTerm":null,"Metadata":null,"$type":"StudentFilterDtoV3"}
2025-07-10 11:25:54.634 +03:00 [INF] Current user role: Admin, User ID: 1
2025-07-10 11:25:54.652 +03:00 [INF] Retrieved 5 payments for Admin
2025-07-10 11:25:54.661 +03:00 [INF] Retrieved 8 students for lookup
2025-07-10 11:25:54.666 +03:00 [INF] Payment 1 for student S12345, found student: Yes
2025-07-10 11:25:54.671 +03:00 [INF] Payment 2 for student S67890, found student: Yes
2025-07-10 11:25:54.676 +03:00 [INF] Payment 3 for student S66004, found student: Yes
2025-07-10 11:25:54.680 +03:00 [INF] Payment 4 for student S66001, found student: Yes
2025-07-10 11:25:54.686 +03:00 [INF] Payment 5 for student S660066, found student: Yes
2025-07-10 11:25:54.690 +03:00 [INF] Returning 5 payment DTOs
2025-07-10 11:25:54.712 +03:00 [INF] V3 GetAllPayments endpoint called with page 1
2025-07-10 11:25:54.717 +03:00 [INF] Retrieving all payments with student information
2025-07-10 11:25:54.722 +03:00 [INF] Current user role: Admin, User ID: 1
2025-07-10 11:25:54.727 +03:00 [INF] Retrieved 5 payments for Admin
2025-07-10 11:25:54.732 +03:00 [INF] Retrieved 8 students for lookup
2025-07-10 11:25:54.737 +03:00 [INF] Payment 1 for student S12345, found student: Yes
2025-07-10 11:25:54.742 +03:00 [INF] Payment 2 for student S67890, found student: Yes
2025-07-10 11:25:54.747 +03:00 [INF] Payment 3 for student S66004, found student: Yes
2025-07-10 11:25:54.751 +03:00 [INF] Payment 4 for student S66001, found student: Yes
2025-07-10 11:25:54.756 +03:00 [INF] Payment 5 for student S660066, found student: Yes
2025-07-10 11:25:54.760 +03:00 [INF] Returning 5 payment DTOs
2025-07-10 11:25:56.068 +03:00 [INF] Retrieving students V3 with filter: {"StudentNumber":null,"FullName":null,"Program":null,"IsActive":null,"CreatedFrom":null,"CreatedTo":null,"Tags":null,"MinTotalPayments":null,"MaxTotalPayments":null,"SearchTerm":null,"Metadata":null,"$type":"StudentFilterDtoV3"}
2025-07-10 11:25:56.075 +03:00 [INF] V3 GetAllPayments endpoint called with page 1
2025-07-10 11:25:56.097 +03:00 [INF] Current user role: Admin, User ID: 1
2025-07-10 11:25:56.098 +03:00 [INF] Retrieving all payments with student information
2025-07-10 11:25:56.113 +03:00 [INF] Current user role: Admin, User ID: 1
2025-07-10 11:25:56.122 +03:00 [INF] Retrieving students V3 with filter: {"StudentNumber":null,"FullName":null,"Program":null,"IsActive":null,"CreatedFrom":null,"CreatedTo":null,"Tags":null,"MinTotalPayments":null,"MaxTotalPayments":null,"SearchTerm":null,"Metadata":null,"$type":"StudentFilterDtoV3"}
2025-07-10 11:25:56.123 +03:00 [INF] Retrieved 5 payments for Admin
2025-07-10 11:25:56.140 +03:00 [INF] Current user role: Admin, User ID: 1
2025-07-10 11:25:56.142 +03:00 [INF] Retrieved 8 students for lookup
2025-07-10 11:25:56.149 +03:00 [INF] Payment 1 for student S12345, found student: Yes
2025-07-10 11:25:56.154 +03:00 [INF] Payment 2 for student S67890, found student: Yes
2025-07-10 11:25:56.158 +03:00 [INF] Payment 3 for student S66004, found student: Yes
2025-07-10 11:25:56.163 +03:00 [INF] Payment 4 for student S66001, found student: Yes
2025-07-10 11:25:56.168 +03:00 [INF] Payment 5 for student S660066, found student: Yes
2025-07-10 11:25:56.172 +03:00 [INF] Returning 5 payment DTOs
2025-07-10 11:25:56.178 +03:00 [INF] V3 GetAllPayments endpoint called with page 1
2025-07-10 11:25:56.183 +03:00 [INF] Retrieving all payments with student information
2025-07-10 11:25:56.187 +03:00 [INF] Current user role: Admin, User ID: 1
2025-07-10 11:25:56.194 +03:00 [INF] Retrieved 5 payments for Admin
2025-07-10 11:25:56.200 +03:00 [INF] Retrieved 8 students for lookup
2025-07-10 11:25:56.204 +03:00 [INF] Payment 1 for student S12345, found student: Yes
2025-07-10 11:25:56.209 +03:00 [INF] Payment 2 for student S67890, found student: Yes
2025-07-10 11:25:56.213 +03:00 [INF] Payment 3 for student S66004, found student: Yes
2025-07-10 11:25:56.219 +03:00 [INF] Payment 4 for student S66001, found student: Yes
2025-07-10 11:25:56.224 +03:00 [INF] Payment 5 for student S660066, found student: Yes
2025-07-10 11:25:56.229 +03:00 [INF] Returning 5 payment DTOs
2025-07-10 11:26:06.791 +03:00 [INF] GetUsers endpoint called by user: admin
2025-07-10 11:26:06.805 +03:00 [INF] GetUsers endpoint called by user: admin
2025-07-10 11:26:06.806 +03:00 [INF] Total users in database: 5
2025-07-10 11:26:06.821 +03:00 [INF] Total users in database: 5
2025-07-10 11:26:06.826 +03:00 [INF] Returning 5 users
2025-07-10 11:26:06.833 +03:00 [INF] Returning 5 users
2025-07-10 11:27:56.613 +03:00 [INF] GetUsers endpoint called by user: admin
2025-07-10 11:27:56.620 +03:00 [INF] Total users in database: 7
2025-07-10 11:27:56.630 +03:00 [INF] Returning 7 users
2025-07-10 11:28:23.715 +03:00 [INF] GetUsers endpoint called by user: admin
2025-07-10 11:28:23.715 +03:00 [INF] GetUsers endpoint called by user: admin
2025-07-10 11:28:23.729 +03:00 [INF] Total users in database: 7
2025-07-10 11:28:23.729 +03:00 [INF] Total users in database: 7
2025-07-10 11:28:23.742 +03:00 [INF] Returning 7 users
2025-07-10 11:28:23.742 +03:00 [INF] Returning 7 users
2025-07-10 11:35:31.497 +03:00 [INF] GetUsers endpoint called by user: admin
2025-07-10 11:35:31.527 +03:00 [INF] Total users in database: 7
2025-07-10 11:35:31.546 +03:00 [INF] Returning 7 users
2025-07-10 11:35:31.560 +03:00 [INF] GetUsers endpoint called by user: admin
2025-07-10 11:35:31.571 +03:00 [INF] Total users in database: 7
2025-07-10 11:35:31.580 +03:00 [INF] Returning 7 users
2025-07-10 11:35:43.128 +03:00 [INF] Retrieving students V3 with filter: {"StudentNumber":null,"FullName":null,"Program":null,"IsActive":null,"CreatedFrom":null,"CreatedTo":null,"Tags":null,"MinTotalPayments":null,"MaxTotalPayments":null,"SearchTerm":null,"Metadata":null,"$type":"StudentFilterDtoV3"}
2025-07-10 11:35:43.160 +03:00 [INF] Current user role: Admin, User ID: 1
2025-07-10 11:35:43.192 +03:00 [INF] Retrieving students V3 with filter: {"StudentNumber":null,"FullName":null,"Program":null,"IsActive":null,"CreatedFrom":null,"CreatedTo":null,"Tags":null,"MinTotalPayments":null,"MaxTotalPayments":null,"SearchTerm":null,"Metadata":null,"$type":"StudentFilterDtoV3"}
2025-07-10 11:35:43.229 +03:00 [INF] Current user role: Admin, User ID: 1
2025-07-10 11:36:21.607 +03:00 [INF] Bus stopped: "rabbitmq://localhost/"
2025-07-10 11:36:45.544 +03:00 [INF] Starting XYZ University Payment API {"MachineName":"DESKTOP-F3AMJ10","ThreadId":1,"ProcessId":15104,"Application":"XYZ University Payment API"}
