2025-07-11 15:32:02.016 +03:00 [INF] Ensuring database is created
2025-07-11 15:32:02.568 +03:00 [INF] Database created successfully
2025-07-11 15:32:02.572 +03:00 [INF] Seeding default roles and permissions
2025-07-11 15:32:02.916 +03:00 [INF] Valid data already seeded, skipping seeding process
2025-07-11 15:32:02.921 +03:00 [INF] Default roles and permissions seeded successfully
2025-07-11 15:32:03.050 +03:00 [INF] XYZ University Payment API started successfully
2025-07-11 15:32:03.224 +03:00 [INF] Configured endpoint PaymentMessage, Consumer: xyz_university_payment_api.Core.Application.Services.PaymentMessageConsumer
2025-07-11 15:32:03.256 +03:00 [INF] Configured endpoint PaymentFailedMessage, Consumer: xyz_university_payment_api.Core.Application.Services.PaymentFailedMessageConsumer
2025-07-11 15:32:03.609 +03:00 [INF] Bus started: "rabbitmq://localhost/"
2025-07-11 15:32:50.318 +03:00 [INF] V3 CreatePayment endpoint called with reference: REF0499
2025-07-11 15:32:50.331 +03:00 [INF] Processing payment: REF0499 for student: S660099
2025-07-11 15:32:50.499 +03:00 [INF] Payment processed successfully: REF0499
2025-07-11 15:32:50.506 +03:00 [INF] Publishing payment processed message: REF0499
2025-07-11 15:32:50.605 +03:00 [INF] Successfully published payment processed message: REF0499
2025-07-11 15:32:50.629 +03:00 [INF] Processing payment message: REF0499 for student: S660099
2025-07-11 15:32:50.658 +03:00 [INF] V3 GetAllPayments endpoint called with page 1
2025-07-11 15:32:50.667 +03:00 [INF] Retrieving all payments with student information
2025-07-11 15:32:50.673 +03:00 [INF] Current user role: Admin, User ID: 1
2025-07-11 15:32:50.687 +03:00 [INF] Retrieved 11 payments for Admin
2025-07-11 15:32:50.690 +03:00 [INF] Retrieving students V3 with filter: {"StudentNumber":null,"FullName":null,"Program":null,"IsActive":null,"CreatedFrom":null,"CreatedTo":null,"Tags":null,"MinTotalPayments":null,"MaxTotalPayments":null,"SearchTerm":null,"Metadata":null,"$type":"StudentFilterDtoV3"}
2025-07-11 15:32:50.695 +03:00 [INF] Sending payment receipt email to awkiiru@usiu.ac.ke for payment REF0499
2025-07-11 15:32:50.709 +03:00 [INF] Retrieved 9 students for lookup
2025-07-11 15:32:50.711 +03:00 [INF] Current user role: Admin, User ID: 1
2025-07-11 15:32:50.720 +03:00 [INF] Payment 1 for student S12345, found student: Yes
2025-07-11 15:32:50.727 +03:00 [INF] Payment 2 for student S67890, found student: Yes
2025-07-11 15:32:50.732 +03:00 [INF] Payment 3 for student S66004, found student: Yes
2025-07-11 15:32:50.738 +03:00 [INF] Payment 4 for student S66001, found student: Yes
2025-07-11 15:32:50.744 +03:00 [INF] Payment 5 for student S660066, found student: Yes
2025-07-11 15:32:50.750 +03:00 [INF] Payment 6 for student S660088, found student: Yes
2025-07-11 15:32:50.755 +03:00 [INF] Payment 7 for student S660099, found student: Yes
2025-07-11 15:32:50.761 +03:00 [INF] Payment 8 for student S660099, found student: Yes
2025-07-11 15:32:50.768 +03:00 [INF] Payment 9 for student S660099, found student: Yes
2025-07-11 15:32:50.774 +03:00 [INF] Payment 10 for student S660099, found student: Yes
2025-07-11 15:32:50.779 +03:00 [INF] Payment 11 for student S660099, found student: Yes
2025-07-11 15:32:50.786 +03:00 [INF] Returning 11 payment DTOs
2025-07-11 15:32:52.105 +03:00 [ERR] Failed to send email to awkiiru@usiu.ac.ke. Status: "Forbidden"
2025-07-11 15:32:52.119 +03:00 [WRN] Failed to send payment receipt email for payment: REF0499
2025-07-11 15:32:52.124 +03:00 [INF] Sending payment confirmation email to awkiiru@usiu.ac.ke for payment REF0499
2025-07-11 15:32:52.399 +03:00 [ERR] Failed to send email to awkiiru@usiu.ac.ke. Status: "Forbidden"
2025-07-11 15:32:52.406 +03:00 [WRN] Failed to send payment confirmation email for payment: REF0499
2025-07-11 15:44:05.592 +03:00 [INF] Bus stopped: "rabbitmq://localhost/"
2025-07-11 15:44:19.556 +03:00 [INF] Starting XYZ University Payment API {"MachineName":"DESKTOP-F3AMJ10","ThreadId":1,"ProcessId":20136,"Application":"XYZ University Payment API"}
