2025-06-30 15:51:12.934 +03:00 [INF] Ensuring database is created {"MachineName":"DESKTOP-F3AMJ10","ThreadId":1,"ProcessId":15948,"Application":"XYZ University Payment API"}
2025-06-30 15:51:13.981 +03:00 [INF] Database created successfully {"MachineName":"DESKTOP-F3AMJ10","ThreadId":1,"ProcessId":15948,"Application":"XYZ University Payment API"}
2025-06-30 15:51:13.986 +03:00 [INF] Seeding default roles and permissions {"MachineName":"DESKTOP-F3AMJ10","ThreadId":1,"ProcessId":15948,"Application":"XYZ University Payment API"}
2025-06-30 15:51:14.298 +03:00 [INF] Default roles and permissions seeded successfully {"MachineName":"DESKTOP-F3AMJ10","ThreadId":6,"ProcessId":15948,"Application":"XYZ University Payment API"}
2025-06-30 15:51:14.490 +03:00 [INF] XYZ University Payment API started successfully {"MachineName":"DESKTOP-F3AMJ10","ThreadId":6,"ProcessId":15948,"Application":"XYZ University Payment API"}
2025-06-30 15:51:14.660 +03:00 [INF] Configured endpoint PaymentProcessedMessage, Consumer: xyz_university_payment_api.Services.PaymentProcessedMessageConsumer {"SourceContext":"MassTransit","MachineName":"DESKTOP-F3AMJ10","ThreadId":6,"ProcessId":15948,"Application":"XYZ University Payment API"}
2025-06-30 15:51:14.673 +03:00 [INF] Configured endpoint PaymentFailedMessage, Consumer: xyz_university_payment_api.Services.PaymentFailedMessageConsumer {"SourceContext":"MassTransit","MachineName":"DESKTOP-F3AMJ10","ThreadId":6,"ProcessId":15948,"Application":"XYZ University Payment API"}
2025-06-30 15:51:14.683 +03:00 [INF] Configured endpoint PaymentValidationMessage, Consumer: xyz_university_payment_api.Services.PaymentValidationMessageConsumer {"SourceContext":"MassTransit","MachineName":"DESKTOP-F3AMJ10","ThreadId":6,"ProcessId":15948,"Application":"XYZ University Payment API"}
2025-06-30 15:51:15.038 +03:00 [INF] Bus started: "rabbitmq://localhost/" {"SourceContext":"MassTransit","MachineName":"DESKTOP-F3AMJ10","ThreadId":14,"ProcessId":15948,"Application":"XYZ University Payment API"}
2025-06-30 15:52:13.131 +03:00 [ERR] An unhandled exception has occurred while executing the request. {"EventId":{"Id":1,"Name":"UnhandledException"},"SourceContext":"Microsoft.AspNetCore.Diagnostics.DeveloperExceptionPageMiddleware","RequestId":"0HNDNQJBHQ25R:00000001","RequestPath":"/swagger/v1/swagger.json","ConnectionId":"0HNDNQJBHQ25R","MachineName":"DESKTOP-F3AMJ10","ThreadId":9,"ProcessId":15948,"Application":"XYZ University Payment API"}
Swashbuckle.AspNetCore.SwaggerGen.SwaggerGeneratorException: Conflicting method/path combination "GET api/Authorization/users" for actions - xyz_university_payment_api.Controllers.AuthorizationController.GetAllUsers (xyz-university-payment-api), xyz_university_payment_api.Controllers.AuthorizationController.GetAllUsersAdmin (xyz-university-payment-api). Actions require a unique method/path combination for Swagger/OpenAPI 2.0 and 3.0. Use ConflictingActionsResolver as a workaround or provide your own implementation of PathGroupSelector.
   at Swashbuckle.AspNetCore.SwaggerGen.SwaggerGenerator.PrepareGenerateOperation(IGrouping`2 group)
   at System.Linq.Enumerable.SelectEnumerableIterator`2.MoveNext()
   at Swashbuckle.AspNetCore.SwaggerGen.SwaggerGenerator.GenerateOperationsAsync(OpenApiDocument document, IEnumerable`1 apiDescriptions, SchemaRepository schemaRepository)
   at Swashbuckle.AspNetCore.SwaggerGen.SwaggerGenerator.GeneratePathsAsync(OpenApiDocument document, IEnumerable`1 apiDescriptions, SchemaRepository schemaRepository, Func`4 operationsGenerator)
   at Swashbuckle.AspNetCore.SwaggerGen.SwaggerGenerator.GeneratePathsAsync(OpenApiDocument document, IEnumerable`1 apiDescriptions, SchemaRepository schemaRepository)
   at Swashbuckle.AspNetCore.SwaggerGen.SwaggerGenerator.GetSwaggerAsync(String documentName, String host, String basePath)
   at Swashbuckle.AspNetCore.Swagger.SwaggerMiddleware.Invoke(HttpContext httpContext, ISwaggerProvider swaggerProvider)
   at Microsoft.AspNetCore.Diagnostics.DeveloperExceptionPageMiddlewareImpl.Invoke(HttpContext context)
2025-06-30 16:03:25.195 +03:00 [INF] Bus stopped: "rabbitmq://localhost/" {"SourceContext":"MassTransit","MachineName":"DESKTOP-F3AMJ10","ThreadId":30,"ProcessId":15948,"Application":"XYZ University Payment API"}
