2025-06-30 15:43:40.462 +03:00 [INF] Ensuring database is created {"MachineName":"DESKTOP-F3AMJ10","ThreadId":1,"ProcessId":24508,"Application":"XYZ University Payment API"}
2025-06-30 15:43:41.022 +03:00 [INF] Database created successfully {"MachineName":"DESKTOP-F3AMJ10","ThreadId":1,"ProcessId":24508,"Application":"XYZ University Payment API"}
2025-06-30 15:43:41.027 +03:00 [INF] Seeding default roles and permissions {"MachineName":"DESKTOP-F3AMJ10","ThreadId":1,"ProcessId":24508,"Application":"XYZ University Payment API"}
2025-06-30 15:43:41.160 +03:00 [INF] Default roles and permissions seeded successfully {"MachineName":"DESKTOP-F3AMJ10","ThreadId":9,"ProcessId":24508,"Application":"XYZ University Payment API"}
2025-06-30 15:43:41.245 +03:00 [INF] XYZ University Payment API started successfully {"MachineName":"DESKTOP-F3AMJ10","ThreadId":9,"ProcessId":24508,"Application":"XYZ University Payment API"}
2025-06-30 15:43:41.337 +03:00 [INF] Configured endpoint PaymentProcessedMessage, Consumer: xyz_university_payment_api.Services.PaymentProcessedMessageConsumer {"SourceContext":"MassTransit","MachineName":"DESKTOP-F3AMJ10","ThreadId":9,"ProcessId":24508,"Application":"XYZ University Payment API"}
2025-06-30 15:43:41.345 +03:00 [INF] Configured endpoint PaymentFailedMessage, Consumer: xyz_university_payment_api.Services.PaymentFailedMessageConsumer {"SourceContext":"MassTransit","MachineName":"DESKTOP-F3AMJ10","ThreadId":9,"ProcessId":24508,"Application":"XYZ University Payment API"}
2025-06-30 15:43:41.350 +03:00 [INF] Configured endpoint PaymentValidationMessage, Consumer: xyz_university_payment_api.Services.PaymentValidationMessageConsumer {"SourceContext":"MassTransit","MachineName":"DESKTOP-F3AMJ10","ThreadId":9,"ProcessId":24508,"Application":"XYZ University Payment API"}
2025-06-30 15:43:41.556 +03:00 [INF] Bus started: "rabbitmq://localhost/" {"SourceContext":"MassTransit","MachineName":"DESKTOP-F3AMJ10","ThreadId":6,"ProcessId":24508,"Application":"XYZ University Payment API"}
2025-06-30 15:44:39.062 +03:00 [ERR] An unhandled exception has occurred while executing the request. {"EventId":{"Id":1,"Name":"UnhandledException"},"SourceContext":"Microsoft.AspNetCore.Diagnostics.DeveloperExceptionPageMiddleware","RequestId":"0HNDNQFG3FLAU:00000002","RequestPath":"/swagger/v2/swagger.json","ConnectionId":"0HNDNQFG3FLAU","MachineName":"DESKTOP-F3AMJ10","ThreadId":18,"ProcessId":24508,"Application":"XYZ University Payment API"}
Swashbuckle.AspNetCore.SwaggerGen.SwaggerGeneratorException: Conflicting method/path combination "GET api/Authorization/users" for actions - xyz_university_payment_api.Controllers.AuthorizationController.GetAllUsers (xyz-university-payment-api), xyz_university_payment_api.Controllers.AuthorizationController.GetAllUsersAdmin (xyz-university-payment-api). Actions require a unique method/path combination for Swagger/OpenAPI 2.0 and 3.0. Use ConflictingActionsResolver as a workaround or provide your own implementation of PathGroupSelector.
   at Swashbuckle.AspNetCore.SwaggerGen.SwaggerGenerator.PrepareGenerateOperation(IGrouping`2 group)
   at System.Linq.Enumerable.SelectEnumerableIterator`2.MoveNext()
   at Swashbuckle.AspNetCore.SwaggerGen.SwaggerGenerator.GenerateOperationsAsync(OpenApiDocument document, IEnumerable`1 apiDescriptions, SchemaRepository schemaRepository)
   at Swashbuckle.AspNetCore.SwaggerGen.SwaggerGenerator.GeneratePathsAsync(OpenApiDocument document, IEnumerable`1 apiDescriptions, SchemaRepository schemaRepository, Func`4 operationsGenerator)
   at Swashbuckle.AspNetCore.SwaggerGen.SwaggerGenerator.GeneratePathsAsync(OpenApiDocument document, IEnumerable`1 apiDescriptions, SchemaRepository schemaRepository)
   at Swashbuckle.AspNetCore.SwaggerGen.SwaggerGenerator.GetSwaggerAsync(String documentName, String host, String basePath)
   at Swashbuckle.AspNetCore.Swagger.SwaggerMiddleware.Invoke(HttpContext httpContext, ISwaggerProvider swaggerProvider)
   at Microsoft.AspNetCore.Diagnostics.DeveloperExceptionPageMiddlewareImpl.Invoke(HttpContext context)
2025-06-30 15:45:34.029 +03:00 [ERR] An unhandled exception has occurred while executing the request. {"EventId":{"Id":1,"Name":"UnhandledException"},"SourceContext":"Microsoft.AspNetCore.Diagnostics.DeveloperExceptionPageMiddleware","RequestId":"0HNDNQFG3FLB2:00000002","RequestPath":"/swagger/v2/swagger.json","ConnectionId":"0HNDNQFG3FLB2","MachineName":"DESKTOP-F3AMJ10","ThreadId":20,"ProcessId":24508,"Application":"XYZ University Payment API"}
Swashbuckle.AspNetCore.SwaggerGen.SwaggerGeneratorException: Conflicting method/path combination "GET api/Authorization/users" for actions - xyz_university_payment_api.Controllers.AuthorizationController.GetAllUsers (xyz-university-payment-api), xyz_university_payment_api.Controllers.AuthorizationController.GetAllUsersAdmin (xyz-university-payment-api). Actions require a unique method/path combination for Swagger/OpenAPI 2.0 and 3.0. Use ConflictingActionsResolver as a workaround or provide your own implementation of PathGroupSelector.
   at Swashbuckle.AspNetCore.SwaggerGen.SwaggerGenerator.PrepareGenerateOperation(IGrouping`2 group)
   at System.Linq.Enumerable.SelectEnumerableIterator`2.MoveNext()
   at Swashbuckle.AspNetCore.SwaggerGen.SwaggerGenerator.GenerateOperationsAsync(OpenApiDocument document, IEnumerable`1 apiDescriptions, SchemaRepository schemaRepository)
   at Swashbuckle.AspNetCore.SwaggerGen.SwaggerGenerator.GeneratePathsAsync(OpenApiDocument document, IEnumerable`1 apiDescriptions, SchemaRepository schemaRepository, Func`4 operationsGenerator)
   at Swashbuckle.AspNetCore.SwaggerGen.SwaggerGenerator.GeneratePathsAsync(OpenApiDocument document, IEnumerable`1 apiDescriptions, SchemaRepository schemaRepository)
   at Swashbuckle.AspNetCore.SwaggerGen.SwaggerGenerator.GetSwaggerAsync(String documentName, String host, String basePath)
   at Swashbuckle.AspNetCore.Swagger.SwaggerMiddleware.Invoke(HttpContext httpContext, ISwaggerProvider swaggerProvider)
   at Microsoft.AspNetCore.Diagnostics.DeveloperExceptionPageMiddlewareImpl.Invoke(HttpContext context)
2025-06-30 15:46:56.707 +03:00 [ERR] An unhandled exception has occurred while executing the request. {"EventId":{"Id":1,"Name":"UnhandledException"},"SourceContext":"Microsoft.AspNetCore.Diagnostics.DeveloperExceptionPageMiddleware","RequestId":"0HNDNQFG3FLB4:00000001","RequestPath":"/swagger/v2/swagger.json","ConnectionId":"0HNDNQFG3FLB4","MachineName":"DESKTOP-F3AMJ10","ThreadId":24,"ProcessId":24508,"Application":"XYZ University Payment API"}
Swashbuckle.AspNetCore.SwaggerGen.SwaggerGeneratorException: Conflicting method/path combination "GET api/Authorization/users" for actions - xyz_university_payment_api.Controllers.AuthorizationController.GetAllUsers (xyz-university-payment-api), xyz_university_payment_api.Controllers.AuthorizationController.GetAllUsersAdmin (xyz-university-payment-api). Actions require a unique method/path combination for Swagger/OpenAPI 2.0 and 3.0. Use ConflictingActionsResolver as a workaround or provide your own implementation of PathGroupSelector.
   at Swashbuckle.AspNetCore.SwaggerGen.SwaggerGenerator.PrepareGenerateOperation(IGrouping`2 group)
   at System.Linq.Enumerable.SelectEnumerableIterator`2.MoveNext()
   at Swashbuckle.AspNetCore.SwaggerGen.SwaggerGenerator.GenerateOperationsAsync(OpenApiDocument document, IEnumerable`1 apiDescriptions, SchemaRepository schemaRepository)
   at Swashbuckle.AspNetCore.SwaggerGen.SwaggerGenerator.GeneratePathsAsync(OpenApiDocument document, IEnumerable`1 apiDescriptions, SchemaRepository schemaRepository, Func`4 operationsGenerator)
   at Swashbuckle.AspNetCore.SwaggerGen.SwaggerGenerator.GeneratePathsAsync(OpenApiDocument document, IEnumerable`1 apiDescriptions, SchemaRepository schemaRepository)
   at Swashbuckle.AspNetCore.SwaggerGen.SwaggerGenerator.GetSwaggerAsync(String documentName, String host, String basePath)
   at Swashbuckle.AspNetCore.Swagger.SwaggerMiddleware.Invoke(HttpContext httpContext, ISwaggerProvider swaggerProvider)
   at Microsoft.AspNetCore.Diagnostics.DeveloperExceptionPageMiddlewareImpl.Invoke(HttpContext context)
2025-06-30 15:50:36.651 +03:00 [INF] Bus stopped: "rabbitmq://localhost/" {"SourceContext":"MassTransit","MachineName":"DESKTOP-F3AMJ10","ThreadId":25,"ProcessId":24508,"Application":"XYZ University Payment API"}
