2025-07-14 11:11:16.124 +03:00 [INF] Ensuring database is created
2025-07-14 11:11:16.686 +03:00 [INF] Database created successfully
2025-07-14 11:11:16.691 +03:00 [INF] Seeding default roles and permissions
2025-07-14 11:11:17.017 +03:00 [INF] Valid data already seeded, skipping seeding process
2025-07-14 11:11:17.023 +03:00 [INF] Default roles and permissions seeded successfully
2025-07-14 11:11:17.065 +03:00 [INF] Fee schedules and student balances already exist, skipping seeding
2025-07-14 11:11:17.213 +03:00 [INF] XYZ University Payment API started successfully
2025-07-14 11:11:17.326 +03:00 [INF] Configured endpoint PaymentMessage, Consumer: xyz_university_payment_api.Core.Application.Services.PaymentMessageConsumer
2025-07-14 11:11:17.337 +03:00 [INF] Configured endpoint PaymentFailedMessage, Consumer: xyz_university_payment_api.Core.Application.Services.PaymentFailedMessageConsumer
2025-07-14 11:11:17.686 +03:00 [INF] Bus started: "rabbitmq://localhost/"
2025-07-14 11:11:31.264 +03:00 [INF] V3 GetStudentStats endpoint called
2025-07-14 11:11:31.273 +03:00 [INF] Current user: S6600991 (ID: 62)
2025-07-14 11:11:31.279 +03:00 [INF] User roles: Student, Student
2025-07-14 11:11:31.285 +03:00 [INF] User permissions: Payments.Read, Students.Read
2025-07-14 11:11:31.290 +03:00 [INF] Retrieving all students
2025-07-14 11:11:31.417 +03:00 [INF] Getting balance summary for student: S6600991
2025-07-14 11:11:31.500 +03:00 [INF] Using new balance system for student S6600991: Outstanding=$1400.00
2025-07-14 11:11:31.532 +03:00 [INF] Student balance summary cached: S6600991
2025-07-14 11:11:31.540 +03:00 [INF] Retrieving payments for student: S6600991
2025-07-14 11:11:31.550 +03:00 [INF] Student payments cached: S6600991
2025-07-14 11:11:31.556 +03:00 [INF] Retrieved balance for student S6600991: Outstanding=$1400.00, Paid=$45000.00, Due=2025-08-13
2025-07-14 11:11:31.586 +03:00 [INF] V3 GetStudentStats endpoint called
2025-07-14 11:11:31.592 +03:00 [INF] Current user: S6600991 (ID: 62)
2025-07-14 11:11:31.598 +03:00 [INF] User roles: Student, Student
2025-07-14 11:11:31.604 +03:00 [INF] User permissions: Payments.Read, Students.Read
2025-07-14 11:11:31.609 +03:00 [INF] Retrieving all students
2025-07-14 11:11:31.650 +03:00 [INF] Getting balance summary for student: S6600991
2025-07-14 11:11:31.661 +03:00 [INF] Student balance summary retrieved from cache: S6600991
2025-07-14 11:11:31.666 +03:00 [INF] Retrieving payments for student: S6600991
2025-07-14 11:11:31.672 +03:00 [INF] Student payments retrieved from cache: S6600991
2025-07-14 11:11:31.677 +03:00 [INF] Retrieved balance for student S6600991: Outstanding=$1400.00, Paid=$45000.00, Due=2025-08-13
2025-07-14 11:11:32.839 +03:00 [INF] V3 GetStudentStats endpoint called
2025-07-14 11:11:32.845 +03:00 [INF] Current user: S6600991 (ID: 62)
2025-07-14 11:11:32.850 +03:00 [INF] User roles: Student, Student
2025-07-14 11:11:32.854 +03:00 [INF] User permissions: Payments.Read, Students.Read
2025-07-14 11:11:32.860 +03:00 [INF] Retrieving all students
2025-07-14 11:11:32.868 +03:00 [INF] Getting balance summary for student: S6600991
2025-07-14 11:11:32.873 +03:00 [INF] Student balance summary retrieved from cache: S6600991
2025-07-14 11:11:32.878 +03:00 [INF] Retrieving payments for student: S6600991
2025-07-14 11:11:32.882 +03:00 [INF] Student payments retrieved from cache: S6600991
2025-07-14 11:11:32.887 +03:00 [INF] Retrieved balance for student S6600991: Outstanding=$1400.00, Paid=$45000.00, Due=2025-08-13
2025-07-14 11:11:32.895 +03:00 [INF] V3 GetStudentStats endpoint called
2025-07-14 11:11:32.899 +03:00 [INF] Current user: S6600991 (ID: 62)
2025-07-14 11:11:32.904 +03:00 [INF] User roles: Student, Student
2025-07-14 11:11:32.909 +03:00 [INF] User permissions: Payments.Read, Students.Read
2025-07-14 11:11:32.914 +03:00 [INF] Retrieving all students
2025-07-14 11:11:32.920 +03:00 [INF] Getting balance summary for student: S6600991
2025-07-14 11:11:32.925 +03:00 [INF] Student balance summary retrieved from cache: S6600991
2025-07-14 11:11:32.929 +03:00 [INF] Retrieving payments for student: S6600991
2025-07-14 11:11:32.934 +03:00 [INF] Student payments retrieved from cache: S6600991
2025-07-14 11:11:32.938 +03:00 [INF] Retrieved balance for student S6600991: Outstanding=$1400.00, Paid=$45000.00, Due=2025-08-13
2025-07-14 11:11:34.196 +03:00 [INF] V3 GetStudentStats endpoint called
2025-07-14 11:11:34.202 +03:00 [INF] Current user: S6600991 (ID: 62)
2025-07-14 11:11:34.213 +03:00 [INF] User roles: Student, Student
2025-07-14 11:11:34.217 +03:00 [INF] User permissions: Payments.Read, Students.Read
2025-07-14 11:11:34.221 +03:00 [INF] Retrieving all students
2025-07-14 11:11:34.230 +03:00 [INF] Getting balance summary for student: S6600991
2025-07-14 11:11:34.234 +03:00 [INF] Student balance summary retrieved from cache: S6600991
2025-07-14 11:11:34.239 +03:00 [INF] Retrieving payments for student: S6600991
2025-07-14 11:11:34.246 +03:00 [INF] Student payments retrieved from cache: S6600991
2025-07-14 11:11:34.250 +03:00 [INF] Retrieved balance for student S6600991: Outstanding=$1400.00, Paid=$45000.00, Due=2025-08-13
2025-07-14 11:11:34.258 +03:00 [INF] V3 GetStudentStats endpoint called
2025-07-14 11:11:34.262 +03:00 [INF] Current user: S6600991 (ID: 62)
2025-07-14 11:11:34.267 +03:00 [INF] User roles: Student, Student
2025-07-14 11:11:34.272 +03:00 [INF] User permissions: Payments.Read, Students.Read
2025-07-14 11:11:34.277 +03:00 [INF] Retrieving all students
2025-07-14 11:11:34.283 +03:00 [INF] Getting balance summary for student: S6600991
2025-07-14 11:11:34.288 +03:00 [INF] Student balance summary retrieved from cache: S6600991
2025-07-14 11:11:34.293 +03:00 [INF] Retrieving payments for student: S6600991
2025-07-14 11:11:34.297 +03:00 [INF] Student payments retrieved from cache: S6600991
2025-07-14 11:11:34.301 +03:00 [INF] Retrieved balance for student S6600991: Outstanding=$1400.00, Paid=$45000.00, Due=2025-08-13
2025-07-14 11:11:43.500 +03:00 [WRN] Compiling a query which loads related collections for more than one collection navigation, either via 'Include' or through projection, but no 'QuerySplittingBehavior' has been configured. By default, Entity Framework will use 'QuerySplittingBehavior.SingleQuery', which can potentially result in slow query performance. See https://go.microsoft.com/fwlink/?linkid=2134277 for more information. To identify the query that's triggering this warning call 'ConfigureWarnings(w => w.Throw(RelationalEventId.MultipleCollectionIncludeWarning))'.
2025-07-14 11:11:43.535 +03:00 [INF] Generated access token for user S660099 with 1 roles and 2 permissions
2025-07-14 11:11:43.601 +03:00 [INF] V3 GetStudentStats endpoint called
2025-07-14 11:11:43.609 +03:00 [INF] Current user: S660099 (ID: 61)
2025-07-14 11:11:43.617 +03:00 [INF] User roles: Student, Student
2025-07-14 11:11:43.627 +03:00 [INF] User permissions: Payments.Read, Students.Read
2025-07-14 11:11:43.632 +03:00 [INF] Retrieving all students
2025-07-14 11:11:43.643 +03:00 [INF] Getting balance summary for student: S660099
2025-07-14 11:11:43.658 +03:00 [INF] Using new balance system for student S660099: Outstanding=$0.00
2025-07-14 11:11:43.664 +03:00 [INF] Student balance summary cached: S660099
2025-07-14 11:11:43.668 +03:00 [INF] Retrieving payments for student: S660099
2025-07-14 11:11:43.676 +03:00 [INF] Student payments cached: S660099
2025-07-14 11:11:43.681 +03:00 [INF] Retrieved balance for student S660099: Outstanding=$0.00, Paid=$11100.00, Due=2025-08-13
2025-07-14 11:11:43.690 +03:00 [INF] V3 GetStudentStats endpoint called
2025-07-14 11:11:43.695 +03:00 [INF] Current user: S660099 (ID: 61)
2025-07-14 11:11:43.700 +03:00 [INF] User roles: Student, Student
2025-07-14 11:11:43.707 +03:00 [INF] User permissions: Payments.Read, Students.Read
2025-07-14 11:11:43.712 +03:00 [INF] Retrieving all students
2025-07-14 11:11:43.720 +03:00 [INF] Getting balance summary for student: S660099
2025-07-14 11:11:43.725 +03:00 [INF] Student balance summary retrieved from cache: S660099
2025-07-14 11:11:43.729 +03:00 [INF] Retrieving payments for student: S660099
2025-07-14 11:11:43.734 +03:00 [INF] Student payments retrieved from cache: S660099
2025-07-14 11:11:43.738 +03:00 [INF] Retrieved balance for student S660099: Outstanding=$0.00, Paid=$11100.00, Due=2025-08-13
2025-07-14 11:44:15.296 +03:00 [INF] Bus stopped: "rabbitmq://localhost/"
2025-07-14 11:51:43.129 +03:00 [INF] Starting XYZ University Payment API {"MachineName":"DESKTOP-F3AMJ10","ThreadId":4,"ProcessId":20772,"Application":"XYZ University Payment API"}
2025-07-14 11:51:43.176 +03:00 [INF] EF command detected, skipping application startup {"MachineName":"DESKTOP-F3AMJ10","ThreadId":4,"ProcessId":20772,"Application":"XYZ University Payment API"}
2025-07-14 11:54:01.792 +03:00 [INF] Starting XYZ University Payment API {"MachineName":"DESKTOP-F3AMJ10","ThreadId":4,"ProcessId":7492,"Application":"XYZ University Payment API"}
2025-07-14 11:54:01.835 +03:00 [INF] EF command detected, skipping application startup {"MachineName":"DESKTOP-F3AMJ10","ThreadId":4,"ProcessId":7492,"Application":"XYZ University Payment API"}
2025-07-14 11:54:13.094 +03:00 [INF] Starting XYZ University Payment API {"MachineName":"DESKTOP-F3AMJ10","ThreadId":1,"ProcessId":16404,"Application":"XYZ University Payment API"}
