2025-07-01 10:59:10.632 +03:00 [ERR] An unhandled exception has occurred while executing the request.
System.FormatException: Input string was not in a correct format.
   at Microsoft.AspNetCore.Mvc.Versioning.ApiVersionFormatProvider.Format(String format, Object arg, IFormatProvider formatProvider)
   at Microsoft.AspNetCore.Mvc.ApiVersion.ToString(String format, IFormatProvider formatProvider)
   at Microsoft.AspNetCore.Mvc.ApiExplorer.VersionedApiDescriptionProvider.OnProvidersExecuted(ApiDescriptionProviderContext context)
   at Microsoft.AspNetCore.Mvc.ApiExplorer.ApiDescriptionGroupCollectionProvider.GetCollection(ActionDescriptorCollection actionDescriptors)
   at Microsoft.AspNetCore.Mvc.ApiExplorer.ApiDescriptionGroupCollectionProvider.get_ApiDescriptionGroups()
   at Swashbuckle.AspNetCore.SwaggerGen.SwaggerGenerator.GetSwaggerDocumentWithoutPaths(String documentName, String host, String basePath)
   at Swashbuckle.AspNetCore.SwaggerGen.SwaggerGenerator.GetSwaggerAsync(String documentName, String host, String basePath)
   at Swashbuckle.AspNetCore.Swagger.SwaggerMiddleware.Invoke(HttpContext httpContext, ISwaggerProvider swaggerProvider)
   at Microsoft.AspNetCore.Diagnostics.DeveloperExceptionPageMiddlewareImpl.Invoke(HttpContext context)
2025-07-01 10:59:20.160 +03:00 [ERR] An unhandled exception has occurred while executing the request.
System.FormatException: Input string was not in a correct format.
   at Microsoft.AspNetCore.Mvc.Versioning.ApiVersionFormatProvider.Format(String format, Object arg, IFormatProvider formatProvider)
   at Microsoft.AspNetCore.Mvc.ApiVersion.ToString(String format, IFormatProvider formatProvider)
   at Microsoft.AspNetCore.Mvc.ApiExplorer.VersionedApiDescriptionProvider.OnProvidersExecuted(ApiDescriptionProviderContext context)
   at Microsoft.AspNetCore.Mvc.ApiExplorer.ApiDescriptionGroupCollectionProvider.GetCollection(ActionDescriptorCollection actionDescriptors)
   at Microsoft.AspNetCore.Mvc.ApiExplorer.ApiDescriptionGroupCollectionProvider.get_ApiDescriptionGroups()
   at Swashbuckle.AspNetCore.SwaggerGen.SwaggerGenerator.GetSwaggerDocumentWithoutPaths(String documentName, String host, String basePath)
   at Swashbuckle.AspNetCore.SwaggerGen.SwaggerGenerator.GetSwaggerAsync(String documentName, String host, String basePath)
   at Swashbuckle.AspNetCore.Swagger.SwaggerMiddleware.Invoke(HttpContext httpContext, ISwaggerProvider swaggerProvider)
   at Microsoft.AspNetCore.Diagnostics.DeveloperExceptionPageMiddlewareImpl.Invoke(HttpContext context)
2025-07-01 10:59:26.123 +03:00 [ERR] An unhandled exception has occurred while executing the request.
System.FormatException: Input string was not in a correct format.
   at Microsoft.AspNetCore.Mvc.Versioning.ApiVersionFormatProvider.Format(String format, Object arg, IFormatProvider formatProvider)
   at Microsoft.AspNetCore.Mvc.ApiVersion.ToString(String format, IFormatProvider formatProvider)
   at Microsoft.AspNetCore.Mvc.ApiExplorer.VersionedApiDescriptionProvider.OnProvidersExecuted(ApiDescriptionProviderContext context)
   at Microsoft.AspNetCore.Mvc.ApiExplorer.ApiDescriptionGroupCollectionProvider.GetCollection(ActionDescriptorCollection actionDescriptors)
   at Microsoft.AspNetCore.Mvc.ApiExplorer.ApiDescriptionGroupCollectionProvider.get_ApiDescriptionGroups()
   at Swashbuckle.AspNetCore.SwaggerGen.SwaggerGenerator.GetSwaggerDocumentWithoutPaths(String documentName, String host, String basePath)
   at Swashbuckle.AspNetCore.SwaggerGen.SwaggerGenerator.GetSwaggerAsync(String documentName, String host, String basePath)
   at Swashbuckle.AspNetCore.Swagger.SwaggerMiddleware.Invoke(HttpContext httpContext, ISwaggerProvider swaggerProvider)
   at Microsoft.AspNetCore.Diagnostics.DeveloperExceptionPageMiddlewareImpl.Invoke(HttpContext context)
2025-07-01 11:37:10.690 +03:00 [ERR] An unhandled exception has occurred while executing the request. {"EventId":{"Id":1,"Name":"UnhandledException"},"SourceContext":"Microsoft.AspNetCore.Diagnostics.DeveloperExceptionPageMiddleware","RequestId":"0HNDOENB5NMOD:00000001","RequestPath":"/api/v3/StudentControllerV3/66001","ConnectionId":"0HNDOENB5NMOD","MachineName":"DESKTOP-F3AMJ10","ThreadId":3,"ProcessId":19444,"Application":"XYZ University Payment API"}
System.InvalidOperationException: The AuthorizationPolicy named: 'RolePolicy' was not found.
   at Microsoft.AspNetCore.Authorization.AuthorizationPolicy.CombineAsync(IAuthorizationPolicyProvider policyProvider, IEnumerable`1 authorizeData, IEnumerable`1 policies)
   at Microsoft.AspNetCore.Authorization.AuthorizationMiddleware.Invoke(HttpContext context)
   at Microsoft.AspNetCore.Authentication.AuthenticationMiddleware.Invoke(HttpContext context)
   at Swashbuckle.AspNetCore.SwaggerUI.SwaggerUIMiddleware.Invoke(HttpContext httpContext)
   at Swashbuckle.AspNetCore.Swagger.SwaggerMiddleware.Invoke(HttpContext httpContext, ISwaggerProvider swaggerProvider)
   at Microsoft.AspNetCore.Diagnostics.DeveloperExceptionPageMiddlewareImpl.Invoke(HttpContext context)
