2025-07-09 10:52:19.039 +03:00 [ERR] Error retrieving student dashboard statistics
xyz_university_payment_api.Core.Domain.Exceptions.StudentNotFoundException: Student with ID 26 was not found.
   at xyz_university_payment_api.Core.Application.Services.StudentService.GetStudentByIdAsync(Int32 id) in C:\Users\wanja\Desktop\jj\xyz-university-payment-api\xyz-university-payment-api\Core\Application\Services\StudentService.cs:line 72
   at xyz_university_payment_api.Presentation.Controllers.V3.DashboardController.GetStudentStats() in C:\Users\wanja\Desktop\jj\xyz-university-payment-api\xyz-university-payment-api\Presentation\Controllers\V3\DashboardControllerV3.cs:line 229
2025-07-09 10:52:19.109 +03:00 [ERR] Error retrieving student dashboard statistics
xyz_university_payment_api.Core.Domain.Exceptions.StudentNotFoundException: Student with ID 26 was not found.
   at xyz_university_payment_api.Core.Application.Services.StudentService.GetStudentByIdAsync(Int32 id) in C:\Users\wanja\Desktop\jj\xyz-university-payment-api\xyz-university-payment-api\Core\Application\Services\StudentService.cs:line 72
   at xyz_university_payment_api.Presentation.Controllers.V3.DashboardController.GetStudentStats() in C:\Users\wanja\Desktop\jj\xyz-university-payment-api\xyz-university-payment-api\Presentation\Controllers\V3\DashboardControllerV3.cs:line 229
2025-07-09 10:52:22.169 +03:00 [ERR] Error retrieving student dashboard statistics
xyz_university_payment_api.Core.Domain.Exceptions.StudentNotFoundException: Student with ID 26 was not found.
   at xyz_university_payment_api.Core.Application.Services.StudentService.GetStudentByIdAsync(Int32 id) in C:\Users\wanja\Desktop\jj\xyz-university-payment-api\xyz-university-payment-api\Core\Application\Services\StudentService.cs:line 72
   at xyz_university_payment_api.Presentation.Controllers.V3.DashboardController.GetStudentStats() in C:\Users\wanja\Desktop\jj\xyz-university-payment-api\xyz-university-payment-api\Presentation\Controllers\V3\DashboardControllerV3.cs:line 229
2025-07-09 10:52:22.202 +03:00 [ERR] Error retrieving student dashboard statistics
xyz_university_payment_api.Core.Domain.Exceptions.StudentNotFoundException: Student with ID 26 was not found.
   at xyz_university_payment_api.Core.Application.Services.StudentService.GetStudentByIdAsync(Int32 id) in C:\Users\wanja\Desktop\jj\xyz-university-payment-api\xyz-university-payment-api\Core\Application\Services\StudentService.cs:line 72
   at xyz_university_payment_api.Presentation.Controllers.V3.DashboardController.GetStudentStats() in C:\Users\wanja\Desktop\jj\xyz-university-payment-api\xyz-university-payment-api\Presentation\Controllers\V3\DashboardControllerV3.cs:line 229
2025-07-09 10:52:30.846 +03:00 [ERR] Error retrieving student dashboard statistics
xyz_university_payment_api.Core.Domain.Exceptions.StudentNotFoundException: Student with ID 26 was not found.
   at xyz_university_payment_api.Core.Application.Services.StudentService.GetStudentByIdAsync(Int32 id) in C:\Users\wanja\Desktop\jj\xyz-university-payment-api\xyz-university-payment-api\Core\Application\Services\StudentService.cs:line 72
   at xyz_university_payment_api.Presentation.Controllers.V3.DashboardController.GetStudentStats() in C:\Users\wanja\Desktop\jj\xyz-university-payment-api\xyz-university-payment-api\Presentation\Controllers\V3\DashboardControllerV3.cs:line 229
2025-07-09 10:52:30.886 +03:00 [ERR] Error retrieving student dashboard statistics
xyz_university_payment_api.Core.Domain.Exceptions.StudentNotFoundException: Student with ID 26 was not found.
   at xyz_university_payment_api.Core.Application.Services.StudentService.GetStudentByIdAsync(Int32 id) in C:\Users\wanja\Desktop\jj\xyz-university-payment-api\xyz-university-payment-api\Core\Application\Services\StudentService.cs:line 72
   at xyz_university_payment_api.Presentation.Controllers.V3.DashboardController.GetStudentStats() in C:\Users\wanja\Desktop\jj\xyz-university-payment-api\xyz-university-payment-api\Presentation\Controllers\V3\DashboardControllerV3.cs:line 229
2025-07-09 10:54:01.335 +03:00 [ERR] Error retrieving student dashboard statistics
xyz_university_payment_api.Core.Domain.Exceptions.StudentNotFoundException: Student with ID 26 was not found.
   at xyz_university_payment_api.Core.Application.Services.StudentService.GetStudentByIdAsync(Int32 id) in C:\Users\wanja\Desktop\jj\xyz-university-payment-api\xyz-university-payment-api\Core\Application\Services\StudentService.cs:line 72
   at xyz_university_payment_api.Presentation.Controllers.V3.DashboardController.GetStudentStats() in C:\Users\wanja\Desktop\jj\xyz-university-payment-api\xyz-university-payment-api\Presentation\Controllers\V3\DashboardControllerV3.cs:line 229
2025-07-09 10:54:01.377 +03:00 [ERR] Error retrieving student dashboard statistics
xyz_university_payment_api.Core.Domain.Exceptions.StudentNotFoundException: Student with ID 26 was not found.
   at xyz_university_payment_api.Core.Application.Services.StudentService.GetStudentByIdAsync(Int32 id) in C:\Users\wanja\Desktop\jj\xyz-university-payment-api\xyz-university-payment-api\Core\Application\Services\StudentService.cs:line 72
   at xyz_university_payment_api.Presentation.Controllers.V3.DashboardController.GetStudentStats() in C:\Users\wanja\Desktop\jj\xyz-university-payment-api\xyz-university-payment-api\Presentation\Controllers\V3\DashboardControllerV3.cs:line 229
2025-07-09 10:54:14.640 +03:00 [ERR] Error retrieving student dashboard statistics
xyz_university_payment_api.Core.Domain.Exceptions.StudentNotFoundException: Student with ID 26 was not found.
   at xyz_university_payment_api.Core.Application.Services.StudentService.GetStudentByIdAsync(Int32 id) in C:\Users\wanja\Desktop\jj\xyz-university-payment-api\xyz-university-payment-api\Core\Application\Services\StudentService.cs:line 72
   at xyz_university_payment_api.Presentation.Controllers.V3.DashboardController.GetStudentStats() in C:\Users\wanja\Desktop\jj\xyz-university-payment-api\xyz-university-payment-api\Presentation\Controllers\V3\DashboardControllerV3.cs:line 229
2025-07-09 10:54:14.677 +03:00 [ERR] Error retrieving student dashboard statistics
xyz_university_payment_api.Core.Domain.Exceptions.StudentNotFoundException: Student with ID 26 was not found.
   at xyz_university_payment_api.Core.Application.Services.StudentService.GetStudentByIdAsync(Int32 id) in C:\Users\wanja\Desktop\jj\xyz-university-payment-api\xyz-university-payment-api\Core\Application\Services\StudentService.cs:line 72
   at xyz_university_payment_api.Presentation.Controllers.V3.DashboardController.GetStudentStats() in C:\Users\wanja\Desktop\jj\xyz-university-payment-api\xyz-university-payment-api\Presentation\Controllers\V3\DashboardControllerV3.cs:line 229
2025-07-09 10:56:49.826 +03:00 [ERR] Error retrieving student dashboard statistics
xyz_university_payment_api.Core.Domain.Exceptions.StudentNotFoundException: Student with ID 26 was not found.
   at xyz_university_payment_api.Core.Application.Services.StudentService.GetStudentByIdAsync(Int32 id) in C:\Users\wanja\Desktop\jj\xyz-university-payment-api\xyz-university-payment-api\Core\Application\Services\StudentService.cs:line 72
   at xyz_university_payment_api.Presentation.Controllers.V3.DashboardController.GetStudentStats() in C:\Users\wanja\Desktop\jj\xyz-university-payment-api\xyz-university-payment-api\Presentation\Controllers\V3\DashboardControllerV3.cs:line 229
2025-07-09 10:56:49.859 +03:00 [ERR] Error retrieving student dashboard statistics
xyz_university_payment_api.Core.Domain.Exceptions.StudentNotFoundException: Student with ID 26 was not found.
   at xyz_university_payment_api.Core.Application.Services.StudentService.GetStudentByIdAsync(Int32 id) in C:\Users\wanja\Desktop\jj\xyz-university-payment-api\xyz-university-payment-api\Core\Application\Services\StudentService.cs:line 72
   at xyz_university_payment_api.Presentation.Controllers.V3.DashboardController.GetStudentStats() in C:\Users\wanja\Desktop\jj\xyz-university-payment-api\xyz-university-payment-api\Presentation\Controllers\V3\DashboardControllerV3.cs:line 229
2025-07-09 10:56:50.881 +03:00 [ERR] Error retrieving student dashboard statistics
xyz_university_payment_api.Core.Domain.Exceptions.StudentNotFoundException: Student with ID 26 was not found.
   at xyz_university_payment_api.Core.Application.Services.StudentService.GetStudentByIdAsync(Int32 id) in C:\Users\wanja\Desktop\jj\xyz-university-payment-api\xyz-university-payment-api\Core\Application\Services\StudentService.cs:line 72
   at xyz_university_payment_api.Presentation.Controllers.V3.DashboardController.GetStudentStats() in C:\Users\wanja\Desktop\jj\xyz-university-payment-api\xyz-university-payment-api\Presentation\Controllers\V3\DashboardControllerV3.cs:line 229
2025-07-09 10:56:50.926 +03:00 [ERR] Error retrieving student dashboard statistics
xyz_university_payment_api.Core.Domain.Exceptions.StudentNotFoundException: Student with ID 26 was not found.
   at xyz_university_payment_api.Core.Application.Services.StudentService.GetStudentByIdAsync(Int32 id) in C:\Users\wanja\Desktop\jj\xyz-university-payment-api\xyz-university-payment-api\Core\Application\Services\StudentService.cs:line 72
   at xyz_university_payment_api.Presentation.Controllers.V3.DashboardController.GetStudentStats() in C:\Users\wanja\Desktop\jj\xyz-university-payment-api\xyz-university-payment-api\Presentation\Controllers\V3\DashboardControllerV3.cs:line 229
2025-07-09 10:56:51.787 +03:00 [ERR] Error retrieving student dashboard statistics
xyz_university_payment_api.Core.Domain.Exceptions.StudentNotFoundException: Student with ID 26 was not found.
   at xyz_university_payment_api.Core.Application.Services.StudentService.GetStudentByIdAsync(Int32 id) in C:\Users\wanja\Desktop\jj\xyz-university-payment-api\xyz-university-payment-api\Core\Application\Services\StudentService.cs:line 72
   at xyz_university_payment_api.Presentation.Controllers.V3.DashboardController.GetStudentStats() in C:\Users\wanja\Desktop\jj\xyz-university-payment-api\xyz-university-payment-api\Presentation\Controllers\V3\DashboardControllerV3.cs:line 229
2025-07-09 10:56:51.821 +03:00 [ERR] Error retrieving student dashboard statistics
xyz_university_payment_api.Core.Domain.Exceptions.StudentNotFoundException: Student with ID 26 was not found.
   at xyz_university_payment_api.Core.Application.Services.StudentService.GetStudentByIdAsync(Int32 id) in C:\Users\wanja\Desktop\jj\xyz-university-payment-api\xyz-university-payment-api\Core\Application\Services\StudentService.cs:line 72
   at xyz_university_payment_api.Presentation.Controllers.V3.DashboardController.GetStudentStats() in C:\Users\wanja\Desktop\jj\xyz-university-payment-api\xyz-university-payment-api\Presentation\Controllers\V3\DashboardControllerV3.cs:line 229
2025-07-09 10:56:54.802 +03:00 [ERR] Error retrieving student dashboard statistics
xyz_university_payment_api.Core.Domain.Exceptions.StudentNotFoundException: Student with ID 26 was not found.
   at xyz_university_payment_api.Core.Application.Services.StudentService.GetStudentByIdAsync(Int32 id) in C:\Users\wanja\Desktop\jj\xyz-university-payment-api\xyz-university-payment-api\Core\Application\Services\StudentService.cs:line 72
   at xyz_university_payment_api.Presentation.Controllers.V3.DashboardController.GetStudentStats() in C:\Users\wanja\Desktop\jj\xyz-university-payment-api\xyz-university-payment-api\Presentation\Controllers\V3\DashboardControllerV3.cs:line 229
2025-07-09 10:56:54.834 +03:00 [ERR] Error retrieving student dashboard statistics
xyz_university_payment_api.Core.Domain.Exceptions.StudentNotFoundException: Student with ID 26 was not found.
   at xyz_university_payment_api.Core.Application.Services.StudentService.GetStudentByIdAsync(Int32 id) in C:\Users\wanja\Desktop\jj\xyz-university-payment-api\xyz-university-payment-api\Core\Application\Services\StudentService.cs:line 72
   at xyz_university_payment_api.Presentation.Controllers.V3.DashboardController.GetStudentStats() in C:\Users\wanja\Desktop\jj\xyz-university-payment-api\xyz-university-payment-api\Presentation\Controllers\V3\DashboardControllerV3.cs:line 229
2025-07-09 11:13:12.938 +03:00 [ERR] Error retrieving student dashboard statistics
xyz_university_payment_api.Core.Domain.Exceptions.StudentNotFoundException: Student with ID 26 was not found.
   at xyz_university_payment_api.Core.Application.Services.StudentService.GetStudentByIdAsync(Int32 id) in C:\Users\wanja\Desktop\jj\xyz-university-payment-api\xyz-university-payment-api\Core\Application\Services\StudentService.cs:line 72
   at xyz_university_payment_api.Presentation.Controllers.V3.DashboardController.GetStudentStats() in C:\Users\wanja\Desktop\jj\xyz-university-payment-api\xyz-university-payment-api\Presentation\Controllers\V3\DashboardControllerV3.cs:line 229
2025-07-09 11:13:12.984 +03:00 [ERR] Error retrieving student dashboard statistics
xyz_university_payment_api.Core.Domain.Exceptions.StudentNotFoundException: Student with ID 26 was not found.
   at xyz_university_payment_api.Core.Application.Services.StudentService.GetStudentByIdAsync(Int32 id) in C:\Users\wanja\Desktop\jj\xyz-university-payment-api\xyz-university-payment-api\Core\Application\Services\StudentService.cs:line 72
   at xyz_university_payment_api.Presentation.Controllers.V3.DashboardController.GetStudentStats() in C:\Users\wanja\Desktop\jj\xyz-university-payment-api\xyz-university-payment-api\Presentation\Controllers\V3\DashboardControllerV3.cs:line 229
2025-07-09 11:13:14.139 +03:00 [ERR] Error retrieving student dashboard statistics
xyz_university_payment_api.Core.Domain.Exceptions.StudentNotFoundException: Student with ID 26 was not found.
   at xyz_university_payment_api.Core.Application.Services.StudentService.GetStudentByIdAsync(Int32 id) in C:\Users\wanja\Desktop\jj\xyz-university-payment-api\xyz-university-payment-api\Core\Application\Services\StudentService.cs:line 72
   at xyz_university_payment_api.Presentation.Controllers.V3.DashboardController.GetStudentStats() in C:\Users\wanja\Desktop\jj\xyz-university-payment-api\xyz-university-payment-api\Presentation\Controllers\V3\DashboardControllerV3.cs:line 229
2025-07-09 11:13:14.168 +03:00 [ERR] Error retrieving student dashboard statistics
xyz_university_payment_api.Core.Domain.Exceptions.StudentNotFoundException: Student with ID 26 was not found.
   at xyz_university_payment_api.Core.Application.Services.StudentService.GetStudentByIdAsync(Int32 id) in C:\Users\wanja\Desktop\jj\xyz-university-payment-api\xyz-university-payment-api\Core\Application\Services\StudentService.cs:line 72
   at xyz_university_payment_api.Presentation.Controllers.V3.DashboardController.GetStudentStats() in C:\Users\wanja\Desktop\jj\xyz-university-payment-api\xyz-university-payment-api\Presentation\Controllers\V3\DashboardControllerV3.cs:line 229
2025-07-09 11:13:15.298 +03:00 [ERR] Error retrieving student dashboard statistics
xyz_university_payment_api.Core.Domain.Exceptions.StudentNotFoundException: Student with ID 26 was not found.
   at xyz_university_payment_api.Core.Application.Services.StudentService.GetStudentByIdAsync(Int32 id) in C:\Users\wanja\Desktop\jj\xyz-university-payment-api\xyz-university-payment-api\Core\Application\Services\StudentService.cs:line 72
   at xyz_university_payment_api.Presentation.Controllers.V3.DashboardController.GetStudentStats() in C:\Users\wanja\Desktop\jj\xyz-university-payment-api\xyz-university-payment-api\Presentation\Controllers\V3\DashboardControllerV3.cs:line 229
2025-07-09 11:13:15.327 +03:00 [ERR] Error retrieving student dashboard statistics
xyz_university_payment_api.Core.Domain.Exceptions.StudentNotFoundException: Student with ID 26 was not found.
   at xyz_university_payment_api.Core.Application.Services.StudentService.GetStudentByIdAsync(Int32 id) in C:\Users\wanja\Desktop\jj\xyz-university-payment-api\xyz-university-payment-api\Core\Application\Services\StudentService.cs:line 72
   at xyz_university_payment_api.Presentation.Controllers.V3.DashboardController.GetStudentStats() in C:\Users\wanja\Desktop\jj\xyz-university-payment-api\xyz-university-payment-api\Presentation\Controllers\V3\DashboardControllerV3.cs:line 229
2025-07-09 11:13:17.420 +03:00 [ERR] Error retrieving student dashboard statistics
xyz_university_payment_api.Core.Domain.Exceptions.StudentNotFoundException: Student with ID 26 was not found.
   at xyz_university_payment_api.Core.Application.Services.StudentService.GetStudentByIdAsync(Int32 id) in C:\Users\wanja\Desktop\jj\xyz-university-payment-api\xyz-university-payment-api\Core\Application\Services\StudentService.cs:line 72
   at xyz_university_payment_api.Presentation.Controllers.V3.DashboardController.GetStudentStats() in C:\Users\wanja\Desktop\jj\xyz-university-payment-api\xyz-university-payment-api\Presentation\Controllers\V3\DashboardControllerV3.cs:line 229
2025-07-09 11:13:17.450 +03:00 [ERR] Error retrieving student dashboard statistics
xyz_university_payment_api.Core.Domain.Exceptions.StudentNotFoundException: Student with ID 26 was not found.
   at xyz_university_payment_api.Core.Application.Services.StudentService.GetStudentByIdAsync(Int32 id) in C:\Users\wanja\Desktop\jj\xyz-university-payment-api\xyz-university-payment-api\Core\Application\Services\StudentService.cs:line 72
   at xyz_university_payment_api.Presentation.Controllers.V3.DashboardController.GetStudentStats() in C:\Users\wanja\Desktop\jj\xyz-university-payment-api\xyz-university-payment-api\Presentation\Controllers\V3\DashboardControllerV3.cs:line 229
2025-07-09 11:13:18.458 +03:00 [ERR] Error retrieving student dashboard statistics
xyz_university_payment_api.Core.Domain.Exceptions.StudentNotFoundException: Student with ID 26 was not found.
   at xyz_university_payment_api.Core.Application.Services.StudentService.GetStudentByIdAsync(Int32 id) in C:\Users\wanja\Desktop\jj\xyz-university-payment-api\xyz-university-payment-api\Core\Application\Services\StudentService.cs:line 72
   at xyz_university_payment_api.Presentation.Controllers.V3.DashboardController.GetStudentStats() in C:\Users\wanja\Desktop\jj\xyz-university-payment-api\xyz-university-payment-api\Presentation\Controllers\V3\DashboardControllerV3.cs:line 229
2025-07-09 11:13:18.489 +03:00 [ERR] Error retrieving student dashboard statistics
xyz_university_payment_api.Core.Domain.Exceptions.StudentNotFoundException: Student with ID 26 was not found.
   at xyz_university_payment_api.Core.Application.Services.StudentService.GetStudentByIdAsync(Int32 id) in C:\Users\wanja\Desktop\jj\xyz-university-payment-api\xyz-university-payment-api\Core\Application\Services\StudentService.cs:line 72
   at xyz_university_payment_api.Presentation.Controllers.V3.DashboardController.GetStudentStats() in C:\Users\wanja\Desktop\jj\xyz-university-payment-api\xyz-university-payment-api\Presentation\Controllers\V3\DashboardControllerV3.cs:line 229
2025-07-09 11:13:54.444 +03:00 [ERR] Error retrieving student dashboard statistics
xyz_university_payment_api.Core.Domain.Exceptions.StudentNotFoundException: Student with ID 26 was not found.
   at xyz_university_payment_api.Core.Application.Services.StudentService.GetStudentByIdAsync(Int32 id) in C:\Users\wanja\Desktop\jj\xyz-university-payment-api\xyz-university-payment-api\Core\Application\Services\StudentService.cs:line 72
   at xyz_university_payment_api.Presentation.Controllers.V3.DashboardController.GetStudentStats() in C:\Users\wanja\Desktop\jj\xyz-university-payment-api\xyz-university-payment-api\Presentation\Controllers\V3\DashboardControllerV3.cs:line 229
2025-07-09 11:13:54.476 +03:00 [ERR] Error retrieving student dashboard statistics
xyz_university_payment_api.Core.Domain.Exceptions.StudentNotFoundException: Student with ID 26 was not found.
   at xyz_university_payment_api.Core.Application.Services.StudentService.GetStudentByIdAsync(Int32 id) in C:\Users\wanja\Desktop\jj\xyz-university-payment-api\xyz-university-payment-api\Core\Application\Services\StudentService.cs:line 72
   at xyz_university_payment_api.Presentation.Controllers.V3.DashboardController.GetStudentStats() in C:\Users\wanja\Desktop\jj\xyz-university-payment-api\xyz-university-payment-api\Presentation\Controllers\V3\DashboardControllerV3.cs:line 229
2025-07-09 11:13:55.421 +03:00 [ERR] Error retrieving student dashboard statistics
xyz_university_payment_api.Core.Domain.Exceptions.StudentNotFoundException: Student with ID 26 was not found.
   at xyz_university_payment_api.Core.Application.Services.StudentService.GetStudentByIdAsync(Int32 id) in C:\Users\wanja\Desktop\jj\xyz-university-payment-api\xyz-university-payment-api\Core\Application\Services\StudentService.cs:line 72
   at xyz_university_payment_api.Presentation.Controllers.V3.DashboardController.GetStudentStats() in C:\Users\wanja\Desktop\jj\xyz-university-payment-api\xyz-university-payment-api\Presentation\Controllers\V3\DashboardControllerV3.cs:line 229
2025-07-09 11:13:55.463 +03:00 [ERR] Error retrieving student dashboard statistics
xyz_university_payment_api.Core.Domain.Exceptions.StudentNotFoundException: Student with ID 26 was not found.
   at xyz_university_payment_api.Core.Application.Services.StudentService.GetStudentByIdAsync(Int32 id) in C:\Users\wanja\Desktop\jj\xyz-university-payment-api\xyz-university-payment-api\Core\Application\Services\StudentService.cs:line 72
   at xyz_university_payment_api.Presentation.Controllers.V3.DashboardController.GetStudentStats() in C:\Users\wanja\Desktop\jj\xyz-university-payment-api\xyz-university-payment-api\Presentation\Controllers\V3\DashboardControllerV3.cs:line 229
2025-07-09 11:17:05.608 +03:00 [ERR] Error retrieving student dashboard statistics
xyz_university_payment_api.Core.Domain.Exceptions.StudentNotFoundException: Student with ID 26 was not found.
   at xyz_university_payment_api.Core.Application.Services.StudentService.GetStudentByIdAsync(Int32 id) in C:\Users\wanja\Desktop\jj\xyz-university-payment-api\xyz-university-payment-api\Core\Application\Services\StudentService.cs:line 72
   at xyz_university_payment_api.Presentation.Controllers.V3.DashboardController.GetStudentStats() in C:\Users\wanja\Desktop\jj\xyz-university-payment-api\xyz-university-payment-api\Presentation\Controllers\V3\DashboardControllerV3.cs:line 229
2025-07-09 11:17:05.657 +03:00 [ERR] Error retrieving student dashboard statistics
xyz_university_payment_api.Core.Domain.Exceptions.StudentNotFoundException: Student with ID 26 was not found.
   at xyz_university_payment_api.Core.Application.Services.StudentService.GetStudentByIdAsync(Int32 id) in C:\Users\wanja\Desktop\jj\xyz-university-payment-api\xyz-university-payment-api\Core\Application\Services\StudentService.cs:line 72
   at xyz_university_payment_api.Presentation.Controllers.V3.DashboardController.GetStudentStats() in C:\Users\wanja\Desktop\jj\xyz-university-payment-api\xyz-university-payment-api\Presentation\Controllers\V3\DashboardControllerV3.cs:line 229
2025-07-09 11:17:06.567 +03:00 [ERR] Error retrieving student dashboard statistics
xyz_university_payment_api.Core.Domain.Exceptions.StudentNotFoundException: Student with ID 26 was not found.
   at xyz_university_payment_api.Core.Application.Services.StudentService.GetStudentByIdAsync(Int32 id) in C:\Users\wanja\Desktop\jj\xyz-university-payment-api\xyz-university-payment-api\Core\Application\Services\StudentService.cs:line 72
   at xyz_university_payment_api.Presentation.Controllers.V3.DashboardController.GetStudentStats() in C:\Users\wanja\Desktop\jj\xyz-university-payment-api\xyz-university-payment-api\Presentation\Controllers\V3\DashboardControllerV3.cs:line 229
2025-07-09 11:17:06.607 +03:00 [ERR] Error retrieving student dashboard statistics
xyz_university_payment_api.Core.Domain.Exceptions.StudentNotFoundException: Student with ID 26 was not found.
   at xyz_university_payment_api.Core.Application.Services.StudentService.GetStudentByIdAsync(Int32 id) in C:\Users\wanja\Desktop\jj\xyz-university-payment-api\xyz-university-payment-api\Core\Application\Services\StudentService.cs:line 72
   at xyz_university_payment_api.Presentation.Controllers.V3.DashboardController.GetStudentStats() in C:\Users\wanja\Desktop\jj\xyz-university-payment-api\xyz-university-payment-api\Presentation\Controllers\V3\DashboardControllerV3.cs:line 229
2025-07-09 13:20:37.579 +03:00 [ERR] An exception occurred in the database while saving changes for context type 'xyz_university_payment_api.Infrastructure.Data.AppDbContext'.
Microsoft.EntityFrameworkCore.DbUpdateException: An error occurred while saving the entity changes. See the inner exception for details.
 ---> Microsoft.Data.SqlClient.SqlException (0x80131904): Cannot insert duplicate key row in object 'dbo.Roles' with unique index 'IX_Roles_Name'. The duplicate key value is ().
   at Microsoft.Data.SqlClient.SqlConnection.OnError(SqlException exception, Boolean breakConnection, Action`1 wrapCloseInAction)
   at Microsoft.Data.SqlClient.SqlInternalConnection.OnError(SqlException exception, Boolean breakConnection, Action`1 wrapCloseInAction)
   at Microsoft.Data.SqlClient.TdsParser.ThrowExceptionAndWarning(TdsParserStateObject stateObj, Boolean callerHasConnectionLock, Boolean asyncClose)
   at Microsoft.Data.SqlClient.TdsParser.TryRun(RunBehavior runBehavior, SqlCommand cmdHandler, SqlDataReader dataStream, BulkCopySimpleResultSet bulkCopyHandler, TdsParserStateObject stateObj, Boolean& dataReady)
   at Microsoft.Data.SqlClient.SqlDataReader.TryHasMoreRows(Boolean& moreRows)
   at Microsoft.Data.SqlClient.SqlDataReader.TryReadInternal(Boolean setTimeout, Boolean& more)
   at Microsoft.Data.SqlClient.SqlDataReader.ReadAsyncExecute(Task task, Object state)
   at Microsoft.Data.SqlClient.SqlDataReader.InvokeAsyncCall[T](SqlDataReaderBaseAsyncCallContext`1 context)
--- End of stack trace from previous location ---
   at Microsoft.EntityFrameworkCore.Update.AffectedCountModificationCommandBatch.ConsumeResultSetAsync(Int32 startCommandIndex, RelationalDataReader reader, CancellationToken cancellationToken)
ClientConnectionId:8fdab4fa-b708-4a3d-8d61-c3d1f1ea16f4
Error Number:2601,State:1,Class:14
   --- End of inner exception stack trace ---
   at Microsoft.EntityFrameworkCore.Update.AffectedCountModificationCommandBatch.ConsumeResultSetAsync(Int32 startCommandIndex, RelationalDataReader reader, CancellationToken cancellationToken)
   at Microsoft.EntityFrameworkCore.Update.AffectedCountModificationCommandBatch.ConsumeAsync(RelationalDataReader reader, CancellationToken cancellationToken)
   at Microsoft.EntityFrameworkCore.Update.ReaderModificationCommandBatch.ExecuteAsync(IRelationalConnection connection, CancellationToken cancellationToken)
   at Microsoft.EntityFrameworkCore.Update.ReaderModificationCommandBatch.ExecuteAsync(IRelationalConnection connection, CancellationToken cancellationToken)
   at Microsoft.EntityFrameworkCore.SqlServer.Update.Internal.SqlServerModificationCommandBatch.ExecuteAsync(IRelationalConnection connection, CancellationToken cancellationToken)
   at Microsoft.EntityFrameworkCore.Update.Internal.BatchExecutor.ExecuteAsync(IEnumerable`1 commandBatches, IRelationalConnection connection, CancellationToken cancellationToken)
   at Microsoft.EntityFrameworkCore.Update.Internal.BatchExecutor.ExecuteAsync(IEnumerable`1 commandBatches, IRelationalConnection connection, CancellationToken cancellationToken)
   at Microsoft.EntityFrameworkCore.Update.Internal.BatchExecutor.ExecuteAsync(IEnumerable`1 commandBatches, IRelationalConnection connection, CancellationToken cancellationToken)
   at Microsoft.EntityFrameworkCore.ChangeTracking.Internal.StateManager.SaveChangesAsync(IList`1 entriesToSave, CancellationToken cancellationToken)
   at Microsoft.EntityFrameworkCore.ChangeTracking.Internal.StateManager.SaveChangesAsync(StateManager stateManager, Boolean acceptAllChangesOnSuccess, CancellationToken cancellationToken)
   at Microsoft.EntityFrameworkCore.SqlServer.Storage.Internal.SqlServerExecutionStrategy.ExecuteAsync[TState,TResult](TState state, Func`4 operation, Func`4 verifySucceeded, CancellationToken cancellationToken)
   at Microsoft.EntityFrameworkCore.DbContext.SaveChangesAsync(Boolean acceptAllChangesOnSuccess, CancellationToken cancellationToken) {"EventId":{"Id":10000,"Name":"Microsoft.EntityFrameworkCore.Update.SaveChangesFailed"},"SourceContext":"Microsoft.EntityFrameworkCore.Update","ActionId":"0cba0bb0-e999-4d9c-b5c7-a670fe57a6ff","ActionName":"xyz_university_payment_api.Presentation.Controllers.AuthorizationController.AssignStudentRole (xyz-university-payment-api)","RequestId":"0HNDUQ8HSJA7K:00000002","RequestPath":"/api/Authorization/assign-student-role","ConnectionId":"0HNDUQ8HSJA7K","MachineName":"DESKTOP-F3AMJ10","ThreadId":21,"ProcessId":19544,"Application":"XYZ University Payment API"}
Microsoft.EntityFrameworkCore.DbUpdateException: An error occurred while saving the entity changes. See the inner exception for details.
 ---> Microsoft.Data.SqlClient.SqlException (0x80131904): Cannot insert duplicate key row in object 'dbo.Roles' with unique index 'IX_Roles_Name'. The duplicate key value is ().
   at Microsoft.Data.SqlClient.SqlConnection.OnError(SqlException exception, Boolean breakConnection, Action`1 wrapCloseInAction)
   at Microsoft.Data.SqlClient.SqlInternalConnection.OnError(SqlException exception, Boolean breakConnection, Action`1 wrapCloseInAction)
   at Microsoft.Data.SqlClient.TdsParser.ThrowExceptionAndWarning(TdsParserStateObject stateObj, Boolean callerHasConnectionLock, Boolean asyncClose)
   at Microsoft.Data.SqlClient.TdsParser.TryRun(RunBehavior runBehavior, SqlCommand cmdHandler, SqlDataReader dataStream, BulkCopySimpleResultSet bulkCopyHandler, TdsParserStateObject stateObj, Boolean& dataReady)
   at Microsoft.Data.SqlClient.SqlDataReader.TryHasMoreRows(Boolean& moreRows)
   at Microsoft.Data.SqlClient.SqlDataReader.TryReadInternal(Boolean setTimeout, Boolean& more)
   at Microsoft.Data.SqlClient.SqlDataReader.ReadAsyncExecute(Task task, Object state)
   at Microsoft.Data.SqlClient.SqlDataReader.InvokeAsyncCall[T](SqlDataReaderBaseAsyncCallContext`1 context)
--- End of stack trace from previous location ---
   at Microsoft.EntityFrameworkCore.Update.AffectedCountModificationCommandBatch.ConsumeResultSetAsync(Int32 startCommandIndex, RelationalDataReader reader, CancellationToken cancellationToken)
ClientConnectionId:8fdab4fa-b708-4a3d-8d61-c3d1f1ea16f4
Error Number:2601,State:1,Class:14
   --- End of inner exception stack trace ---
   at Microsoft.EntityFrameworkCore.Update.AffectedCountModificationCommandBatch.ConsumeResultSetAsync(Int32 startCommandIndex, RelationalDataReader reader, CancellationToken cancellationToken)
   at Microsoft.EntityFrameworkCore.Update.AffectedCountModificationCommandBatch.ConsumeAsync(RelationalDataReader reader, CancellationToken cancellationToken)
   at Microsoft.EntityFrameworkCore.Update.ReaderModificationCommandBatch.ExecuteAsync(IRelationalConnection connection, CancellationToken cancellationToken)
   at Microsoft.EntityFrameworkCore.Update.ReaderModificationCommandBatch.ExecuteAsync(IRelationalConnection connection, CancellationToken cancellationToken)
   at Microsoft.EntityFrameworkCore.SqlServer.Update.Internal.SqlServerModificationCommandBatch.ExecuteAsync(IRelationalConnection connection, CancellationToken cancellationToken)
   at Microsoft.EntityFrameworkCore.Update.Internal.BatchExecutor.ExecuteAsync(IEnumerable`1 commandBatches, IRelationalConnection connection, CancellationToken cancellationToken)
   at Microsoft.EntityFrameworkCore.Update.Internal.BatchExecutor.ExecuteAsync(IEnumerable`1 commandBatches, IRelationalConnection connection, CancellationToken cancellationToken)
   at Microsoft.EntityFrameworkCore.Update.Internal.BatchExecutor.ExecuteAsync(IEnumerable`1 commandBatches, IRelationalConnection connection, CancellationToken cancellationToken)
   at Microsoft.EntityFrameworkCore.ChangeTracking.Internal.StateManager.SaveChangesAsync(IList`1 entriesToSave, CancellationToken cancellationToken)
   at Microsoft.EntityFrameworkCore.ChangeTracking.Internal.StateManager.SaveChangesAsync(StateManager stateManager, Boolean acceptAllChangesOnSuccess, CancellationToken cancellationToken)
   at Microsoft.EntityFrameworkCore.SqlServer.Storage.Internal.SqlServerExecutionStrategy.ExecuteAsync[TState,TResult](TState state, Func`4 operation, Func`4 verifySucceeded, CancellationToken cancellationToken)
   at Microsoft.EntityFrameworkCore.DbContext.SaveChangesAsync(Boolean acceptAllChangesOnSuccess, CancellationToken cancellationToken)
2025-07-09 13:20:37.632 +03:00 [ERR] Error assigning student role {"SourceContext":"xyz_university_payment_api.Presentation.Controllers.AuthorizationController","ActionId":"0cba0bb0-e999-4d9c-b5c7-a670fe57a6ff","ActionName":"xyz_university_payment_api.Presentation.Controllers.AuthorizationController.AssignStudentRole (xyz-university-payment-api)","RequestId":"0HNDUQ8HSJA7K:00000002","RequestPath":"/api/Authorization/assign-student-role","ConnectionId":"0HNDUQ8HSJA7K","MachineName":"DESKTOP-F3AMJ10","ThreadId":21,"ProcessId":19544,"Application":"XYZ University Payment API"}
Microsoft.EntityFrameworkCore.DbUpdateException: An error occurred while saving the entity changes. See the inner exception for details.
 ---> Microsoft.Data.SqlClient.SqlException (0x80131904): Cannot insert duplicate key row in object 'dbo.Roles' with unique index 'IX_Roles_Name'. The duplicate key value is ().
   at Microsoft.Data.SqlClient.SqlConnection.OnError(SqlException exception, Boolean breakConnection, Action`1 wrapCloseInAction)
   at Microsoft.Data.SqlClient.SqlInternalConnection.OnError(SqlException exception, Boolean breakConnection, Action`1 wrapCloseInAction)
   at Microsoft.Data.SqlClient.TdsParser.ThrowExceptionAndWarning(TdsParserStateObject stateObj, Boolean callerHasConnectionLock, Boolean asyncClose)
   at Microsoft.Data.SqlClient.TdsParser.TryRun(RunBehavior runBehavior, SqlCommand cmdHandler, SqlDataReader dataStream, BulkCopySimpleResultSet bulkCopyHandler, TdsParserStateObject stateObj, Boolean& dataReady)
   at Microsoft.Data.SqlClient.SqlDataReader.TryHasMoreRows(Boolean& moreRows)
   at Microsoft.Data.SqlClient.SqlDataReader.TryReadInternal(Boolean setTimeout, Boolean& more)
   at Microsoft.Data.SqlClient.SqlDataReader.ReadAsyncExecute(Task task, Object state)
   at Microsoft.Data.SqlClient.SqlDataReader.InvokeAsyncCall[T](SqlDataReaderBaseAsyncCallContext`1 context)
--- End of stack trace from previous location ---
   at Microsoft.EntityFrameworkCore.Update.AffectedCountModificationCommandBatch.ConsumeResultSetAsync(Int32 startCommandIndex, RelationalDataReader reader, CancellationToken cancellationToken)
ClientConnectionId:8fdab4fa-b708-4a3d-8d61-c3d1f1ea16f4
Error Number:2601,State:1,Class:14
   --- End of inner exception stack trace ---
   at Microsoft.EntityFrameworkCore.Update.AffectedCountModificationCommandBatch.ConsumeResultSetAsync(Int32 startCommandIndex, RelationalDataReader reader, CancellationToken cancellationToken)
   at Microsoft.EntityFrameworkCore.Update.AffectedCountModificationCommandBatch.ConsumeAsync(RelationalDataReader reader, CancellationToken cancellationToken)
   at Microsoft.EntityFrameworkCore.Update.ReaderModificationCommandBatch.ExecuteAsync(IRelationalConnection connection, CancellationToken cancellationToken)
   at Microsoft.EntityFrameworkCore.Update.ReaderModificationCommandBatch.ExecuteAsync(IRelationalConnection connection, CancellationToken cancellationToken)
   at Microsoft.EntityFrameworkCore.SqlServer.Update.Internal.SqlServerModificationCommandBatch.ExecuteAsync(IRelationalConnection connection, CancellationToken cancellationToken)
   at Microsoft.EntityFrameworkCore.Update.Internal.BatchExecutor.ExecuteAsync(IEnumerable`1 commandBatches, IRelationalConnection connection, CancellationToken cancellationToken)
   at Microsoft.EntityFrameworkCore.Update.Internal.BatchExecutor.ExecuteAsync(IEnumerable`1 commandBatches, IRelationalConnection connection, CancellationToken cancellationToken)
   at Microsoft.EntityFrameworkCore.Update.Internal.BatchExecutor.ExecuteAsync(IEnumerable`1 commandBatches, IRelationalConnection connection, CancellationToken cancellationToken)
   at Microsoft.EntityFrameworkCore.ChangeTracking.Internal.StateManager.SaveChangesAsync(IList`1 entriesToSave, CancellationToken cancellationToken)
   at Microsoft.EntityFrameworkCore.ChangeTracking.Internal.StateManager.SaveChangesAsync(StateManager stateManager, Boolean acceptAllChangesOnSuccess, CancellationToken cancellationToken)
   at Microsoft.EntityFrameworkCore.SqlServer.Storage.Internal.SqlServerExecutionStrategy.ExecuteAsync[TState,TResult](TState state, Func`4 operation, Func`4 verifySucceeded, CancellationToken cancellationToken)
   at Microsoft.EntityFrameworkCore.DbContext.SaveChangesAsync(Boolean acceptAllChangesOnSuccess, CancellationToken cancellationToken)
   at Microsoft.EntityFrameworkCore.DbContext.SaveChangesAsync(Boolean acceptAllChangesOnSuccess, CancellationToken cancellationToken)
   at xyz_university_payment_api.Core.Application.Services.AuthorizationService.AssignRolesToUserAsync(AssignRolesToUserDto assignRolesDto) in C:\Users\wanja\Desktop\jj\xyz-university-payment-api\xyz-university-payment-api\Core\Application\Services\AuthorizationService.cs:line 678
   at xyz_university_payment_api.Presentation.Controllers.AuthorizationController.AssignStudentRole() in C:\Users\wanja\Desktop\jj\xyz-university-payment-api\xyz-university-payment-api\Presentation\Controllers\AuthorizationController.cs:line 2124
2025-07-09 13:21:03.099 +03:00 [ERR] An exception occurred in the database while saving changes for context type 'xyz_university_payment_api.Infrastructure.Data.AppDbContext'.
Microsoft.EntityFrameworkCore.DbUpdateException: An error occurred while saving the entity changes. See the inner exception for details.
 ---> Microsoft.Data.SqlClient.SqlException (0x80131904): Cannot insert duplicate key row in object 'dbo.Roles' with unique index 'IX_Roles_Name'. The duplicate key value is ().
   at Microsoft.Data.SqlClient.SqlConnection.OnError(SqlException exception, Boolean breakConnection, Action`1 wrapCloseInAction)
   at Microsoft.Data.SqlClient.SqlInternalConnection.OnError(SqlException exception, Boolean breakConnection, Action`1 wrapCloseInAction)
   at Microsoft.Data.SqlClient.TdsParser.ThrowExceptionAndWarning(TdsParserStateObject stateObj, Boolean callerHasConnectionLock, Boolean asyncClose)
   at Microsoft.Data.SqlClient.TdsParser.TryRun(RunBehavior runBehavior, SqlCommand cmdHandler, SqlDataReader dataStream, BulkCopySimpleResultSet bulkCopyHandler, TdsParserStateObject stateObj, Boolean& dataReady)
   at Microsoft.Data.SqlClient.SqlDataReader.TryHasMoreRows(Boolean& moreRows)
   at Microsoft.Data.SqlClient.SqlDataReader.TryReadInternal(Boolean setTimeout, Boolean& more)
   at Microsoft.Data.SqlClient.SqlDataReader.ReadAsyncExecute(Task task, Object state)
   at Microsoft.Data.SqlClient.SqlDataReader.InvokeAsyncCall[T](SqlDataReaderBaseAsyncCallContext`1 context)
--- End of stack trace from previous location ---
   at Microsoft.EntityFrameworkCore.Update.AffectedCountModificationCommandBatch.ConsumeResultSetAsync(Int32 startCommandIndex, RelationalDataReader reader, CancellationToken cancellationToken)
ClientConnectionId:8fdab4fa-b708-4a3d-8d61-c3d1f1ea16f4
Error Number:2601,State:1,Class:14
   --- End of inner exception stack trace ---
   at Microsoft.EntityFrameworkCore.Update.AffectedCountModificationCommandBatch.ConsumeResultSetAsync(Int32 startCommandIndex, RelationalDataReader reader, CancellationToken cancellationToken)
   at Microsoft.EntityFrameworkCore.Update.AffectedCountModificationCommandBatch.ConsumeAsync(RelationalDataReader reader, CancellationToken cancellationToken)
   at Microsoft.EntityFrameworkCore.Update.ReaderModificationCommandBatch.ExecuteAsync(IRelationalConnection connection, CancellationToken cancellationToken)
   at Microsoft.EntityFrameworkCore.Update.ReaderModificationCommandBatch.ExecuteAsync(IRelationalConnection connection, CancellationToken cancellationToken)
   at Microsoft.EntityFrameworkCore.SqlServer.Update.Internal.SqlServerModificationCommandBatch.ExecuteAsync(IRelationalConnection connection, CancellationToken cancellationToken)
   at Microsoft.EntityFrameworkCore.Update.Internal.BatchExecutor.ExecuteAsync(IEnumerable`1 commandBatches, IRelationalConnection connection, CancellationToken cancellationToken)
   at Microsoft.EntityFrameworkCore.Update.Internal.BatchExecutor.ExecuteAsync(IEnumerable`1 commandBatches, IRelationalConnection connection, CancellationToken cancellationToken)
   at Microsoft.EntityFrameworkCore.Update.Internal.BatchExecutor.ExecuteAsync(IEnumerable`1 commandBatches, IRelationalConnection connection, CancellationToken cancellationToken)
   at Microsoft.EntityFrameworkCore.ChangeTracking.Internal.StateManager.SaveChangesAsync(IList`1 entriesToSave, CancellationToken cancellationToken)
   at Microsoft.EntityFrameworkCore.ChangeTracking.Internal.StateManager.SaveChangesAsync(StateManager stateManager, Boolean acceptAllChangesOnSuccess, CancellationToken cancellationToken)
   at Microsoft.EntityFrameworkCore.SqlServer.Storage.Internal.SqlServerExecutionStrategy.ExecuteAsync[TState,TResult](TState state, Func`4 operation, Func`4 verifySucceeded, CancellationToken cancellationToken)
   at Microsoft.EntityFrameworkCore.DbContext.SaveChangesAsync(Boolean acceptAllChangesOnSuccess, CancellationToken cancellationToken) {"EventId":{"Id":10000,"Name":"Microsoft.EntityFrameworkCore.Update.SaveChangesFailed"},"SourceContext":"Microsoft.EntityFrameworkCore.Update","ActionId":"0cba0bb0-e999-4d9c-b5c7-a670fe57a6ff","ActionName":"xyz_university_payment_api.Presentation.Controllers.AuthorizationController.AssignStudentRole (xyz-university-payment-api)","RequestId":"0HNDUQ8HSJA7N:00000002","RequestPath":"/api/Authorization/assign-student-role","ConnectionId":"0HNDUQ8HSJA7N","MachineName":"DESKTOP-F3AMJ10","ThreadId":6,"ProcessId":19544,"Application":"XYZ University Payment API"}
Microsoft.EntityFrameworkCore.DbUpdateException: An error occurred while saving the entity changes. See the inner exception for details.
 ---> Microsoft.Data.SqlClient.SqlException (0x80131904): Cannot insert duplicate key row in object 'dbo.Roles' with unique index 'IX_Roles_Name'. The duplicate key value is ().
   at Microsoft.Data.SqlClient.SqlConnection.OnError(SqlException exception, Boolean breakConnection, Action`1 wrapCloseInAction)
   at Microsoft.Data.SqlClient.SqlInternalConnection.OnError(SqlException exception, Boolean breakConnection, Action`1 wrapCloseInAction)
   at Microsoft.Data.SqlClient.TdsParser.ThrowExceptionAndWarning(TdsParserStateObject stateObj, Boolean callerHasConnectionLock, Boolean asyncClose)
   at Microsoft.Data.SqlClient.TdsParser.TryRun(RunBehavior runBehavior, SqlCommand cmdHandler, SqlDataReader dataStream, BulkCopySimpleResultSet bulkCopyHandler, TdsParserStateObject stateObj, Boolean& dataReady)
   at Microsoft.Data.SqlClient.SqlDataReader.TryHasMoreRows(Boolean& moreRows)
   at Microsoft.Data.SqlClient.SqlDataReader.TryReadInternal(Boolean setTimeout, Boolean& more)
   at Microsoft.Data.SqlClient.SqlDataReader.ReadAsyncExecute(Task task, Object state)
   at Microsoft.Data.SqlClient.SqlDataReader.InvokeAsyncCall[T](SqlDataReaderBaseAsyncCallContext`1 context)
--- End of stack trace from previous location ---
   at Microsoft.EntityFrameworkCore.Update.AffectedCountModificationCommandBatch.ConsumeResultSetAsync(Int32 startCommandIndex, RelationalDataReader reader, CancellationToken cancellationToken)
ClientConnectionId:8fdab4fa-b708-4a3d-8d61-c3d1f1ea16f4
Error Number:2601,State:1,Class:14
   --- End of inner exception stack trace ---
   at Microsoft.EntityFrameworkCore.Update.AffectedCountModificationCommandBatch.ConsumeResultSetAsync(Int32 startCommandIndex, RelationalDataReader reader, CancellationToken cancellationToken)
   at Microsoft.EntityFrameworkCore.Update.AffectedCountModificationCommandBatch.ConsumeAsync(RelationalDataReader reader, CancellationToken cancellationToken)
   at Microsoft.EntityFrameworkCore.Update.ReaderModificationCommandBatch.ExecuteAsync(IRelationalConnection connection, CancellationToken cancellationToken)
   at Microsoft.EntityFrameworkCore.Update.ReaderModificationCommandBatch.ExecuteAsync(IRelationalConnection connection, CancellationToken cancellationToken)
   at Microsoft.EntityFrameworkCore.SqlServer.Update.Internal.SqlServerModificationCommandBatch.ExecuteAsync(IRelationalConnection connection, CancellationToken cancellationToken)
   at Microsoft.EntityFrameworkCore.Update.Internal.BatchExecutor.ExecuteAsync(IEnumerable`1 commandBatches, IRelationalConnection connection, CancellationToken cancellationToken)
   at Microsoft.EntityFrameworkCore.Update.Internal.BatchExecutor.ExecuteAsync(IEnumerable`1 commandBatches, IRelationalConnection connection, CancellationToken cancellationToken)
   at Microsoft.EntityFrameworkCore.Update.Internal.BatchExecutor.ExecuteAsync(IEnumerable`1 commandBatches, IRelationalConnection connection, CancellationToken cancellationToken)
   at Microsoft.EntityFrameworkCore.ChangeTracking.Internal.StateManager.SaveChangesAsync(IList`1 entriesToSave, CancellationToken cancellationToken)
   at Microsoft.EntityFrameworkCore.ChangeTracking.Internal.StateManager.SaveChangesAsync(StateManager stateManager, Boolean acceptAllChangesOnSuccess, CancellationToken cancellationToken)
   at Microsoft.EntityFrameworkCore.SqlServer.Storage.Internal.SqlServerExecutionStrategy.ExecuteAsync[TState,TResult](TState state, Func`4 operation, Func`4 verifySucceeded, CancellationToken cancellationToken)
   at Microsoft.EntityFrameworkCore.DbContext.SaveChangesAsync(Boolean acceptAllChangesOnSuccess, CancellationToken cancellationToken)
2025-07-09 13:21:03.128 +03:00 [ERR] Error assigning student role {"SourceContext":"xyz_university_payment_api.Presentation.Controllers.AuthorizationController","ActionId":"0cba0bb0-e999-4d9c-b5c7-a670fe57a6ff","ActionName":"xyz_university_payment_api.Presentation.Controllers.AuthorizationController.AssignStudentRole (xyz-university-payment-api)","RequestId":"0HNDUQ8HSJA7N:00000002","RequestPath":"/api/Authorization/assign-student-role","ConnectionId":"0HNDUQ8HSJA7N","MachineName":"DESKTOP-F3AMJ10","ThreadId":6,"ProcessId":19544,"Application":"XYZ University Payment API"}
Microsoft.EntityFrameworkCore.DbUpdateException: An error occurred while saving the entity changes. See the inner exception for details.
 ---> Microsoft.Data.SqlClient.SqlException (0x80131904): Cannot insert duplicate key row in object 'dbo.Roles' with unique index 'IX_Roles_Name'. The duplicate key value is ().
   at Microsoft.Data.SqlClient.SqlConnection.OnError(SqlException exception, Boolean breakConnection, Action`1 wrapCloseInAction)
   at Microsoft.Data.SqlClient.SqlInternalConnection.OnError(SqlException exception, Boolean breakConnection, Action`1 wrapCloseInAction)
   at Microsoft.Data.SqlClient.TdsParser.ThrowExceptionAndWarning(TdsParserStateObject stateObj, Boolean callerHasConnectionLock, Boolean asyncClose)
   at Microsoft.Data.SqlClient.TdsParser.TryRun(RunBehavior runBehavior, SqlCommand cmdHandler, SqlDataReader dataStream, BulkCopySimpleResultSet bulkCopyHandler, TdsParserStateObject stateObj, Boolean& dataReady)
   at Microsoft.Data.SqlClient.SqlDataReader.TryHasMoreRows(Boolean& moreRows)
   at Microsoft.Data.SqlClient.SqlDataReader.TryReadInternal(Boolean setTimeout, Boolean& more)
   at Microsoft.Data.SqlClient.SqlDataReader.ReadAsyncExecute(Task task, Object state)
   at Microsoft.Data.SqlClient.SqlDataReader.InvokeAsyncCall[T](SqlDataReaderBaseAsyncCallContext`1 context)
--- End of stack trace from previous location ---
   at Microsoft.EntityFrameworkCore.Update.AffectedCountModificationCommandBatch.ConsumeResultSetAsync(Int32 startCommandIndex, RelationalDataReader reader, CancellationToken cancellationToken)
ClientConnectionId:8fdab4fa-b708-4a3d-8d61-c3d1f1ea16f4
Error Number:2601,State:1,Class:14
   --- End of inner exception stack trace ---
   at Microsoft.EntityFrameworkCore.Update.AffectedCountModificationCommandBatch.ConsumeResultSetAsync(Int32 startCommandIndex, RelationalDataReader reader, CancellationToken cancellationToken)
   at Microsoft.EntityFrameworkCore.Update.AffectedCountModificationCommandBatch.ConsumeAsync(RelationalDataReader reader, CancellationToken cancellationToken)
   at Microsoft.EntityFrameworkCore.Update.ReaderModificationCommandBatch.ExecuteAsync(IRelationalConnection connection, CancellationToken cancellationToken)
   at Microsoft.EntityFrameworkCore.Update.ReaderModificationCommandBatch.ExecuteAsync(IRelationalConnection connection, CancellationToken cancellationToken)
   at Microsoft.EntityFrameworkCore.SqlServer.Update.Internal.SqlServerModificationCommandBatch.ExecuteAsync(IRelationalConnection connection, CancellationToken cancellationToken)
   at Microsoft.EntityFrameworkCore.Update.Internal.BatchExecutor.ExecuteAsync(IEnumerable`1 commandBatches, IRelationalConnection connection, CancellationToken cancellationToken)
   at Microsoft.EntityFrameworkCore.Update.Internal.BatchExecutor.ExecuteAsync(IEnumerable`1 commandBatches, IRelationalConnection connection, CancellationToken cancellationToken)
   at Microsoft.EntityFrameworkCore.Update.Internal.BatchExecutor.ExecuteAsync(IEnumerable`1 commandBatches, IRelationalConnection connection, CancellationToken cancellationToken)
   at Microsoft.EntityFrameworkCore.ChangeTracking.Internal.StateManager.SaveChangesAsync(IList`1 entriesToSave, CancellationToken cancellationToken)
   at Microsoft.EntityFrameworkCore.ChangeTracking.Internal.StateManager.SaveChangesAsync(StateManager stateManager, Boolean acceptAllChangesOnSuccess, CancellationToken cancellationToken)
   at Microsoft.EntityFrameworkCore.SqlServer.Storage.Internal.SqlServerExecutionStrategy.ExecuteAsync[TState,TResult](TState state, Func`4 operation, Func`4 verifySucceeded, CancellationToken cancellationToken)
   at Microsoft.EntityFrameworkCore.DbContext.SaveChangesAsync(Boolean acceptAllChangesOnSuccess, CancellationToken cancellationToken)
   at Microsoft.EntityFrameworkCore.DbContext.SaveChangesAsync(Boolean acceptAllChangesOnSuccess, CancellationToken cancellationToken)
   at xyz_university_payment_api.Core.Application.Services.AuthorizationService.AssignRolesToUserAsync(AssignRolesToUserDto assignRolesDto) in C:\Users\wanja\Desktop\jj\xyz-university-payment-api\xyz-university-payment-api\Core\Application\Services\AuthorizationService.cs:line 678
   at xyz_university_payment_api.Presentation.Controllers.AuthorizationController.AssignStudentRole() in C:\Users\wanja\Desktop\jj\xyz-university-payment-api\xyz-university-payment-api\Presentation\Controllers\AuthorizationController.cs:line 2124
2025-07-09 13:21:03.562 +03:00 [ERR] An exception occurred in the database while saving changes for context type 'xyz_university_payment_api.Infrastructure.Data.AppDbContext'.
Microsoft.EntityFrameworkCore.DbUpdateException: An error occurred while saving the entity changes. See the inner exception for details.
 ---> Microsoft.Data.SqlClient.SqlException (0x80131904): Cannot insert duplicate key row in object 'dbo.Roles' with unique index 'IX_Roles_Name'. The duplicate key value is ().
   at Microsoft.Data.SqlClient.SqlConnection.OnError(SqlException exception, Boolean breakConnection, Action`1 wrapCloseInAction)
   at Microsoft.Data.SqlClient.SqlInternalConnection.OnError(SqlException exception, Boolean breakConnection, Action`1 wrapCloseInAction)
   at Microsoft.Data.SqlClient.TdsParser.ThrowExceptionAndWarning(TdsParserStateObject stateObj, Boolean callerHasConnectionLock, Boolean asyncClose)
   at Microsoft.Data.SqlClient.TdsParser.TryRun(RunBehavior runBehavior, SqlCommand cmdHandler, SqlDataReader dataStream, BulkCopySimpleResultSet bulkCopyHandler, TdsParserStateObject stateObj, Boolean& dataReady)
   at Microsoft.Data.SqlClient.SqlDataReader.TryHasMoreRows(Boolean& moreRows)
   at Microsoft.Data.SqlClient.SqlDataReader.TryReadInternal(Boolean setTimeout, Boolean& more)
   at Microsoft.Data.SqlClient.SqlDataReader.ReadAsyncExecute(Task task, Object state)
   at Microsoft.Data.SqlClient.SqlDataReader.InvokeAsyncCall[T](SqlDataReaderBaseAsyncCallContext`1 context)
--- End of stack trace from previous location ---
   at Microsoft.EntityFrameworkCore.Update.AffectedCountModificationCommandBatch.ConsumeResultSetAsync(Int32 startCommandIndex, RelationalDataReader reader, CancellationToken cancellationToken)
ClientConnectionId:8fdab4fa-b708-4a3d-8d61-c3d1f1ea16f4
Error Number:2601,State:1,Class:14
   --- End of inner exception stack trace ---
   at Microsoft.EntityFrameworkCore.Update.AffectedCountModificationCommandBatch.ConsumeResultSetAsync(Int32 startCommandIndex, RelationalDataReader reader, CancellationToken cancellationToken)
   at Microsoft.EntityFrameworkCore.Update.AffectedCountModificationCommandBatch.ConsumeAsync(RelationalDataReader reader, CancellationToken cancellationToken)
   at Microsoft.EntityFrameworkCore.Update.ReaderModificationCommandBatch.ExecuteAsync(IRelationalConnection connection, CancellationToken cancellationToken)
   at Microsoft.EntityFrameworkCore.Update.ReaderModificationCommandBatch.ExecuteAsync(IRelationalConnection connection, CancellationToken cancellationToken)
   at Microsoft.EntityFrameworkCore.SqlServer.Update.Internal.SqlServerModificationCommandBatch.ExecuteAsync(IRelationalConnection connection, CancellationToken cancellationToken)
   at Microsoft.EntityFrameworkCore.Update.Internal.BatchExecutor.ExecuteAsync(IEnumerable`1 commandBatches, IRelationalConnection connection, CancellationToken cancellationToken)
   at Microsoft.EntityFrameworkCore.Update.Internal.BatchExecutor.ExecuteAsync(IEnumerable`1 commandBatches, IRelationalConnection connection, CancellationToken cancellationToken)
   at Microsoft.EntityFrameworkCore.Update.Internal.BatchExecutor.ExecuteAsync(IEnumerable`1 commandBatches, IRelationalConnection connection, CancellationToken cancellationToken)
   at Microsoft.EntityFrameworkCore.ChangeTracking.Internal.StateManager.SaveChangesAsync(IList`1 entriesToSave, CancellationToken cancellationToken)
   at Microsoft.EntityFrameworkCore.ChangeTracking.Internal.StateManager.SaveChangesAsync(StateManager stateManager, Boolean acceptAllChangesOnSuccess, CancellationToken cancellationToken)
   at Microsoft.EntityFrameworkCore.SqlServer.Storage.Internal.SqlServerExecutionStrategy.ExecuteAsync[TState,TResult](TState state, Func`4 operation, Func`4 verifySucceeded, CancellationToken cancellationToken)
   at Microsoft.EntityFrameworkCore.DbContext.SaveChangesAsync(Boolean acceptAllChangesOnSuccess, CancellationToken cancellationToken) {"EventId":{"Id":10000,"Name":"Microsoft.EntityFrameworkCore.Update.SaveChangesFailed"},"SourceContext":"Microsoft.EntityFrameworkCore.Update","ActionId":"0cba0bb0-e999-4d9c-b5c7-a670fe57a6ff","ActionName":"xyz_university_payment_api.Presentation.Controllers.AuthorizationController.AssignStudentRole (xyz-university-payment-api)","RequestId":"0HNDUQ8HSJA7N:00000003","RequestPath":"/api/Authorization/assign-student-role","ConnectionId":"0HNDUQ8HSJA7N","MachineName":"DESKTOP-F3AMJ10","ThreadId":6,"ProcessId":19544,"Application":"XYZ University Payment API"}
Microsoft.EntityFrameworkCore.DbUpdateException: An error occurred while saving the entity changes. See the inner exception for details.
 ---> Microsoft.Data.SqlClient.SqlException (0x80131904): Cannot insert duplicate key row in object 'dbo.Roles' with unique index 'IX_Roles_Name'. The duplicate key value is ().
   at Microsoft.Data.SqlClient.SqlConnection.OnError(SqlException exception, Boolean breakConnection, Action`1 wrapCloseInAction)
   at Microsoft.Data.SqlClient.SqlInternalConnection.OnError(SqlException exception, Boolean breakConnection, Action`1 wrapCloseInAction)
   at Microsoft.Data.SqlClient.TdsParser.ThrowExceptionAndWarning(TdsParserStateObject stateObj, Boolean callerHasConnectionLock, Boolean asyncClose)
   at Microsoft.Data.SqlClient.TdsParser.TryRun(RunBehavior runBehavior, SqlCommand cmdHandler, SqlDataReader dataStream, BulkCopySimpleResultSet bulkCopyHandler, TdsParserStateObject stateObj, Boolean& dataReady)
   at Microsoft.Data.SqlClient.SqlDataReader.TryHasMoreRows(Boolean& moreRows)
   at Microsoft.Data.SqlClient.SqlDataReader.TryReadInternal(Boolean setTimeout, Boolean& more)
   at Microsoft.Data.SqlClient.SqlDataReader.ReadAsyncExecute(Task task, Object state)
   at Microsoft.Data.SqlClient.SqlDataReader.InvokeAsyncCall[T](SqlDataReaderBaseAsyncCallContext`1 context)
--- End of stack trace from previous location ---
   at Microsoft.EntityFrameworkCore.Update.AffectedCountModificationCommandBatch.ConsumeResultSetAsync(Int32 startCommandIndex, RelationalDataReader reader, CancellationToken cancellationToken)
ClientConnectionId:8fdab4fa-b708-4a3d-8d61-c3d1f1ea16f4
Error Number:2601,State:1,Class:14
   --- End of inner exception stack trace ---
   at Microsoft.EntityFrameworkCore.Update.AffectedCountModificationCommandBatch.ConsumeResultSetAsync(Int32 startCommandIndex, RelationalDataReader reader, CancellationToken cancellationToken)
   at Microsoft.EntityFrameworkCore.Update.AffectedCountModificationCommandBatch.ConsumeAsync(RelationalDataReader reader, CancellationToken cancellationToken)
   at Microsoft.EntityFrameworkCore.Update.ReaderModificationCommandBatch.ExecuteAsync(IRelationalConnection connection, CancellationToken cancellationToken)
   at Microsoft.EntityFrameworkCore.Update.ReaderModificationCommandBatch.ExecuteAsync(IRelationalConnection connection, CancellationToken cancellationToken)
   at Microsoft.EntityFrameworkCore.SqlServer.Update.Internal.SqlServerModificationCommandBatch.ExecuteAsync(IRelationalConnection connection, CancellationToken cancellationToken)
   at Microsoft.EntityFrameworkCore.Update.Internal.BatchExecutor.ExecuteAsync(IEnumerable`1 commandBatches, IRelationalConnection connection, CancellationToken cancellationToken)
   at Microsoft.EntityFrameworkCore.Update.Internal.BatchExecutor.ExecuteAsync(IEnumerable`1 commandBatches, IRelationalConnection connection, CancellationToken cancellationToken)
   at Microsoft.EntityFrameworkCore.Update.Internal.BatchExecutor.ExecuteAsync(IEnumerable`1 commandBatches, IRelationalConnection connection, CancellationToken cancellationToken)
   at Microsoft.EntityFrameworkCore.ChangeTracking.Internal.StateManager.SaveChangesAsync(IList`1 entriesToSave, CancellationToken cancellationToken)
   at Microsoft.EntityFrameworkCore.ChangeTracking.Internal.StateManager.SaveChangesAsync(StateManager stateManager, Boolean acceptAllChangesOnSuccess, CancellationToken cancellationToken)
   at Microsoft.EntityFrameworkCore.SqlServer.Storage.Internal.SqlServerExecutionStrategy.ExecuteAsync[TState,TResult](TState state, Func`4 operation, Func`4 verifySucceeded, CancellationToken cancellationToken)
   at Microsoft.EntityFrameworkCore.DbContext.SaveChangesAsync(Boolean acceptAllChangesOnSuccess, CancellationToken cancellationToken)
2025-07-09 13:21:03.591 +03:00 [ERR] Error assigning student role {"SourceContext":"xyz_university_payment_api.Presentation.Controllers.AuthorizationController","ActionId":"0cba0bb0-e999-4d9c-b5c7-a670fe57a6ff","ActionName":"xyz_university_payment_api.Presentation.Controllers.AuthorizationController.AssignStudentRole (xyz-university-payment-api)","RequestId":"0HNDUQ8HSJA7N:00000003","RequestPath":"/api/Authorization/assign-student-role","ConnectionId":"0HNDUQ8HSJA7N","MachineName":"DESKTOP-F3AMJ10","ThreadId":6,"ProcessId":19544,"Application":"XYZ University Payment API"}
Microsoft.EntityFrameworkCore.DbUpdateException: An error occurred while saving the entity changes. See the inner exception for details.
 ---> Microsoft.Data.SqlClient.SqlException (0x80131904): Cannot insert duplicate key row in object 'dbo.Roles' with unique index 'IX_Roles_Name'. The duplicate key value is ().
   at Microsoft.Data.SqlClient.SqlConnection.OnError(SqlException exception, Boolean breakConnection, Action`1 wrapCloseInAction)
   at Microsoft.Data.SqlClient.SqlInternalConnection.OnError(SqlException exception, Boolean breakConnection, Action`1 wrapCloseInAction)
   at Microsoft.Data.SqlClient.TdsParser.ThrowExceptionAndWarning(TdsParserStateObject stateObj, Boolean callerHasConnectionLock, Boolean asyncClose)
   at Microsoft.Data.SqlClient.TdsParser.TryRun(RunBehavior runBehavior, SqlCommand cmdHandler, SqlDataReader dataStream, BulkCopySimpleResultSet bulkCopyHandler, TdsParserStateObject stateObj, Boolean& dataReady)
   at Microsoft.Data.SqlClient.SqlDataReader.TryHasMoreRows(Boolean& moreRows)
   at Microsoft.Data.SqlClient.SqlDataReader.TryReadInternal(Boolean setTimeout, Boolean& more)
   at Microsoft.Data.SqlClient.SqlDataReader.ReadAsyncExecute(Task task, Object state)
   at Microsoft.Data.SqlClient.SqlDataReader.InvokeAsyncCall[T](SqlDataReaderBaseAsyncCallContext`1 context)
--- End of stack trace from previous location ---
   at Microsoft.EntityFrameworkCore.Update.AffectedCountModificationCommandBatch.ConsumeResultSetAsync(Int32 startCommandIndex, RelationalDataReader reader, CancellationToken cancellationToken)
ClientConnectionId:8fdab4fa-b708-4a3d-8d61-c3d1f1ea16f4
Error Number:2601,State:1,Class:14
   --- End of inner exception stack trace ---
   at Microsoft.EntityFrameworkCore.Update.AffectedCountModificationCommandBatch.ConsumeResultSetAsync(Int32 startCommandIndex, RelationalDataReader reader, CancellationToken cancellationToken)
   at Microsoft.EntityFrameworkCore.Update.AffectedCountModificationCommandBatch.ConsumeAsync(RelationalDataReader reader, CancellationToken cancellationToken)
   at Microsoft.EntityFrameworkCore.Update.ReaderModificationCommandBatch.ExecuteAsync(IRelationalConnection connection, CancellationToken cancellationToken)
   at Microsoft.EntityFrameworkCore.Update.ReaderModificationCommandBatch.ExecuteAsync(IRelationalConnection connection, CancellationToken cancellationToken)
   at Microsoft.EntityFrameworkCore.SqlServer.Update.Internal.SqlServerModificationCommandBatch.ExecuteAsync(IRelationalConnection connection, CancellationToken cancellationToken)
   at Microsoft.EntityFrameworkCore.Update.Internal.BatchExecutor.ExecuteAsync(IEnumerable`1 commandBatches, IRelationalConnection connection, CancellationToken cancellationToken)
   at Microsoft.EntityFrameworkCore.Update.Internal.BatchExecutor.ExecuteAsync(IEnumerable`1 commandBatches, IRelationalConnection connection, CancellationToken cancellationToken)
   at Microsoft.EntityFrameworkCore.Update.Internal.BatchExecutor.ExecuteAsync(IEnumerable`1 commandBatches, IRelationalConnection connection, CancellationToken cancellationToken)
   at Microsoft.EntityFrameworkCore.ChangeTracking.Internal.StateManager.SaveChangesAsync(IList`1 entriesToSave, CancellationToken cancellationToken)
   at Microsoft.EntityFrameworkCore.ChangeTracking.Internal.StateManager.SaveChangesAsync(StateManager stateManager, Boolean acceptAllChangesOnSuccess, CancellationToken cancellationToken)
   at Microsoft.EntityFrameworkCore.SqlServer.Storage.Internal.SqlServerExecutionStrategy.ExecuteAsync[TState,TResult](TState state, Func`4 operation, Func`4 verifySucceeded, CancellationToken cancellationToken)
   at Microsoft.EntityFrameworkCore.DbContext.SaveChangesAsync(Boolean acceptAllChangesOnSuccess, CancellationToken cancellationToken)
   at Microsoft.EntityFrameworkCore.DbContext.SaveChangesAsync(Boolean acceptAllChangesOnSuccess, CancellationToken cancellationToken)
   at xyz_university_payment_api.Core.Application.Services.AuthorizationService.AssignRolesToUserAsync(AssignRolesToUserDto assignRolesDto) in C:\Users\wanja\Desktop\jj\xyz-university-payment-api\xyz-university-payment-api\Core\Application\Services\AuthorizationService.cs:line 678
   at xyz_university_payment_api.Presentation.Controllers.AuthorizationController.AssignStudentRole() in C:\Users\wanja\Desktop\jj\xyz-university-payment-api\xyz-university-payment-api\Presentation\Controllers\AuthorizationController.cs:line 2124
2025-07-09 13:21:03.878 +03:00 [ERR] An exception occurred in the database while saving changes for context type 'xyz_university_payment_api.Infrastructure.Data.AppDbContext'.
Microsoft.EntityFrameworkCore.DbUpdateException: An error occurred while saving the entity changes. See the inner exception for details.
 ---> Microsoft.Data.SqlClient.SqlException (0x80131904): Cannot insert duplicate key row in object 'dbo.Roles' with unique index 'IX_Roles_Name'. The duplicate key value is ().
   at Microsoft.Data.SqlClient.SqlConnection.OnError(SqlException exception, Boolean breakConnection, Action`1 wrapCloseInAction)
   at Microsoft.Data.SqlClient.SqlInternalConnection.OnError(SqlException exception, Boolean breakConnection, Action`1 wrapCloseInAction)
   at Microsoft.Data.SqlClient.TdsParser.ThrowExceptionAndWarning(TdsParserStateObject stateObj, Boolean callerHasConnectionLock, Boolean asyncClose)
   at Microsoft.Data.SqlClient.TdsParser.TryRun(RunBehavior runBehavior, SqlCommand cmdHandler, SqlDataReader dataStream, BulkCopySimpleResultSet bulkCopyHandler, TdsParserStateObject stateObj, Boolean& dataReady)
   at Microsoft.Data.SqlClient.SqlDataReader.TryHasMoreRows(Boolean& moreRows)
   at Microsoft.Data.SqlClient.SqlDataReader.TryReadInternal(Boolean setTimeout, Boolean& more)
   at Microsoft.Data.SqlClient.SqlDataReader.ReadAsyncExecute(Task task, Object state)
   at Microsoft.Data.SqlClient.SqlDataReader.InvokeAsyncCall[T](SqlDataReaderBaseAsyncCallContext`1 context)
--- End of stack trace from previous location ---
   at Microsoft.EntityFrameworkCore.Update.AffectedCountModificationCommandBatch.ConsumeResultSetAsync(Int32 startCommandIndex, RelationalDataReader reader, CancellationToken cancellationToken)
ClientConnectionId:8fdab4fa-b708-4a3d-8d61-c3d1f1ea16f4
Error Number:2601,State:1,Class:14
   --- End of inner exception stack trace ---
   at Microsoft.EntityFrameworkCore.Update.AffectedCountModificationCommandBatch.ConsumeResultSetAsync(Int32 startCommandIndex, RelationalDataReader reader, CancellationToken cancellationToken)
   at Microsoft.EntityFrameworkCore.Update.AffectedCountModificationCommandBatch.ConsumeAsync(RelationalDataReader reader, CancellationToken cancellationToken)
   at Microsoft.EntityFrameworkCore.Update.ReaderModificationCommandBatch.ExecuteAsync(IRelationalConnection connection, CancellationToken cancellationToken)
   at Microsoft.EntityFrameworkCore.Update.ReaderModificationCommandBatch.ExecuteAsync(IRelationalConnection connection, CancellationToken cancellationToken)
   at Microsoft.EntityFrameworkCore.SqlServer.Update.Internal.SqlServerModificationCommandBatch.ExecuteAsync(IRelationalConnection connection, CancellationToken cancellationToken)
   at Microsoft.EntityFrameworkCore.Update.Internal.BatchExecutor.ExecuteAsync(IEnumerable`1 commandBatches, IRelationalConnection connection, CancellationToken cancellationToken)
   at Microsoft.EntityFrameworkCore.Update.Internal.BatchExecutor.ExecuteAsync(IEnumerable`1 commandBatches, IRelationalConnection connection, CancellationToken cancellationToken)
   at Microsoft.EntityFrameworkCore.Update.Internal.BatchExecutor.ExecuteAsync(IEnumerable`1 commandBatches, IRelationalConnection connection, CancellationToken cancellationToken)
   at Microsoft.EntityFrameworkCore.ChangeTracking.Internal.StateManager.SaveChangesAsync(IList`1 entriesToSave, CancellationToken cancellationToken)
   at Microsoft.EntityFrameworkCore.ChangeTracking.Internal.StateManager.SaveChangesAsync(StateManager stateManager, Boolean acceptAllChangesOnSuccess, CancellationToken cancellationToken)
   at Microsoft.EntityFrameworkCore.SqlServer.Storage.Internal.SqlServerExecutionStrategy.ExecuteAsync[TState,TResult](TState state, Func`4 operation, Func`4 verifySucceeded, CancellationToken cancellationToken)
   at Microsoft.EntityFrameworkCore.DbContext.SaveChangesAsync(Boolean acceptAllChangesOnSuccess, CancellationToken cancellationToken) {"EventId":{"Id":10000,"Name":"Microsoft.EntityFrameworkCore.Update.SaveChangesFailed"},"SourceContext":"Microsoft.EntityFrameworkCore.Update","ActionId":"0cba0bb0-e999-4d9c-b5c7-a670fe57a6ff","ActionName":"xyz_university_payment_api.Presentation.Controllers.AuthorizationController.AssignStudentRole (xyz-university-payment-api)","RequestId":"0HNDUQ8HSJA7N:00000004","RequestPath":"/api/Authorization/assign-student-role","ConnectionId":"0HNDUQ8HSJA7N","MachineName":"DESKTOP-F3AMJ10","ThreadId":6,"ProcessId":19544,"Application":"XYZ University Payment API"}
Microsoft.EntityFrameworkCore.DbUpdateException: An error occurred while saving the entity changes. See the inner exception for details.
 ---> Microsoft.Data.SqlClient.SqlException (0x80131904): Cannot insert duplicate key row in object 'dbo.Roles' with unique index 'IX_Roles_Name'. The duplicate key value is ().
   at Microsoft.Data.SqlClient.SqlConnection.OnError(SqlException exception, Boolean breakConnection, Action`1 wrapCloseInAction)
   at Microsoft.Data.SqlClient.SqlInternalConnection.OnError(SqlException exception, Boolean breakConnection, Action`1 wrapCloseInAction)
   at Microsoft.Data.SqlClient.TdsParser.ThrowExceptionAndWarning(TdsParserStateObject stateObj, Boolean callerHasConnectionLock, Boolean asyncClose)
   at Microsoft.Data.SqlClient.TdsParser.TryRun(RunBehavior runBehavior, SqlCommand cmdHandler, SqlDataReader dataStream, BulkCopySimpleResultSet bulkCopyHandler, TdsParserStateObject stateObj, Boolean& dataReady)
   at Microsoft.Data.SqlClient.SqlDataReader.TryHasMoreRows(Boolean& moreRows)
   at Microsoft.Data.SqlClient.SqlDataReader.TryReadInternal(Boolean setTimeout, Boolean& more)
   at Microsoft.Data.SqlClient.SqlDataReader.ReadAsyncExecute(Task task, Object state)
   at Microsoft.Data.SqlClient.SqlDataReader.InvokeAsyncCall[T](SqlDataReaderBaseAsyncCallContext`1 context)
--- End of stack trace from previous location ---
   at Microsoft.EntityFrameworkCore.Update.AffectedCountModificationCommandBatch.ConsumeResultSetAsync(Int32 startCommandIndex, RelationalDataReader reader, CancellationToken cancellationToken)
ClientConnectionId:8fdab4fa-b708-4a3d-8d61-c3d1f1ea16f4
Error Number:2601,State:1,Class:14
   --- End of inner exception stack trace ---
   at Microsoft.EntityFrameworkCore.Update.AffectedCountModificationCommandBatch.ConsumeResultSetAsync(Int32 startCommandIndex, RelationalDataReader reader, CancellationToken cancellationToken)
   at Microsoft.EntityFrameworkCore.Update.AffectedCountModificationCommandBatch.ConsumeAsync(RelationalDataReader reader, CancellationToken cancellationToken)
   at Microsoft.EntityFrameworkCore.Update.ReaderModificationCommandBatch.ExecuteAsync(IRelationalConnection connection, CancellationToken cancellationToken)
   at Microsoft.EntityFrameworkCore.Update.ReaderModificationCommandBatch.ExecuteAsync(IRelationalConnection connection, CancellationToken cancellationToken)
   at Microsoft.EntityFrameworkCore.SqlServer.Update.Internal.SqlServerModificationCommandBatch.ExecuteAsync(IRelationalConnection connection, CancellationToken cancellationToken)
   at Microsoft.EntityFrameworkCore.Update.Internal.BatchExecutor.ExecuteAsync(IEnumerable`1 commandBatches, IRelationalConnection connection, CancellationToken cancellationToken)
   at Microsoft.EntityFrameworkCore.Update.Internal.BatchExecutor.ExecuteAsync(IEnumerable`1 commandBatches, IRelationalConnection connection, CancellationToken cancellationToken)
   at Microsoft.EntityFrameworkCore.Update.Internal.BatchExecutor.ExecuteAsync(IEnumerable`1 commandBatches, IRelationalConnection connection, CancellationToken cancellationToken)
   at Microsoft.EntityFrameworkCore.ChangeTracking.Internal.StateManager.SaveChangesAsync(IList`1 entriesToSave, CancellationToken cancellationToken)
   at Microsoft.EntityFrameworkCore.ChangeTracking.Internal.StateManager.SaveChangesAsync(StateManager stateManager, Boolean acceptAllChangesOnSuccess, CancellationToken cancellationToken)
   at Microsoft.EntityFrameworkCore.SqlServer.Storage.Internal.SqlServerExecutionStrategy.ExecuteAsync[TState,TResult](TState state, Func`4 operation, Func`4 verifySucceeded, CancellationToken cancellationToken)
   at Microsoft.EntityFrameworkCore.DbContext.SaveChangesAsync(Boolean acceptAllChangesOnSuccess, CancellationToken cancellationToken)
2025-07-09 13:21:03.904 +03:00 [ERR] Error assigning student role {"SourceContext":"xyz_university_payment_api.Presentation.Controllers.AuthorizationController","ActionId":"0cba0bb0-e999-4d9c-b5c7-a670fe57a6ff","ActionName":"xyz_university_payment_api.Presentation.Controllers.AuthorizationController.AssignStudentRole (xyz-university-payment-api)","RequestId":"0HNDUQ8HSJA7N:00000004","RequestPath":"/api/Authorization/assign-student-role","ConnectionId":"0HNDUQ8HSJA7N","MachineName":"DESKTOP-F3AMJ10","ThreadId":6,"ProcessId":19544,"Application":"XYZ University Payment API"}
Microsoft.EntityFrameworkCore.DbUpdateException: An error occurred while saving the entity changes. See the inner exception for details.
 ---> Microsoft.Data.SqlClient.SqlException (0x80131904): Cannot insert duplicate key row in object 'dbo.Roles' with unique index 'IX_Roles_Name'. The duplicate key value is ().
   at Microsoft.Data.SqlClient.SqlConnection.OnError(SqlException exception, Boolean breakConnection, Action`1 wrapCloseInAction)
   at Microsoft.Data.SqlClient.SqlInternalConnection.OnError(SqlException exception, Boolean breakConnection, Action`1 wrapCloseInAction)
   at Microsoft.Data.SqlClient.TdsParser.ThrowExceptionAndWarning(TdsParserStateObject stateObj, Boolean callerHasConnectionLock, Boolean asyncClose)
   at Microsoft.Data.SqlClient.TdsParser.TryRun(RunBehavior runBehavior, SqlCommand cmdHandler, SqlDataReader dataStream, BulkCopySimpleResultSet bulkCopyHandler, TdsParserStateObject stateObj, Boolean& dataReady)
   at Microsoft.Data.SqlClient.SqlDataReader.TryHasMoreRows(Boolean& moreRows)
   at Microsoft.Data.SqlClient.SqlDataReader.TryReadInternal(Boolean setTimeout, Boolean& more)
   at Microsoft.Data.SqlClient.SqlDataReader.ReadAsyncExecute(Task task, Object state)
   at Microsoft.Data.SqlClient.SqlDataReader.InvokeAsyncCall[T](SqlDataReaderBaseAsyncCallContext`1 context)
--- End of stack trace from previous location ---
   at Microsoft.EntityFrameworkCore.Update.AffectedCountModificationCommandBatch.ConsumeResultSetAsync(Int32 startCommandIndex, RelationalDataReader reader, CancellationToken cancellationToken)
ClientConnectionId:8fdab4fa-b708-4a3d-8d61-c3d1f1ea16f4
Error Number:2601,State:1,Class:14
   --- End of inner exception stack trace ---
   at Microsoft.EntityFrameworkCore.Update.AffectedCountModificationCommandBatch.ConsumeResultSetAsync(Int32 startCommandIndex, RelationalDataReader reader, CancellationToken cancellationToken)
   at Microsoft.EntityFrameworkCore.Update.AffectedCountModificationCommandBatch.ConsumeAsync(RelationalDataReader reader, CancellationToken cancellationToken)
   at Microsoft.EntityFrameworkCore.Update.ReaderModificationCommandBatch.ExecuteAsync(IRelationalConnection connection, CancellationToken cancellationToken)
   at Microsoft.EntityFrameworkCore.Update.ReaderModificationCommandBatch.ExecuteAsync(IRelationalConnection connection, CancellationToken cancellationToken)
   at Microsoft.EntityFrameworkCore.SqlServer.Update.Internal.SqlServerModificationCommandBatch.ExecuteAsync(IRelationalConnection connection, CancellationToken cancellationToken)
   at Microsoft.EntityFrameworkCore.Update.Internal.BatchExecutor.ExecuteAsync(IEnumerable`1 commandBatches, IRelationalConnection connection, CancellationToken cancellationToken)
   at Microsoft.EntityFrameworkCore.Update.Internal.BatchExecutor.ExecuteAsync(IEnumerable`1 commandBatches, IRelationalConnection connection, CancellationToken cancellationToken)
   at Microsoft.EntityFrameworkCore.Update.Internal.BatchExecutor.ExecuteAsync(IEnumerable`1 commandBatches, IRelationalConnection connection, CancellationToken cancellationToken)
   at Microsoft.EntityFrameworkCore.ChangeTracking.Internal.StateManager.SaveChangesAsync(IList`1 entriesToSave, CancellationToken cancellationToken)
   at Microsoft.EntityFrameworkCore.ChangeTracking.Internal.StateManager.SaveChangesAsync(StateManager stateManager, Boolean acceptAllChangesOnSuccess, CancellationToken cancellationToken)
   at Microsoft.EntityFrameworkCore.SqlServer.Storage.Internal.SqlServerExecutionStrategy.ExecuteAsync[TState,TResult](TState state, Func`4 operation, Func`4 verifySucceeded, CancellationToken cancellationToken)
   at Microsoft.EntityFrameworkCore.DbContext.SaveChangesAsync(Boolean acceptAllChangesOnSuccess, CancellationToken cancellationToken)
   at Microsoft.EntityFrameworkCore.DbContext.SaveChangesAsync(Boolean acceptAllChangesOnSuccess, CancellationToken cancellationToken)
   at xyz_university_payment_api.Core.Application.Services.AuthorizationService.AssignRolesToUserAsync(AssignRolesToUserDto assignRolesDto) in C:\Users\wanja\Desktop\jj\xyz-university-payment-api\xyz-university-payment-api\Core\Application\Services\AuthorizationService.cs:line 678
   at xyz_university_payment_api.Presentation.Controllers.AuthorizationController.AssignStudentRole() in C:\Users\wanja\Desktop\jj\xyz-university-payment-api\xyz-university-payment-api\Presentation\Controllers\AuthorizationController.cs:line 2124
2025-07-09 13:21:04.077 +03:00 [ERR] An exception occurred in the database while saving changes for context type 'xyz_university_payment_api.Infrastructure.Data.AppDbContext'.
Microsoft.EntityFrameworkCore.DbUpdateException: An error occurred while saving the entity changes. See the inner exception for details.
 ---> Microsoft.Data.SqlClient.SqlException (0x80131904): Cannot insert duplicate key row in object 'dbo.Roles' with unique index 'IX_Roles_Name'. The duplicate key value is ().
   at Microsoft.Data.SqlClient.SqlConnection.OnError(SqlException exception, Boolean breakConnection, Action`1 wrapCloseInAction)
   at Microsoft.Data.SqlClient.SqlInternalConnection.OnError(SqlException exception, Boolean breakConnection, Action`1 wrapCloseInAction)
   at Microsoft.Data.SqlClient.TdsParser.ThrowExceptionAndWarning(TdsParserStateObject stateObj, Boolean callerHasConnectionLock, Boolean asyncClose)
   at Microsoft.Data.SqlClient.TdsParser.TryRun(RunBehavior runBehavior, SqlCommand cmdHandler, SqlDataReader dataStream, BulkCopySimpleResultSet bulkCopyHandler, TdsParserStateObject stateObj, Boolean& dataReady)
   at Microsoft.Data.SqlClient.SqlDataReader.TryHasMoreRows(Boolean& moreRows)
   at Microsoft.Data.SqlClient.SqlDataReader.TryReadInternal(Boolean setTimeout, Boolean& more)
   at Microsoft.Data.SqlClient.SqlDataReader.ReadAsyncExecute(Task task, Object state)
   at Microsoft.Data.SqlClient.SqlDataReader.InvokeAsyncCall[T](SqlDataReaderBaseAsyncCallContext`1 context)
--- End of stack trace from previous location ---
   at Microsoft.EntityFrameworkCore.Update.AffectedCountModificationCommandBatch.ConsumeResultSetAsync(Int32 startCommandIndex, RelationalDataReader reader, CancellationToken cancellationToken)
ClientConnectionId:8fdab4fa-b708-4a3d-8d61-c3d1f1ea16f4
Error Number:2601,State:1,Class:14
   --- End of inner exception stack trace ---
   at Microsoft.EntityFrameworkCore.Update.AffectedCountModificationCommandBatch.ConsumeResultSetAsync(Int32 startCommandIndex, RelationalDataReader reader, CancellationToken cancellationToken)
   at Microsoft.EntityFrameworkCore.Update.AffectedCountModificationCommandBatch.ConsumeAsync(RelationalDataReader reader, CancellationToken cancellationToken)
   at Microsoft.EntityFrameworkCore.Update.ReaderModificationCommandBatch.ExecuteAsync(IRelationalConnection connection, CancellationToken cancellationToken)
   at Microsoft.EntityFrameworkCore.Update.ReaderModificationCommandBatch.ExecuteAsync(IRelationalConnection connection, CancellationToken cancellationToken)
   at Microsoft.EntityFrameworkCore.SqlServer.Update.Internal.SqlServerModificationCommandBatch.ExecuteAsync(IRelationalConnection connection, CancellationToken cancellationToken)
   at Microsoft.EntityFrameworkCore.Update.Internal.BatchExecutor.ExecuteAsync(IEnumerable`1 commandBatches, IRelationalConnection connection, CancellationToken cancellationToken)
   at Microsoft.EntityFrameworkCore.Update.Internal.BatchExecutor.ExecuteAsync(IEnumerable`1 commandBatches, IRelationalConnection connection, CancellationToken cancellationToken)
   at Microsoft.EntityFrameworkCore.Update.Internal.BatchExecutor.ExecuteAsync(IEnumerable`1 commandBatches, IRelationalConnection connection, CancellationToken cancellationToken)
   at Microsoft.EntityFrameworkCore.ChangeTracking.Internal.StateManager.SaveChangesAsync(IList`1 entriesToSave, CancellationToken cancellationToken)
   at Microsoft.EntityFrameworkCore.ChangeTracking.Internal.StateManager.SaveChangesAsync(StateManager stateManager, Boolean acceptAllChangesOnSuccess, CancellationToken cancellationToken)
   at Microsoft.EntityFrameworkCore.SqlServer.Storage.Internal.SqlServerExecutionStrategy.ExecuteAsync[TState,TResult](TState state, Func`4 operation, Func`4 verifySucceeded, CancellationToken cancellationToken)
   at Microsoft.EntityFrameworkCore.DbContext.SaveChangesAsync(Boolean acceptAllChangesOnSuccess, CancellationToken cancellationToken) {"EventId":{"Id":10000,"Name":"Microsoft.EntityFrameworkCore.Update.SaveChangesFailed"},"SourceContext":"Microsoft.EntityFrameworkCore.Update","ActionId":"0cba0bb0-e999-4d9c-b5c7-a670fe57a6ff","ActionName":"xyz_university_payment_api.Presentation.Controllers.AuthorizationController.AssignStudentRole (xyz-university-payment-api)","RequestId":"0HNDUQ8HSJA7N:00000005","RequestPath":"/api/Authorization/assign-student-role","ConnectionId":"0HNDUQ8HSJA7N","MachineName":"DESKTOP-F3AMJ10","ThreadId":16,"ProcessId":19544,"Application":"XYZ University Payment API"}
Microsoft.EntityFrameworkCore.DbUpdateException: An error occurred while saving the entity changes. See the inner exception for details.
 ---> Microsoft.Data.SqlClient.SqlException (0x80131904): Cannot insert duplicate key row in object 'dbo.Roles' with unique index 'IX_Roles_Name'. The duplicate key value is ().
   at Microsoft.Data.SqlClient.SqlConnection.OnError(SqlException exception, Boolean breakConnection, Action`1 wrapCloseInAction)
   at Microsoft.Data.SqlClient.SqlInternalConnection.OnError(SqlException exception, Boolean breakConnection, Action`1 wrapCloseInAction)
   at Microsoft.Data.SqlClient.TdsParser.ThrowExceptionAndWarning(TdsParserStateObject stateObj, Boolean callerHasConnectionLock, Boolean asyncClose)
   at Microsoft.Data.SqlClient.TdsParser.TryRun(RunBehavior runBehavior, SqlCommand cmdHandler, SqlDataReader dataStream, BulkCopySimpleResultSet bulkCopyHandler, TdsParserStateObject stateObj, Boolean& dataReady)
   at Microsoft.Data.SqlClient.SqlDataReader.TryHasMoreRows(Boolean& moreRows)
   at Microsoft.Data.SqlClient.SqlDataReader.TryReadInternal(Boolean setTimeout, Boolean& more)
   at Microsoft.Data.SqlClient.SqlDataReader.ReadAsyncExecute(Task task, Object state)
   at Microsoft.Data.SqlClient.SqlDataReader.InvokeAsyncCall[T](SqlDataReaderBaseAsyncCallContext`1 context)
--- End of stack trace from previous location ---
   at Microsoft.EntityFrameworkCore.Update.AffectedCountModificationCommandBatch.ConsumeResultSetAsync(Int32 startCommandIndex, RelationalDataReader reader, CancellationToken cancellationToken)
ClientConnectionId:8fdab4fa-b708-4a3d-8d61-c3d1f1ea16f4
Error Number:2601,State:1,Class:14
   --- End of inner exception stack trace ---
   at Microsoft.EntityFrameworkCore.Update.AffectedCountModificationCommandBatch.ConsumeResultSetAsync(Int32 startCommandIndex, RelationalDataReader reader, CancellationToken cancellationToken)
   at Microsoft.EntityFrameworkCore.Update.AffectedCountModificationCommandBatch.ConsumeAsync(RelationalDataReader reader, CancellationToken cancellationToken)
   at Microsoft.EntityFrameworkCore.Update.ReaderModificationCommandBatch.ExecuteAsync(IRelationalConnection connection, CancellationToken cancellationToken)
   at Microsoft.EntityFrameworkCore.Update.ReaderModificationCommandBatch.ExecuteAsync(IRelationalConnection connection, CancellationToken cancellationToken)
   at Microsoft.EntityFrameworkCore.SqlServer.Update.Internal.SqlServerModificationCommandBatch.ExecuteAsync(IRelationalConnection connection, CancellationToken cancellationToken)
   at Microsoft.EntityFrameworkCore.Update.Internal.BatchExecutor.ExecuteAsync(IEnumerable`1 commandBatches, IRelationalConnection connection, CancellationToken cancellationToken)
   at Microsoft.EntityFrameworkCore.Update.Internal.BatchExecutor.ExecuteAsync(IEnumerable`1 commandBatches, IRelationalConnection connection, CancellationToken cancellationToken)
   at Microsoft.EntityFrameworkCore.Update.Internal.BatchExecutor.ExecuteAsync(IEnumerable`1 commandBatches, IRelationalConnection connection, CancellationToken cancellationToken)
   at Microsoft.EntityFrameworkCore.ChangeTracking.Internal.StateManager.SaveChangesAsync(IList`1 entriesToSave, CancellationToken cancellationToken)
   at Microsoft.EntityFrameworkCore.ChangeTracking.Internal.StateManager.SaveChangesAsync(StateManager stateManager, Boolean acceptAllChangesOnSuccess, CancellationToken cancellationToken)
   at Microsoft.EntityFrameworkCore.SqlServer.Storage.Internal.SqlServerExecutionStrategy.ExecuteAsync[TState,TResult](TState state, Func`4 operation, Func`4 verifySucceeded, CancellationToken cancellationToken)
   at Microsoft.EntityFrameworkCore.DbContext.SaveChangesAsync(Boolean acceptAllChangesOnSuccess, CancellationToken cancellationToken)
2025-07-09 13:21:04.113 +03:00 [ERR] Error assigning student role {"SourceContext":"xyz_university_payment_api.Presentation.Controllers.AuthorizationController","ActionId":"0cba0bb0-e999-4d9c-b5c7-a670fe57a6ff","ActionName":"xyz_university_payment_api.Presentation.Controllers.AuthorizationController.AssignStudentRole (xyz-university-payment-api)","RequestId":"0HNDUQ8HSJA7N:00000005","RequestPath":"/api/Authorization/assign-student-role","ConnectionId":"0HNDUQ8HSJA7N","MachineName":"DESKTOP-F3AMJ10","ThreadId":16,"ProcessId":19544,"Application":"XYZ University Payment API"}
Microsoft.EntityFrameworkCore.DbUpdateException: An error occurred while saving the entity changes. See the inner exception for details.
 ---> Microsoft.Data.SqlClient.SqlException (0x80131904): Cannot insert duplicate key row in object 'dbo.Roles' with unique index 'IX_Roles_Name'. The duplicate key value is ().
   at Microsoft.Data.SqlClient.SqlConnection.OnError(SqlException exception, Boolean breakConnection, Action`1 wrapCloseInAction)
   at Microsoft.Data.SqlClient.SqlInternalConnection.OnError(SqlException exception, Boolean breakConnection, Action`1 wrapCloseInAction)
   at Microsoft.Data.SqlClient.TdsParser.ThrowExceptionAndWarning(TdsParserStateObject stateObj, Boolean callerHasConnectionLock, Boolean asyncClose)
   at Microsoft.Data.SqlClient.TdsParser.TryRun(RunBehavior runBehavior, SqlCommand cmdHandler, SqlDataReader dataStream, BulkCopySimpleResultSet bulkCopyHandler, TdsParserStateObject stateObj, Boolean& dataReady)
   at Microsoft.Data.SqlClient.SqlDataReader.TryHasMoreRows(Boolean& moreRows)
   at Microsoft.Data.SqlClient.SqlDataReader.TryReadInternal(Boolean setTimeout, Boolean& more)
   at Microsoft.Data.SqlClient.SqlDataReader.ReadAsyncExecute(Task task, Object state)
   at Microsoft.Data.SqlClient.SqlDataReader.InvokeAsyncCall[T](SqlDataReaderBaseAsyncCallContext`1 context)
--- End of stack trace from previous location ---
   at Microsoft.EntityFrameworkCore.Update.AffectedCountModificationCommandBatch.ConsumeResultSetAsync(Int32 startCommandIndex, RelationalDataReader reader, CancellationToken cancellationToken)
ClientConnectionId:8fdab4fa-b708-4a3d-8d61-c3d1f1ea16f4
Error Number:2601,State:1,Class:14
   --- End of inner exception stack trace ---
   at Microsoft.EntityFrameworkCore.Update.AffectedCountModificationCommandBatch.ConsumeResultSetAsync(Int32 startCommandIndex, RelationalDataReader reader, CancellationToken cancellationToken)
   at Microsoft.EntityFrameworkCore.Update.AffectedCountModificationCommandBatch.ConsumeAsync(RelationalDataReader reader, CancellationToken cancellationToken)
   at Microsoft.EntityFrameworkCore.Update.ReaderModificationCommandBatch.ExecuteAsync(IRelationalConnection connection, CancellationToken cancellationToken)
   at Microsoft.EntityFrameworkCore.Update.ReaderModificationCommandBatch.ExecuteAsync(IRelationalConnection connection, CancellationToken cancellationToken)
   at Microsoft.EntityFrameworkCore.SqlServer.Update.Internal.SqlServerModificationCommandBatch.ExecuteAsync(IRelationalConnection connection, CancellationToken cancellationToken)
   at Microsoft.EntityFrameworkCore.Update.Internal.BatchExecutor.ExecuteAsync(IEnumerable`1 commandBatches, IRelationalConnection connection, CancellationToken cancellationToken)
   at Microsoft.EntityFrameworkCore.Update.Internal.BatchExecutor.ExecuteAsync(IEnumerable`1 commandBatches, IRelationalConnection connection, CancellationToken cancellationToken)
   at Microsoft.EntityFrameworkCore.Update.Internal.BatchExecutor.ExecuteAsync(IEnumerable`1 commandBatches, IRelationalConnection connection, CancellationToken cancellationToken)
   at Microsoft.EntityFrameworkCore.ChangeTracking.Internal.StateManager.SaveChangesAsync(IList`1 entriesToSave, CancellationToken cancellationToken)
   at Microsoft.EntityFrameworkCore.ChangeTracking.Internal.StateManager.SaveChangesAsync(StateManager stateManager, Boolean acceptAllChangesOnSuccess, CancellationToken cancellationToken)
   at Microsoft.EntityFrameworkCore.SqlServer.Storage.Internal.SqlServerExecutionStrategy.ExecuteAsync[TState,TResult](TState state, Func`4 operation, Func`4 verifySucceeded, CancellationToken cancellationToken)
   at Microsoft.EntityFrameworkCore.DbContext.SaveChangesAsync(Boolean acceptAllChangesOnSuccess, CancellationToken cancellationToken)
   at Microsoft.EntityFrameworkCore.DbContext.SaveChangesAsync(Boolean acceptAllChangesOnSuccess, CancellationToken cancellationToken)
   at xyz_university_payment_api.Core.Application.Services.AuthorizationService.AssignRolesToUserAsync(AssignRolesToUserDto assignRolesDto) in C:\Users\wanja\Desktop\jj\xyz-university-payment-api\xyz-university-payment-api\Core\Application\Services\AuthorizationService.cs:line 678
   at xyz_university_payment_api.Presentation.Controllers.AuthorizationController.AssignStudentRole() in C:\Users\wanja\Desktop\jj\xyz-university-payment-api\xyz-university-payment-api\Presentation\Controllers\AuthorizationController.cs:line 2124
