2025-07-01 11:03:49.560 +03:00 [INF] Ensuring database is created
2025-07-01 11:03:51.905 +03:00 [INF] Database created successfully
2025-07-01 11:03:52.032 +03:00 [INF] Seeding default roles and permissions
2025-07-01 11:03:52.829 +03:00 [INF] Default roles and permissions seeded successfully
2025-07-01 11:03:53.234 +03:00 [INF] XYZ University Payment API started successfully
2025-07-01 11:03:54.515 +03:00 [INF] Configured endpoint PaymentProcessedMessage, Consumer: xyz_university_payment_api.Services.PaymentProcessedMessageConsumer
2025-07-01 11:03:54.554 +03:00 [INF] Configured endpoint PaymentFailedMessage, Consumer: xyz_university_payment_api.Services.PaymentFailedMessageConsumer
2025-07-01 11:03:54.586 +03:00 [INF] Configured endpoint PaymentValidationMessage, Consumer: xyz_university_payment_api.Services.PaymentValidationMessageConsumer
2025-07-01 11:03:55.154 +03:00 [INF] Bus started: "rabbitmq://localhost/"
2025-07-01 11:35:50.261 +03:00 [WRN] Failed to determine the https port for redirect.
2025-07-01 11:37:10.690 +03:00 [ERR] An unhandled exception has occurred while executing the request.
System.InvalidOperationException: The AuthorizationPolicy named: 'RolePolicy' was not found.
   at Microsoft.AspNetCore.Authorization.AuthorizationPolicy.CombineAsync(IAuthorizationPolicyProvider policyProvider, IEnumerable`1 authorizeData, IEnumerable`1 policies)
   at Microsoft.AspNetCore.Authorization.AuthorizationMiddleware.Invoke(HttpContext context)
   at Microsoft.AspNetCore.Authentication.AuthenticationMiddleware.Invoke(HttpContext context)
   at Swashbuckle.AspNetCore.SwaggerUI.SwaggerUIMiddleware.Invoke(HttpContext httpContext)
   at Swashbuckle.AspNetCore.Swagger.SwaggerMiddleware.Invoke(HttpContext httpContext, ISwaggerProvider swaggerProvider)
   at Microsoft.AspNetCore.Diagnostics.DeveloperExceptionPageMiddlewareImpl.Invoke(HttpContext context)
2025-07-01 13:06:01.304 +03:00 [INF] Bus stopped: "rabbitmq://localhost/"
2025-07-01 15:11:11.630 +03:00 [INF] Starting XYZ University Payment API {"MachineName":"DESKTOP-F3AMJ10","ThreadId":1,"ProcessId":23300,"Application":"XYZ University Payment API"}
