2025-07-11 08:41:30.554 +03:00 [ERR] Error deleting student with ID: 8
System.InvalidOperationException: Cannot delete active student S660066
   at xyz_university_payment_api.Core.Application.Services.StudentService.DeleteStudentAsync(Int32 id) in C:\Users\wanja\Desktop\jj\xyz-university-payment-api\xyz-university-payment-api\Core\Application\Services\StudentService.cs:line 227
2025-07-11 08:41:30.578 +03:00 [ERR] Error deleting student V3 with ID: 8
xyz_university_payment_api.Core.Domain.Exceptions.DatabaseException: Database operation failed: Failed to delete student with ID 8
 ---> System.InvalidOperationException: Cannot delete active student S660066
   at xyz_university_payment_api.Core.Application.Services.StudentService.DeleteStudentAsync(Int32 id) in C:\Users\wanja\Desktop\jj\xyz-university-payment-api\xyz-university-payment-api\Core\Application\Services\StudentService.cs:line 227
   --- End of inner exception stack trace ---
   at xyz_university_payment_api.Core.Application.Services.StudentService.DeleteStudentAsync(Int32 id) in C:\Users\wanja\Desktop\jj\xyz-university-payment-api\xyz-university-payment-api\Core\Application\Services\StudentService.cs:line 237
   at xyz_university_payment_api.Core.Application.Services.StudentService.DeleteStudentV3Async(Int32 id, Boolean permanent) in C:\Users\wanja\Desktop\jj\xyz-university-payment-api\xyz-university-payment-api\Core\Application\Services\StudentService.cs:line 839
2025-07-11 08:41:48.852 +03:00 [ERR] Error deleting student with ID: 8
System.InvalidOperationException: Cannot delete active student S660066
   at xyz_university_payment_api.Core.Application.Services.StudentService.DeleteStudentAsync(Int32 id) in C:\Users\wanja\Desktop\jj\xyz-university-payment-api\xyz-university-payment-api\Core\Application\Services\StudentService.cs:line 227
2025-07-11 08:41:48.858 +03:00 [ERR] Error deleting student V3 with ID: 8
xyz_university_payment_api.Core.Domain.Exceptions.DatabaseException: Database operation failed: Failed to delete student with ID 8
 ---> System.InvalidOperationException: Cannot delete active student S660066
   at xyz_university_payment_api.Core.Application.Services.StudentService.DeleteStudentAsync(Int32 id) in C:\Users\wanja\Desktop\jj\xyz-university-payment-api\xyz-university-payment-api\Core\Application\Services\StudentService.cs:line 227
   --- End of inner exception stack trace ---
   at xyz_university_payment_api.Core.Application.Services.StudentService.DeleteStudentAsync(Int32 id) in C:\Users\wanja\Desktop\jj\xyz-university-payment-api\xyz-university-payment-api\Core\Application\Services\StudentService.cs:line 237
   at xyz_university_payment_api.Core.Application.Services.StudentService.DeleteStudentV3Async(Int32 id, Boolean permanent) in C:\Users\wanja\Desktop\jj\xyz-university-payment-api\xyz-university-payment-api\Core\Application\Services\StudentService.cs:line 839
2025-07-11 08:42:42.963 +03:00 [ERR] Failed executing DbCommand (2ms) [Parameters=[p0='?' (Size = 4000)], CommandType='"Text"', CommandTimeout='30']
SELECT TOP(1) [x].[Id], [x].[CreatedAt], [x].[Description], [x].[IsActive], [x].[Name]
FROM (
    SELECT Id FROM Roles WHERE Name = @p0
) AS [x]
2025-07-11 08:42:42.976 +03:00 [ERR] An exception occurred while iterating over the results of a query for context type 'xyz_university_payment_api.Infrastructure.Data.AppDbContext'.
Microsoft.Data.SqlClient.SqlException (0x80131904): Invalid column name 'CreatedAt'.
Invalid column name 'Description'.
Invalid column name 'IsActive'.
Invalid column name 'Name'.
   at System.Threading.Tasks.ContinuationResultTaskFromResultTask`2.InnerInvoke()
   at System.Threading.ExecutionContext.RunInternal(ExecutionContext executionContext, ContextCallback callback, Object state)
--- End of stack trace from previous location ---
   at System.Threading.ExecutionContext.RunInternal(ExecutionContext executionContext, ContextCallback callback, Object state)
   at System.Threading.Tasks.Task.ExecuteWithThreadLocal(Task& currentTaskSlot, Thread threadPoolThread)
--- End of stack trace from previous location ---
   at Microsoft.EntityFrameworkCore.Storage.RelationalCommand.ExecuteReaderAsync(RelationalCommandParameterObject parameterObject, CancellationToken cancellationToken)
   at Microsoft.EntityFrameworkCore.Storage.RelationalCommand.ExecuteReaderAsync(RelationalCommandParameterObject parameterObject, CancellationToken cancellationToken)
   at Microsoft.EntityFrameworkCore.Query.Internal.SingleQueryingEnumerable`1.AsyncEnumerator.InitializeReaderAsync(AsyncEnumerator enumerator, CancellationToken cancellationToken)
   at Microsoft.EntityFrameworkCore.SqlServer.Storage.Internal.SqlServerExecutionStrategy.ExecuteAsync[TState,TResult](TState state, Func`4 operation, Func`4 verifySucceeded, CancellationToken cancellationToken)
   at Microsoft.EntityFrameworkCore.Query.Internal.SingleQueryingEnumerable`1.AsyncEnumerator.MoveNextAsync()
ClientConnectionId:646b8844-6238-4f7f-84ba-c42eea1a595b
Error Number:207,State:1,Class:16
Microsoft.Data.SqlClient.SqlException (0x80131904): Invalid column name 'CreatedAt'.
Invalid column name 'Description'.
Invalid column name 'IsActive'.
Invalid column name 'Name'.
   at System.Threading.Tasks.ContinuationResultTaskFromResultTask`2.InnerInvoke()
   at System.Threading.ExecutionContext.RunInternal(ExecutionContext executionContext, ContextCallback callback, Object state)
--- End of stack trace from previous location ---
   at System.Threading.ExecutionContext.RunInternal(ExecutionContext executionContext, ContextCallback callback, Object state)
   at System.Threading.Tasks.Task.ExecuteWithThreadLocal(Task& currentTaskSlot, Thread threadPoolThread)
--- End of stack trace from previous location ---
   at Microsoft.EntityFrameworkCore.Storage.RelationalCommand.ExecuteReaderAsync(RelationalCommandParameterObject parameterObject, CancellationToken cancellationToken)
   at Microsoft.EntityFrameworkCore.Storage.RelationalCommand.ExecuteReaderAsync(RelationalCommandParameterObject parameterObject, CancellationToken cancellationToken)
   at Microsoft.EntityFrameworkCore.Query.Internal.SingleQueryingEnumerable`1.AsyncEnumerator.InitializeReaderAsync(AsyncEnumerator enumerator, CancellationToken cancellationToken)
   at Microsoft.EntityFrameworkCore.SqlServer.Storage.Internal.SqlServerExecutionStrategy.ExecuteAsync[TState,TResult](TState state, Func`4 operation, Func`4 verifySucceeded, CancellationToken cancellationToken)
   at Microsoft.EntityFrameworkCore.Query.Internal.SingleQueryingEnumerable`1.AsyncEnumerator.MoveNextAsync()
ClientConnectionId:646b8844-6238-4f7f-84ba-c42eea1a595b
Error Number:207,State:1,Class:16
2025-07-11 08:42:42.994 +03:00 [ERR] Error assigning role to user 48
Microsoft.Data.SqlClient.SqlException (0x80131904): Invalid column name 'CreatedAt'.
Invalid column name 'Description'.
Invalid column name 'IsActive'.
Invalid column name 'Name'.
   at System.Threading.Tasks.ContinuationResultTaskFromResultTask`2.InnerInvoke()
   at System.Threading.ExecutionContext.RunInternal(ExecutionContext executionContext, ContextCallback callback, Object state)
--- End of stack trace from previous location ---
   at System.Threading.ExecutionContext.RunInternal(ExecutionContext executionContext, ContextCallback callback, Object state)
   at System.Threading.Tasks.Task.ExecuteWithThreadLocal(Task& currentTaskSlot, Thread threadPoolThread)
--- End of stack trace from previous location ---
   at Microsoft.EntityFrameworkCore.Storage.RelationalCommand.ExecuteReaderAsync(RelationalCommandParameterObject parameterObject, CancellationToken cancellationToken)
   at Microsoft.EntityFrameworkCore.Storage.RelationalCommand.ExecuteReaderAsync(RelationalCommandParameterObject parameterObject, CancellationToken cancellationToken)
   at Microsoft.EntityFrameworkCore.Query.Internal.SingleQueryingEnumerable`1.AsyncEnumerator.InitializeReaderAsync(AsyncEnumerator enumerator, CancellationToken cancellationToken)
   at Microsoft.EntityFrameworkCore.SqlServer.Storage.Internal.SqlServerExecutionStrategy.ExecuteAsync[TState,TResult](TState state, Func`4 operation, Func`4 verifySucceeded, CancellationToken cancellationToken)
   at Microsoft.EntityFrameworkCore.Query.Internal.SingleQueryingEnumerable`1.AsyncEnumerator.MoveNextAsync()
   at Microsoft.EntityFrameworkCore.Query.ShapedQueryCompilingExpressionVisitor.SingleOrDefaultAsync[TSource](IAsyncEnumerable`1 asyncEnumerable, CancellationToken cancellationToken)
   at Microsoft.EntityFrameworkCore.Query.ShapedQueryCompilingExpressionVisitor.SingleOrDefaultAsync[TSource](IAsyncEnumerable`1 asyncEnumerable, CancellationToken cancellationToken)
   at xyz_university_payment_api.Presentation.Controllers.V3.UserControllerV3.AssignRole(Int32 id, AssignRoleDto assignRoleDto) in C:\Users\wanja\Desktop\jj\xyz-university-payment-api\xyz-university-payment-api\Presentation\Controllers\V3\UserControllerV3.cs:line 240
   at xyz_university_payment_api.Presentation.Controllers.V3.UserControllerV3.AssignRole(Int32 id, AssignRoleDto assignRoleDto) in C:\Users\wanja\Desktop\jj\xyz-university-payment-api\xyz-university-payment-api\Presentation\Controllers\V3\UserControllerV3.cs:line 261
ClientConnectionId:646b8844-6238-4f7f-84ba-c42eea1a595b
Error Number:207,State:1,Class:16
2025-07-11 08:43:39.476 +03:00 [ERR] Error deleting student with ID: 4
System.InvalidOperationException: Cannot delete active student S66002
   at xyz_university_payment_api.Core.Application.Services.StudentService.DeleteStudentAsync(Int32 id) in C:\Users\wanja\Desktop\jj\xyz-university-payment-api\xyz-university-payment-api\Core\Application\Services\StudentService.cs:line 227
2025-07-11 08:43:39.482 +03:00 [ERR] Error deleting student V3 with ID: 4
xyz_university_payment_api.Core.Domain.Exceptions.DatabaseException: Database operation failed: Failed to delete student with ID 4
 ---> System.InvalidOperationException: Cannot delete active student S66002
   at xyz_university_payment_api.Core.Application.Services.StudentService.DeleteStudentAsync(Int32 id) in C:\Users\wanja\Desktop\jj\xyz-university-payment-api\xyz-university-payment-api\Core\Application\Services\StudentService.cs:line 227
   --- End of inner exception stack trace ---
   at xyz_university_payment_api.Core.Application.Services.StudentService.DeleteStudentAsync(Int32 id) in C:\Users\wanja\Desktop\jj\xyz-university-payment-api\xyz-university-payment-api\Core\Application\Services\StudentService.cs:line 237
   at xyz_university_payment_api.Core.Application.Services.StudentService.DeleteStudentV3Async(Int32 id, Boolean permanent) in C:\Users\wanja\Desktop\jj\xyz-university-payment-api\xyz-university-payment-api\Core\Application\Services\StudentService.cs:line 839
2025-07-11 08:44:46.953 +03:00 [ERR] Error deleting student with ID: 8
System.InvalidOperationException: Cannot delete active student S660066
   at xyz_university_payment_api.Core.Application.Services.StudentService.DeleteStudentAsync(Int32 id) in C:\Users\wanja\Desktop\jj\xyz-university-payment-api\xyz-university-payment-api\Core\Application\Services\StudentService.cs:line 227
2025-07-11 08:44:46.959 +03:00 [ERR] Error deleting student V3 with ID: 8
xyz_university_payment_api.Core.Domain.Exceptions.DatabaseException: Database operation failed: Failed to delete student with ID 8
 ---> System.InvalidOperationException: Cannot delete active student S660066
   at xyz_university_payment_api.Core.Application.Services.StudentService.DeleteStudentAsync(Int32 id) in C:\Users\wanja\Desktop\jj\xyz-university-payment-api\xyz-university-payment-api\Core\Application\Services\StudentService.cs:line 227
   --- End of inner exception stack trace ---
   at xyz_university_payment_api.Core.Application.Services.StudentService.DeleteStudentAsync(Int32 id) in C:\Users\wanja\Desktop\jj\xyz-university-payment-api\xyz-university-payment-api\Core\Application\Services\StudentService.cs:line 237
   at xyz_university_payment_api.Core.Application.Services.StudentService.DeleteStudentV3Async(Int32 id, Boolean permanent) in C:\Users\wanja\Desktop\jj\xyz-university-payment-api\xyz-university-payment-api\Core\Application\Services\StudentService.cs:line 839
2025-07-11 08:46:12.794 +03:00 [ERR] Error deleting student with ID: 1
System.InvalidOperationException: Cannot delete active student S12345
   at xyz_university_payment_api.Core.Application.Services.StudentService.DeleteStudentAsync(Int32 id) in C:\Users\wanja\Desktop\jj\xyz-university-payment-api\xyz-university-payment-api\Core\Application\Services\StudentService.cs:line 227
2025-07-11 08:46:12.803 +03:00 [ERR] Error deleting student V3 with ID: 1
xyz_university_payment_api.Core.Domain.Exceptions.DatabaseException: Database operation failed: Failed to delete student with ID 1
 ---> System.InvalidOperationException: Cannot delete active student S12345
   at xyz_university_payment_api.Core.Application.Services.StudentService.DeleteStudentAsync(Int32 id) in C:\Users\wanja\Desktop\jj\xyz-university-payment-api\xyz-university-payment-api\Core\Application\Services\StudentService.cs:line 227
   --- End of inner exception stack trace ---
   at xyz_university_payment_api.Core.Application.Services.StudentService.DeleteStudentAsync(Int32 id) in C:\Users\wanja\Desktop\jj\xyz-university-payment-api\xyz-university-payment-api\Core\Application\Services\StudentService.cs:line 237
   at xyz_university_payment_api.Core.Application.Services.StudentService.DeleteStudentV3Async(Int32 id, Boolean permanent) in C:\Users\wanja\Desktop\jj\xyz-university-payment-api\xyz-university-payment-api\Core\Application\Services\StudentService.cs:line 839
2025-07-11 09:07:23.290 +03:00 [ERR] Error deleting student with ID: 8
System.InvalidOperationException: Cannot delete active student S660066
   at xyz_university_payment_api.Core.Application.Services.StudentService.DeleteStudentAsync(Int32 id) in C:\Users\wanja\Desktop\jj\xyz-university-payment-api\xyz-university-payment-api\Core\Application\Services\StudentService.cs:line 227
2025-07-11 09:07:23.297 +03:00 [ERR] Error deleting student V3 with ID: 8
xyz_university_payment_api.Core.Domain.Exceptions.DatabaseException: Database operation failed: Failed to delete student with ID 8
 ---> System.InvalidOperationException: Cannot delete active student S660066
   at xyz_university_payment_api.Core.Application.Services.StudentService.DeleteStudentAsync(Int32 id) in C:\Users\wanja\Desktop\jj\xyz-university-payment-api\xyz-university-payment-api\Core\Application\Services\StudentService.cs:line 227
   --- End of inner exception stack trace ---
   at xyz_university_payment_api.Core.Application.Services.StudentService.DeleteStudentAsync(Int32 id) in C:\Users\wanja\Desktop\jj\xyz-university-payment-api\xyz-university-payment-api\Core\Application\Services\StudentService.cs:line 237
   at xyz_university_payment_api.Core.Application.Services.StudentService.DeleteStudentV3Async(Int32 id, Boolean permanent) in C:\Users\wanja\Desktop\jj\xyz-university-payment-api\xyz-university-payment-api\Core\Application\Services\StudentService.cs:line 839
2025-07-11 09:08:17.854 +03:00 [ERR] Error deleting student with ID: 8
System.InvalidOperationException: Cannot delete active student S660066
   at xyz_university_payment_api.Core.Application.Services.StudentService.DeleteStudentAsync(Int32 id) in C:\Users\wanja\Desktop\jj\xyz-university-payment-api\xyz-university-payment-api\Core\Application\Services\StudentService.cs:line 227
2025-07-11 09:08:17.861 +03:00 [ERR] Error deleting student V3 with ID: 8
xyz_university_payment_api.Core.Domain.Exceptions.DatabaseException: Database operation failed: Failed to delete student with ID 8
 ---> System.InvalidOperationException: Cannot delete active student S660066
   at xyz_university_payment_api.Core.Application.Services.StudentService.DeleteStudentAsync(Int32 id) in C:\Users\wanja\Desktop\jj\xyz-university-payment-api\xyz-university-payment-api\Core\Application\Services\StudentService.cs:line 227
   --- End of inner exception stack trace ---
   at xyz_university_payment_api.Core.Application.Services.StudentService.DeleteStudentAsync(Int32 id) in C:\Users\wanja\Desktop\jj\xyz-university-payment-api\xyz-university-payment-api\Core\Application\Services\StudentService.cs:line 237
   at xyz_university_payment_api.Core.Application.Services.StudentService.DeleteStudentV3Async(Int32 id, Boolean permanent) in C:\Users\wanja\Desktop\jj\xyz-university-payment-api\xyz-university-payment-api\Core\Application\Services\StudentService.cs:line 839
2025-07-11 09:33:23.696 +03:00 [ERR] Failed executing DbCommand (4ms) [Parameters=[p0='?' (Size = 4000)], CommandType='"Text"', CommandTimeout='30']
SELECT TOP(1) [x].[Id], [x].[CreatedAt], [x].[Description], [x].[IsActive], [x].[Name]
FROM (
    SELECT Id FROM Roles WHERE Name = @p0
) AS [x] {"EventId":{"Id":20102,"Name":"Microsoft.EntityFrameworkCore.Database.Command.CommandError"},"SourceContext":"Microsoft.EntityFrameworkCore.Database.Command","ActionId":"5d63042c-c165-419d-b106-e849b2a8b630","ActionName":"xyz_university_payment_api.Presentation.Controllers.V3.UserControllerV3.AssignRole (xyz-university-payment-api)","RequestId":"0HNE08GPSIGAO:00000002","RequestPath":"/api/v3/user/users/48/roles","ConnectionId":"0HNE08GPSIGAO","MachineName":"DESKTOP-F3AMJ10","ThreadId":17,"ProcessId":19828,"Application":"XYZ University Payment API"}
2025-07-11 09:33:23.726 +03:00 [ERR] An exception occurred while iterating over the results of a query for context type 'xyz_university_payment_api.Infrastructure.Data.AppDbContext'.
Microsoft.Data.SqlClient.SqlException (0x80131904): Invalid column name 'CreatedAt'.
Invalid column name 'Description'.
Invalid column name 'IsActive'.
Invalid column name 'Name'.
   at System.Threading.Tasks.ContinuationResultTaskFromResultTask`2.InnerInvoke()
   at System.Threading.ExecutionContext.RunInternal(ExecutionContext executionContext, ContextCallback callback, Object state)
--- End of stack trace from previous location ---
   at System.Threading.ExecutionContext.RunInternal(ExecutionContext executionContext, ContextCallback callback, Object state)
   at System.Threading.Tasks.Task.ExecuteWithThreadLocal(Task& currentTaskSlot, Thread threadPoolThread)
--- End of stack trace from previous location ---
   at Microsoft.EntityFrameworkCore.Storage.RelationalCommand.ExecuteReaderAsync(RelationalCommandParameterObject parameterObject, CancellationToken cancellationToken)
   at Microsoft.EntityFrameworkCore.Storage.RelationalCommand.ExecuteReaderAsync(RelationalCommandParameterObject parameterObject, CancellationToken cancellationToken)
   at Microsoft.EntityFrameworkCore.Query.Internal.SingleQueryingEnumerable`1.AsyncEnumerator.InitializeReaderAsync(AsyncEnumerator enumerator, CancellationToken cancellationToken)
   at Microsoft.EntityFrameworkCore.SqlServer.Storage.Internal.SqlServerExecutionStrategy.ExecuteAsync[TState,TResult](TState state, Func`4 operation, Func`4 verifySucceeded, CancellationToken cancellationToken)
   at Microsoft.EntityFrameworkCore.Query.Internal.SingleQueryingEnumerable`1.AsyncEnumerator.MoveNextAsync()
ClientConnectionId:a21105d6-fb7a-40f9-871f-a43f9e71eaf4
Error Number:207,State:1,Class:16 {"EventId":{"Id":10100,"Name":"Microsoft.EntityFrameworkCore.Query.QueryIterationFailed"},"SourceContext":"Microsoft.EntityFrameworkCore.Query","ActionId":"5d63042c-c165-419d-b106-e849b2a8b630","ActionName":"xyz_university_payment_api.Presentation.Controllers.V3.UserControllerV3.AssignRole (xyz-university-payment-api)","RequestId":"0HNE08GPSIGAO:00000002","RequestPath":"/api/v3/user/users/48/roles","ConnectionId":"0HNE08GPSIGAO","MachineName":"DESKTOP-F3AMJ10","ThreadId":17,"ProcessId":19828,"Application":"XYZ University Payment API"}
Microsoft.Data.SqlClient.SqlException (0x80131904): Invalid column name 'CreatedAt'.
Invalid column name 'Description'.
Invalid column name 'IsActive'.
Invalid column name 'Name'.
   at System.Threading.Tasks.ContinuationResultTaskFromResultTask`2.InnerInvoke()
   at System.Threading.ExecutionContext.RunInternal(ExecutionContext executionContext, ContextCallback callback, Object state)
--- End of stack trace from previous location ---
   at System.Threading.ExecutionContext.RunInternal(ExecutionContext executionContext, ContextCallback callback, Object state)
   at System.Threading.Tasks.Task.ExecuteWithThreadLocal(Task& currentTaskSlot, Thread threadPoolThread)
--- End of stack trace from previous location ---
   at Microsoft.EntityFrameworkCore.Storage.RelationalCommand.ExecuteReaderAsync(RelationalCommandParameterObject parameterObject, CancellationToken cancellationToken)
   at Microsoft.EntityFrameworkCore.Storage.RelationalCommand.ExecuteReaderAsync(RelationalCommandParameterObject parameterObject, CancellationToken cancellationToken)
   at Microsoft.EntityFrameworkCore.Query.Internal.SingleQueryingEnumerable`1.AsyncEnumerator.InitializeReaderAsync(AsyncEnumerator enumerator, CancellationToken cancellationToken)
   at Microsoft.EntityFrameworkCore.SqlServer.Storage.Internal.SqlServerExecutionStrategy.ExecuteAsync[TState,TResult](TState state, Func`4 operation, Func`4 verifySucceeded, CancellationToken cancellationToken)
   at Microsoft.EntityFrameworkCore.Query.Internal.SingleQueryingEnumerable`1.AsyncEnumerator.MoveNextAsync()
ClientConnectionId:a21105d6-fb7a-40f9-871f-a43f9e71eaf4
Error Number:207,State:1,Class:16
2025-07-11 09:33:23.746 +03:00 [ERR] Error assigning role to user 48 {"SourceContext":"xyz_university_payment_api.Presentation.Controllers.V3.UserControllerV3","ActionId":"5d63042c-c165-419d-b106-e849b2a8b630","ActionName":"xyz_university_payment_api.Presentation.Controllers.V3.UserControllerV3.AssignRole (xyz-university-payment-api)","RequestId":"0HNE08GPSIGAO:00000002","RequestPath":"/api/v3/user/users/48/roles","ConnectionId":"0HNE08GPSIGAO","MachineName":"DESKTOP-F3AMJ10","ThreadId":17,"ProcessId":19828,"Application":"XYZ University Payment API"}
Microsoft.Data.SqlClient.SqlException (0x80131904): Invalid column name 'CreatedAt'.
Invalid column name 'Description'.
Invalid column name 'IsActive'.
Invalid column name 'Name'.
   at System.Threading.Tasks.ContinuationResultTaskFromResultTask`2.InnerInvoke()
   at System.Threading.ExecutionContext.RunInternal(ExecutionContext executionContext, ContextCallback callback, Object state)
--- End of stack trace from previous location ---
   at System.Threading.ExecutionContext.RunInternal(ExecutionContext executionContext, ContextCallback callback, Object state)
   at System.Threading.Tasks.Task.ExecuteWithThreadLocal(Task& currentTaskSlot, Thread threadPoolThread)
--- End of stack trace from previous location ---
   at Microsoft.EntityFrameworkCore.Storage.RelationalCommand.ExecuteReaderAsync(RelationalCommandParameterObject parameterObject, CancellationToken cancellationToken)
   at Microsoft.EntityFrameworkCore.Storage.RelationalCommand.ExecuteReaderAsync(RelationalCommandParameterObject parameterObject, CancellationToken cancellationToken)
   at Microsoft.EntityFrameworkCore.Query.Internal.SingleQueryingEnumerable`1.AsyncEnumerator.InitializeReaderAsync(AsyncEnumerator enumerator, CancellationToken cancellationToken)
   at Microsoft.EntityFrameworkCore.SqlServer.Storage.Internal.SqlServerExecutionStrategy.ExecuteAsync[TState,TResult](TState state, Func`4 operation, Func`4 verifySucceeded, CancellationToken cancellationToken)
   at Microsoft.EntityFrameworkCore.Query.Internal.SingleQueryingEnumerable`1.AsyncEnumerator.MoveNextAsync()
   at Microsoft.EntityFrameworkCore.Query.ShapedQueryCompilingExpressionVisitor.SingleOrDefaultAsync[TSource](IAsyncEnumerable`1 asyncEnumerable, CancellationToken cancellationToken)
   at Microsoft.EntityFrameworkCore.Query.ShapedQueryCompilingExpressionVisitor.SingleOrDefaultAsync[TSource](IAsyncEnumerable`1 asyncEnumerable, CancellationToken cancellationToken)
   at xyz_university_payment_api.Presentation.Controllers.V3.UserControllerV3.AssignRole(Int32 id, AssignRoleDto assignRoleDto) in C:\Users\wanja\Desktop\jj\xyz-university-payment-api\xyz-university-payment-api\Presentation\Controllers\V3\UserControllerV3.cs:line 240
   at xyz_university_payment_api.Presentation.Controllers.V3.UserControllerV3.AssignRole(Int32 id, AssignRoleDto assignRoleDto) in C:\Users\wanja\Desktop\jj\xyz-university-payment-api\xyz-university-payment-api\Presentation\Controllers\V3\UserControllerV3.cs:line 261
ClientConnectionId:a21105d6-fb7a-40f9-871f-a43f9e71eaf4
Error Number:207,State:1,Class:16
2025-07-11 09:38:22.679 +03:00 [ERR] Error deleting student with ID: 8 {"SourceContext":"xyz_university_payment_api.Core.Application.Services.StudentService","ActionId":"b8f5f1f9-1bdc-4acb-bc38-82cf876ba6c6","ActionName":"xyz_university_payment_api.Presentation.Controllers.V3.StudentControllerV3.DeleteStudent (xyz-university-payment-api)","RequestId":"0HNE08GPSIGB2:00000002","RequestPath":"/api/v3/StudentControllerV/8","ConnectionId":"0HNE08GPSIGB2","MachineName":"DESKTOP-F3AMJ10","ThreadId":13,"ProcessId":19828,"Application":"XYZ University Payment API"}
System.InvalidOperationException: Cannot delete active student S660066. Use force=true to override.
   at xyz_university_payment_api.Core.Application.Services.StudentService.DeleteStudentAsync(Int32 id, Boolean force) in C:\Users\wanja\Desktop\jj\xyz-university-payment-api\xyz-university-payment-api\Core\Application\Services\StudentService.cs:line 227
2025-07-11 09:38:22.688 +03:00 [ERR] Error deleting student V3 with ID: 8 {"SourceContext":"xyz_university_payment_api.Core.Application.Services.StudentService","ActionId":"b8f5f1f9-1bdc-4acb-bc38-82cf876ba6c6","ActionName":"xyz_university_payment_api.Presentation.Controllers.V3.StudentControllerV3.DeleteStudent (xyz-university-payment-api)","RequestId":"0HNE08GPSIGB2:00000002","RequestPath":"/api/v3/StudentControllerV/8","ConnectionId":"0HNE08GPSIGB2","MachineName":"DESKTOP-F3AMJ10","ThreadId":13,"ProcessId":19828,"Application":"XYZ University Payment API"}
xyz_university_payment_api.Core.Domain.Exceptions.DatabaseException: Database operation failed: Failed to delete student with ID 8
 ---> System.InvalidOperationException: Cannot delete active student S660066. Use force=true to override.
   at xyz_university_payment_api.Core.Application.Services.StudentService.DeleteStudentAsync(Int32 id, Boolean force) in C:\Users\wanja\Desktop\jj\xyz-university-payment-api\xyz-university-payment-api\Core\Application\Services\StudentService.cs:line 227
   --- End of inner exception stack trace ---
   at xyz_university_payment_api.Core.Application.Services.StudentService.DeleteStudentAsync(Int32 id, Boolean force) in C:\Users\wanja\Desktop\jj\xyz-university-payment-api\xyz-university-payment-api\Core\Application\Services\StudentService.cs:line 237
   at xyz_university_payment_api.Core.Application.Services.StudentService.DeleteStudentV3Async(Int32 id, Boolean permanent) in C:\Users\wanja\Desktop\jj\xyz-university-payment-api\xyz-university-payment-api\Core\Application\Services\StudentService.cs:line 839
2025-07-11 09:38:57.230 +03:00 [ERR] Error deleting student with ID: 8 {"SourceContext":"xyz_university_payment_api.Core.Application.Services.StudentService","ActionId":"b8f5f1f9-1bdc-4acb-bc38-82cf876ba6c6","ActionName":"xyz_university_payment_api.Presentation.Controllers.V3.StudentControllerV3.DeleteStudent (xyz-university-payment-api)","RequestId":"0HNE08GPSIGB3:00000002","RequestPath":"/api/v3/StudentControllerV/8","ConnectionId":"0HNE08GPSIGB3","MachineName":"DESKTOP-F3AMJ10","ThreadId":22,"ProcessId":19828,"Application":"XYZ University Payment API"}
System.InvalidOperationException: Cannot delete active student S660066. Use force=true to override.
   at xyz_university_payment_api.Core.Application.Services.StudentService.DeleteStudentAsync(Int32 id, Boolean force) in C:\Users\wanja\Desktop\jj\xyz-university-payment-api\xyz-university-payment-api\Core\Application\Services\StudentService.cs:line 227
2025-07-11 09:38:57.240 +03:00 [ERR] Error deleting student V3 with ID: 8 {"SourceContext":"xyz_university_payment_api.Core.Application.Services.StudentService","ActionId":"b8f5f1f9-1bdc-4acb-bc38-82cf876ba6c6","ActionName":"xyz_university_payment_api.Presentation.Controllers.V3.StudentControllerV3.DeleteStudent (xyz-university-payment-api)","RequestId":"0HNE08GPSIGB3:00000002","RequestPath":"/api/v3/StudentControllerV/8","ConnectionId":"0HNE08GPSIGB3","MachineName":"DESKTOP-F3AMJ10","ThreadId":22,"ProcessId":19828,"Application":"XYZ University Payment API"}
xyz_university_payment_api.Core.Domain.Exceptions.DatabaseException: Database operation failed: Failed to delete student with ID 8
 ---> System.InvalidOperationException: Cannot delete active student S660066. Use force=true to override.
   at xyz_university_payment_api.Core.Application.Services.StudentService.DeleteStudentAsync(Int32 id, Boolean force) in C:\Users\wanja\Desktop\jj\xyz-university-payment-api\xyz-university-payment-api\Core\Application\Services\StudentService.cs:line 227
   --- End of inner exception stack trace ---
   at xyz_university_payment_api.Core.Application.Services.StudentService.DeleteStudentAsync(Int32 id, Boolean force) in C:\Users\wanja\Desktop\jj\xyz-university-payment-api\xyz-university-payment-api\Core\Application\Services\StudentService.cs:line 237
   at xyz_university_payment_api.Core.Application.Services.StudentService.DeleteStudentV3Async(Int32 id, Boolean permanent) in C:\Users\wanja\Desktop\jj\xyz-university-payment-api\xyz-university-payment-api\Core\Application\Services\StudentService.cs:line 839
