2025-07-10 11:57:39.490 +03:00 [INF] Ensuring database is created {"MachineName":"DESKTOP-F3AMJ10","ThreadId":1,"ProcessId":7184,"Application":"XYZ University Payment API"}
2025-07-10 11:57:40.874 +03:00 [INF] Database created successfully {"MachineName":"DESKTOP-F3AMJ10","ThreadId":1,"ProcessId":7184,"Application":"XYZ University Payment API"}
2025-07-10 11:57:40.884 +03:00 [INF] Seeding default roles and permissions {"MachineName":"DESKTOP-F3AMJ10","ThreadId":1,"ProcessId":7184,"Application":"XYZ University Payment API"}
2025-07-10 11:57:41.486 +03:00 [WRN] Found 1 users with invalid data, removing them {"SourceContext":"xyz_university_payment_api.Core.Application.Services.AuthorizationService","MachineName":"DESKTOP-F3AMJ10","ThreadId":9,"ProcessId":7184,"Application":"XYZ University Payment API"}
2025-07-10 11:57:41.935 +03:00 [INF] Removed 1 invalid users {"SourceContext":"xyz_university_payment_api.Core.Application.Services.AuthorizationService","MachineName":"DESKTOP-F3AMJ10","ThreadId":9,"ProcessId":7184,"Application":"XYZ University Payment API"}
2025-07-10 11:57:41.989 +03:00 [WRN] Found 1 roles with invalid names, removing them {"SourceContext":"xyz_university_payment_api.Core.Application.Services.AuthorizationService","MachineName":"DESKTOP-F3AMJ10","ThreadId":8,"ProcessId":7184,"Application":"XYZ University Payment API"}
2025-07-10 11:57:42.073 +03:00 [INF] Removed 1 invalid roles {"SourceContext":"xyz_university_payment_api.Core.Application.Services.AuthorizationService","MachineName":"DESKTOP-F3AMJ10","ThreadId":8,"ProcessId":7184,"Application":"XYZ University Payment API"}
2025-07-10 11:57:42.172 +03:00 [INF] Valid data already seeded, skipping seeding process {"SourceContext":"xyz_university_payment_api.Core.Application.Services.AuthorizationService","MachineName":"DESKTOP-F3AMJ10","ThreadId":8,"ProcessId":7184,"Application":"XYZ University Payment API"}
2025-07-10 11:57:42.256 +03:00 [INF] Default roles and permissions seeded successfully {"MachineName":"DESKTOP-F3AMJ10","ThreadId":8,"ProcessId":7184,"Application":"XYZ University Payment API"}
2025-07-10 11:57:42.612 +03:00 [INF] XYZ University Payment API started successfully {"MachineName":"DESKTOP-F3AMJ10","ThreadId":8,"ProcessId":7184,"Application":"XYZ University Payment API"}
2025-07-10 11:57:42.857 +03:00 [INF] Configured endpoint PaymentProcessedMessage, Consumer: xyz_university_payment_api.Core.Application.Services.PaymentProcessedMessageConsumer {"SourceContext":"MassTransit","MachineName":"DESKTOP-F3AMJ10","ThreadId":8,"ProcessId":7184,"Application":"XYZ University Payment API"}
2025-07-10 11:57:42.875 +03:00 [INF] Configured endpoint PaymentFailedMessage, Consumer: xyz_university_payment_api.Core.Application.Services.PaymentFailedMessageConsumer {"SourceContext":"MassTransit","MachineName":"DESKTOP-F3AMJ10","ThreadId":8,"ProcessId":7184,"Application":"XYZ University Payment API"}
2025-07-10 11:57:42.896 +03:00 [INF] Configured endpoint PaymentValidationMessage, Consumer: xyz_university_payment_api.Core.Application.Services.PaymentValidationMessageConsumer {"SourceContext":"MassTransit","MachineName":"DESKTOP-F3AMJ10","ThreadId":8,"ProcessId":7184,"Application":"XYZ University Payment API"}
2025-07-10 11:57:43.585 +03:00 [INF] Bus started: "rabbitmq://localhost/" {"SourceContext":"MassTransit","MachineName":"DESKTOP-F3AMJ10","ThreadId":19,"ProcessId":7184,"Application":"XYZ University Payment API"}
2025-07-10 11:57:58.279 +03:00 [INF] GetUsers endpoint called by user: admin {"SourceContext":"xyz_university_payment_api.Presentation.Controllers.V3.UserControllerV3","ActionId":"e69d1de8-58c9-4510-a5fc-1b8b86f037f7","ActionName":"xyz_university_payment_api.Presentation.Controllers.V3.UserControllerV3.GetUsers (xyz-university-payment-api)","RequestId":"0HNDVHVEU702Q:00000002","RequestPath":"/api/v3/user/users","ConnectionId":"0HNDVHVEU702Q","MachineName":"DESKTOP-F3AMJ10","ThreadId":12,"ProcessId":7184,"Application":"XYZ University Payment API"}
2025-07-10 11:57:58.339 +03:00 [INF] Total users in database: 8 {"SourceContext":"xyz_university_payment_api.Presentation.Controllers.V3.UserControllerV3","ActionId":"e69d1de8-58c9-4510-a5fc-1b8b86f037f7","ActionName":"xyz_university_payment_api.Presentation.Controllers.V3.UserControllerV3.GetUsers (xyz-university-payment-api)","RequestId":"0HNDVHVEU702Q:00000002","RequestPath":"/api/v3/user/users","ConnectionId":"0HNDVHVEU702Q","MachineName":"DESKTOP-F3AMJ10","ThreadId":6,"ProcessId":7184,"Application":"XYZ University Payment API"}
2025-07-10 11:57:58.444 +03:00 [INF] Returning 8 users {"SourceContext":"xyz_university_payment_api.Presentation.Controllers.V3.UserControllerV3","ActionId":"e69d1de8-58c9-4510-a5fc-1b8b86f037f7","ActionName":"xyz_university_payment_api.Presentation.Controllers.V3.UserControllerV3.GetUsers (xyz-university-payment-api)","RequestId":"0HNDVHVEU702Q:00000002","RequestPath":"/api/v3/user/users","ConnectionId":"0HNDVHVEU702Q","MachineName":"DESKTOP-F3AMJ10","ThreadId":12,"ProcessId":7184,"Application":"XYZ University Payment API"}
2025-07-10 11:57:58.514 +03:00 [INF] GetUsers endpoint called by user: admin {"SourceContext":"xyz_university_payment_api.Presentation.Controllers.V3.UserControllerV3","ActionId":"e69d1de8-58c9-4510-a5fc-1b8b86f037f7","ActionName":"xyz_university_payment_api.Presentation.Controllers.V3.UserControllerV3.GetUsers (xyz-university-payment-api)","RequestId":"0HNDVHVEU702R:00000002","RequestPath":"/api/v3/user/users","ConnectionId":"0HNDVHVEU702R","MachineName":"DESKTOP-F3AMJ10","ThreadId":14,"ProcessId":7184,"Application":"XYZ University Payment API"}
2025-07-10 11:57:58.597 +03:00 [INF] Total users in database: 8 {"SourceContext":"xyz_university_payment_api.Presentation.Controllers.V3.UserControllerV3","ActionId":"e69d1de8-58c9-4510-a5fc-1b8b86f037f7","ActionName":"xyz_university_payment_api.Presentation.Controllers.V3.UserControllerV3.GetUsers (xyz-university-payment-api)","RequestId":"0HNDVHVEU702R:00000002","RequestPath":"/api/v3/user/users","ConnectionId":"0HNDVHVEU702R","MachineName":"DESKTOP-F3AMJ10","ThreadId":14,"ProcessId":7184,"Application":"XYZ University Payment API"}
2025-07-10 11:57:58.625 +03:00 [INF] Returning 8 users {"SourceContext":"xyz_university_payment_api.Presentation.Controllers.V3.UserControllerV3","ActionId":"e69d1de8-58c9-4510-a5fc-1b8b86f037f7","ActionName":"xyz_university_payment_api.Presentation.Controllers.V3.UserControllerV3.GetUsers (xyz-university-payment-api)","RequestId":"0HNDVHVEU702R:00000002","RequestPath":"/api/v3/user/users","ConnectionId":"0HNDVHVEU702R","MachineName":"DESKTOP-F3AMJ10","ThreadId":12,"ProcessId":7184,"Application":"XYZ University Payment API"}
2025-07-10 11:58:16.362 +03:00 [INF] Retrieving students V3 with filter: {"StudentNumber":null,"FullName":null,"Program":null,"IsActive":null,"CreatedFrom":null,"CreatedTo":null,"Tags":null,"MinTotalPayments":null,"MaxTotalPayments":null,"SearchTerm":null,"Metadata":null,"$type":"StudentFilterDtoV3"} {"SourceContext":"xyz_university_payment_api.Core.Application.Services.StudentService","ActionId":"c2760248-e497-4c0a-90de-66c97ef2e926","ActionName":"xyz_university_payment_api.Presentation.Controllers.V3.StudentControllerV3.GetStudents (xyz-university-payment-api)","RequestId":"0HNDVHVEU702S:00000002","RequestPath":"/api/v3/StudentControllerV","ConnectionId":"0HNDVHVEU702S","MachineName":"DESKTOP-F3AMJ10","ThreadId":19,"ProcessId":7184,"Application":"XYZ University Payment API"}
2025-07-10 11:58:16.377 +03:00 [INF] Current user role: Admin, User ID: 1 {"SourceContext":"xyz_university_payment_api.Core.Application.Services.StudentService","ActionId":"c2760248-e497-4c0a-90de-66c97ef2e926","ActionName":"xyz_university_payment_api.Presentation.Controllers.V3.StudentControllerV3.GetStudents (xyz-university-payment-api)","RequestId":"0HNDVHVEU702S:00000002","RequestPath":"/api/v3/StudentControllerV","ConnectionId":"0HNDVHVEU702S","MachineName":"DESKTOP-F3AMJ10","ThreadId":19,"ProcessId":7184,"Application":"XYZ University Payment API"}
2025-07-10 11:58:36.431 +03:00 [INF] Creating user with username: S660066, email: S660066@xyz.edu, defaultRole: Student {"SourceContext":"xyz_university_payment_api.Presentation.Controllers.V3.UserControllerV3","ActionId":"4677b5af-e9c0-40c6-bc8b-c136b790338b","ActionName":"xyz_university_payment_api.Presentation.Controllers.V3.UserControllerV3.CreateUser (xyz-university-payment-api)","RequestId":"0HNDVHVEU702T:00000002","RequestPath":"/api/v3/user/users","ConnectionId":"0HNDVHVEU702T","MachineName":"DESKTOP-F3AMJ10","ThreadId":6,"ProcessId":7184,"Application":"XYZ University Payment API"}
2025-07-10 11:58:36.438 +03:00 [INF] DefaultRole value: 'Student' (Length: 7) {"SourceContext":"xyz_university_payment_api.Presentation.Controllers.V3.UserControllerV3","ActionId":"4677b5af-e9c0-40c6-bc8b-c136b790338b","ActionName":"xyz_university_payment_api.Presentation.Controllers.V3.UserControllerV3.CreateUser (xyz-university-payment-api)","RequestId":"0HNDVHVEU702T:00000002","RequestPath":"/api/v3/user/users","ConnectionId":"0HNDVHVEU702T","MachineName":"DESKTOP-F3AMJ10","ThreadId":6,"ProcessId":7184,"Application":"XYZ University Payment API"}
2025-07-10 11:58:36.485 +03:00 [INF] User created with ID: 48 {"SourceContext":"xyz_university_payment_api.Presentation.Controllers.V3.UserControllerV3","ActionId":"4677b5af-e9c0-40c6-bc8b-c136b790338b","ActionName":"xyz_university_payment_api.Presentation.Controllers.V3.UserControllerV3.CreateUser (xyz-university-payment-api)","RequestId":"0HNDVHVEU702T:00000002","RequestPath":"/api/v3/user/users","ConnectionId":"0HNDVHVEU702T","MachineName":"DESKTOP-F3AMJ10","ThreadId":19,"ProcessId":7184,"Application":"XYZ University Payment API"}
2025-07-10 11:58:36.490 +03:00 [INF] Looking for role: Student {"SourceContext":"xyz_university_payment_api.Presentation.Controllers.V3.UserControllerV3","ActionId":"4677b5af-e9c0-40c6-bc8b-c136b790338b","ActionName":"xyz_university_payment_api.Presentation.Controllers.V3.UserControllerV3.CreateUser (xyz-university-payment-api)","RequestId":"0HNDVHVEU702T:00000002","RequestPath":"/api/v3/user/users","ConnectionId":"0HNDVHVEU702T","MachineName":"DESKTOP-F3AMJ10","ThreadId":19,"ProcessId":7184,"Application":"XYZ University Payment API"}
2025-07-10 11:58:36.499 +03:00 [INF] Available roles in database: Admin, Manager, Staff, Student {"SourceContext":"xyz_university_payment_api.Presentation.Controllers.V3.UserControllerV3","ActionId":"4677b5af-e9c0-40c6-bc8b-c136b790338b","ActionName":"xyz_university_payment_api.Presentation.Controllers.V3.UserControllerV3.CreateUser (xyz-university-payment-api)","RequestId":"0HNDVHVEU702T:00000002","RequestPath":"/api/v3/user/users","ConnectionId":"0HNDVHVEU702T","MachineName":"DESKTOP-F3AMJ10","ThreadId":19,"ProcessId":7184,"Application":"XYZ University Payment API"}
2025-07-10 11:58:36.510 +03:00 [INF] Found role Student with ID 4 {"SourceContext":"xyz_university_payment_api.Presentation.Controllers.V3.UserControllerV3","ActionId":"4677b5af-e9c0-40c6-bc8b-c136b790338b","ActionName":"xyz_university_payment_api.Presentation.Controllers.V3.UserControllerV3.CreateUser (xyz-university-payment-api)","RequestId":"0HNDVHVEU702T:00000002","RequestPath":"/api/v3/user/users","ConnectionId":"0HNDVHVEU702T","MachineName":"DESKTOP-F3AMJ10","ThreadId":19,"ProcessId":7184,"Application":"XYZ University Payment API"}
2025-07-10 11:58:36.530 +03:00 [INF] Role Student assigned to user 48 {"SourceContext":"xyz_university_payment_api.Presentation.Controllers.V3.UserControllerV3","ActionId":"4677b5af-e9c0-40c6-bc8b-c136b790338b","ActionName":"xyz_university_payment_api.Presentation.Controllers.V3.UserControllerV3.CreateUser (xyz-university-payment-api)","RequestId":"0HNDVHVEU702T:00000002","RequestPath":"/api/v3/user/users","ConnectionId":"0HNDVHVEU702T","MachineName":"DESKTOP-F3AMJ10","ThreadId":19,"ProcessId":7184,"Application":"XYZ University Payment API"}
2025-07-10 11:58:36.544 +03:00 [INF] Creating user for existing student 8 - Andrew Kiiru {"SourceContext":"xyz_university_payment_api.Presentation.Controllers.V3.UserControllerV3","ActionId":"4677b5af-e9c0-40c6-bc8b-c136b790338b","ActionName":"xyz_university_payment_api.Presentation.Controllers.V3.UserControllerV3.CreateUser (xyz-university-payment-api)","RequestId":"0HNDVHVEU702T:00000002","RequestPath":"/api/v3/user/users","ConnectionId":"0HNDVHVEU702T","MachineName":"DESKTOP-F3AMJ10","ThreadId":19,"ProcessId":7184,"Application":"XYZ University Payment API"}
2025-07-10 11:58:36.553 +03:00 [WRN] User already exists for student S660066 {"SourceContext":"xyz_university_payment_api.Presentation.Controllers.V3.UserControllerV3","ActionId":"4677b5af-e9c0-40c6-bc8b-c136b790338b","ActionName":"xyz_university_payment_api.Presentation.Controllers.V3.UserControllerV3.CreateUser (xyz-university-payment-api)","RequestId":"0HNDVHVEU702T:00000002","RequestPath":"/api/v3/user/users","ConnectionId":"0HNDVHVEU702T","MachineName":"DESKTOP-F3AMJ10","ThreadId":19,"ProcessId":7184,"Application":"XYZ University Payment API"}
2025-07-10 12:00:15.178 +03:00 [INF] Retrieving students V3 with filter: {"StudentNumber":null,"FullName":null,"Program":null,"IsActive":null,"CreatedFrom":null,"CreatedTo":null,"Tags":null,"MinTotalPayments":null,"MaxTotalPayments":null,"SearchTerm":null,"Metadata":null,"$type":"StudentFilterDtoV3"} {"SourceContext":"xyz_university_payment_api.Core.Application.Services.StudentService","ActionId":"c2760248-e497-4c0a-90de-66c97ef2e926","ActionName":"xyz_university_payment_api.Presentation.Controllers.V3.StudentControllerV3.GetStudents (xyz-university-payment-api)","RequestId":"0HNDVHVEU702U:00000002","RequestPath":"/api/v3/StudentControllerV","ConnectionId":"0HNDVHVEU702U","MachineName":"DESKTOP-F3AMJ10","ThreadId":14,"ProcessId":7184,"Application":"XYZ University Payment API"}
2025-07-10 12:00:15.208 +03:00 [INF] Current user role: Admin, User ID: 1 {"SourceContext":"xyz_university_payment_api.Core.Application.Services.StudentService","ActionId":"c2760248-e497-4c0a-90de-66c97ef2e926","ActionName":"xyz_university_payment_api.Presentation.Controllers.V3.StudentControllerV3.GetStudents (xyz-university-payment-api)","RequestId":"0HNDVHVEU702U:00000002","RequestPath":"/api/v3/StudentControllerV","ConnectionId":"0HNDVHVEU702U","MachineName":"DESKTOP-F3AMJ10","ThreadId":14,"ProcessId":7184,"Application":"XYZ University Payment API"}
2025-07-10 12:00:48.740 +03:00 [INF] Creating user with username: S67890, email: S67890@xyz.edu, defaultRole: Student {"SourceContext":"xyz_university_payment_api.Presentation.Controllers.V3.UserControllerV3","ActionId":"4677b5af-e9c0-40c6-bc8b-c136b790338b","ActionName":"xyz_university_payment_api.Presentation.Controllers.V3.UserControllerV3.CreateUser (xyz-university-payment-api)","RequestId":"0HNDVHVEU702V:00000002","RequestPath":"/api/v3/user/users","ConnectionId":"0HNDVHVEU702V","MachineName":"DESKTOP-F3AMJ10","ThreadId":3,"ProcessId":7184,"Application":"XYZ University Payment API"}
2025-07-10 12:00:48.747 +03:00 [INF] DefaultRole value: 'Student' (Length: 7) {"SourceContext":"xyz_university_payment_api.Presentation.Controllers.V3.UserControllerV3","ActionId":"4677b5af-e9c0-40c6-bc8b-c136b790338b","ActionName":"xyz_university_payment_api.Presentation.Controllers.V3.UserControllerV3.CreateUser (xyz-university-payment-api)","RequestId":"0HNDVHVEU702V:00000002","RequestPath":"/api/v3/user/users","ConnectionId":"0HNDVHVEU702V","MachineName":"DESKTOP-F3AMJ10","ThreadId":3,"ProcessId":7184,"Application":"XYZ University Payment API"}
2025-07-10 12:00:48.765 +03:00 [INF] User created with ID: 50 {"SourceContext":"xyz_university_payment_api.Presentation.Controllers.V3.UserControllerV3","ActionId":"4677b5af-e9c0-40c6-bc8b-c136b790338b","ActionName":"xyz_university_payment_api.Presentation.Controllers.V3.UserControllerV3.CreateUser (xyz-university-payment-api)","RequestId":"0HNDVHVEU702V:00000002","RequestPath":"/api/v3/user/users","ConnectionId":"0HNDVHVEU702V","MachineName":"DESKTOP-F3AMJ10","ThreadId":3,"ProcessId":7184,"Application":"XYZ University Payment API"}
2025-07-10 12:00:48.771 +03:00 [INF] Looking for role: Student {"SourceContext":"xyz_university_payment_api.Presentation.Controllers.V3.UserControllerV3","ActionId":"4677b5af-e9c0-40c6-bc8b-c136b790338b","ActionName":"xyz_university_payment_api.Presentation.Controllers.V3.UserControllerV3.CreateUser (xyz-university-payment-api)","RequestId":"0HNDVHVEU702V:00000002","RequestPath":"/api/v3/user/users","ConnectionId":"0HNDVHVEU702V","MachineName":"DESKTOP-F3AMJ10","ThreadId":3,"ProcessId":7184,"Application":"XYZ University Payment API"}
2025-07-10 12:00:48.778 +03:00 [INF] Available roles in database: Admin, Manager, Staff, Student,  {"SourceContext":"xyz_university_payment_api.Presentation.Controllers.V3.UserControllerV3","ActionId":"4677b5af-e9c0-40c6-bc8b-c136b790338b","ActionName":"xyz_university_payment_api.Presentation.Controllers.V3.UserControllerV3.CreateUser (xyz-university-payment-api)","RequestId":"0HNDVHVEU702V:00000002","RequestPath":"/api/v3/user/users","ConnectionId":"0HNDVHVEU702V","MachineName":"DESKTOP-F3AMJ10","ThreadId":3,"ProcessId":7184,"Application":"XYZ University Payment API"}
2025-07-10 12:00:48.789 +03:00 [INF] Found role Student with ID 4 {"SourceContext":"xyz_university_payment_api.Presentation.Controllers.V3.UserControllerV3","ActionId":"4677b5af-e9c0-40c6-bc8b-c136b790338b","ActionName":"xyz_university_payment_api.Presentation.Controllers.V3.UserControllerV3.CreateUser (xyz-university-payment-api)","RequestId":"0HNDVHVEU702V:00000002","RequestPath":"/api/v3/user/users","ConnectionId":"0HNDVHVEU702V","MachineName":"DESKTOP-F3AMJ10","ThreadId":14,"ProcessId":7184,"Application":"XYZ University Payment API"}
2025-07-10 12:00:48.813 +03:00 [ERR] An exception occurred in the database while saving changes for context type 'xyz_university_payment_api.Infrastructure.Data.AppDbContext'.
Microsoft.EntityFrameworkCore.DbUpdateException: An error occurred while saving the entity changes. See the inner exception for details.
 ---> Microsoft.Data.SqlClient.SqlException (0x80131904): Cannot insert duplicate key row in object 'dbo.Roles' with unique index 'IX_Roles_Name'. The duplicate key value is ().
   at Microsoft.Data.SqlClient.SqlConnection.OnError(SqlException exception, Boolean breakConnection, Action`1 wrapCloseInAction)
   at Microsoft.Data.SqlClient.SqlInternalConnection.OnError(SqlException exception, Boolean breakConnection, Action`1 wrapCloseInAction)
   at Microsoft.Data.SqlClient.TdsParser.ThrowExceptionAndWarning(TdsParserStateObject stateObj, Boolean callerHasConnectionLock, Boolean asyncClose)
   at Microsoft.Data.SqlClient.TdsParser.TryRun(RunBehavior runBehavior, SqlCommand cmdHandler, SqlDataReader dataStream, BulkCopySimpleResultSet bulkCopyHandler, TdsParserStateObject stateObj, Boolean& dataReady)
   at Microsoft.Data.SqlClient.SqlDataReader.TryHasMoreRows(Boolean& moreRows)
   at Microsoft.Data.SqlClient.SqlDataReader.TryReadInternal(Boolean setTimeout, Boolean& more)
   at Microsoft.Data.SqlClient.SqlDataReader.ReadAsyncExecute(Task task, Object state)
   at Microsoft.Data.SqlClient.SqlDataReader.InvokeAsyncCall[T](SqlDataReaderBaseAsyncCallContext`1 context)
--- End of stack trace from previous location ---
   at Microsoft.EntityFrameworkCore.Update.AffectedCountModificationCommandBatch.ConsumeResultSetAsync(Int32 startCommandIndex, RelationalDataReader reader, CancellationToken cancellationToken)
ClientConnectionId:c07732e3-7ee9-4c07-97fa-296e64a48517
Error Number:2601,State:1,Class:14
   --- End of inner exception stack trace ---
   at Microsoft.EntityFrameworkCore.Update.AffectedCountModificationCommandBatch.ConsumeResultSetAsync(Int32 startCommandIndex, RelationalDataReader reader, CancellationToken cancellationToken)
   at Microsoft.EntityFrameworkCore.Update.AffectedCountModificationCommandBatch.ConsumeAsync(RelationalDataReader reader, CancellationToken cancellationToken)
   at Microsoft.EntityFrameworkCore.Update.ReaderModificationCommandBatch.ExecuteAsync(IRelationalConnection connection, CancellationToken cancellationToken)
   at Microsoft.EntityFrameworkCore.Update.ReaderModificationCommandBatch.ExecuteAsync(IRelationalConnection connection, CancellationToken cancellationToken)
   at Microsoft.EntityFrameworkCore.SqlServer.Update.Internal.SqlServerModificationCommandBatch.ExecuteAsync(IRelationalConnection connection, CancellationToken cancellationToken)
   at Microsoft.EntityFrameworkCore.Update.Internal.BatchExecutor.ExecuteAsync(IEnumerable`1 commandBatches, IRelationalConnection connection, CancellationToken cancellationToken)
   at Microsoft.EntityFrameworkCore.Update.Internal.BatchExecutor.ExecuteAsync(IEnumerable`1 commandBatches, IRelationalConnection connection, CancellationToken cancellationToken)
   at Microsoft.EntityFrameworkCore.Update.Internal.BatchExecutor.ExecuteAsync(IEnumerable`1 commandBatches, IRelationalConnection connection, CancellationToken cancellationToken)
   at Microsoft.EntityFrameworkCore.ChangeTracking.Internal.StateManager.SaveChangesAsync(IList`1 entriesToSave, CancellationToken cancellationToken)
   at Microsoft.EntityFrameworkCore.ChangeTracking.Internal.StateManager.SaveChangesAsync(StateManager stateManager, Boolean acceptAllChangesOnSuccess, CancellationToken cancellationToken)
   at Microsoft.EntityFrameworkCore.SqlServer.Storage.Internal.SqlServerExecutionStrategy.ExecuteAsync[TState,TResult](TState state, Func`4 operation, Func`4 verifySucceeded, CancellationToken cancellationToken)
   at Microsoft.EntityFrameworkCore.DbContext.SaveChangesAsync(Boolean acceptAllChangesOnSuccess, CancellationToken cancellationToken) {"EventId":{"Id":10000,"Name":"Microsoft.EntityFrameworkCore.Update.SaveChangesFailed"},"SourceContext":"Microsoft.EntityFrameworkCore.Update","ActionId":"4677b5af-e9c0-40c6-bc8b-c136b790338b","ActionName":"xyz_university_payment_api.Presentation.Controllers.V3.UserControllerV3.CreateUser (xyz-university-payment-api)","RequestId":"0HNDVHVEU702V:00000002","RequestPath":"/api/v3/user/users","ConnectionId":"0HNDVHVEU702V","MachineName":"DESKTOP-F3AMJ10","ThreadId":14,"ProcessId":7184,"Application":"XYZ University Payment API"}
Microsoft.EntityFrameworkCore.DbUpdateException: An error occurred while saving the entity changes. See the inner exception for details.
 ---> Microsoft.Data.SqlClient.SqlException (0x80131904): Cannot insert duplicate key row in object 'dbo.Roles' with unique index 'IX_Roles_Name'. The duplicate key value is ().
   at Microsoft.Data.SqlClient.SqlConnection.OnError(SqlException exception, Boolean breakConnection, Action`1 wrapCloseInAction)
   at Microsoft.Data.SqlClient.SqlInternalConnection.OnError(SqlException exception, Boolean breakConnection, Action`1 wrapCloseInAction)
   at Microsoft.Data.SqlClient.TdsParser.ThrowExceptionAndWarning(TdsParserStateObject stateObj, Boolean callerHasConnectionLock, Boolean asyncClose)
   at Microsoft.Data.SqlClient.TdsParser.TryRun(RunBehavior runBehavior, SqlCommand cmdHandler, SqlDataReader dataStream, BulkCopySimpleResultSet bulkCopyHandler, TdsParserStateObject stateObj, Boolean& dataReady)
   at Microsoft.Data.SqlClient.SqlDataReader.TryHasMoreRows(Boolean& moreRows)
   at Microsoft.Data.SqlClient.SqlDataReader.TryReadInternal(Boolean setTimeout, Boolean& more)
   at Microsoft.Data.SqlClient.SqlDataReader.ReadAsyncExecute(Task task, Object state)
   at Microsoft.Data.SqlClient.SqlDataReader.InvokeAsyncCall[T](SqlDataReaderBaseAsyncCallContext`1 context)
--- End of stack trace from previous location ---
   at Microsoft.EntityFrameworkCore.Update.AffectedCountModificationCommandBatch.ConsumeResultSetAsync(Int32 startCommandIndex, RelationalDataReader reader, CancellationToken cancellationToken)
ClientConnectionId:c07732e3-7ee9-4c07-97fa-296e64a48517
Error Number:2601,State:1,Class:14
   --- End of inner exception stack trace ---
   at Microsoft.EntityFrameworkCore.Update.AffectedCountModificationCommandBatch.ConsumeResultSetAsync(Int32 startCommandIndex, RelationalDataReader reader, CancellationToken cancellationToken)
   at Microsoft.EntityFrameworkCore.Update.AffectedCountModificationCommandBatch.ConsumeAsync(RelationalDataReader reader, CancellationToken cancellationToken)
   at Microsoft.EntityFrameworkCore.Update.ReaderModificationCommandBatch.ExecuteAsync(IRelationalConnection connection, CancellationToken cancellationToken)
   at Microsoft.EntityFrameworkCore.Update.ReaderModificationCommandBatch.ExecuteAsync(IRelationalConnection connection, CancellationToken cancellationToken)
   at Microsoft.EntityFrameworkCore.SqlServer.Update.Internal.SqlServerModificationCommandBatch.ExecuteAsync(IRelationalConnection connection, CancellationToken cancellationToken)
   at Microsoft.EntityFrameworkCore.Update.Internal.BatchExecutor.ExecuteAsync(IEnumerable`1 commandBatches, IRelationalConnection connection, CancellationToken cancellationToken)
   at Microsoft.EntityFrameworkCore.Update.Internal.BatchExecutor.ExecuteAsync(IEnumerable`1 commandBatches, IRelationalConnection connection, CancellationToken cancellationToken)
   at Microsoft.EntityFrameworkCore.Update.Internal.BatchExecutor.ExecuteAsync(IEnumerable`1 commandBatches, IRelationalConnection connection, CancellationToken cancellationToken)
   at Microsoft.EntityFrameworkCore.ChangeTracking.Internal.StateManager.SaveChangesAsync(IList`1 entriesToSave, CancellationToken cancellationToken)
   at Microsoft.EntityFrameworkCore.ChangeTracking.Internal.StateManager.SaveChangesAsync(StateManager stateManager, Boolean acceptAllChangesOnSuccess, CancellationToken cancellationToken)
   at Microsoft.EntityFrameworkCore.SqlServer.Storage.Internal.SqlServerExecutionStrategy.ExecuteAsync[TState,TResult](TState state, Func`4 operation, Func`4 verifySucceeded, CancellationToken cancellationToken)
   at Microsoft.EntityFrameworkCore.DbContext.SaveChangesAsync(Boolean acceptAllChangesOnSuccess, CancellationToken cancellationToken)
2025-07-10 12:00:48.845 +03:00 [ERR] Error creating user {"SourceContext":"xyz_university_payment_api.Presentation.Controllers.V3.UserControllerV3","ActionId":"4677b5af-e9c0-40c6-bc8b-c136b790338b","ActionName":"xyz_university_payment_api.Presentation.Controllers.V3.UserControllerV3.CreateUser (xyz-university-payment-api)","RequestId":"0HNDVHVEU702V:00000002","RequestPath":"/api/v3/user/users","ConnectionId":"0HNDVHVEU702V","MachineName":"DESKTOP-F3AMJ10","ThreadId":14,"ProcessId":7184,"Application":"XYZ University Payment API"}
Microsoft.EntityFrameworkCore.DbUpdateException: An error occurred while saving the entity changes. See the inner exception for details.
 ---> Microsoft.Data.SqlClient.SqlException (0x80131904): Cannot insert duplicate key row in object 'dbo.Roles' with unique index 'IX_Roles_Name'. The duplicate key value is ().
   at Microsoft.Data.SqlClient.SqlConnection.OnError(SqlException exception, Boolean breakConnection, Action`1 wrapCloseInAction)
   at Microsoft.Data.SqlClient.SqlInternalConnection.OnError(SqlException exception, Boolean breakConnection, Action`1 wrapCloseInAction)
   at Microsoft.Data.SqlClient.TdsParser.ThrowExceptionAndWarning(TdsParserStateObject stateObj, Boolean callerHasConnectionLock, Boolean asyncClose)
   at Microsoft.Data.SqlClient.TdsParser.TryRun(RunBehavior runBehavior, SqlCommand cmdHandler, SqlDataReader dataStream, BulkCopySimpleResultSet bulkCopyHandler, TdsParserStateObject stateObj, Boolean& dataReady)
   at Microsoft.Data.SqlClient.SqlDataReader.TryHasMoreRows(Boolean& moreRows)
   at Microsoft.Data.SqlClient.SqlDataReader.TryReadInternal(Boolean setTimeout, Boolean& more)
   at Microsoft.Data.SqlClient.SqlDataReader.ReadAsyncExecute(Task task, Object state)
   at Microsoft.Data.SqlClient.SqlDataReader.InvokeAsyncCall[T](SqlDataReaderBaseAsyncCallContext`1 context)
--- End of stack trace from previous location ---
   at Microsoft.EntityFrameworkCore.Update.AffectedCountModificationCommandBatch.ConsumeResultSetAsync(Int32 startCommandIndex, RelationalDataReader reader, CancellationToken cancellationToken)
ClientConnectionId:c07732e3-7ee9-4c07-97fa-296e64a48517
Error Number:2601,State:1,Class:14
   --- End of inner exception stack trace ---
   at Microsoft.EntityFrameworkCore.Update.AffectedCountModificationCommandBatch.ConsumeResultSetAsync(Int32 startCommandIndex, RelationalDataReader reader, CancellationToken cancellationToken)
   at Microsoft.EntityFrameworkCore.Update.AffectedCountModificationCommandBatch.ConsumeAsync(RelationalDataReader reader, CancellationToken cancellationToken)
   at Microsoft.EntityFrameworkCore.Update.ReaderModificationCommandBatch.ExecuteAsync(IRelationalConnection connection, CancellationToken cancellationToken)
   at Microsoft.EntityFrameworkCore.Update.ReaderModificationCommandBatch.ExecuteAsync(IRelationalConnection connection, CancellationToken cancellationToken)
   at Microsoft.EntityFrameworkCore.SqlServer.Update.Internal.SqlServerModificationCommandBatch.ExecuteAsync(IRelationalConnection connection, CancellationToken cancellationToken)
   at Microsoft.EntityFrameworkCore.Update.Internal.BatchExecutor.ExecuteAsync(IEnumerable`1 commandBatches, IRelationalConnection connection, CancellationToken cancellationToken)
   at Microsoft.EntityFrameworkCore.Update.Internal.BatchExecutor.ExecuteAsync(IEnumerable`1 commandBatches, IRelationalConnection connection, CancellationToken cancellationToken)
   at Microsoft.EntityFrameworkCore.Update.Internal.BatchExecutor.ExecuteAsync(IEnumerable`1 commandBatches, IRelationalConnection connection, CancellationToken cancellationToken)
   at Microsoft.EntityFrameworkCore.ChangeTracking.Internal.StateManager.SaveChangesAsync(IList`1 entriesToSave, CancellationToken cancellationToken)
   at Microsoft.EntityFrameworkCore.ChangeTracking.Internal.StateManager.SaveChangesAsync(StateManager stateManager, Boolean acceptAllChangesOnSuccess, CancellationToken cancellationToken)
   at Microsoft.EntityFrameworkCore.SqlServer.Storage.Internal.SqlServerExecutionStrategy.ExecuteAsync[TState,TResult](TState state, Func`4 operation, Func`4 verifySucceeded, CancellationToken cancellationToken)
   at Microsoft.EntityFrameworkCore.DbContext.SaveChangesAsync(Boolean acceptAllChangesOnSuccess, CancellationToken cancellationToken)
   at Microsoft.EntityFrameworkCore.DbContext.SaveChangesAsync(Boolean acceptAllChangesOnSuccess, CancellationToken cancellationToken)
   at xyz_university_payment_api.Presentation.Controllers.V3.UserControllerV3.CreateUser(CreateUserDto createUserDto) in C:\Users\wanja\Desktop\jj\xyz-university-payment-api\xyz-university-payment-api\Presentation\Controllers\V3\UserControllerV3.cs:line 167
2025-07-10 12:00:58.721 +03:00 [INF] Creating user with username: S67890, email: S67890@xyz.edu, defaultRole: Student {"SourceContext":"xyz_university_payment_api.Presentation.Controllers.V3.UserControllerV3","ActionId":"4677b5af-e9c0-40c6-bc8b-c136b790338b","ActionName":"xyz_university_payment_api.Presentation.Controllers.V3.UserControllerV3.CreateUser (xyz-university-payment-api)","RequestId":"0HNDVHVEU7030:00000002","RequestPath":"/api/v3/user/users","ConnectionId":"0HNDVHVEU7030","MachineName":"DESKTOP-F3AMJ10","ThreadId":3,"ProcessId":7184,"Application":"XYZ University Payment API"}
2025-07-10 12:00:58.727 +03:00 [INF] DefaultRole value: 'Student' (Length: 7) {"SourceContext":"xyz_university_payment_api.Presentation.Controllers.V3.UserControllerV3","ActionId":"4677b5af-e9c0-40c6-bc8b-c136b790338b","ActionName":"xyz_university_payment_api.Presentation.Controllers.V3.UserControllerV3.CreateUser (xyz-university-payment-api)","RequestId":"0HNDVHVEU7030:00000002","RequestPath":"/api/v3/user/users","ConnectionId":"0HNDVHVEU7030","MachineName":"DESKTOP-F3AMJ10","ThreadId":3,"ProcessId":7184,"Application":"XYZ University Payment API"}
2025-07-10 12:00:58.744 +03:00 [WRN] Username S67890 already exists {"SourceContext":"xyz_university_payment_api.Presentation.Controllers.V3.UserControllerV3","ActionId":"4677b5af-e9c0-40c6-bc8b-c136b790338b","ActionName":"xyz_university_payment_api.Presentation.Controllers.V3.UserControllerV3.CreateUser (xyz-university-payment-api)","RequestId":"0HNDVHVEU7030:00000002","RequestPath":"/api/v3/user/users","ConnectionId":"0HNDVHVEU7030","MachineName":"DESKTOP-F3AMJ10","ThreadId":3,"ProcessId":7184,"Application":"XYZ University Payment API"}
2025-07-10 12:01:09.689 +03:00 [INF] GetUsers endpoint called by user: admin {"SourceContext":"xyz_university_payment_api.Presentation.Controllers.V3.UserControllerV3","ActionId":"e69d1de8-58c9-4510-a5fc-1b8b86f037f7","ActionName":"xyz_university_payment_api.Presentation.Controllers.V3.UserControllerV3.GetUsers (xyz-university-payment-api)","RequestId":"0HNDVHVEU7032:00000002","RequestPath":"/api/v3/user/users","ConnectionId":"0HNDVHVEU7032","MachineName":"DESKTOP-F3AMJ10","ThreadId":14,"ProcessId":7184,"Application":"XYZ University Payment API"}
2025-07-10 12:01:09.689 +03:00 [INF] GetUsers endpoint called by user: admin {"SourceContext":"xyz_university_payment_api.Presentation.Controllers.V3.UserControllerV3","ActionId":"e69d1de8-58c9-4510-a5fc-1b8b86f037f7","ActionName":"xyz_university_payment_api.Presentation.Controllers.V3.UserControllerV3.GetUsers (xyz-university-payment-api)","RequestId":"0HNDVHVEU7031:00000002","RequestPath":"/api/v3/user/users","ConnectionId":"0HNDVHVEU7031","MachineName":"DESKTOP-F3AMJ10","ThreadId":24,"ProcessId":7184,"Application":"XYZ University Payment API"}
2025-07-10 12:01:09.710 +03:00 [INF] Total users in database: 11 {"SourceContext":"xyz_university_payment_api.Presentation.Controllers.V3.UserControllerV3","ActionId":"e69d1de8-58c9-4510-a5fc-1b8b86f037f7","ActionName":"xyz_university_payment_api.Presentation.Controllers.V3.UserControllerV3.GetUsers (xyz-university-payment-api)","RequestId":"0HNDVHVEU7032:00000002","RequestPath":"/api/v3/user/users","ConnectionId":"0HNDVHVEU7032","MachineName":"DESKTOP-F3AMJ10","ThreadId":24,"ProcessId":7184,"Application":"XYZ University Payment API"}
2025-07-10 12:01:09.721 +03:00 [INF] Total users in database: 11 {"SourceContext":"xyz_university_payment_api.Presentation.Controllers.V3.UserControllerV3","ActionId":"e69d1de8-58c9-4510-a5fc-1b8b86f037f7","ActionName":"xyz_university_payment_api.Presentation.Controllers.V3.UserControllerV3.GetUsers (xyz-university-payment-api)","RequestId":"0HNDVHVEU7031:00000002","RequestPath":"/api/v3/user/users","ConnectionId":"0HNDVHVEU7031","MachineName":"DESKTOP-F3AMJ10","ThreadId":14,"ProcessId":7184,"Application":"XYZ University Payment API"}
2025-07-10 12:01:09.741 +03:00 [INF] Returning 11 users {"SourceContext":"xyz_university_payment_api.Presentation.Controllers.V3.UserControllerV3","ActionId":"e69d1de8-58c9-4510-a5fc-1b8b86f037f7","ActionName":"xyz_university_payment_api.Presentation.Controllers.V3.UserControllerV3.GetUsers (xyz-university-payment-api)","RequestId":"0HNDVHVEU7032:00000002","RequestPath":"/api/v3/user/users","ConnectionId":"0HNDVHVEU7032","MachineName":"DESKTOP-F3AMJ10","ThreadId":14,"ProcessId":7184,"Application":"XYZ University Payment API"}
2025-07-10 12:01:09.741 +03:00 [INF] Returning 11 users {"SourceContext":"xyz_university_payment_api.Presentation.Controllers.V3.UserControllerV3","ActionId":"e69d1de8-58c9-4510-a5fc-1b8b86f037f7","ActionName":"xyz_university_payment_api.Presentation.Controllers.V3.UserControllerV3.GetUsers (xyz-university-payment-api)","RequestId":"0HNDVHVEU7031:00000002","RequestPath":"/api/v3/user/users","ConnectionId":"0HNDVHVEU7031","MachineName":"DESKTOP-F3AMJ10","ThreadId":24,"ProcessId":7184,"Application":"XYZ University Payment API"}
2025-07-10 12:01:49.185 +03:00 [ERR] An exception occurred in the database while saving changes for context type 'xyz_university_payment_api.Infrastructure.Data.AppDbContext'.
Microsoft.EntityFrameworkCore.DbUpdateException: An error occurred while saving the entity changes. See the inner exception for details.
 ---> Microsoft.Data.SqlClient.SqlException (0x80131904): Cannot insert duplicate key row in object 'dbo.Roles' with unique index 'IX_Roles_Name'. The duplicate key value is ().
   at Microsoft.Data.SqlClient.SqlConnection.OnError(SqlException exception, Boolean breakConnection, Action`1 wrapCloseInAction)
   at Microsoft.Data.SqlClient.SqlInternalConnection.OnError(SqlException exception, Boolean breakConnection, Action`1 wrapCloseInAction)
   at Microsoft.Data.SqlClient.TdsParser.ThrowExceptionAndWarning(TdsParserStateObject stateObj, Boolean callerHasConnectionLock, Boolean asyncClose)
   at Microsoft.Data.SqlClient.TdsParser.TryRun(RunBehavior runBehavior, SqlCommand cmdHandler, SqlDataReader dataStream, BulkCopySimpleResultSet bulkCopyHandler, TdsParserStateObject stateObj, Boolean& dataReady)
   at Microsoft.Data.SqlClient.SqlDataReader.TryHasMoreRows(Boolean& moreRows)
   at Microsoft.Data.SqlClient.SqlDataReader.TryReadInternal(Boolean setTimeout, Boolean& more)
   at Microsoft.Data.SqlClient.SqlDataReader.ReadAsyncExecute(Task task, Object state)
   at Microsoft.Data.SqlClient.SqlDataReader.InvokeAsyncCall[T](SqlDataReaderBaseAsyncCallContext`1 context)
--- End of stack trace from previous location ---
   at Microsoft.EntityFrameworkCore.Update.AffectedCountModificationCommandBatch.ConsumeResultSetAsync(Int32 startCommandIndex, RelationalDataReader reader, CancellationToken cancellationToken)
ClientConnectionId:c07732e3-7ee9-4c07-97fa-296e64a48517
Error Number:2601,State:1,Class:14
   --- End of inner exception stack trace ---
   at Microsoft.EntityFrameworkCore.Update.AffectedCountModificationCommandBatch.ConsumeResultSetAsync(Int32 startCommandIndex, RelationalDataReader reader, CancellationToken cancellationToken)
   at Microsoft.EntityFrameworkCore.Update.AffectedCountModificationCommandBatch.ConsumeAsync(RelationalDataReader reader, CancellationToken cancellationToken)
   at Microsoft.EntityFrameworkCore.Update.ReaderModificationCommandBatch.ExecuteAsync(IRelationalConnection connection, CancellationToken cancellationToken)
   at Microsoft.EntityFrameworkCore.Update.ReaderModificationCommandBatch.ExecuteAsync(IRelationalConnection connection, CancellationToken cancellationToken)
   at Microsoft.EntityFrameworkCore.SqlServer.Update.Internal.SqlServerModificationCommandBatch.ExecuteAsync(IRelationalConnection connection, CancellationToken cancellationToken)
   at Microsoft.EntityFrameworkCore.Update.Internal.BatchExecutor.ExecuteAsync(IEnumerable`1 commandBatches, IRelationalConnection connection, CancellationToken cancellationToken)
   at Microsoft.EntityFrameworkCore.Update.Internal.BatchExecutor.ExecuteAsync(IEnumerable`1 commandBatches, IRelationalConnection connection, CancellationToken cancellationToken)
   at Microsoft.EntityFrameworkCore.Update.Internal.BatchExecutor.ExecuteAsync(IEnumerable`1 commandBatches, IRelationalConnection connection, CancellationToken cancellationToken)
   at Microsoft.EntityFrameworkCore.ChangeTracking.Internal.StateManager.SaveChangesAsync(IList`1 entriesToSave, CancellationToken cancellationToken)
   at Microsoft.EntityFrameworkCore.ChangeTracking.Internal.StateManager.SaveChangesAsync(StateManager stateManager, Boolean acceptAllChangesOnSuccess, CancellationToken cancellationToken)
   at Microsoft.EntityFrameworkCore.SqlServer.Storage.Internal.SqlServerExecutionStrategy.ExecuteAsync[TState,TResult](TState state, Func`4 operation, Func`4 verifySucceeded, CancellationToken cancellationToken)
   at Microsoft.EntityFrameworkCore.DbContext.SaveChangesAsync(Boolean acceptAllChangesOnSuccess, CancellationToken cancellationToken) {"EventId":{"Id":10000,"Name":"Microsoft.EntityFrameworkCore.Update.SaveChangesFailed"},"SourceContext":"Microsoft.EntityFrameworkCore.Update","ActionId":"3e82a16a-833f-4ec0-832f-86663d4998e7","ActionName":"xyz_university_payment_api.Presentation.Controllers.V3.UserControllerV3.AssignRole (xyz-university-payment-api)","RequestId":"0HNDVHVEU7033:00000002","RequestPath":"/api/v3/user/users/42/roles","ConnectionId":"0HNDVHVEU7033","MachineName":"DESKTOP-F3AMJ10","ThreadId":23,"ProcessId":7184,"Application":"XYZ University Payment API"}
Microsoft.EntityFrameworkCore.DbUpdateException: An error occurred while saving the entity changes. See the inner exception for details.
 ---> Microsoft.Data.SqlClient.SqlException (0x80131904): Cannot insert duplicate key row in object 'dbo.Roles' with unique index 'IX_Roles_Name'. The duplicate key value is ().
   at Microsoft.Data.SqlClient.SqlConnection.OnError(SqlException exception, Boolean breakConnection, Action`1 wrapCloseInAction)
   at Microsoft.Data.SqlClient.SqlInternalConnection.OnError(SqlException exception, Boolean breakConnection, Action`1 wrapCloseInAction)
   at Microsoft.Data.SqlClient.TdsParser.ThrowExceptionAndWarning(TdsParserStateObject stateObj, Boolean callerHasConnectionLock, Boolean asyncClose)
   at Microsoft.Data.SqlClient.TdsParser.TryRun(RunBehavior runBehavior, SqlCommand cmdHandler, SqlDataReader dataStream, BulkCopySimpleResultSet bulkCopyHandler, TdsParserStateObject stateObj, Boolean& dataReady)
   at Microsoft.Data.SqlClient.SqlDataReader.TryHasMoreRows(Boolean& moreRows)
   at Microsoft.Data.SqlClient.SqlDataReader.TryReadInternal(Boolean setTimeout, Boolean& more)
   at Microsoft.Data.SqlClient.SqlDataReader.ReadAsyncExecute(Task task, Object state)
   at Microsoft.Data.SqlClient.SqlDataReader.InvokeAsyncCall[T](SqlDataReaderBaseAsyncCallContext`1 context)
--- End of stack trace from previous location ---
   at Microsoft.EntityFrameworkCore.Update.AffectedCountModificationCommandBatch.ConsumeResultSetAsync(Int32 startCommandIndex, RelationalDataReader reader, CancellationToken cancellationToken)
ClientConnectionId:c07732e3-7ee9-4c07-97fa-296e64a48517
Error Number:2601,State:1,Class:14
   --- End of inner exception stack trace ---
   at Microsoft.EntityFrameworkCore.Update.AffectedCountModificationCommandBatch.ConsumeResultSetAsync(Int32 startCommandIndex, RelationalDataReader reader, CancellationToken cancellationToken)
   at Microsoft.EntityFrameworkCore.Update.AffectedCountModificationCommandBatch.ConsumeAsync(RelationalDataReader reader, CancellationToken cancellationToken)
   at Microsoft.EntityFrameworkCore.Update.ReaderModificationCommandBatch.ExecuteAsync(IRelationalConnection connection, CancellationToken cancellationToken)
   at Microsoft.EntityFrameworkCore.Update.ReaderModificationCommandBatch.ExecuteAsync(IRelationalConnection connection, CancellationToken cancellationToken)
   at Microsoft.EntityFrameworkCore.SqlServer.Update.Internal.SqlServerModificationCommandBatch.ExecuteAsync(IRelationalConnection connection, CancellationToken cancellationToken)
   at Microsoft.EntityFrameworkCore.Update.Internal.BatchExecutor.ExecuteAsync(IEnumerable`1 commandBatches, IRelationalConnection connection, CancellationToken cancellationToken)
   at Microsoft.EntityFrameworkCore.Update.Internal.BatchExecutor.ExecuteAsync(IEnumerable`1 commandBatches, IRelationalConnection connection, CancellationToken cancellationToken)
   at Microsoft.EntityFrameworkCore.Update.Internal.BatchExecutor.ExecuteAsync(IEnumerable`1 commandBatches, IRelationalConnection connection, CancellationToken cancellationToken)
   at Microsoft.EntityFrameworkCore.ChangeTracking.Internal.StateManager.SaveChangesAsync(IList`1 entriesToSave, CancellationToken cancellationToken)
   at Microsoft.EntityFrameworkCore.ChangeTracking.Internal.StateManager.SaveChangesAsync(StateManager stateManager, Boolean acceptAllChangesOnSuccess, CancellationToken cancellationToken)
   at Microsoft.EntityFrameworkCore.SqlServer.Storage.Internal.SqlServerExecutionStrategy.ExecuteAsync[TState,TResult](TState state, Func`4 operation, Func`4 verifySucceeded, CancellationToken cancellationToken)
   at Microsoft.EntityFrameworkCore.DbContext.SaveChangesAsync(Boolean acceptAllChangesOnSuccess, CancellationToken cancellationToken)
2025-07-10 12:01:49.210 +03:00 [ERR] Error assigning role to user 42 {"SourceContext":"xyz_university_payment_api.Presentation.Controllers.V3.UserControllerV3","ActionId":"3e82a16a-833f-4ec0-832f-86663d4998e7","ActionName":"xyz_university_payment_api.Presentation.Controllers.V3.UserControllerV3.AssignRole (xyz-university-payment-api)","RequestId":"0HNDVHVEU7033:00000002","RequestPath":"/api/v3/user/users/42/roles","ConnectionId":"0HNDVHVEU7033","MachineName":"DESKTOP-F3AMJ10","ThreadId":23,"ProcessId":7184,"Application":"XYZ University Payment API"}
Microsoft.EntityFrameworkCore.DbUpdateException: An error occurred while saving the entity changes. See the inner exception for details.
 ---> Microsoft.Data.SqlClient.SqlException (0x80131904): Cannot insert duplicate key row in object 'dbo.Roles' with unique index 'IX_Roles_Name'. The duplicate key value is ().
   at Microsoft.Data.SqlClient.SqlConnection.OnError(SqlException exception, Boolean breakConnection, Action`1 wrapCloseInAction)
   at Microsoft.Data.SqlClient.SqlInternalConnection.OnError(SqlException exception, Boolean breakConnection, Action`1 wrapCloseInAction)
   at Microsoft.Data.SqlClient.TdsParser.ThrowExceptionAndWarning(TdsParserStateObject stateObj, Boolean callerHasConnectionLock, Boolean asyncClose)
   at Microsoft.Data.SqlClient.TdsParser.TryRun(RunBehavior runBehavior, SqlCommand cmdHandler, SqlDataReader dataStream, BulkCopySimpleResultSet bulkCopyHandler, TdsParserStateObject stateObj, Boolean& dataReady)
   at Microsoft.Data.SqlClient.SqlDataReader.TryHasMoreRows(Boolean& moreRows)
   at Microsoft.Data.SqlClient.SqlDataReader.TryReadInternal(Boolean setTimeout, Boolean& more)
   at Microsoft.Data.SqlClient.SqlDataReader.ReadAsyncExecute(Task task, Object state)
   at Microsoft.Data.SqlClient.SqlDataReader.InvokeAsyncCall[T](SqlDataReaderBaseAsyncCallContext`1 context)
--- End of stack trace from previous location ---
   at Microsoft.EntityFrameworkCore.Update.AffectedCountModificationCommandBatch.ConsumeResultSetAsync(Int32 startCommandIndex, RelationalDataReader reader, CancellationToken cancellationToken)
ClientConnectionId:c07732e3-7ee9-4c07-97fa-296e64a48517
Error Number:2601,State:1,Class:14
   --- End of inner exception stack trace ---
   at Microsoft.EntityFrameworkCore.Update.AffectedCountModificationCommandBatch.ConsumeResultSetAsync(Int32 startCommandIndex, RelationalDataReader reader, CancellationToken cancellationToken)
   at Microsoft.EntityFrameworkCore.Update.AffectedCountModificationCommandBatch.ConsumeAsync(RelationalDataReader reader, CancellationToken cancellationToken)
   at Microsoft.EntityFrameworkCore.Update.ReaderModificationCommandBatch.ExecuteAsync(IRelationalConnection connection, CancellationToken cancellationToken)
   at Microsoft.EntityFrameworkCore.Update.ReaderModificationCommandBatch.ExecuteAsync(IRelationalConnection connection, CancellationToken cancellationToken)
   at Microsoft.EntityFrameworkCore.SqlServer.Update.Internal.SqlServerModificationCommandBatch.ExecuteAsync(IRelationalConnection connection, CancellationToken cancellationToken)
   at Microsoft.EntityFrameworkCore.Update.Internal.BatchExecutor.ExecuteAsync(IEnumerable`1 commandBatches, IRelationalConnection connection, CancellationToken cancellationToken)
   at Microsoft.EntityFrameworkCore.Update.Internal.BatchExecutor.ExecuteAsync(IEnumerable`1 commandBatches, IRelationalConnection connection, CancellationToken cancellationToken)
   at Microsoft.EntityFrameworkCore.Update.Internal.BatchExecutor.ExecuteAsync(IEnumerable`1 commandBatches, IRelationalConnection connection, CancellationToken cancellationToken)
   at Microsoft.EntityFrameworkCore.ChangeTracking.Internal.StateManager.SaveChangesAsync(IList`1 entriesToSave, CancellationToken cancellationToken)
   at Microsoft.EntityFrameworkCore.ChangeTracking.Internal.StateManager.SaveChangesAsync(StateManager stateManager, Boolean acceptAllChangesOnSuccess, CancellationToken cancellationToken)
   at Microsoft.EntityFrameworkCore.SqlServer.Storage.Internal.SqlServerExecutionStrategy.ExecuteAsync[TState,TResult](TState state, Func`4 operation, Func`4 verifySucceeded, CancellationToken cancellationToken)
   at Microsoft.EntityFrameworkCore.DbContext.SaveChangesAsync(Boolean acceptAllChangesOnSuccess, CancellationToken cancellationToken)
   at Microsoft.EntityFrameworkCore.DbContext.SaveChangesAsync(Boolean acceptAllChangesOnSuccess, CancellationToken cancellationToken)
   at xyz_university_payment_api.Presentation.Controllers.V3.UserControllerV3.AssignRole(Int32 id, AssignRoleDto assignRoleDto) in C:\Users\wanja\Desktop\jj\xyz-university-payment-api\xyz-university-payment-api\Presentation\Controllers\V3\UserControllerV3.cs:line 277
2025-07-10 12:02:58.699 +03:00 [WRN] Compiling a query which loads related collections for more than one collection navigation, either via 'Include' or through projection, but no 'QuerySplittingBehavior' has been configured. By default, Entity Framework will use 'QuerySplittingBehavior.SingleQuery', which can potentially result in slow query performance. See https://go.microsoft.com/fwlink/?linkid=2134277 for more information. To identify the query that's triggering this warning call 'ConfigureWarnings(w => w.Throw(RelationalEventId.MultipleCollectionIncludeWarning))'. {"EventId":{"Id":20504,"Name":"Microsoft.EntityFrameworkCore.Query.MultipleCollectionIncludeWarning"},"SourceContext":"Microsoft.EntityFrameworkCore.Query","ActionId":"9b29b452-9e18-475a-936d-a23991f1cd45","ActionName":"xyz_university_payment_api.Presentation.Controllers.AuthorizationController.Login (xyz-university-payment-api)","RequestId":"0HNDVHVEU7034:00000002","RequestPath":"/api/Authorization/login","ConnectionId":"0HNDVHVEU7034","MachineName":"DESKTOP-F3AMJ10","ThreadId":25,"ProcessId":7184,"Application":"XYZ University Payment API"}
2025-07-10 12:02:58.754 +03:00 [INF] Generated access token for user S67890 with 0 roles and 0 permissions {"SourceContext":"xyz_university_payment_api.Core.Application.Services.JwtTokenService","ActionId":"9b29b452-9e18-475a-936d-a23991f1cd45","ActionName":"xyz_university_payment_api.Presentation.Controllers.AuthorizationController.Login (xyz-university-payment-api)","RequestId":"0HNDVHVEU7034:00000002","RequestPath":"/api/Authorization/login","ConnectionId":"0HNDVHVEU7034","MachineName":"DESKTOP-F3AMJ10","ThreadId":25,"ProcessId":7184,"Application":"XYZ University Payment API"}
2025-07-10 12:11:18.603 +03:00 [INF] Bus stopped: "rabbitmq://localhost/" {"SourceContext":"MassTransit","MachineName":"DESKTOP-F3AMJ10","ThreadId":27,"ProcessId":7184,"Application":"XYZ University Payment API"}
