2025-06-18 16:37:03.711 +03:00 [INF] Ensuring database is created
2025-06-18 16:37:03.736 +03:00 [INF] Database created successfully
2025-06-18 16:37:05.638 +03:00 [INF] XYZ University Payment API started successfully
2025-06-18 16:37:25.755 +03:00 [WRN] Failed to determine the https port for redirect.
2025-06-18 16:37:25.824 +03:00 [ERR] An unhandled exception has occurred while executing the request.
System.InvalidOperationException: The MetadataAddress or Authority must use HTTPS unless disabled for development by setting RequireHttpsMetadata=false.
   at Microsoft.AspNetCore.Authentication.JwtBearer.JwtBearerPostConfigureOptions.PostConfigure(String name, JwtBearerOptions options)
   at Microsoft.Extensions.Options.OptionsFactory`1.Create(String name)
   at System.Lazy`1.ViaFactory(LazyThreadSafetyMode mode)
   at System.Lazy`1.ExecutionAndPublication(LazyHelper executionAndPublication, Boolean useDefaultConstructor)
   at System.Lazy`1.CreateValue()
   at Microsoft.Extensions.Options.OptionsCache`1.GetOrAdd[TArg](String name, Func`3 createOptions, TArg factoryArgument)
   at Microsoft.Extensions.Options.OptionsMonitor`1.Get(String name)
   at Microsoft.AspNetCore.Authentication.AuthenticationHandler`1.InitializeAsync(AuthenticationScheme scheme, HttpContext context)
   at Microsoft.AspNetCore.Authentication.AuthenticationHandlerProvider.GetHandlerAsync(HttpContext context, String authenticationScheme)
   at Microsoft.AspNetCore.Authentication.AuthenticationService.AuthenticateAsync(HttpContext context, String scheme)
   at Microsoft.AspNetCore.Authentication.AuthenticationMiddleware.Invoke(HttpContext context)
   at Swashbuckle.AspNetCore.SwaggerUI.SwaggerUIMiddleware.Invoke(HttpContext httpContext)
   at Swashbuckle.AspNetCore.Swagger.SwaggerMiddleware.Invoke(HttpContext httpContext, ISwaggerProvider swaggerProvider)
   at Microsoft.AspNetCore.Diagnostics.DeveloperExceptionPageMiddlewareImpl.Invoke(HttpContext context)
2025-06-18 16:40:28.272 +03:00 [ERR] An unhandled exception has occurred while executing the request.
System.InvalidOperationException: The MetadataAddress or Authority must use HTTPS unless disabled for development by setting RequireHttpsMetadata=false.
   at Microsoft.AspNetCore.Authentication.JwtBearer.JwtBearerPostConfigureOptions.PostConfigure(String name, JwtBearerOptions options)
   at Microsoft.Extensions.Options.OptionsFactory`1.Create(String name)
   at System.Lazy`1.ViaFactory(LazyThreadSafetyMode mode)
--- End of stack trace from previous location ---
   at System.Lazy`1.CreateValue()
   at Microsoft.Extensions.Options.OptionsCache`1.GetOrAdd[TArg](String name, Func`3 createOptions, TArg factoryArgument)
   at Microsoft.Extensions.Options.OptionsMonitor`1.Get(String name)
   at Microsoft.AspNetCore.Authentication.AuthenticationHandler`1.InitializeAsync(AuthenticationScheme scheme, HttpContext context)
   at Microsoft.AspNetCore.Authentication.AuthenticationHandlerProvider.GetHandlerAsync(HttpContext context, String authenticationScheme)
   at Microsoft.AspNetCore.Authentication.AuthenticationService.AuthenticateAsync(HttpContext context, String scheme)
   at Microsoft.AspNetCore.Authentication.AuthenticationMiddleware.Invoke(HttpContext context)
   at Swashbuckle.AspNetCore.SwaggerUI.SwaggerUIMiddleware.Invoke(HttpContext httpContext)
   at Swashbuckle.AspNetCore.Swagger.SwaggerMiddleware.Invoke(HttpContext httpContext, ISwaggerProvider swaggerProvider)
   at Microsoft.AspNetCore.Diagnostics.DeveloperExceptionPageMiddlewareImpl.Invoke(HttpContext context)
2025-06-18 16:52:36.292 +03:00 [INF] Starting XYZ University Payment API {"MachineName":"DESKTOP-F3AMJ10","ThreadId":1,"ProcessId":16920,"Application":"XYZ University Payment API","Environment":"Development"}
